<?xml version="1.0" encoding="UTF-8"?>
<testsuite xmlns:xsi="http://www.w3.org/2001/XMLSchema-instance" xsi:noNamespaceSchemaLocation="https://maven.apache.org/surefire/maven-surefire-plugin/xsd/surefire-test-report-3.0.xsd" version="3.0" name="tek.sdet.framework.runner.TestRunner" time="196.914" tests="25" errors="0" skipped="0" failures="0">
  <properties>
    <property name="sun.desktop" value="windows"/>
    <property name="awt.toolkit" value="sun.awt.windows.WToolkit"/>
    <property name="java.specification.version" value="11"/>
    <property name="sun.cpu.isalist" value="amd64"/>
    <property name="sun.jnu.encoding" value="Cp1252"/>
    <property name="java.class.path" value="C:\Users\sahel\eclipse-workspace\tek-capstone-transformers\target\test-classes;C:\Users\sahel\eclipse-workspace\tek-capstone-transformers\target\classes;C:\Users\sahel\.m2\repository\io\cucumber\cucumber-java\7.8.0\cucumber-java-7.8.0.jar;C:\Users\sahel\.m2\repository\io\cucumber\cucumber-core\7.8.0\cucumber-core-7.8.0.jar;C:\Users\sahel\.m2\repository\io\cucumber\cucumber-gherkin\7.8.0\cucumber-gherkin-7.8.0.jar;C:\Users\sahel\.m2\repository\io\cucumber\cucumber-gherkin-messages\7.8.0\cucumber-gherkin-messages-7.8.0.jar;C:\Users\sahel\.m2\repository\io\cucumber\gherkin\24.0.0\gherkin-24.0.0.jar;C:\Users\sahel\.m2\repository\io\cucumber\messages\19.1.2\messages-19.1.2.jar;C:\Users\sahel\.m2\repository\io\cucumber\tag-expressions\4.1.0\tag-expressions-4.1.0.jar;C:\Users\sahel\.m2\repository\io\cucumber\cucumber-expressions\16.0.0\cucumber-expressions-16.0.0.jar;C:\Users\sahel\.m2\repository\io\cucumber\datatable\7.8.0\datatable-7.8.0.jar;C:\Users\sahel\.m2\repository\io\cucumber\cucumber-plugin\7.8.0\cucumber-plugin-7.8.0.jar;C:\Users\sahel\.m2\repository\io\cucumber\docstring\7.8.0\docstring-7.8.0.jar;C:\Users\sahel\.m2\repository\io\cucumber\html-formatter\20.1.0\html-formatter-20.1.0.jar;C:\Users\sahel\.m2\repository\io\cucumber\ci-environment\9.1.0\ci-environment-9.1.0.jar;C:\Users\sahel\.m2\repository\org\apiguardian\apiguardian-api\1.1.2\apiguardian-api-1.1.2.jar;C:\Users\sahel\.m2\repository\io\cucumber\cucumber-junit\7.11.1\cucumber-junit-7.11.1.jar;C:\Users\sahel\.m2\repository\junit\junit\4.13.2\junit-4.13.2.jar;C:\Users\sahel\.m2\repository\org\hamcrest\hamcrest-core\1.3\hamcrest-core-1.3.jar;C:\Users\sahel\.m2\repository\org\seleniumhq\selenium\selenium-java\4.4.0\selenium-java-4.4.0.jar;C:\Users\sahel\.m2\repository\org\seleniumhq\selenium\selenium-api\4.4.0\selenium-api-4.4.0.jar;C:\Users\sahel\.m2\repository\org\seleniumhq\selenium\selenium-chrome-driver\4.4.0\selenium-chrome-driver-4.4.0.jar;C:\Users\sahel\.m2\repository\com\google\auto\service\auto-service-annotations\1.0.1\auto-service-annotations-1.0.1.jar;C:\Users\sahel\.m2\repository\com\google\auto\service\auto-service\1.0.1\auto-service-1.0.1.jar;C:\Users\sahel\.m2\repository\com\google\auto\auto-common\1.2\auto-common-1.2.jar;C:\Users\sahel\.m2\repository\com\google\guava\guava\31.1-jre\guava-31.1-jre.jar;C:\Users\sahel\.m2\repository\com\google\guava\failureaccess\1.0.1\failureaccess-1.0.1.jar;C:\Users\sahel\.m2\repository\com\google\guava\listenablefuture\9999.0-empty-to-avoid-conflict-with-guava\listenablefuture-9999.0-empty-to-avoid-conflict-with-guava.jar;C:\Users\sahel\.m2\repository\com\google\code\findbugs\jsr305\3.0.2\jsr305-3.0.2.jar;C:\Users\sahel\.m2\repository\org\checkerframework\checker-qual\3.12.0\checker-qual-3.12.0.jar;C:\Users\sahel\.m2\repository\com\google\errorprone\error_prone_annotations\2.11.0\error_prone_annotations-2.11.0.jar;C:\Users\sahel\.m2\repository\com\google\j2objc\j2objc-annotations\1.3\j2objc-annotations-1.3.jar;C:\Users\sahel\.m2\repository\org\seleniumhq\selenium\selenium-chromium-driver\4.4.0\selenium-chromium-driver-4.4.0.jar;C:\Users\sahel\.m2\repository\org\seleniumhq\selenium\selenium-json\4.4.0\selenium-json-4.4.0.jar;C:\Users\sahel\.m2\repository\org\seleniumhq\selenium\selenium-devtools-v102\4.4.0\selenium-devtools-v102-4.4.0.jar;C:\Users\sahel\.m2\repository\org\seleniumhq\selenium\selenium-devtools-v103\4.4.0\selenium-devtools-v103-4.4.0.jar;C:\Users\sahel\.m2\repository\org\seleniumhq\selenium\selenium-devtools-v104\4.4.0\selenium-devtools-v104-4.4.0.jar;C:\Users\sahel\.m2\repository\org\seleniumhq\selenium\selenium-devtools-v85\4.4.0\selenium-devtools-v85-4.4.0.jar;C:\Users\sahel\.m2\repository\org\seleniumhq\selenium\selenium-edge-driver\4.4.0\selenium-edge-driver-4.4.0.jar;C:\Users\sahel\.m2\repository\org\seleniumhq\selenium\selenium-firefox-driver\4.4.0\selenium-firefox-driver-4.4.0.jar;C:\Users\sahel\.m2\repository\org\seleniumhq\selenium\selenium-ie-driver\4.4.0\selenium-ie-driver-4.4.0.jar;C:\Users\sahel\.m2\repository\org\seleniumhq\selenium\selenium-opera-driver\4.4.0\selenium-opera-driver-4.4.0.jar;C:\Users\sahel\.m2\repository\org\seleniumhq\selenium\selenium-remote-driver\4.4.0\selenium-remote-driver-4.4.0.jar;C:\Users\sahel\.m2\repository\com\beust\jcommander\1.82\jcommander-1.82.jar;C:\Users\sahel\.m2\repository\io\netty\netty-buffer\4.1.78.Final\netty-buffer-4.1.78.Final.jar;C:\Users\sahel\.m2\repository\io\netty\netty-codec-http\4.1.78.Final\netty-codec-http-4.1.78.Final.jar;C:\Users\sahel\.m2\repository\io\netty\netty-codec\4.1.78.Final\netty-codec-4.1.78.Final.jar;C:\Users\sahel\.m2\repository\io\netty\netty-handler\4.1.78.Final\netty-handler-4.1.78.Final.jar;C:\Users\sahel\.m2\repository\io\netty\netty-common\4.1.78.Final\netty-common-4.1.78.Final.jar;C:\Users\sahel\.m2\repository\io\netty\netty-transport-classes-epoll\4.1.78.Final\netty-transport-classes-epoll-4.1.78.Final.jar;C:\Users\sahel\.m2\repository\io\netty\netty-transport-classes-kqueue\4.1.78.Final\netty-transport-classes-kqueue-4.1.78.Final.jar;C:\Users\sahel\.m2\repository\io\netty\netty-transport-native-epoll\4.1.78.Final\netty-transport-native-epoll-4.1.78.Final.jar;C:\Users\sahel\.m2\repository\io\netty\netty-transport-native-kqueue\4.1.78.Final\netty-transport-native-kqueue-4.1.78.Final.jar;C:\Users\sahel\.m2\repository\io\netty\netty-transport-native-unix-common\4.1.78.Final\netty-transport-native-unix-common-4.1.78.Final.jar;C:\Users\sahel\.m2\repository\io\netty\netty-transport\4.1.78.Final\netty-transport-4.1.78.Final.jar;C:\Users\sahel\.m2\repository\io\netty\netty-resolver\4.1.78.Final\netty-resolver-4.1.78.Final.jar;C:\Users\sahel\.m2\repository\io\opentelemetry\opentelemetry-api\1.16.0\opentelemetry-api-1.16.0.jar;C:\Users\sahel\.m2\repository\io\opentelemetry\opentelemetry-context\1.16.0\opentelemetry-context-1.16.0.jar;C:\Users\sahel\.m2\repository\io\opentelemetry\opentelemetry-exporter-logging\1.16.0\opentelemetry-exporter-logging-1.16.0.jar;C:\Users\sahel\.m2\repository\io\opentelemetry\opentelemetry-sdk-metrics\1.16.0\opentelemetry-sdk-metrics-1.16.0.jar;C:\Users\sahel\.m2\repository\io\opentelemetry\opentelemetry-sdk-logs\1.16.0-alpha\opentelemetry-sdk-logs-1.16.0-alpha.jar;C:\Users\sahel\.m2\repository\io\opentelemetry\opentelemetry-sdk-common\1.16.0\opentelemetry-sdk-common-1.16.0.jar;C:\Users\sahel\.m2\repository\io\opentelemetry\opentelemetry-sdk-extension-autoconfigure-spi\1.16.0\opentelemetry-sdk-extension-autoconfigure-spi-1.16.0.jar;C:\Users\sahel\.m2\repository\io\opentelemetry\opentelemetry-sdk-extension-autoconfigure\1.16.0-alpha\opentelemetry-sdk-extension-autoconfigure-1.16.0-alpha.jar;C:\Users\sahel\.m2\repository\io\opentelemetry\opentelemetry-sdk-trace\1.16.0\opentelemetry-sdk-trace-1.16.0.jar;C:\Users\sahel\.m2\repository\io\opentelemetry\opentelemetry-sdk\1.16.0\opentelemetry-sdk-1.16.0.jar;C:\Users\sahel\.m2\repository\io\opentelemetry\opentelemetry-semconv\1.16.0-alpha\opentelemetry-semconv-1.16.0-alpha.jar;C:\Users\sahel\.m2\repository\io\ous\jtoml\2.0.0\jtoml-2.0.0.jar;C:\Users\sahel\.m2\repository\net\bytebuddy\byte-buddy\1.12.10\byte-buddy-1.12.10.jar;C:\Users\sahel\.m2\repository\org\apache\commons\commons-exec\1.3\commons-exec-1.3.jar;C:\Users\sahel\.m2\repository\org\asynchttpclient\async-http-client\2.12.3\async-http-client-2.12.3.jar;C:\Users\sahel\.m2\repository\org\asynchttpclient\async-http-client-netty-utils\2.12.3\async-http-client-netty-utils-2.12.3.jar;C:\Users\sahel\.m2\repository\io\netty\netty-codec-socks\4.1.60.Final\netty-codec-socks-4.1.60.Final.jar;C:\Users\sahel\.m2\repository\io\netty\netty-handler-proxy\4.1.60.Final\netty-handler-proxy-4.1.60.Final.jar;C:\Users\sahel\.m2\repository\io\netty\netty-transport-native-epoll\4.1.60.Final\netty-transport-native-epoll-4.1.60.Final-linux-x86_64.jar;C:\Users\sahel\.m2\repository\io\netty\netty-transport-native-kqueue\4.1.60.Final\netty-transport-native-kqueue-4.1.60.Final-osx-x86_64.jar;C:\Users\sahel\.m2\repository\org\reactivestreams\reactive-streams\1.0.3\reactive-streams-1.0.3.jar;C:\Users\sahel\.m2\repository\com\typesafe\netty\netty-reactive-streams\2.0.4\netty-reactive-streams-2.0.4.jar;C:\Users\sahel\.m2\repository\com\sun\activation\jakarta.activation\1.2.2\jakarta.activation-1.2.2.jar;C:\Users\sahel\.m2\repository\org\seleniumhq\selenium\selenium-http\4.4.0\selenium-http-4.4.0.jar;C:\Users\sahel\.m2\repository\dev\failsafe\failsafe\3.2.4\failsafe-3.2.4.jar;C:\Users\sahel\.m2\repository\org\seleniumhq\selenium\selenium-safari-driver\4.4.0\selenium-safari-driver-4.4.0.jar;C:\Users\sahel\.m2\repository\org\seleniumhq\selenium\selenium-support\4.4.0\selenium-support-4.4.0.jar;C:\Users\sahel\.m2\repository\io\github\bonigarcia\webdrivermanager\5.3.0\webdrivermanager-5.3.0.jar;C:\Users\sahel\.m2\repository\org\slf4j\slf4j-api\1.7.36\slf4j-api-1.7.36.jar;C:\Users\sahel\.m2\repository\com\google\code\gson\gson\2.9.1\gson-2.9.1.jar;C:\Users\sahel\.m2\repository\com\github\docker-java\docker-java\3.2.13\docker-java-3.2.13.jar;C:\Users\sahel\.m2\repository\com\github\docker-java\docker-java-core\3.2.13\docker-java-core-3.2.13.jar;C:\Users\sahel\.m2\repository\com\github\docker-java\docker-java-api\3.2.13\docker-java-api-3.2.13.jar;C:\Users\sahel\.m2\repository\com\fasterxml\jackson\core\jackson-annotations\2.10.3\jackson-annotations-2.10.3.jar;C:\Users\sahel\.m2\repository\com\fasterxml\jackson\core\jackson-databind\2.10.3\jackson-databind-2.10.3.jar;C:\Users\sahel\.m2\repository\com\fasterxml\jackson\core\jackson-core\2.10.3\jackson-core-2.10.3.jar;C:\Users\sahel\.m2\repository\org\bouncycastle\bcpkix-jdk15on\1.64\bcpkix-jdk15on-1.64.jar;C:\Users\sahel\.m2\repository\org\bouncycastle\bcprov-jdk15on\1.64\bcprov-jdk15on-1.64.jar;C:\Users\sahel\.m2\repository\org\slf4j\jcl-over-slf4j\1.7.30\jcl-over-slf4j-1.7.30.jar;C:\Users\sahel\.m2\repository\com\github\docker-java\docker-java-transport-httpclient5\3.2.13\docker-java-transport-httpclient5-3.2.13.jar;C:\Users\sahel\.m2\repository\com\github\docker-java\docker-java-transport\3.2.13\docker-java-transport-3.2.13.jar;C:\Users\sahel\.m2\repository\net\java\dev\jna\jna\5.8.0\jna-5.8.0.jar;C:\Users\sahel\.m2\repository\org\brotli\dec\0.1.2\dec-0.1.2.jar;C:\Users\sahel\.m2\repository\org\apache\commons\commons-lang3\3.12.0\commons-lang3-3.12.0.jar;C:\Users\sahel\.m2\repository\org\apache\httpcomponents\client5\httpclient5\5.1.3\httpclient5-5.1.3.jar;C:\Users\sahel\.m2\repository\org\apache\httpcomponents\core5\httpcore5\5.1.3\httpcore5-5.1.3.jar;C:\Users\sahel\.m2\repository\org\apache\httpcomponents\core5\httpcore5-h2\5.1.3\httpcore5-h2-5.1.3.jar;C:\Users\sahel\.m2\repository\org\apache\poi\poi\5.2.3\poi-5.2.3.jar;C:\Users\sahel\.m2\repository\commons-codec\commons-codec\1.15\commons-codec-1.15.jar;C:\Users\sahel\.m2\repository\org\apache\commons\commons-collections4\4.4\commons-collections4-4.4.jar;C:\Users\sahel\.m2\repository\org\apache\commons\commons-math3\3.6.1\commons-math3-3.6.1.jar;C:\Users\sahel\.m2\repository\com\zaxxer\SparseBitSet\1.2\SparseBitSet-1.2.jar;C:\Users\sahel\.m2\repository\org\apache\logging\log4j\log4j-api\2.18.0\log4j-api-2.18.0.jar;C:\Users\sahel\.m2\repository\org\apache\poi\poi-ooxml\5.2.3\poi-ooxml-5.2.3.jar;C:\Users\sahel\.m2\repository\org\apache\poi\poi-ooxml-lite\5.2.3\poi-ooxml-lite-5.2.3.jar;C:\Users\sahel\.m2\repository\org\apache\xmlbeans\xmlbeans\5.1.1\xmlbeans-5.1.1.jar;C:\Users\sahel\.m2\repository\org\apache\commons\commons-compress\1.21\commons-compress-1.21.jar;C:\Users\sahel\.m2\repository\com\github\virtuald\curvesapi\1.07\curvesapi-1.07.jar;C:\Users\sahel\.m2\repository\mysql\mysql-connector-java\8.0.30\mysql-connector-java-8.0.30.jar;C:\Users\sahel\.m2\repository\com\google\protobuf\protobuf-java\3.19.4\protobuf-java-3.19.4.jar;C:\Users\sahel\.m2\repository\commons-io\commons-io\2.11.0\commons-io-2.11.0.jar;C:\Users\sahel\.m2\repository\org\yaml\snakeyaml\1.33\snakeyaml-1.33.jar;C:\Users\sahel\.m2\repository\log4j\log4j\1.2.17\log4j-1.2.17.jar;C:\Users\sahel\.m2\repository\net\datafaker\datafaker\1.8.0\datafaker-1.8.0.jar;C:\Users\sahel\.m2\repository\com\github\mifmif\generex\1.0.2\generex-1.0.2.jar;C:\Users\sahel\.m2\repository\dk\brics\automaton\automaton\1.11-8\automaton-1.11-8.jar;"/>
    <property name="java.vm.vendor" value="Oracle Corporation"/>
    <property name="sun.arch.data.model" value="64"/>
    <property name="user.variant" value=""/>
    <property name="java.vendor.url" value="https://openjdk.java.net/"/>
    <property name="user.timezone" value="America/Los_Angeles"/>
    <property name="java.vm.specification.version" value="11"/>
    <property name="os.name" value="Windows 11"/>
    <property name="sun.java.launcher" value="SUN_STANDARD"/>
    <property name="user.country" value="US"/>
    <property name="sun.boot.library.path" value="C:\Program Files\Java\jdk-11.0.17\bin"/>
    <property name="sun.java.command" value="C:\Users\sahel\AppData\Local\Temp\surefire8564534205431334342\surefirebooter-20230309172256798_3.jar C:\Users\sahel\AppData\Local\Temp\surefire8564534205431334342 2023-03-09T17-22-56_614-jvmRun1 surefire-20230309172256798_1tmp surefire_0-20230309172256798_2tmp"/>
    <property name="jdk.debug" value="release"/>
    <property name="surefire.test.class.path" value="C:\Users\sahel\eclipse-workspace\tek-capstone-transformers\target\test-classes;C:\Users\sahel\eclipse-workspace\tek-capstone-transformers\target\classes;C:\Users\sahel\.m2\repository\io\cucumber\cucumber-java\7.8.0\cucumber-java-7.8.0.jar;C:\Users\sahel\.m2\repository\io\cucumber\cucumber-core\7.8.0\cucumber-core-7.8.0.jar;C:\Users\sahel\.m2\repository\io\cucumber\cucumber-gherkin\7.8.0\cucumber-gherkin-7.8.0.jar;C:\Users\sahel\.m2\repository\io\cucumber\cucumber-gherkin-messages\7.8.0\cucumber-gherkin-messages-7.8.0.jar;C:\Users\sahel\.m2\repository\io\cucumber\gherkin\24.0.0\gherkin-24.0.0.jar;C:\Users\sahel\.m2\repository\io\cucumber\messages\19.1.2\messages-19.1.2.jar;C:\Users\sahel\.m2\repository\io\cucumber\tag-expressions\4.1.0\tag-expressions-4.1.0.jar;C:\Users\sahel\.m2\repository\io\cucumber\cucumber-expressions\16.0.0\cucumber-expressions-16.0.0.jar;C:\Users\sahel\.m2\repository\io\cucumber\datatable\7.8.0\datatable-7.8.0.jar;C:\Users\sahel\.m2\repository\io\cucumber\cucumber-plugin\7.8.0\cucumber-plugin-7.8.0.jar;C:\Users\sahel\.m2\repository\io\cucumber\docstring\7.8.0\docstring-7.8.0.jar;C:\Users\sahel\.m2\repository\io\cucumber\html-formatter\20.1.0\html-formatter-20.1.0.jar;C:\Users\sahel\.m2\repository\io\cucumber\ci-environment\9.1.0\ci-environment-9.1.0.jar;C:\Users\sahel\.m2\repository\org\apiguardian\apiguardian-api\1.1.2\apiguardian-api-1.1.2.jar;C:\Users\sahel\.m2\repository\io\cucumber\cucumber-junit\7.11.1\cucumber-junit-7.11.1.jar;C:\Users\sahel\.m2\repository\junit\junit\4.13.2\junit-4.13.2.jar;C:\Users\sahel\.m2\repository\org\hamcrest\hamcrest-core\1.3\hamcrest-core-1.3.jar;C:\Users\sahel\.m2\repository\org\seleniumhq\selenium\selenium-java\4.4.0\selenium-java-4.4.0.jar;C:\Users\sahel\.m2\repository\org\seleniumhq\selenium\selenium-api\4.4.0\selenium-api-4.4.0.jar;C:\Users\sahel\.m2\repository\org\seleniumhq\selenium\selenium-chrome-driver\4.4.0\selenium-chrome-driver-4.4.0.jar;C:\Users\sahel\.m2\repository\com\google\auto\service\auto-service-annotations\1.0.1\auto-service-annotations-1.0.1.jar;C:\Users\sahel\.m2\repository\com\google\auto\service\auto-service\1.0.1\auto-service-1.0.1.jar;C:\Users\sahel\.m2\repository\com\google\auto\auto-common\1.2\auto-common-1.2.jar;C:\Users\sahel\.m2\repository\com\google\guava\guava\31.1-jre\guava-31.1-jre.jar;C:\Users\sahel\.m2\repository\com\google\guava\failureaccess\1.0.1\failureaccess-1.0.1.jar;C:\Users\sahel\.m2\repository\com\google\guava\listenablefuture\9999.0-empty-to-avoid-conflict-with-guava\listenablefuture-9999.0-empty-to-avoid-conflict-with-guava.jar;C:\Users\sahel\.m2\repository\com\google\code\findbugs\jsr305\3.0.2\jsr305-3.0.2.jar;C:\Users\sahel\.m2\repository\org\checkerframework\checker-qual\3.12.0\checker-qual-3.12.0.jar;C:\Users\sahel\.m2\repository\com\google\errorprone\error_prone_annotations\2.11.0\error_prone_annotations-2.11.0.jar;C:\Users\sahel\.m2\repository\com\google\j2objc\j2objc-annotations\1.3\j2objc-annotations-1.3.jar;C:\Users\sahel\.m2\repository\org\seleniumhq\selenium\selenium-chromium-driver\4.4.0\selenium-chromium-driver-4.4.0.jar;C:\Users\sahel\.m2\repository\org\seleniumhq\selenium\selenium-json\4.4.0\selenium-json-4.4.0.jar;C:\Users\sahel\.m2\repository\org\seleniumhq\selenium\selenium-devtools-v102\4.4.0\selenium-devtools-v102-4.4.0.jar;C:\Users\sahel\.m2\repository\org\seleniumhq\selenium\selenium-devtools-v103\4.4.0\selenium-devtools-v103-4.4.0.jar;C:\Users\sahel\.m2\repository\org\seleniumhq\selenium\selenium-devtools-v104\4.4.0\selenium-devtools-v104-4.4.0.jar;C:\Users\sahel\.m2\repository\org\seleniumhq\selenium\selenium-devtools-v85\4.4.0\selenium-devtools-v85-4.4.0.jar;C:\Users\sahel\.m2\repository\org\seleniumhq\selenium\selenium-edge-driver\4.4.0\selenium-edge-driver-4.4.0.jar;C:\Users\sahel\.m2\repository\org\seleniumhq\selenium\selenium-firefox-driver\4.4.0\selenium-firefox-driver-4.4.0.jar;C:\Users\sahel\.m2\repository\org\seleniumhq\selenium\selenium-ie-driver\4.4.0\selenium-ie-driver-4.4.0.jar;C:\Users\sahel\.m2\repository\org\seleniumhq\selenium\selenium-opera-driver\4.4.0\selenium-opera-driver-4.4.0.jar;C:\Users\sahel\.m2\repository\org\seleniumhq\selenium\selenium-remote-driver\4.4.0\selenium-remote-driver-4.4.0.jar;C:\Users\sahel\.m2\repository\com\beust\jcommander\1.82\jcommander-1.82.jar;C:\Users\sahel\.m2\repository\io\netty\netty-buffer\4.1.78.Final\netty-buffer-4.1.78.Final.jar;C:\Users\sahel\.m2\repository\io\netty\netty-codec-http\4.1.78.Final\netty-codec-http-4.1.78.Final.jar;C:\Users\sahel\.m2\repository\io\netty\netty-codec\4.1.78.Final\netty-codec-4.1.78.Final.jar;C:\Users\sahel\.m2\repository\io\netty\netty-handler\4.1.78.Final\netty-handler-4.1.78.Final.jar;C:\Users\sahel\.m2\repository\io\netty\netty-common\4.1.78.Final\netty-common-4.1.78.Final.jar;C:\Users\sahel\.m2\repository\io\netty\netty-transport-classes-epoll\4.1.78.Final\netty-transport-classes-epoll-4.1.78.Final.jar;C:\Users\sahel\.m2\repository\io\netty\netty-transport-classes-kqueue\4.1.78.Final\netty-transport-classes-kqueue-4.1.78.Final.jar;C:\Users\sahel\.m2\repository\io\netty\netty-transport-native-epoll\4.1.78.Final\netty-transport-native-epoll-4.1.78.Final.jar;C:\Users\sahel\.m2\repository\io\netty\netty-transport-native-kqueue\4.1.78.Final\netty-transport-native-kqueue-4.1.78.Final.jar;C:\Users\sahel\.m2\repository\io\netty\netty-transport-native-unix-common\4.1.78.Final\netty-transport-native-unix-common-4.1.78.Final.jar;C:\Users\sahel\.m2\repository\io\netty\netty-transport\4.1.78.Final\netty-transport-4.1.78.Final.jar;C:\Users\sahel\.m2\repository\io\netty\netty-resolver\4.1.78.Final\netty-resolver-4.1.78.Final.jar;C:\Users\sahel\.m2\repository\io\opentelemetry\opentelemetry-api\1.16.0\opentelemetry-api-1.16.0.jar;C:\Users\sahel\.m2\repository\io\opentelemetry\opentelemetry-context\1.16.0\opentelemetry-context-1.16.0.jar;C:\Users\sahel\.m2\repository\io\opentelemetry\opentelemetry-exporter-logging\1.16.0\opentelemetry-exporter-logging-1.16.0.jar;C:\Users\sahel\.m2\repository\io\opentelemetry\opentelemetry-sdk-metrics\1.16.0\opentelemetry-sdk-metrics-1.16.0.jar;C:\Users\sahel\.m2\repository\io\opentelemetry\opentelemetry-sdk-logs\1.16.0-alpha\opentelemetry-sdk-logs-1.16.0-alpha.jar;C:\Users\sahel\.m2\repository\io\opentelemetry\opentelemetry-sdk-common\1.16.0\opentelemetry-sdk-common-1.16.0.jar;C:\Users\sahel\.m2\repository\io\opentelemetry\opentelemetry-sdk-extension-autoconfigure-spi\1.16.0\opentelemetry-sdk-extension-autoconfigure-spi-1.16.0.jar;C:\Users\sahel\.m2\repository\io\opentelemetry\opentelemetry-sdk-extension-autoconfigure\1.16.0-alpha\opentelemetry-sdk-extension-autoconfigure-1.16.0-alpha.jar;C:\Users\sahel\.m2\repository\io\opentelemetry\opentelemetry-sdk-trace\1.16.0\opentelemetry-sdk-trace-1.16.0.jar;C:\Users\sahel\.m2\repository\io\opentelemetry\opentelemetry-sdk\1.16.0\opentelemetry-sdk-1.16.0.jar;C:\Users\sahel\.m2\repository\io\opentelemetry\opentelemetry-semconv\1.16.0-alpha\opentelemetry-semconv-1.16.0-alpha.jar;C:\Users\sahel\.m2\repository\io\ous\jtoml\2.0.0\jtoml-2.0.0.jar;C:\Users\sahel\.m2\repository\net\bytebuddy\byte-buddy\1.12.10\byte-buddy-1.12.10.jar;C:\Users\sahel\.m2\repository\org\apache\commons\commons-exec\1.3\commons-exec-1.3.jar;C:\Users\sahel\.m2\repository\org\asynchttpclient\async-http-client\2.12.3\async-http-client-2.12.3.jar;C:\Users\sahel\.m2\repository\org\asynchttpclient\async-http-client-netty-utils\2.12.3\async-http-client-netty-utils-2.12.3.jar;C:\Users\sahel\.m2\repository\io\netty\netty-codec-socks\4.1.60.Final\netty-codec-socks-4.1.60.Final.jar;C:\Users\sahel\.m2\repository\io\netty\netty-handler-proxy\4.1.60.Final\netty-handler-proxy-4.1.60.Final.jar;C:\Users\sahel\.m2\repository\io\netty\netty-transport-native-epoll\4.1.60.Final\netty-transport-native-epoll-4.1.60.Final-linux-x86_64.jar;C:\Users\sahel\.m2\repository\io\netty\netty-transport-native-kqueue\4.1.60.Final\netty-transport-native-kqueue-4.1.60.Final-osx-x86_64.jar;C:\Users\sahel\.m2\repository\org\reactivestreams\reactive-streams\1.0.3\reactive-streams-1.0.3.jar;C:\Users\sahel\.m2\repository\com\typesafe\netty\netty-reactive-streams\2.0.4\netty-reactive-streams-2.0.4.jar;C:\Users\sahel\.m2\repository\com\sun\activation\jakarta.activation\1.2.2\jakarta.activation-1.2.2.jar;C:\Users\sahel\.m2\repository\org\seleniumhq\selenium\selenium-http\4.4.0\selenium-http-4.4.0.jar;C:\Users\sahel\.m2\repository\dev\failsafe\failsafe\3.2.4\failsafe-3.2.4.jar;C:\Users\sahel\.m2\repository\org\seleniumhq\selenium\selenium-safari-driver\4.4.0\selenium-safari-driver-4.4.0.jar;C:\Users\sahel\.m2\repository\org\seleniumhq\selenium\selenium-support\4.4.0\selenium-support-4.4.0.jar;C:\Users\sahel\.m2\repository\io\github\bonigarcia\webdrivermanager\5.3.0\webdrivermanager-5.3.0.jar;C:\Users\sahel\.m2\repository\org\slf4j\slf4j-api\1.7.36\slf4j-api-1.7.36.jar;C:\Users\sahel\.m2\repository\com\google\code\gson\gson\2.9.1\gson-2.9.1.jar;C:\Users\sahel\.m2\repository\com\github\docker-java\docker-java\3.2.13\docker-java-3.2.13.jar;C:\Users\sahel\.m2\repository\com\github\docker-java\docker-java-core\3.2.13\docker-java-core-3.2.13.jar;C:\Users\sahel\.m2\repository\com\github\docker-java\docker-java-api\3.2.13\docker-java-api-3.2.13.jar;C:\Users\sahel\.m2\repository\com\fasterxml\jackson\core\jackson-annotations\2.10.3\jackson-annotations-2.10.3.jar;C:\Users\sahel\.m2\repository\com\fasterxml\jackson\core\jackson-databind\2.10.3\jackson-databind-2.10.3.jar;C:\Users\sahel\.m2\repository\com\fasterxml\jackson\core\jackson-core\2.10.3\jackson-core-2.10.3.jar;C:\Users\sahel\.m2\repository\org\bouncycastle\bcpkix-jdk15on\1.64\bcpkix-jdk15on-1.64.jar;C:\Users\sahel\.m2\repository\org\bouncycastle\bcprov-jdk15on\1.64\bcprov-jdk15on-1.64.jar;C:\Users\sahel\.m2\repository\org\slf4j\jcl-over-slf4j\1.7.30\jcl-over-slf4j-1.7.30.jar;C:\Users\sahel\.m2\repository\com\github\docker-java\docker-java-transport-httpclient5\3.2.13\docker-java-transport-httpclient5-3.2.13.jar;C:\Users\sahel\.m2\repository\com\github\docker-java\docker-java-transport\3.2.13\docker-java-transport-3.2.13.jar;C:\Users\sahel\.m2\repository\net\java\dev\jna\jna\5.8.0\jna-5.8.0.jar;C:\Users\sahel\.m2\repository\org\brotli\dec\0.1.2\dec-0.1.2.jar;C:\Users\sahel\.m2\repository\org\apache\commons\commons-lang3\3.12.0\commons-lang3-3.12.0.jar;C:\Users\sahel\.m2\repository\org\apache\httpcomponents\client5\httpclient5\5.1.3\httpclient5-5.1.3.jar;C:\Users\sahel\.m2\repository\org\apache\httpcomponents\core5\httpcore5\5.1.3\httpcore5-5.1.3.jar;C:\Users\sahel\.m2\repository\org\apache\httpcomponents\core5\httpcore5-h2\5.1.3\httpcore5-h2-5.1.3.jar;C:\Users\sahel\.m2\repository\org\apache\poi\poi\5.2.3\poi-5.2.3.jar;C:\Users\sahel\.m2\repository\commons-codec\commons-codec\1.15\commons-codec-1.15.jar;C:\Users\sahel\.m2\repository\org\apache\commons\commons-collections4\4.4\commons-collections4-4.4.jar;C:\Users\sahel\.m2\repository\org\apache\commons\commons-math3\3.6.1\commons-math3-3.6.1.jar;C:\Users\sahel\.m2\repository\com\zaxxer\SparseBitSet\1.2\SparseBitSet-1.2.jar;C:\Users\sahel\.m2\repository\org\apache\logging\log4j\log4j-api\2.18.0\log4j-api-2.18.0.jar;C:\Users\sahel\.m2\repository\org\apache\poi\poi-ooxml\5.2.3\poi-ooxml-5.2.3.jar;C:\Users\sahel\.m2\repository\org\apache\poi\poi-ooxml-lite\5.2.3\poi-ooxml-lite-5.2.3.jar;C:\Users\sahel\.m2\repository\org\apache\xmlbeans\xmlbeans\5.1.1\xmlbeans-5.1.1.jar;C:\Users\sahel\.m2\repository\org\apache\commons\commons-compress\1.21\commons-compress-1.21.jar;C:\Users\sahel\.m2\repository\com\github\virtuald\curvesapi\1.07\curvesapi-1.07.jar;C:\Users\sahel\.m2\repository\mysql\mysql-connector-java\8.0.30\mysql-connector-java-8.0.30.jar;C:\Users\sahel\.m2\repository\com\google\protobuf\protobuf-java\3.19.4\protobuf-java-3.19.4.jar;C:\Users\sahel\.m2\repository\commons-io\commons-io\2.11.0\commons-io-2.11.0.jar;C:\Users\sahel\.m2\repository\org\yaml\snakeyaml\1.33\snakeyaml-1.33.jar;C:\Users\sahel\.m2\repository\log4j\log4j\1.2.17\log4j-1.2.17.jar;C:\Users\sahel\.m2\repository\net\datafaker\datafaker\1.8.0\datafaker-1.8.0.jar;C:\Users\sahel\.m2\repository\com\github\mifmif\generex\1.0.2\generex-1.0.2.jar;C:\Users\sahel\.m2\repository\dk\brics\automaton\automaton\1.11-8\automaton-1.11-8.jar;"/>
    <property name="sun.cpu.endian" value="little"/>
    <property name="user.home" value="C:\Users\sahel"/>
    <property name="user.language" value="en"/>
    <property name="java.specification.vendor" value="Oracle Corporation"/>
    <property name="java.version.date" value="2022-10-18"/>
    <property name="java.home" value="C:\Program Files\Java\jdk-11.0.17"/>
    <property name="file.separator" value="\"/>
    <property name="style.color" value="always"/>
    <property name="basedir" value="C:\Users\sahel\eclipse-workspace\tek-capstone-transformers"/>
    <property name="java.vm.compressedOopsMode" value="Zero based"/>
    <property name="line.separator" value="&#10;"/>
    <property name="java.specification.name" value="Java Platform API Specification"/>
    <property name="java.vm.specification.vendor" value="Oracle Corporation"/>
    <property name="java.awt.graphicsenv" value="sun.awt.Win32GraphicsEnvironment"/>
    <property name="surefire.real.class.path" value="C:\Users\sahel\AppData\Local\Temp\surefire8564534205431334342\surefirebooter-20230309172256798_3.jar"/>
    <property name="user.script" value=""/>
    <property name="sun.management.compiler" value="HotSpot 64-Bit Tiered Compilers"/>
    <property name="java.runtime.version" value="11.0.17+10-LTS-269"/>
    <property name="user.name" value="sahel"/>
    <property name="path.separator" value=";"/>
    <property name="os.version" value="10.0"/>
    <property name="java.runtime.name" value="Java(TM) SE Runtime Environment"/>
    <property name="file.encoding" value="Cp1252"/>
    <property name="java.vm.name" value="Java HotSpot(TM) 64-Bit Server VM"/>
    <property name="java.vendor.version" value="18.9"/>
    <property name="localRepository" value="C:\Users\sahel\.m2\repository"/>
    <property name="java.vendor.url.bug" value="https://bugreport.java.com/bugreport/"/>
    <property name="java.io.tmpdir" value="C:\Users\sahel\AppData\Local\Temp\"/>
    <property name="java.version" value="11.0.17"/>
    <property name="user.dir" value="C:\Users\sahel\eclipse-workspace\tek-capstone-transformers"/>
    <property name="os.arch" value="amd64"/>
    <property name="java.vm.specification.name" value="Java Virtual Machine Specification"/>
    <property name="java.awt.printerjob" value="sun.awt.windows.WPrinterJob"/>
    <property name="sun.os.patch.level" value=""/>
    <property name="java.library.path" value="C:\Program Files\Java\jdk-11.0.17\bin;C:\WINDOWS\Sun\Java\bin;C:\WINDOWS\system32;C:\WINDOWS;C:/Program Files/Java/jdk-18/bin/server;C:/Program Files/Java/jdk-18/bin;C:\Program Files\Common Files\Oracle\Java\javapath;C:\WINDOWS\system32;C:\WINDOWS;C:\WINDOWS\System32\Wbem;C:\WINDOWS\System32\WindowsPowerShell\v1.0\;C:\WINDOWS\System32\OpenSSH\;C:\Program Files\Java\jdk-18\bin;C:\Program Files\dotnet\;C:\Program Files\Git\cmd;C:\Users\sahel\AppData\Local\Microsoft\WindowsApps;C:\Users\sahel\AppData\Local\GitHubDesktop\bin;;C:\WINDOWS\system32;;."/>
    <property name="java.vendor" value="Oracle Corporation"/>
    <property name="java.vm.info" value="mixed mode"/>
    <property name="java.vm.version" value="11.0.17+10-LTS-269"/>
    <property name="sun.io.unicode.encoding" value="UnicodeLittle"/>
    <property name="java.class.version" value="55.0"/>
  </properties>
  <testcase name="Verify user can create an account into Retail Website" classname="User wants to create account" time="6.162">
    <system-out><![CDATA[
@regression
Scenario: Verify user can create an account into Retail Website # features/AccountCreation.feature:8
{browser=chrome, headless=false, url=https://tek-retail-ui.azurewebsites.net/}
 INFO [main] (SignInSteps.java:26)- Actual Title: React App Expected Title: React App
 INFO [main] (SignInSteps.java:28)- TEKSCHOOL logo is displayed on upper left of website
 INFO [main] (SignInSteps.java:30)- Sign In option is displayed on upper right of website 
  Given User is on retail website                               # tek.sdet.framework.steps.SignInSteps.userIsOnRetailWebsite()

    Embedding Screenshot [image/png 775914 bytes]

 INFO [main] (SignInSteps.java:36)- User clicked on Sign in option
  When User clicks on Sign in option                            # tek.sdet.framework.steps.SignInSteps.userClicksSignInLink()

    Embedding Screenshot [image/png 19905 bytes]

 INFO [main] (SignUpSteps.java:24)- Sign up form is displayed
 INFO [main] (SignUpSteps.java:26)- Email label is displayed
 INFO [main] (SignUpSteps.java:28)- Confirm password label is displayed
  When User clicks on Create New Accout button                  # tek.sdet.framework.steps.SignUpSteps.user_click_on_create_new_accout_button()

    Embedding Screenshot [image/png 19165 bytes]

 INFO [main] (SignUpSteps.java:40)- User has filled out the sign up form
  And User fills the signUp form with below data                # tek.sdet.framework.steps.SignUpSteps.userFillsTheSignUpFormWithBelowData(io.cucumber.datatable.DataTable)
    | name     | email | password   | confirmPassword |
    | fullName | email | Test12345$ | Test12345$      |

    Embedding Screenshot [image/png 21883 bytes]

 INFO [main] (SignUpSteps.java:46)- Sign Up button is enabled
 INFO [main] (SignUpSteps.java:48)- User clicked Sign Up button
  And User click on SignUp button                               # tek.sdet.framework.steps.SignUpSteps.user_click_on_sign_up_button()

    Embedding Screenshot [image/png 21859 bytes]

 INFO [main] (SignUpSteps.java:54)- User is logged into Account
  Then User should be logged into account page                  # tek.sdet.framework.steps.SignUpSteps.user_should_be_logged_into_account_page()

    Embedding Screenshot [image/png 58023 bytes]

]]></system-out>
    <system-err><![CDATA[SLF4J: Failed to load class "org.slf4j.impl.StaticLoggerBinder".
SLF4J: Defaulting to no-operation (NOP) logger implementation
SLF4J: See http://www.slf4j.org/codes.html#StaticLoggerBinder for further details.
ERROR StatusLogger Log4j2 could not find a logging implementation. Please add log4j-core to the classpath. Using SimpleLogger to log to the console...
Starting ChromeDriver 111.0.5563.64 (c710e93d5b63b7095afe8c2c17df34408078439d-refs/branch-heads/5563@{#995}) on port 60039
Only local connections are allowed.
Please see https://chromedriver.chromium.org/security-considerations for suggestions on keeping ChromeDriver safe.
ChromeDriver was started successfully.
Mar 09, 2023 5:22:58 PM org.openqa.selenium.remote.ProtocolHandshake createSession
INFO: Detected upstream dialect: W3C
Mar 09, 2023 5:22:58 PM org.openqa.selenium.devtools.CdpVersionFinder findNearestMatch
WARNING: Unable to find an exact match for CDP version 111, so returning the closest version found: a no-op implementation
Mar 09, 2023 5:22:58 PM org.openqa.selenium.devtools.CdpVersionFinder findNearestMatch
INFO: Unable to find CDP implementation matching 111.
Mar 09, 2023 5:22:58 PM org.openqa.selenium.chromium.ChromiumDriver lambda$new$3
WARNING: Unable to find version of CDP to use for . You may need to include a dependency on a specific version of the CDP using something similar to `org.seleniumhq.selenium:selenium-devtools-v86:4.4.0` where the version ("v86") matches the version of the chromium-based browser you're using and the version number of the artifact is the same as Selenium's.
]]></system-err>
  </testcase>
  <testcase name="Verify User can add a payment method" classname="User can add  payment  method" time="7.575">
    <system-out><![CDATA[
@regression
Scenario: Verify User can add a payment method                          # features/AddPayment.feature:15
{browser=chrome, headless=false, url=https://tek-retail-ui.azurewebsites.net/}
 INFO [main] (SignInSteps.java:26)- Actual Title: React App Expected Title: React App
 INFO [main] (SignInSteps.java:28)- TEKSCHOOL logo is displayed on upper left of website
 INFO [main] (SignInSteps.java:30)- Sign In option is displayed on upper right of website 
  Given User is on retail website                                       # tek.sdet.framework.steps.SignInSteps.userIsOnRetailWebsite()

    Embedding Screenshot [image/png 775914 bytes]

 INFO [main] (SignInSteps.java:36)- User clicked on Sign in option
  When User clicks on Sign in option                                    # tek.sdet.framework.steps.SignInSteps.userClicksSignInLink()

    Embedding Screenshot [image/png 19905 bytes]

  And User enters following login credentials                           # tek.sdet.framework.steps.SignInSteps.userEntersFollowingLoginCredentials(io.cucumber.datatable.DataTable)
    | Email                    | Password  |
    | billybob123@tekschool.us | Pizza123$ |

    Embedding Screenshot [image/png 22691 bytes]

 INFO [main] (SignInSteps.java:55)- Login button is displayed
 INFO [main] (SignInSteps.java:57)- User clicked login button
  And User clicks on login button                                       # tek.sdet.framework.steps.SignInSteps.userClicksOnLoginButton()

    Embedding Screenshot [image/png 21878 bytes]

 INFO [main] (SignInSteps.java:64)- Log out button is present
 INFO [main] (SignInSteps.java:65)- Orders link is displayed at the top of page
  Then User should be logged into their account                         # tek.sdet.framework.steps.SignInSteps.userShouldBeLoggedInToTheirAccount()

    Embedding Screenshot [image/png 778573 bytes]

 INFO [main] (UpdateProfileSteps.java:18)- Account link is present
 INFO [main] (UpdateProfileSteps.java:19)- User clicked on Account link
  When User click on Account option                                     # tek.sdet.framework.steps.UpdateProfileSteps.user_click_on_account_option()

    Embedding Screenshot [image/png 65146 bytes]

 INFO [main] (AddPaymentSteps.java:23)- Add a payment link is displayed
 INFO [main] (AddPaymentSteps.java:25)- User clicked on add a payment link
  When User click on Add a payment method link                          # tek.sdet.framework.steps.AddPaymentSteps.userClickOnAddAPaymentMethodLink()

    Embedding Screenshot [image/png 125145 bytes]

 INFO [main] (AddPaymentSteps.java:37)- User has filled out the add debit or credit card form.
  And User fills debit or credit card information                       # tek.sdet.framework.steps.AddPaymentSteps.userFillsDebitOrCreditCardInformation(io.cucumber.datatable.DataTable)
    | cardNumber | nameOnCard | expirationMonth | expirationYear | securityCode |
    | cardNumber | fullName   | 4               | 2039           | ccv          |

    Embedding Screenshot [image/png 151265 bytes]

 INFO [main] (AddPaymentSteps.java:43)- User clicked on Add Your card button
  And User click on Add your card button                                # tek.sdet.framework.steps.AddPaymentSteps.userClickOnAddYourCardButton()

    Embedding Screenshot [image/png 151265 bytes]

 INFO [main] (AddPaymentSteps.java:51)- Actual:Payment Method added sucessfully matches Expected Payment Method added sucessfully
  Then a message should be displayed 'Payment Method added sucessfully' # tek.sdet.framework.steps.AddPaymentSteps.aMessageShouldBeDisplayed(java.lang.String)

    Embedding Screenshot [image/png 140489 bytes]

]]></system-out>
    <system-err><![CDATA[Starting ChromeDriver 111.0.5563.64 (c710e93d5b63b7095afe8c2c17df34408078439d-refs/branch-heads/5563@{#995}) on port 54820
Only local connections are allowed.
Please see https://chromedriver.chromium.org/security-considerations for suggestions on keeping ChromeDriver safe.
ChromeDriver was started successfully.
Mar 09, 2023 5:23:04 PM org.openqa.selenium.remote.ProtocolHandshake createSession
INFO: Detected upstream dialect: W3C
Mar 09, 2023 5:23:04 PM org.openqa.selenium.devtools.CdpVersionFinder findNearestMatch
WARNING: Unable to find an exact match for CDP version 111, so returning the closest version found: a no-op implementation
Mar 09, 2023 5:23:04 PM org.openqa.selenium.devtools.CdpVersionFinder findNearestMatch
INFO: Unable to find CDP implementation matching 111.
Mar 09, 2023 5:23:04 PM org.openqa.selenium.chromium.ChromiumDriver lambda$new$3
WARNING: Unable to find version of CDP to use for . You may need to include a dependency on a specific version of the CDP using something similar to `org.seleniumhq.selenium:selenium-devtools-v86:4.4.0` where the version ("v86") matches the version of the chromium-based browser you're using and the version number of the artifact is the same as Selenium's.
]]></system-err>
  </testcase>
  <testcase name="Verify User can add an Address" classname="User can edit address." time="7.065">
    <system-out><![CDATA[
@regression
Scenario: Verify User can add an Address                                        # features/EditAddress.feature:14
{browser=chrome, headless=false, url=https://tek-retail-ui.azurewebsites.net/}
 INFO [main] (SignInSteps.java:26)- Actual Title: React App Expected Title: React App
 INFO [main] (SignInSteps.java:28)- TEKSCHOOL logo is displayed on upper left of website
 INFO [main] (SignInSteps.java:30)- Sign In option is displayed on upper right of website 
  Given User is on retail website                                               # tek.sdet.framework.steps.SignInSteps.userIsOnRetailWebsite()

    Embedding Screenshot [image/png 775914 bytes]

 INFO [main] (SignInSteps.java:36)- User clicked on Sign in option
  When User clicks on Sign in option                                            # tek.sdet.framework.steps.SignInSteps.userClicksSignInLink()

    Embedding Screenshot [image/png 19905 bytes]

  And User enters following login credentials                                   # tek.sdet.framework.steps.SignInSteps.userEntersFollowingLoginCredentials(io.cucumber.datatable.DataTable)
    | Email                      | Password   |
    | SpongeBobss46@tekschool.us | Test12345$ |

    Embedding Screenshot [image/png 22976 bytes]

 INFO [main] (SignInSteps.java:55)- Login button is displayed
 INFO [main] (SignInSteps.java:57)- User clicked login button
  And User clicks on login button                                               # tek.sdet.framework.steps.SignInSteps.userClicksOnLoginButton()

    Embedding Screenshot [image/png 22165 bytes]

 INFO [main] (SignInSteps.java:64)- Log out button is present
 INFO [main] (SignInSteps.java:65)- Orders link is displayed at the top of page
  Then User should be logged into their account                                 # tek.sdet.framework.steps.SignInSteps.userShouldBeLoggedInToTheirAccount()

    Embedding Screenshot [image/png 778573 bytes]

 INFO [main] (UpdateProfileSteps.java:18)- Account link is present
 INFO [main] (UpdateProfileSteps.java:19)- User clicked on Account link
  When User click on Account option                                             # tek.sdet.framework.steps.UpdateProfileSteps.user_click_on_account_option()

    Embedding Screenshot [image/png 67271 bytes]

 INFO [main] (AddressFeaturesSteps.java:21)- User clicked on Add Address
  And User click on Add address option                                          # tek.sdet.framework.steps.AddressFeaturesSteps.userClickOnAddAddressOption()

    Embedding Screenshot [image/png 123881 bytes]

 INFO [main] (AddressFeaturesSteps.java:35)- User has filled the address form
  And user fill new address form with below information                         # tek.sdet.framework.steps.AddressFeaturesSteps.user_fill_new_address_form_with_below_information(io.cucumber.datatable.DataTable)
    | country | fullName  | phoneNumber | streetAddress | apt | city        | state      | zipCode |
    | Panama  | Gob Bluth | 1234567890  | 123 fake st   | 1   | Panama City | Los Santos | 23427   |

    Embedding Screenshot [image/png 124733 bytes]

 INFO [main] (AddressFeaturesSteps.java:42)- user clicked on Add Your Address button
  And User click Add Your Address button                                        # tek.sdet.framework.steps.AddressFeaturesSteps.userClickAddYourAddressButton()

    Embedding Screenshot [image/png 124638 bytes]

 INFO [main] (AddressFeaturesSteps.java:50)- Actual:Address Added Successfully matches Expected Address Added Successfully
  Then a message should be displayed address added "Address Added Successfully" # tek.sdet.framework.steps.AddressFeaturesSteps.a_message_should_be_displayed_address_added(java.lang.String)

    Embedding Screenshot [image/png 120718 bytes]

]]></system-out>
    <system-err><![CDATA[Starting ChromeDriver 111.0.5563.64 (c710e93d5b63b7095afe8c2c17df34408078439d-refs/branch-heads/5563@{#995}) on port 59443
Only local connections are allowed.
Please see https://chromedriver.chromium.org/security-considerations for suggestions on keeping ChromeDriver safe.
ChromeDriver was started successfully.
Mar 09, 2023 5:23:12 PM org.openqa.selenium.remote.ProtocolHandshake createSession
INFO: Detected upstream dialect: W3C
Mar 09, 2023 5:23:12 PM org.openqa.selenium.devtools.CdpVersionFinder findNearestMatch
WARNING: Unable to find an exact match for CDP version 111, so returning the closest version found: a no-op implementation
Mar 09, 2023 5:23:12 PM org.openqa.selenium.devtools.CdpVersionFinder findNearestMatch
INFO: Unable to find CDP implementation matching 111.
Mar 09, 2023 5:23:12 PM org.openqa.selenium.chromium.ChromiumDriver lambda$new$3
WARNING: Unable to find version of CDP to use for . You may need to include a dependency on a specific version of the CDP using something similar to `org.seleniumhq.selenium:selenium-devtools-v86:4.4.0` where the version ("v86") matches the version of the chromium-based browser you're using and the version number of the artifact is the same as Selenium's.
]]></system-err>
  </testcase>
  <testcase name="Verify User can edit an Address added on account" classname="User can edit address." time="8.771">
    <system-out><![CDATA[
@regression
Scenario: Verify User can edit an Address added on account                       # features/EditAddress.feature:22
{browser=chrome, headless=false, url=https://tek-retail-ui.azurewebsites.net/}
 INFO [main] (SignInSteps.java:26)- Actual Title: React App Expected Title: React App
 INFO [main] (SignInSteps.java:28)- TEKSCHOOL logo is displayed on upper left of website
 INFO [main] (SignInSteps.java:30)- Sign In option is displayed on upper right of website 
  Given User is on retail website                                                # tek.sdet.framework.steps.SignInSteps.userIsOnRetailWebsite()

    Embedding Screenshot [image/png 775914 bytes]

 INFO [main] (SignInSteps.java:36)- User clicked on Sign in option
  When User clicks on Sign in option                                             # tek.sdet.framework.steps.SignInSteps.userClicksSignInLink()

    Embedding Screenshot [image/png 19905 bytes]

  And User enters following login credentials                                    # tek.sdet.framework.steps.SignInSteps.userEntersFollowingLoginCredentials(io.cucumber.datatable.DataTable)
    | Email                      | Password   |
    | SpongeBobss46@tekschool.us | Test12345$ |

    Embedding Screenshot [image/png 22976 bytes]

 INFO [main] (SignInSteps.java:55)- Login button is displayed
 INFO [main] (SignInSteps.java:57)- User clicked login button
  And User clicks on login button                                                # tek.sdet.framework.steps.SignInSteps.userClicksOnLoginButton()

    Embedding Screenshot [image/png 22165 bytes]

 INFO [main] (SignInSteps.java:64)- Log out button is present
 INFO [main] (SignInSteps.java:65)- Orders link is displayed at the top of page
  Then User should be logged into their account                                  # tek.sdet.framework.steps.SignInSteps.userShouldBeLoggedInToTheirAccount()

    Embedding Screenshot [image/png 1093238 bytes]

 INFO [main] (UpdateProfileSteps.java:18)- Account link is present
 INFO [main] (UpdateProfileSteps.java:19)- User clicked on Account link
  When User click on Account option                                              # tek.sdet.framework.steps.UpdateProfileSteps.user_click_on_account_option()

    Embedding Screenshot [image/png 67231 bytes]

 INFO [main] (AddressFeaturesSteps.java:56)- User clicked on Edit button for the address
  And User click on edit address option                                          # tek.sdet.framework.steps.AddressFeaturesSteps.user_click_on_edit_address_option()

    Embedding Screenshot [image/png 83496 bytes]

 INFO [main] (AddressFeaturesSteps.java:77)- User has updated their address with new information successfully.
  And User edits address form with below information                             # tek.sdet.framework.steps.AddressFeaturesSteps.user_edits_address_form_with_below_information(io.cucumber.datatable.DataTable)
    | country       | fullName    | phoneNumber | streetAddress | apt | city     | state      | zipCode |
    | United States | Will Shakes | 6546544653  | maple valley  | 1   | Catalina | California | 65412   |

    Embedding Screenshot [image/png 125077 bytes]

 INFO [main] (AddressFeaturesSteps.java:83)- User clicked on "Update Your Address" btn
  And User click update Your Address button                                      # tek.sdet.framework.steps.AddressFeaturesSteps.user_click_update_your_address_button()

    Embedding Screenshot [image/png 125002 bytes]

  Then A confirmation message should be displayed 'Address Updated Successfully' # tek.sdet.framework.steps.AddressFeaturesSteps.aConfirmationMessageShouldBeDisplayed(java.lang.String)

    Embedding Screenshot [image/png 118481 bytes]

]]></system-out>
    <system-err><![CDATA[Starting ChromeDriver 111.0.5563.64 (c710e93d5b63b7095afe8c2c17df34408078439d-refs/branch-heads/5563@{#995}) on port 58544
Only local connections are allowed.
Please see https://chromedriver.chromium.org/security-considerations for suggestions on keeping ChromeDriver safe.
ChromeDriver was started successfully.
Mar 09, 2023 5:23:18 PM org.openqa.selenium.remote.ProtocolHandshake createSession
INFO: Detected upstream dialect: W3C
Mar 09, 2023 5:23:18 PM org.openqa.selenium.devtools.CdpVersionFinder findNearestMatch
WARNING: Unable to find an exact match for CDP version 111, so returning the closest version found: a no-op implementation
Mar 09, 2023 5:23:18 PM org.openqa.selenium.devtools.CdpVersionFinder findNearestMatch
INFO: Unable to find CDP implementation matching 111.
Mar 09, 2023 5:23:18 PM org.openqa.selenium.chromium.ChromiumDriver lambda$new$3
WARNING: Unable to find version of CDP to use for . You may need to include a dependency on a specific version of the CDP using something similar to `org.seleniumhq.selenium:selenium-devtools-v86:4.4.0` where the version ("v86") matches the version of the chromium-based browser you're using and the version number of the artifact is the same as Selenium's.
]]></system-err>
  </testcase>
  <testcase name="Verify User can remove Address from Account" classname="User can edit address." time="6.513">
    <system-out><![CDATA[
@regression
Scenario: Verify User can remove Address from Account # features/EditAddress.feature:31
{browser=chrome, headless=false, url=https://tek-retail-ui.azurewebsites.net/}
 INFO [main] (SignInSteps.java:26)- Actual Title: React App Expected Title: React App
 INFO [main] (SignInSteps.java:28)- TEKSCHOOL logo is displayed on upper left of website
 INFO [main] (SignInSteps.java:30)- Sign In option is displayed on upper right of website 
  Given User is on retail website                     # tek.sdet.framework.steps.SignInSteps.userIsOnRetailWebsite()

    Embedding Screenshot [image/png 775914 bytes]

 INFO [main] (SignInSteps.java:36)- User clicked on Sign in option
  When User clicks on Sign in option                  # tek.sdet.framework.steps.SignInSteps.userClicksSignInLink()

    Embedding Screenshot [image/png 19905 bytes]

  And User enters following login credentials         # tek.sdet.framework.steps.SignInSteps.userEntersFollowingLoginCredentials(io.cucumber.datatable.DataTable)
    | Email                      | Password   |
    | SpongeBobss46@tekschool.us | Test12345$ |

    Embedding Screenshot [image/png 22976 bytes]

 INFO [main] (SignInSteps.java:55)- Login button is displayed
 INFO [main] (SignInSteps.java:57)- User clicked login button
  And User clicks on login button                     # tek.sdet.framework.steps.SignInSteps.userClicksOnLoginButton()

    Embedding Screenshot [image/png 22165 bytes]

 INFO [main] (SignInSteps.java:64)- Log out button is present
 INFO [main] (SignInSteps.java:65)- Orders link is displayed at the top of page
  Then User should be logged into their account       # tek.sdet.framework.steps.SignInSteps.userShouldBeLoggedInToTheirAccount()

    Embedding Screenshot [image/png 1093238 bytes]

 INFO [main] (UpdateProfileSteps.java:18)- Account link is present
 INFO [main] (UpdateProfileSteps.java:19)- User clicked on Account link
  When User click on Account option                   # tek.sdet.framework.steps.UpdateProfileSteps.user_click_on_account_option()

    Embedding Screenshot [image/png 76647 bytes]

 INFO [main] (AddressFeaturesSteps.java:97)- User clicked on remove button for their second address
  And User click on remove option of Address section  # tek.sdet.framework.steps.AddressFeaturesSteps.userClickOnRemoveOptionOfAddressSection()

    Embedding Screenshot [image/png 109396 bytes]

 INFO [main] (AddressFeaturesSteps.java:102)- Users second address has been removed
  Then Address details should be removed              # tek.sdet.framework.steps.AddressFeaturesSteps.addressDetailsShouldBeRemoved()

    Embedding Screenshot [image/png 109396 bytes]

]]></system-out>
    <system-err><![CDATA[Starting ChromeDriver 111.0.5563.64 (c710e93d5b63b7095afe8c2c17df34408078439d-refs/branch-heads/5563@{#995}) on port 60977
Only local connections are allowed.
Please see https://chromedriver.chromium.org/security-considerations for suggestions on keeping ChromeDriver safe.
ChromeDriver was started successfully.
Mar 09, 2023 5:23:27 PM org.openqa.selenium.remote.ProtocolHandshake createSession
INFO: Detected upstream dialect: W3C
Mar 09, 2023 5:23:28 PM org.openqa.selenium.devtools.CdpVersionFinder findNearestMatch
WARNING: Unable to find an exact match for CDP version 111, so returning the closest version found: a no-op implementation
Mar 09, 2023 5:23:28 PM org.openqa.selenium.devtools.CdpVersionFinder findNearestMatch
INFO: Unable to find CDP implementation matching 111.
Mar 09, 2023 5:23:28 PM org.openqa.selenium.chromium.ChromiumDriver lambda$new$3
WARNING: Unable to find version of CDP to use for . You may need to include a dependency on a specific version of the CDP using something similar to `org.seleniumhq.selenium:selenium-devtools-v86:4.4.0` where the version ("v86") matches the version of the chromium-based browser you're using and the version number of the artifact is the same as Selenium's.
]]></system-err>
  </testcase>
  <testcase name="Verify user can edit debit or credit card" classname="User able to edit their debit/credit information." time="7.067">
    <system-out><![CDATA[
@regression @smokes
Scenario: Verify user can edit debit or credit card                                         # features/EditPaymentCard.feature:15
{browser=chrome, headless=false, url=https://tek-retail-ui.azurewebsites.net/}
 INFO [main] (SignInSteps.java:26)- Actual Title: React App Expected Title: React App
 INFO [main] (SignInSteps.java:28)- TEKSCHOOL logo is displayed on upper left of website
 INFO [main] (SignInSteps.java:30)- Sign In option is displayed on upper right of website 
  Given User is on retail website                                                           # tek.sdet.framework.steps.SignInSteps.userIsOnRetailWebsite()

    Embedding Screenshot [image/png 775914 bytes]

 INFO [main] (SignInSteps.java:36)- User clicked on Sign in option
  When User clicks on Sign in option                                                        # tek.sdet.framework.steps.SignInSteps.userClicksSignInLink()

    Embedding Screenshot [image/png 19905 bytes]

  And User enters following login credentials                                               # tek.sdet.framework.steps.SignInSteps.userEntersFollowingLoginCredentials(io.cucumber.datatable.DataTable)
    | Email                      | Password   |
    | SpongeBobss46@tekschool.us | Test12345$ |

    Embedding Screenshot [image/png 22976 bytes]

 INFO [main] (SignInSteps.java:55)- Login button is displayed
 INFO [main] (SignInSteps.java:57)- User clicked login button
  And User clicks on login button                                                           # tek.sdet.framework.steps.SignInSteps.userClicksOnLoginButton()

    Embedding Screenshot [image/png 22165 bytes]

 INFO [main] (SignInSteps.java:64)- Log out button is present
 INFO [main] (SignInSteps.java:65)- Orders link is displayed at the top of page
  Then User should be logged into their account                                             # tek.sdet.framework.steps.SignInSteps.userShouldBeLoggedInToTheirAccount()

    Embedding Screenshot [image/png 862999 bytes]

 INFO [main] (UpdateProfileSteps.java:18)- Account link is present
 INFO [main] (UpdateProfileSteps.java:19)- User clicked on Account link
  When User click on Account option                                                         # tek.sdet.framework.steps.UpdateProfileSteps.user_click_on_account_option()

    Embedding Screenshot [image/png 67231 bytes]

 INFO [main] (EditPaymentCardSteps.java:24)- User opened Card options. Edit card form displayed
 INFO [main] (EditPaymentCardSteps.java:26)- User clicked on edit button
  When User clicks on Edit option of card section                                           # tek.sdet.framework.steps.EditPaymentCardSteps.userClicksOnEditOptionOfCardSection()

    Embedding Screenshot [image/png 125685 bytes]

 INFO [main] (EditPaymentCardSteps.java:53)- User has edited and updated their payment method
  And User edits card information                                                           # tek.sdet.framework.steps.EditPaymentCardSteps.userEditsInformationWithBelowData(io.cucumber.datatable.DataTable)
    | cardNumber       | nameOnCard | expirationMonth | expirationYear | securityCode |
    | 9876889098098908 | Tryndamere | 3               | 2026           | 321          |

    Embedding Screenshot [image/png 166959 bytes]

 INFO [main] (EditPaymentCardSteps.java:60)- Update Your Card button is enabled
 INFO [main] (EditPaymentCardSteps.java:62)- User clicked update card button
  And User clicks on Update Your Card button                                                # tek.sdet.framework.steps.EditPaymentCardSteps.uSerClicksOnUpdateYourCardButton()

    Embedding Screenshot [image/png 166841 bytes]

 INFO [main] (EditPaymentCardSteps.java:71)- Expected message: Payment Method updated Successfully Actual message: Payment Method updated Successfully
  Then Update successfull message should be displayed 'Payment Method updated Successfully' # tek.sdet.framework.steps.EditPaymentCardSteps.aMessageShouldBe(java.lang.String)

    Embedding Screenshot [image/png 124465 bytes]

]]></system-out>
    <system-err><![CDATA[Starting ChromeDriver 111.0.5563.64 (c710e93d5b63b7095afe8c2c17df34408078439d-refs/branch-heads/5563@{#995}) on port 50614
Only local connections are allowed.
Please see https://chromedriver.chromium.org/security-considerations for suggestions on keeping ChromeDriver safe.
ChromeDriver was started successfully.
Mar 09, 2023 5:23:34 PM org.openqa.selenium.remote.ProtocolHandshake createSession
INFO: Detected upstream dialect: W3C
Mar 09, 2023 5:23:34 PM org.openqa.selenium.devtools.CdpVersionFinder findNearestMatch
WARNING: Unable to find an exact match for CDP version 111, so returning the closest version found: a no-op implementation
Mar 09, 2023 5:23:34 PM org.openqa.selenium.devtools.CdpVersionFinder findNearestMatch
INFO: Unable to find CDP implementation matching 111.
Mar 09, 2023 5:23:34 PM org.openqa.selenium.chromium.ChromiumDriver lambda$new$3
WARNING: Unable to find version of CDP to use for . You may need to include a dependency on a specific version of the CDP using something similar to `org.seleniumhq.selenium:selenium-devtools-v86:4.4.0` where the version ("v86") matches the version of the chromium-based browser you're using and the version number of the artifact is the same as Selenium's.
]]></system-err>
  </testcase>
  <testcase name="Verify user can remove their debit/credit card" classname="User able to edit their debit/credit information." time="6.365">
    <system-out><![CDATA[
@regression @smokes
Scenario: Verify user can remove their debit/credit card # features/EditPaymentCard.feature:24
{browser=chrome, headless=false, url=https://tek-retail-ui.azurewebsites.net/}
 INFO [main] (SignInSteps.java:26)- Actual Title: React App Expected Title: React App
 INFO [main] (SignInSteps.java:28)- TEKSCHOOL logo is displayed on upper left of website
 INFO [main] (SignInSteps.java:30)- Sign In option is displayed on upper right of website 
  Given User is on retail website                        # tek.sdet.framework.steps.SignInSteps.userIsOnRetailWebsite()

    Embedding Screenshot [image/png 775914 bytes]

 INFO [main] (SignInSteps.java:36)- User clicked on Sign in option
  When User clicks on Sign in option                     # tek.sdet.framework.steps.SignInSteps.userClicksSignInLink()

    Embedding Screenshot [image/png 19905 bytes]

  And User enters following login credentials            # tek.sdet.framework.steps.SignInSteps.userEntersFollowingLoginCredentials(io.cucumber.datatable.DataTable)
    | Email                      | Password   |
    | SpongeBobss46@tekschool.us | Test12345$ |

    Embedding Screenshot [image/png 22976 bytes]

 INFO [main] (SignInSteps.java:55)- Login button is displayed
 INFO [main] (SignInSteps.java:57)- User clicked login button
  And User clicks on login button                        # tek.sdet.framework.steps.SignInSteps.userClicksOnLoginButton()

    Embedding Screenshot [image/png 22165 bytes]

 INFO [main] (SignInSteps.java:64)- Log out button is present
 INFO [main] (SignInSteps.java:65)- Orders link is displayed at the top of page
  Then User should be logged into their account          # tek.sdet.framework.steps.SignInSteps.userShouldBeLoggedInToTheirAccount()

    Embedding Screenshot [image/png 778573 bytes]

 INFO [main] (UpdateProfileSteps.java:18)- Account link is present
 INFO [main] (UpdateProfileSteps.java:19)- User clicked on Account link
  When User click on Account option                      # tek.sdet.framework.steps.UpdateProfileSteps.user_click_on_account_option()

    Embedding Screenshot [image/png 67231 bytes]

 INFO [main] (EditPaymentCardSteps.java:89)- User clicked on remove option of card section
  And User click on remove option of card section        # tek.sdet.framework.steps.EditPaymentCardSteps.userClickOnRemoveOptionOfCardSection()

    Embedding Screenshot [image/png 67064 bytes]

 INFO [main] (EditPaymentCardSteps.java:97)- Payment Card removed successfully from account.
  Then payment details should be removed                 # tek.sdet.framework.steps.EditPaymentCardSteps.paymentDEtailsShouldBeRemoved()

    Embedding Screenshot [image/png 136230 bytes]

]]></system-out>
    <system-err><![CDATA[Starting ChromeDriver 111.0.5563.64 (c710e93d5b63b7095afe8c2c17df34408078439d-refs/branch-heads/5563@{#995}) on port 63210
Only local connections are allowed.
Please see https://chromedriver.chromium.org/security-considerations for suggestions on keeping ChromeDriver safe.
ChromeDriver was started successfully.
Mar 09, 2023 5:23:41 PM org.openqa.selenium.remote.ProtocolHandshake createSession
INFO: Detected upstream dialect: W3C
Mar 09, 2023 5:23:41 PM org.openqa.selenium.devtools.CdpVersionFinder findNearestMatch
WARNING: Unable to find an exact match for CDP version 111, so returning the closest version found: a no-op implementation
Mar 09, 2023 5:23:41 PM org.openqa.selenium.devtools.CdpVersionFinder findNearestMatch
INFO: Unable to find CDP implementation matching 111.
Mar 09, 2023 5:23:41 PM org.openqa.selenium.chromium.ChromiumDriver lambda$new$3
WARNING: Unable to find version of CDP to use for . You may need to include a dependency on a specific version of the CDP using something similar to `org.seleniumhq.selenium:selenium-devtools-v86:4.4.0` where the version ("v86") matches the version of the chromium-based browser you're using and the version number of the artifact is the same as Selenium's.
]]></system-err>
  </testcase>
  <testcase name="Verify Shop by Department sidebar" classname="Retail Home Page" time="6.414">
    <system-out><![CDATA[
@regression
Scenario: Verify Shop by Department sidebar                    # features/RetailHomePage.feature:13
{browser=chrome, headless=false, url=https://tek-retail-ui.azurewebsites.net/}
 INFO [main] (SignInSteps.java:26)- Actual Title: React App Expected Title: React App
 INFO [main] (SignInSteps.java:28)- TEKSCHOOL logo is displayed on upper left of website
 INFO [main] (SignInSteps.java:30)- Sign In option is displayed on upper right of website 
  Given User is on retail website                              # tek.sdet.framework.steps.SignInSteps.userIsOnRetailWebsite()

    Embedding Screenshot [image/png 775914 bytes]

 INFO [main] (SignInSteps.java:36)- User clicked on Sign in option
  When User clicks on Sign in option                           # tek.sdet.framework.steps.SignInSteps.userClicksSignInLink()

    Embedding Screenshot [image/png 19905 bytes]

  And User enters following login credentials                  # tek.sdet.framework.steps.SignInSteps.userEntersFollowingLoginCredentials(io.cucumber.datatable.DataTable)
    | Email                      | Password   |
    | SpongeBobss46@tekschool.us | Test12345$ |

    Embedding Screenshot [image/png 22976 bytes]

 INFO [main] (SignInSteps.java:55)- Login button is displayed
 INFO [main] (SignInSteps.java:57)- User clicked login button
  And User clicks on login button                              # tek.sdet.framework.steps.SignInSteps.userClicksOnLoginButton()

    Embedding Screenshot [image/png 22165 bytes]

 INFO [main] (SignInSteps.java:64)- Log out button is present
 INFO [main] (SignInSteps.java:65)- Orders link is displayed at the top of page
  Then User should be logged into their account                # tek.sdet.framework.steps.SignInSteps.userShouldBeLoggedInToTheirAccount()

    Embedding Screenshot [image/png 778573 bytes]

 INFO [main] (RetailHomePageSteps.java:24)- User clicked on all buton
  When User click on All section                               # tek.sdet.framework.steps.RetailHomePageSteps.userClickOnAllSection()

    Embedding Screenshot [image/png 618584 bytes]

 INFO [main] (RetailHomePageSteps.java:34)- span is equal to Electronics
  Then below options are present in Shop by Department sidebar # tek.sdet.framework.steps.RetailHomePageSteps.belowOptionsArePresentInShopByDepartmentSidebar(io.cucumber.datatable.DataTable)
    | Electronics | Computers | Smart Home | Sports | Automative |

    Embedding Screenshot [image/png 708398 bytes]

]]></system-out>
    <system-err><![CDATA[Starting ChromeDriver 111.0.5563.64 (c710e93d5b63b7095afe8c2c17df34408078439d-refs/branch-heads/5563@{#995}) on port 58445
Only local connections are allowed.
Please see https://chromedriver.chromium.org/security-considerations for suggestions on keeping ChromeDriver safe.
ChromeDriver was started successfully.
Mar 09, 2023 5:23:48 PM org.openqa.selenium.remote.ProtocolHandshake createSession
INFO: Detected upstream dialect: W3C
Mar 09, 2023 5:23:48 PM org.openqa.selenium.devtools.CdpVersionFinder findNearestMatch
WARNING: Unable to find an exact match for CDP version 111, so returning the closest version found: a no-op implementation
Mar 09, 2023 5:23:48 PM org.openqa.selenium.devtools.CdpVersionFinder findNearestMatch
INFO: Unable to find CDP implementation matching 111.
Mar 09, 2023 5:23:48 PM org.openqa.selenium.chromium.ChromiumDriver lambda$new$3
WARNING: Unable to find version of CDP to use for . You may need to include a dependency on a specific version of the CDP using something similar to `org.seleniumhq.selenium:selenium-devtools-v86:4.4.0` where the version ("v86") matches the version of the chromium-based browser you're using and the version number of the artifact is the same as Selenium's.
]]></system-err>
  </testcase>
  <testcase name="Verify Department sidebar options #1" classname="Retail Home Page" time="6.184">
    <system-out><![CDATA[
@regression
Scenario Outline: Verify Department sidebar options # features/RetailHomePage.feature:26
{browser=chrome, headless=false, url=https://tek-retail-ui.azurewebsites.net/}
 INFO [main] (SignInSteps.java:26)- Actual Title: React App Expected Title: React App
 INFO [main] (SignInSteps.java:28)- TEKSCHOOL logo is displayed on upper left of website
 INFO [main] (SignInSteps.java:30)- Sign In option is displayed on upper right of website 
  Given User is on retail website                   # tek.sdet.framework.steps.SignInSteps.userIsOnRetailWebsite()

    Embedding Screenshot [image/png 746767 bytes]

 INFO [main] (SignInSteps.java:36)- User clicked on Sign in option
  When User clicks on Sign in option                # tek.sdet.framework.steps.SignInSteps.userClicksSignInLink()

    Embedding Screenshot [image/png 19905 bytes]

  And User enters following login credentials       # tek.sdet.framework.steps.SignInSteps.userEntersFollowingLoginCredentials(io.cucumber.datatable.DataTable)
    | Email                      | Password   |
    | SpongeBobss46@tekschool.us | Test12345$ |

    Embedding Screenshot [image/png 22976 bytes]

 INFO [main] (SignInSteps.java:55)- Login button is displayed
 INFO [main] (SignInSteps.java:57)- User clicked login button
  And User clicks on login button                   # tek.sdet.framework.steps.SignInSteps.userClicksOnLoginButton()

    Embedding Screenshot [image/png 22165 bytes]

 INFO [main] (SignInSteps.java:64)- Log out button is present
 INFO [main] (SignInSteps.java:65)- Orders link is displayed at the top of page
  Then User should be logged into their account     # tek.sdet.framework.steps.SignInSteps.userShouldBeLoggedInToTheirAccount()

    Embedding Screenshot [image/png 748849 bytes]

 INFO [main] (RetailHomePageSteps.java:24)- User clicked on all buton
  When User click on All section                    # tek.sdet.framework.steps.RetailHomePageSteps.userClickOnAllSection()

    Embedding Screenshot [image/png 502221 bytes]

  And User on "Electronics"                         # tek.sdet.framework.steps.RetailHomePageSteps.userOnDepartment(java.lang.String)

    Embedding Screenshot [image/png 626312 bytes]

 INFO [main] (RetailHomePageSteps.java:64)- TV & Video is present
  Then below options are present in department      # tek.sdet.framework.steps.RetailHomePageSteps.belowOptionsArePresentInDepartment(io.cucumber.datatable.DataTable)
    | TV & Video | Video Games |

    Embedding Screenshot [image/png 696447 bytes]

]]></system-out>
    <system-err><![CDATA[Starting ChromeDriver 111.0.5563.64 (c710e93d5b63b7095afe8c2c17df34408078439d-refs/branch-heads/5563@{#995}) on port 65119
Only local connections are allowed.
Please see https://chromedriver.chromium.org/security-considerations for suggestions on keeping ChromeDriver safe.
ChromeDriver was started successfully.
Mar 09, 2023 5:23:54 PM org.openqa.selenium.remote.ProtocolHandshake createSession
INFO: Detected upstream dialect: W3C
Mar 09, 2023 5:23:54 PM org.openqa.selenium.devtools.CdpVersionFinder findNearestMatch
WARNING: Unable to find an exact match for CDP version 111, so returning the closest version found: a no-op implementation
Mar 09, 2023 5:23:54 PM org.openqa.selenium.devtools.CdpVersionFinder findNearestMatch
INFO: Unable to find CDP implementation matching 111.
Mar 09, 2023 5:23:54 PM org.openqa.selenium.chromium.ChromiumDriver lambda$new$3
WARNING: Unable to find version of CDP to use for . You may need to include a dependency on a specific version of the CDP using something similar to `org.seleniumhq.selenium:selenium-devtools-v86:4.4.0` where the version ("v86") matches the version of the chromium-based browser you're using and the version number of the artifact is the same as Selenium's.
]]></system-err>
  </testcase>
  <testcase name="Verify Department sidebar options #2" classname="Retail Home Page" time="6.419">
    <system-out><![CDATA[
@regression
Scenario Outline: Verify Department sidebar options # features/RetailHomePage.feature:27
{browser=chrome, headless=false, url=https://tek-retail-ui.azurewebsites.net/}
 INFO [main] (SignInSteps.java:26)- Actual Title: React App Expected Title: React App
 INFO [main] (SignInSteps.java:28)- TEKSCHOOL logo is displayed on upper left of website
 INFO [main] (SignInSteps.java:30)- Sign In option is displayed on upper right of website 
  Given User is on retail website                   # tek.sdet.framework.steps.SignInSteps.userIsOnRetailWebsite()

    Embedding Screenshot [image/png 22144 bytes]

 INFO [main] (SignInSteps.java:36)- User clicked on Sign in option
  When User clicks on Sign in option                # tek.sdet.framework.steps.SignInSteps.userClicksSignInLink()

    Embedding Screenshot [image/png 19905 bytes]

  And User enters following login credentials       # tek.sdet.framework.steps.SignInSteps.userEntersFollowingLoginCredentials(io.cucumber.datatable.DataTable)
    | Email                      | Password   |
    | SpongeBobss46@tekschool.us | Test12345$ |

    Embedding Screenshot [image/png 22976 bytes]

 INFO [main] (SignInSteps.java:55)- Login button is displayed
 INFO [main] (SignInSteps.java:57)- User clicked login button
  And User clicks on login button                   # tek.sdet.framework.steps.SignInSteps.userClicksOnLoginButton()

    Embedding Screenshot [image/png 22165 bytes]

 INFO [main] (SignInSteps.java:64)- Log out button is present
 INFO [main] (SignInSteps.java:65)- Orders link is displayed at the top of page
  Then User should be logged into their account     # tek.sdet.framework.steps.SignInSteps.userShouldBeLoggedInToTheirAccount()

    Embedding Screenshot [image/png 748849 bytes]

 INFO [main] (RetailHomePageSteps.java:24)- User clicked on all buton
  When User click on All section                    # tek.sdet.framework.steps.RetailHomePageSteps.userClickOnAllSection()

    Embedding Screenshot [image/png 502221 bytes]

  And User on "Computers"                           # tek.sdet.framework.steps.RetailHomePageSteps.userOnDepartment(java.lang.String)

    Embedding Screenshot [image/png 552602 bytes]

 INFO [main] (RetailHomePageSteps.java:64)- Accessories is present
  Then below options are present in department      # tek.sdet.framework.steps.RetailHomePageSteps.belowOptionsArePresentInDepartment(io.cucumber.datatable.DataTable)
    | Accessories | Networking |

    Embedding Screenshot [image/png 696546 bytes]

]]></system-out>
    <system-err><![CDATA[Starting ChromeDriver 111.0.5563.64 (c710e93d5b63b7095afe8c2c17df34408078439d-refs/branch-heads/5563@{#995}) on port 59929
Only local connections are allowed.
Please see https://chromedriver.chromium.org/security-considerations for suggestions on keeping ChromeDriver safe.
ChromeDriver was started successfully.
Mar 09, 2023 5:24:00 PM org.openqa.selenium.remote.ProtocolHandshake createSession
INFO: Detected upstream dialect: W3C
Mar 09, 2023 5:24:00 PM org.openqa.selenium.devtools.CdpVersionFinder findNearestMatch
WARNING: Unable to find an exact match for CDP version 111, so returning the closest version found: a no-op implementation
Mar 09, 2023 5:24:00 PM org.openqa.selenium.devtools.CdpVersionFinder findNearestMatch
INFO: Unable to find CDP implementation matching 111.
Mar 09, 2023 5:24:00 PM org.openqa.selenium.chromium.ChromiumDriver lambda$new$3
WARNING: Unable to find version of CDP to use for . You may need to include a dependency on a specific version of the CDP using something similar to `org.seleniumhq.selenium:selenium-devtools-v86:4.4.0` where the version ("v86") matches the version of the chromium-based browser you're using and the version number of the artifact is the same as Selenium's.
]]></system-err>
  </testcase>
  <testcase name="Verify Department sidebar options #3" classname="Retail Home Page" time="6.421">
    <system-out><![CDATA[
@regression
Scenario Outline: Verify Department sidebar options # features/RetailHomePage.feature:28
{browser=chrome, headless=false, url=https://tek-retail-ui.azurewebsites.net/}
 INFO [main] (SignInSteps.java:26)- Actual Title: React App Expected Title: React App
 INFO [main] (SignInSteps.java:28)- TEKSCHOOL logo is displayed on upper left of website
 INFO [main] (SignInSteps.java:30)- Sign In option is displayed on upper right of website 
  Given User is on retail website                   # tek.sdet.framework.steps.SignInSteps.userIsOnRetailWebsite()

    Embedding Screenshot [image/png 746767 bytes]

 INFO [main] (SignInSteps.java:36)- User clicked on Sign in option
  When User clicks on Sign in option                # tek.sdet.framework.steps.SignInSteps.userClicksSignInLink()

    Embedding Screenshot [image/png 19905 bytes]

  And User enters following login credentials       # tek.sdet.framework.steps.SignInSteps.userEntersFollowingLoginCredentials(io.cucumber.datatable.DataTable)
    | Email                      | Password   |
    | SpongeBobss46@tekschool.us | Test12345$ |

    Embedding Screenshot [image/png 22976 bytes]

 INFO [main] (SignInSteps.java:55)- Login button is displayed
 INFO [main] (SignInSteps.java:57)- User clicked login button
  And User clicks on login button                   # tek.sdet.framework.steps.SignInSteps.userClicksOnLoginButton()

    Embedding Screenshot [image/png 22165 bytes]

 INFO [main] (SignInSteps.java:64)- Log out button is present
 INFO [main] (SignInSteps.java:65)- Orders link is displayed at the top of page
  Then User should be logged into their account     # tek.sdet.framework.steps.SignInSteps.userShouldBeLoggedInToTheirAccount()

    Embedding Screenshot [image/png 748849 bytes]

 INFO [main] (RetailHomePageSteps.java:24)- User clicked on all buton
  When User click on All section                    # tek.sdet.framework.steps.RetailHomePageSteps.userClickOnAllSection()

    Embedding Screenshot [image/png 614722 bytes]

  And User on "Smart Home"                          # tek.sdet.framework.steps.RetailHomePageSteps.userOnDepartment(java.lang.String)

    Embedding Screenshot [image/png 696904 bytes]

 INFO [main] (RetailHomePageSteps.java:64)- Smart Home Lightning is present
  Then below options are present in department      # tek.sdet.framework.steps.RetailHomePageSteps.belowOptionsArePresentInDepartment(io.cucumber.datatable.DataTable)
    | Smart Home Lightning | Plugs and Outlets |

    Embedding Screenshot [image/png 696904 bytes]

]]></system-out>
    <system-err><![CDATA[Starting ChromeDriver 111.0.5563.64 (c710e93d5b63b7095afe8c2c17df34408078439d-refs/branch-heads/5563@{#995}) on port 51059
Only local connections are allowed.
Please see https://chromedriver.chromium.org/security-considerations for suggestions on keeping ChromeDriver safe.
ChromeDriver was started successfully.
Mar 09, 2023 5:24:06 PM org.openqa.selenium.remote.ProtocolHandshake createSession
INFO: Detected upstream dialect: W3C
Mar 09, 2023 5:24:06 PM org.openqa.selenium.devtools.CdpVersionFinder findNearestMatch
WARNING: Unable to find an exact match for CDP version 111, so returning the closest version found: a no-op implementation
Mar 09, 2023 5:24:06 PM org.openqa.selenium.devtools.CdpVersionFinder findNearestMatch
INFO: Unable to find CDP implementation matching 111.
Mar 09, 2023 5:24:06 PM org.openqa.selenium.chromium.ChromiumDriver lambda$new$3
WARNING: Unable to find version of CDP to use for . You may need to include a dependency on a specific version of the CDP using something similar to `org.seleniumhq.selenium:selenium-devtools-v86:4.4.0` where the version ("v86") matches the version of the chromium-based browser you're using and the version number of the artifact is the same as Selenium's.
]]></system-err>
  </testcase>
  <testcase name="Verify Department sidebar options #4" classname="Retail Home Page" time="8.243">
    <system-out><![CDATA[
@regression
Scenario Outline: Verify Department sidebar options # features/RetailHomePage.feature:29
{browser=chrome, headless=false, url=https://tek-retail-ui.azurewebsites.net/}
 INFO [main] (SignInSteps.java:26)- Actual Title: React App Expected Title: React App
 INFO [main] (SignInSteps.java:28)- TEKSCHOOL logo is displayed on upper left of website
 INFO [main] (SignInSteps.java:30)- Sign In option is displayed on upper right of website 
  Given User is on retail website                   # tek.sdet.framework.steps.SignInSteps.userIsOnRetailWebsite()

    Embedding Screenshot [image/png 775914 bytes]

 INFO [main] (SignInSteps.java:36)- User clicked on Sign in option
  When User clicks on Sign in option                # tek.sdet.framework.steps.SignInSteps.userClicksSignInLink()

    Embedding Screenshot [image/png 19905 bytes]

  And User enters following login credentials       # tek.sdet.framework.steps.SignInSteps.userEntersFollowingLoginCredentials(io.cucumber.datatable.DataTable)
    | Email                      | Password   |
    | SpongeBobss46@tekschool.us | Test12345$ |

    Embedding Screenshot [image/png 22976 bytes]

 INFO [main] (SignInSteps.java:55)- Login button is displayed
 INFO [main] (SignInSteps.java:57)- User clicked login button
  And User clicks on login button                   # tek.sdet.framework.steps.SignInSteps.userClicksOnLoginButton()

    Embedding Screenshot [image/png 22165 bytes]

 INFO [main] (SignInSteps.java:64)- Log out button is present
 INFO [main] (SignInSteps.java:65)- Orders link is displayed at the top of page
  Then User should be logged into their account     # tek.sdet.framework.steps.SignInSteps.userShouldBeLoggedInToTheirAccount()

    Embedding Screenshot [image/png 778573 bytes]

 INFO [main] (RetailHomePageSteps.java:24)- User clicked on all buton
  When User click on All section                    # tek.sdet.framework.steps.RetailHomePageSteps.userClickOnAllSection()

    Embedding Screenshot [image/png 624876 bytes]

  And User on "Sports"                              # tek.sdet.framework.steps.RetailHomePageSteps.userOnDepartment(java.lang.String)

    Embedding Screenshot [image/png 701662 bytes]

 INFO [main] (RetailHomePageSteps.java:64)- Athletic Clothing is present
  Then below options are present in department      # tek.sdet.framework.steps.RetailHomePageSteps.belowOptionsArePresentInDepartment(io.cucumber.datatable.DataTable)
    | Athletic Clothing | Exercise & Fitness |

    Embedding Screenshot [image/png 701662 bytes]

]]></system-out>
    <system-err><![CDATA[Starting ChromeDriver 111.0.5563.64 (c710e93d5b63b7095afe8c2c17df34408078439d-refs/branch-heads/5563@{#995}) on port 65029
Only local connections are allowed.
Please see https://chromedriver.chromium.org/security-considerations for suggestions on keeping ChromeDriver safe.
ChromeDriver was started successfully.
Mar 09, 2023 5:24:13 PM org.openqa.selenium.remote.ProtocolHandshake createSession
INFO: Detected upstream dialect: W3C
Mar 09, 2023 5:24:13 PM org.openqa.selenium.devtools.CdpVersionFinder findNearestMatch
WARNING: Unable to find an exact match for CDP version 111, so returning the closest version found: a no-op implementation
Mar 09, 2023 5:24:13 PM org.openqa.selenium.devtools.CdpVersionFinder findNearestMatch
INFO: Unable to find CDP implementation matching 111.
Mar 09, 2023 5:24:13 PM org.openqa.selenium.chromium.ChromiumDriver lambda$new$3
WARNING: Unable to find version of CDP to use for . You may need to include a dependency on a specific version of the CDP using something similar to `org.seleniumhq.selenium:selenium-devtools-v86:4.4.0` where the version ("v86") matches the version of the chromium-based browser you're using and the version number of the artifact is the same as Selenium's.
]]></system-err>
  </testcase>
  <testcase name="Verify Department sidebar options #5" classname="Retail Home Page" time="7.711">
    <system-out><![CDATA[
@regression
Scenario Outline: Verify Department sidebar options # features/RetailHomePage.feature:30
{browser=chrome, headless=false, url=https://tek-retail-ui.azurewebsites.net/}
 INFO [main] (SignInSteps.java:26)- Actual Title: React App Expected Title: React App
 INFO [main] (SignInSteps.java:28)- TEKSCHOOL logo is displayed on upper left of website
 INFO [main] (SignInSteps.java:30)- Sign In option is displayed on upper right of website 
  Given User is on retail website                   # tek.sdet.framework.steps.SignInSteps.userIsOnRetailWebsite()

    Embedding Screenshot [image/png 775914 bytes]

 INFO [main] (SignInSteps.java:36)- User clicked on Sign in option
  When User clicks on Sign in option                # tek.sdet.framework.steps.SignInSteps.userClicksSignInLink()

    Embedding Screenshot [image/png 19905 bytes]

  And User enters following login credentials       # tek.sdet.framework.steps.SignInSteps.userEntersFollowingLoginCredentials(io.cucumber.datatable.DataTable)
    | Email                      | Password   |
    | SpongeBobss46@tekschool.us | Test12345$ |

    Embedding Screenshot [image/png 22976 bytes]

 INFO [main] (SignInSteps.java:55)- Login button is displayed
 INFO [main] (SignInSteps.java:57)- User clicked login button
  And User clicks on login button                   # tek.sdet.framework.steps.SignInSteps.userClicksOnLoginButton()

    Embedding Screenshot [image/png 22165 bytes]

 INFO [main] (SignInSteps.java:64)- Log out button is present
 INFO [main] (SignInSteps.java:65)- Orders link is displayed at the top of page
  Then User should be logged into their account     # tek.sdet.framework.steps.SignInSteps.userShouldBeLoggedInToTheirAccount()

    Embedding Screenshot [image/png 778573 bytes]

 INFO [main] (RetailHomePageSteps.java:24)- User clicked on all buton
  When User click on All section                    # tek.sdet.framework.steps.RetailHomePageSteps.userClickOnAllSection()

    Embedding Screenshot [image/png 621439 bytes]

  And User on "Automative"                          # tek.sdet.framework.steps.RetailHomePageSteps.userOnDepartment(java.lang.String)

    Embedding Screenshot [image/png 703872 bytes]

 INFO [main] (RetailHomePageSteps.java:64)- Automative Parts & Accessories is present
  Then below options are present in department      # tek.sdet.framework.steps.RetailHomePageSteps.belowOptionsArePresentInDepartment(io.cucumber.datatable.DataTable)
    | Automative Parts & Accessories | MotorCycle & Powersports |

    Embedding Screenshot [image/png 703872 bytes]

]]></system-out>
    <system-err><![CDATA[Starting ChromeDriver 111.0.5563.64 (c710e93d5b63b7095afe8c2c17df34408078439d-refs/branch-heads/5563@{#995}) on port 62355
Only local connections are allowed.
Please see https://chromedriver.chromium.org/security-considerations for suggestions on keeping ChromeDriver safe.
ChromeDriver was started successfully.
Mar 09, 2023 5:24:21 PM org.openqa.selenium.remote.ProtocolHandshake createSession
INFO: Detected upstream dialect: W3C
Mar 09, 2023 5:24:21 PM org.openqa.selenium.devtools.CdpVersionFinder findNearestMatch
WARNING: Unable to find an exact match for CDP version 111, so returning the closest version found: a no-op implementation
Mar 09, 2023 5:24:21 PM org.openqa.selenium.devtools.CdpVersionFinder findNearestMatch
INFO: Unable to find CDP implementation matching 111.
Mar 09, 2023 5:24:21 PM org.openqa.selenium.chromium.ChromiumDriver lambda$new$3
WARNING: Unable to find version of CDP to use for . You may need to include a dependency on a specific version of the CDP using something similar to `org.seleniumhq.selenium:selenium-devtools-v86:4.4.0` where the version ("v86") matches the version of the chromium-based browser you're using and the version number of the artifact is the same as Selenium's.
]]></system-err>
  </testcase>
  <testcase name="Verify User can add an item to cart" classname="Retail Home Page" time="9.148">
    <system-out><![CDATA[
@regression
Scenario: Verify User can add an item to cart           # features/RetailHomePage.feature:33
{browser=chrome, headless=false, url=https://tek-retail-ui.azurewebsites.net/}
 INFO [main] (SignInSteps.java:26)- Actual Title: React App Expected Title: React App
 INFO [main] (SignInSteps.java:28)- TEKSCHOOL logo is displayed on upper left of website
 INFO [main] (SignInSteps.java:30)- Sign In option is displayed on upper right of website 
  Given User is on retail website                       # tek.sdet.framework.steps.SignInSteps.userIsOnRetailWebsite()

    Embedding Screenshot [image/png 775914 bytes]

 INFO [main] (SignInSteps.java:36)- User clicked on Sign in option
  When User clicks on Sign in option                    # tek.sdet.framework.steps.SignInSteps.userClicksSignInLink()

    Embedding Screenshot [image/png 19905 bytes]

  And User enters following login credentials           # tek.sdet.framework.steps.SignInSteps.userEntersFollowingLoginCredentials(io.cucumber.datatable.DataTable)
    | Email                      | Password   |
    | SpongeBobss46@tekschool.us | Test12345$ |

    Embedding Screenshot [image/png 22976 bytes]

 INFO [main] (SignInSteps.java:55)- Login button is displayed
 INFO [main] (SignInSteps.java:57)- User clicked login button
  And User clicks on login button                       # tek.sdet.framework.steps.SignInSteps.userClicksOnLoginButton()

    Embedding Screenshot [image/png 22165 bytes]

 INFO [main] (SignInSteps.java:64)- Log out button is present
 INFO [main] (SignInSteps.java:65)- Orders link is displayed at the top of page
  Then User should be logged into their account         # tek.sdet.framework.steps.SignInSteps.userShouldBeLoggedInToTheirAccount()

    Embedding Screenshot [image/png 1093238 bytes]

 INFO [main] (RetailHomePageSteps.java:74)- User changed search category to Smart Home
  And User change the category to 'Smart Home'          # tek.sdet.framework.steps.RetailHomePageSteps.userChangeTheCategoryTo(java.lang.String)

    Embedding Screenshot [image/png 1093275 bytes]

 INFO [main] (RetailHomePageSteps.java:85)- User entered Kasa outdoor smart plug into search box
  And User search for an item 'Kasa outdoor smart plug' # tek.sdet.framework.steps.RetailHomePageSteps.userSearchForAnItem(java.lang.String)

    Embedding Screenshot [image/png 1093086 bytes]

 INFO [main] (RetailHomePageSteps.java:91)- User clicked on search button
  And User click on Search icon                         # tek.sdet.framework.steps.RetailHomePageSteps.userClickOnSearchIcon()

    Embedding Screenshot [image/png 105657 bytes]

 INFO [main] (RetailHomePageSteps.java:98)- User clicked on the item
  And User click on item                                # tek.sdet.framework.steps.RetailHomePageSteps.userClickOnItem()

    Embedding Screenshot [image/png 18707 bytes]

 INFO [main] (RetailHomePageSteps.java:104)- User changed quatity to 2
  And User select quantity '2'                          # tek.sdet.framework.steps.RetailHomePageSteps.userSelectQuantity(java.lang.String)

    Embedding Screenshot [image/png 367209 bytes]

 INFO [main] (RetailHomePageSteps.java:110)- User added items to cart
  And User click add to Cart button                     # tek.sdet.framework.steps.RetailHomePageSteps.userClickAddToCartButton()

    Embedding Screenshot [image/png 366337 bytes]

 INFO [main] (RetailHomePageSteps.java:116)- actual quantity in cart: 2
  Then the cart icon quantity should change to "2"      # tek.sdet.framework.steps.RetailHomePageSteps.theCartIconQuantityShouldChangeTo(java.lang.String)

    Embedding Screenshot [image/png 368729 bytes]

]]></system-out>
    <system-err><![CDATA[Starting ChromeDriver 111.0.5563.64 (c710e93d5b63b7095afe8c2c17df34408078439d-refs/branch-heads/5563@{#995}) on port 55575
Only local connections are allowed.
Please see https://chromedriver.chromium.org/security-considerations for suggestions on keeping ChromeDriver safe.
ChromeDriver was started successfully.
Mar 09, 2023 5:24:29 PM org.openqa.selenium.remote.ProtocolHandshake createSession
INFO: Detected upstream dialect: W3C
Mar 09, 2023 5:24:29 PM org.openqa.selenium.devtools.CdpVersionFinder findNearestMatch
WARNING: Unable to find an exact match for CDP version 111, so returning the closest version found: a no-op implementation
Mar 09, 2023 5:24:29 PM org.openqa.selenium.devtools.CdpVersionFinder findNearestMatch
INFO: Unable to find CDP implementation matching 111.
Mar 09, 2023 5:24:29 PM org.openqa.selenium.chromium.ChromiumDriver lambda$new$3
WARNING: Unable to find version of CDP to use for . You may need to include a dependency on a specific version of the CDP using something similar to `org.seleniumhq.selenium:selenium-devtools-v86:4.4.0` where the version ("v86") matches the version of the chromium-based browser you're using and the version number of the artifact is the same as Selenium's.
]]></system-err>
  </testcase>
  <testcase name="Verify User can place an order without Shipping address and payment Method on file" classname="Retail Home Page" time="7.898">
    <system-out><![CDATA[
@regression
Scenario: Verify User can place an order without Shipping address and payment Method on file # features/RetailHomePage.feature:43
{browser=chrome, headless=false, url=https://tek-retail-ui.azurewebsites.net/}
 INFO [main] (SignInSteps.java:26)- Actual Title: React App Expected Title: React App
 INFO [main] (SignInSteps.java:28)- TEKSCHOOL logo is displayed on upper left of website
 INFO [main] (SignInSteps.java:30)- Sign In option is displayed on upper right of website 
  Given User is on retail website                                                            # tek.sdet.framework.steps.SignInSteps.userIsOnRetailWebsite()

    Embedding Screenshot [image/png 775914 bytes]

 INFO [main] (SignInSteps.java:36)- User clicked on Sign in option
  When User clicks on Sign in option                                                         # tek.sdet.framework.steps.SignInSteps.userClicksSignInLink()

    Embedding Screenshot [image/png 19905 bytes]

  And User enters following login credentials                                                # tek.sdet.framework.steps.SignInSteps.userEntersFollowingLoginCredentials(io.cucumber.datatable.DataTable)
    | Email                      | Password   |
    | SpongeBobss46@tekschool.us | Test12345$ |

    Embedding Screenshot [image/png 22976 bytes]

 INFO [main] (SignInSteps.java:55)- Login button is displayed
 INFO [main] (SignInSteps.java:57)- User clicked login button
  And User clicks on login button                                                            # tek.sdet.framework.steps.SignInSteps.userClicksOnLoginButton()

    Embedding Screenshot [image/png 22165 bytes]

 INFO [main] (SignInSteps.java:64)- Log out button is present
 INFO [main] (SignInSteps.java:65)- Orders link is displayed at the top of page
  Then User should be logged into their account                                              # tek.sdet.framework.steps.SignInSteps.userShouldBeLoggedInToTheirAccount()

    Embedding Screenshot [image/png 778573 bytes]

 INFO [main] (RetailHomePageSteps.java:122)- User clicked on cart button
  And User click on Cart option                                                              # tek.sdet.framework.steps.RetailHomePageSteps.userClickOnCartOption()

    Embedding Screenshot [image/png 39067 bytes]

 INFO [main] (RetailHomePageSteps.java:128)- User clicked on Proceed to Checkout button
  And User click on Proceed to Checkout button                                               # tek.sdet.framework.steps.RetailHomePageSteps.userClickOnProceedToCheckoutButton()

    Embedding Screenshot [image/png 92361 bytes]

 INFO [main] (RetailHomePageSteps.java:134)- User clicked on Add a new address at checkout
  And User click Add a new address link for shipping address                                 # tek.sdet.framework.steps.RetailHomePageSteps.userClickAddANewAddressLinkForShippingAddress()

    Embedding Screenshot [image/png 108435 bytes]

 INFO [main] (RetailHomePageSteps.java:186)- User has filled the address form
  And user fill new address form during checkout                                             # tek.sdet.framework.steps.RetailHomePageSteps.user_fill_new_address_form_with_below_information(io.cucumber.datatable.DataTable)
    | country | fullName | phoneNumber | streetAddress | apt | city        | state      | zipCode |
    | Panama  | fullName | 1234567890  | 123 fake st   | 1   | Panama City | Los Santos | zipCode |

    Embedding Screenshot [image/png 109764 bytes]

 INFO [main] (AddressFeaturesSteps.java:42)- user clicked on Add Your Address button
  And User click Add Your Address button                                                     # tek.sdet.framework.steps.AddressFeaturesSteps.userClickAddYourAddressButton()

    Embedding Screenshot [image/png 109701 bytes]

 INFO [main] (RetailHomePageSteps.java:140)- User clicked on Add a Credit or Debit Card at checkout
  And User click Add a credit card or Debit Card for Payment method                          # tek.sdet.framework.steps.RetailHomePageSteps.userClickAddACreditCardOrDebitCardForPaymentMethod()

    Embedding Screenshot [image/png 112415 bytes]

 INFO [main] (RetailHomePageSteps.java:155)- User filled out new card payment form at during checkout.
  And User fills debit or credit card information during checkout                            # tek.sdet.framework.steps.RetailHomePageSteps.userFillsDebitOrCreditCardInformation(io.cucumber.datatable.DataTable)
    | cardNumber | nameOnCard | expirationMonth | expirationYear | securityCode |
    | cardNumber | fullName   | 7               | 2025           | ccv          |

    Embedding Screenshot [image/png 153569 bytes]

 INFO [main] (AddPaymentSteps.java:43)- User clicked on Add Your card button
  And User click on Add your card button                                                     # tek.sdet.framework.steps.AddPaymentSteps.userClickOnAddYourCardButton()

    Embedding Screenshot [image/png 158268 bytes]

 INFO [main] (RetailHomePageSteps.java:162)- User clicked on Place Your Order
  And User click on Place Your Order                                                         # tek.sdet.framework.steps.RetailHomePageSteps.userClickOnPlaceYourOrder()

    Embedding Screenshot [image/png 101970 bytes]

 INFO [main] (RetailHomePageSteps.java:170)- Order Placed Successfully is displayed
  Then Order placed message should be displayed "Order Placed, Thanks"                       # tek.sdet.framework.steps.RetailHomePageSteps.aMessageShouldBeDisplayedOrderPlacedThanks(java.lang.String)

    Embedding Screenshot [image/png 50414 bytes]

]]></system-out>
    <system-err><![CDATA[Starting ChromeDriver 111.0.5563.64 (c710e93d5b63b7095afe8c2c17df34408078439d-refs/branch-heads/5563@{#995}) on port 57070
Only local connections are allowed.
Please see https://chromedriver.chromium.org/security-considerations for suggestions on keeping ChromeDriver safe.
ChromeDriver was started successfully.
Mar 09, 2023 5:24:38 PM org.openqa.selenium.remote.ProtocolHandshake createSession
INFO: Detected upstream dialect: W3C
Mar 09, 2023 5:24:38 PM org.openqa.selenium.devtools.CdpVersionFinder findNearestMatch
WARNING: Unable to find an exact match for CDP version 111, so returning the closest version found: a no-op implementation
Mar 09, 2023 5:24:38 PM org.openqa.selenium.devtools.CdpVersionFinder findNearestMatch
INFO: Unable to find CDP implementation matching 111.
Mar 09, 2023 5:24:38 PM org.openqa.selenium.chromium.ChromiumDriver lambda$new$3
WARNING: Unable to find version of CDP to use for . You may need to include a dependency on a specific version of the CDP using something similar to `org.seleniumhq.selenium:selenium-devtools-v86:4.4.0` where the version ("v86") matches the version of the chromium-based browser you're using and the version number of the artifact is the same as Selenium's.
]]></system-err>
  </testcase>
  <testcase name="Verify User can place an order with Shipping address and payment Method on file" classname="Retail Home Page" time="9.312">
    <system-out><![CDATA[
@regression
Scenario: Verify User can place an order with Shipping address and payment Method on file # features/RetailHomePage.feature:60
{browser=chrome, headless=false, url=https://tek-retail-ui.azurewebsites.net/}
 INFO [main] (SignInSteps.java:26)- Actual Title: React App Expected Title: React App
 INFO [main] (SignInSteps.java:28)- TEKSCHOOL logo is displayed on upper left of website
 INFO [main] (SignInSteps.java:30)- Sign In option is displayed on upper right of website 
  Given User is on retail website                                                         # tek.sdet.framework.steps.SignInSteps.userIsOnRetailWebsite()

    Embedding Screenshot [image/png 746767 bytes]

 INFO [main] (SignInSteps.java:36)- User clicked on Sign in option
  When User clicks on Sign in option                                                      # tek.sdet.framework.steps.SignInSteps.userClicksSignInLink()

    Embedding Screenshot [image/png 19905 bytes]

  And User enters following login credentials                                             # tek.sdet.framework.steps.SignInSteps.userEntersFollowingLoginCredentials(io.cucumber.datatable.DataTable)
    | Email                      | Password   |
    | SpongeBobss46@tekschool.us | Test12345$ |

    Embedding Screenshot [image/png 22976 bytes]

 INFO [main] (SignInSteps.java:55)- Login button is displayed
 INFO [main] (SignInSteps.java:57)- User clicked login button
  And User clicks on login button                                                         # tek.sdet.framework.steps.SignInSteps.userClicksOnLoginButton()

    Embedding Screenshot [image/png 22165 bytes]

 INFO [main] (SignInSteps.java:64)- Log out button is present
 INFO [main] (SignInSteps.java:65)- Orders link is displayed at the top of page
  Then User should be logged into their account                                           # tek.sdet.framework.steps.SignInSteps.userShouldBeLoggedInToTheirAccount()

    Embedding Screenshot [image/png 748849 bytes]

 INFO [main] (RetailHomePageSteps.java:74)- User changed search category to Electronics
  And User change the category to 'Electronics'                                           # tek.sdet.framework.steps.RetailHomePageSteps.userChangeTheCategoryTo(java.lang.String)

    Embedding Screenshot [image/png 873992 bytes]

 INFO [main] (RetailHomePageSteps.java:85)- User entered Apex Legends into search box
  And User search for an item 'Apex Legends'                                              # tek.sdet.framework.steps.RetailHomePageSteps.userSearchForAnItem(java.lang.String)

    Embedding Screenshot [image/png 1053903 bytes]

 INFO [main] (RetailHomePageSteps.java:91)- User clicked on search button
  And User click on Search icon                                                           # tek.sdet.framework.steps.RetailHomePageSteps.userClickOnSearchIcon()

    Embedding Screenshot [image/png 86931 bytes]

 INFO [main] (RetailHomePageSteps.java:98)- User clicked on the item
  And User click on item                                                                  # tek.sdet.framework.steps.RetailHomePageSteps.userClickOnItem()

    Embedding Screenshot [image/png 18634 bytes]

 INFO [main] (RetailHomePageSteps.java:104)- User changed quatity to 5
  And User select quantity '5'                                                            # tek.sdet.framework.steps.RetailHomePageSteps.userSelectQuantity(java.lang.String)

    Embedding Screenshot [image/png 791792 bytes]

 INFO [main] (RetailHomePageSteps.java:110)- User added items to cart
  And User click add to Cart button                                                       # tek.sdet.framework.steps.RetailHomePageSteps.userClickAddToCartButton()

    Embedding Screenshot [image/png 791640 bytes]

 INFO [main] (RetailHomePageSteps.java:116)- actual quantity in cart: 5
  Then the cart icon quantity should change to '5'                                        # tek.sdet.framework.steps.RetailHomePageSteps.theCartIconQuantityShouldChangeTo(java.lang.String)

    Embedding Screenshot [image/png 794679 bytes]

 INFO [main] (RetailHomePageSteps.java:122)- User clicked on cart button
  And User click on Cart option                                                           # tek.sdet.framework.steps.RetailHomePageSteps.userClickOnCartOption()

    Embedding Screenshot [image/png 274061 bytes]

 INFO [main] (RetailHomePageSteps.java:128)- User clicked on Proceed to Checkout button
  And User click on Proceed to Checkout button                                            # tek.sdet.framework.steps.RetailHomePageSteps.userClickOnProceedToCheckoutButton()

    Embedding Screenshot [image/png 91890 bytes]

 INFO [main] (RetailHomePageSteps.java:162)- User clicked on Place Your Order
  And User click on Place Your Order                                                      # tek.sdet.framework.steps.RetailHomePageSteps.userClickOnPlaceYourOrder()

    Embedding Screenshot [image/png 91890 bytes]

 INFO [main] (RetailHomePageSteps.java:170)- Order Placed Successfully is displayed
  Then Order placed message should be displayed "Order Placed, Thanks"                    # tek.sdet.framework.steps.RetailHomePageSteps.aMessageShouldBeDisplayedOrderPlacedThanks(java.lang.String)

    Embedding Screenshot [image/png 29449 bytes]

]]></system-out>
    <system-err><![CDATA[Starting ChromeDriver 111.0.5563.64 (c710e93d5b63b7095afe8c2c17df34408078439d-refs/branch-heads/5563@{#995}) on port 63079
Only local connections are allowed.
Please see https://chromedriver.chromium.org/security-considerations for suggestions on keeping ChromeDriver safe.
ChromeDriver was started successfully.
Mar 09, 2023 5:24:46 PM org.openqa.selenium.remote.ProtocolHandshake createSession
INFO: Detected upstream dialect: W3C
Mar 09, 2023 5:24:46 PM org.openqa.selenium.devtools.CdpVersionFinder findNearestMatch
WARNING: Unable to find an exact match for CDP version 111, so returning the closest version found: a no-op implementation
Mar 09, 2023 5:24:46 PM org.openqa.selenium.devtools.CdpVersionFinder findNearestMatch
INFO: Unable to find CDP implementation matching 111.
Mar 09, 2023 5:24:46 PM org.openqa.selenium.chromium.ChromiumDriver lambda$new$3
WARNING: Unable to find version of CDP to use for . You may need to include a dependency on a specific version of the CDP using something similar to `org.seleniumhq.selenium:selenium-devtools-v86:4.4.0` where the version ("v86") matches the version of the chromium-based browser you're using and the version number of the artifact is the same as Selenium's.
]]></system-err>
  </testcase>
  <testcase name="Verify User can cancel the order" classname="Retail Order Page" time="16.969">
    <system-out><![CDATA[
@regression
Scenario: Verify User can cancel the order                                              # features/RetailOrderPage.feature:15
{browser=chrome, headless=false, url=https://tek-retail-ui.azurewebsites.net/}
 INFO [main] (SignInSteps.java:26)- Actual Title: React App Expected Title: React App
 INFO [main] (SignInSteps.java:28)- TEKSCHOOL logo is displayed on upper left of website
 INFO [main] (SignInSteps.java:30)- Sign In option is displayed on upper right of website 
  Given User is on retail website                                                       # tek.sdet.framework.steps.SignInSteps.userIsOnRetailWebsite()

    Embedding Screenshot [image/png 746767 bytes]

 INFO [main] (SignInSteps.java:36)- User clicked on Sign in option
  When User clicks on Sign in option                                                    # tek.sdet.framework.steps.SignInSteps.userClicksSignInLink()

    Embedding Screenshot [image/png 19905 bytes]

  And User enters following login credentials                                           # tek.sdet.framework.steps.SignInSteps.userEntersFollowingLoginCredentials(io.cucumber.datatable.DataTable)
    | Email                      | Password   |
    | SpongeBobss46@tekschool.us | Test12345$ |

    Embedding Screenshot [image/png 22976 bytes]

 INFO [main] (SignInSteps.java:55)- Login button is displayed
 INFO [main] (SignInSteps.java:57)- User clicked login button
  And User clicks on login button                                                       # tek.sdet.framework.steps.SignInSteps.userClicksOnLoginButton()

    Embedding Screenshot [image/png 22165 bytes]

 INFO [main] (SignInSteps.java:64)- Log out button is present
 INFO [main] (SignInSteps.java:65)- Orders link is displayed at the top of page
  Then User should be logged into their account                                         # tek.sdet.framework.steps.SignInSteps.userShouldBeLoggedInToTheirAccount()

    Embedding Screenshot [image/png 748849 bytes]

 INFO [main] (RetailOrderPageSteps.java:17)- User clicked on "Orders" link
  And User click on Orders section                                                      # tek.sdet.framework.steps.RetailOrderPageSteps.userClickOnOrdersSection()

    Embedding Screenshot [image/png 23841 bytes]

 INFO [main] (RetailOrderPageSteps.java:28)- User is on first order in list
  And User click on first order in list                                                 # tek.sdet.framework.steps.RetailOrderPageSteps.userClickOnFirstOrderInList()

    Embedding Screenshot [image/png 132805 bytes]

 INFO [main] (RetailOrderPageSteps.java:34)- User clicked on "Cancel The Order" button
  And User click on Cancel The Order button                                             # tek.sdet.framework.steps.RetailOrderPageSteps.UesrClickOnCancelTheOrderButton()

    Embedding Screenshot [image/png 42002 bytes]

 INFO [main] (RetailOrderPageSteps.java:40)- User selected Bought wrong item as cancelation reason
  And User select the cancelation Reason "Bought wrong item"                            # tek.sdet.framework.steps.RetailOrderPageSteps.UserSelectTheCancelationReason(java.lang.String)

    Embedding Screenshot [image/png 41632 bytes]

 INFO [main] (RetailOrderPageSteps.java:46)- User clicked on "Cancel Order" button
  And User click on Cancel Order button                                                 # tek.sdet.framework.steps.RetailOrderPageSteps.UserClickOnCancelOrderButoon()

    Embedding Screenshot [image/png 41439 bytes]

 INFO [main] (RetailOrderPageSteps.java:54)- The confirmation text :Your Order Has Been Cancelled is displayed
  Then A message should be displayed for canceled order "Your Order Has Been Cancelled" # tek.sdet.framework.steps.RetailOrderPageSteps.aMessageShouldBeDisplayedForCanceledOrder(java.lang.String)

    Embedding Screenshot [image/png 30228 bytes]

]]></system-out>
    <system-err><![CDATA[Starting ChromeDriver 111.0.5563.64 (c710e93d5b63b7095afe8c2c17df34408078439d-refs/branch-heads/5563@{#995}) on port 62316
Only local connections are allowed.
Please see https://chromedriver.chromium.org/security-considerations for suggestions on keeping ChromeDriver safe.
ChromeDriver was started successfully.
Mar 09, 2023 5:24:55 PM org.openqa.selenium.remote.ProtocolHandshake createSession
INFO: Detected upstream dialect: W3C
Mar 09, 2023 5:24:55 PM org.openqa.selenium.devtools.CdpVersionFinder findNearestMatch
WARNING: Unable to find an exact match for CDP version 111, so returning the closest version found: a no-op implementation
Mar 09, 2023 5:24:55 PM org.openqa.selenium.devtools.CdpVersionFinder findNearestMatch
INFO: Unable to find CDP implementation matching 111.
Mar 09, 2023 5:24:55 PM org.openqa.selenium.chromium.ChromiumDriver lambda$new$3
WARNING: Unable to find version of CDP to use for . You may need to include a dependency on a specific version of the CDP using something similar to `org.seleniumhq.selenium:selenium-devtools-v86:4.4.0` where the version ("v86") matches the version of the chromium-based browser you're using and the version number of the artifact is the same as Selenium's.
]]></system-err>
  </testcase>
  <testcase name="Verify User can Return the order" classname="Retail Order Page" time="17.274">
    <system-out><![CDATA[
@regression
Scenario: Verify User can Return the order                                   # features/RetailOrderPage.feature:23
{browser=chrome, headless=false, url=https://tek-retail-ui.azurewebsites.net/}
 INFO [main] (SignInSteps.java:26)- Actual Title: React App Expected Title: React App
 INFO [main] (SignInSteps.java:28)- TEKSCHOOL logo is displayed on upper left of website
 INFO [main] (SignInSteps.java:30)- Sign In option is displayed on upper right of website 
  Given User is on retail website                                            # tek.sdet.framework.steps.SignInSteps.userIsOnRetailWebsite()

    Embedding Screenshot [image/png 775914 bytes]

 INFO [main] (SignInSteps.java:36)- User clicked on Sign in option
  When User clicks on Sign in option                                         # tek.sdet.framework.steps.SignInSteps.userClicksSignInLink()

    Embedding Screenshot [image/png 19905 bytes]

  And User enters following login credentials                                # tek.sdet.framework.steps.SignInSteps.userEntersFollowingLoginCredentials(io.cucumber.datatable.DataTable)
    | Email                      | Password   |
    | SpongeBobss46@tekschool.us | Test12345$ |

    Embedding Screenshot [image/png 22976 bytes]

 INFO [main] (SignInSteps.java:55)- Login button is displayed
 INFO [main] (SignInSteps.java:57)- User clicked login button
  And User clicks on login button                                            # tek.sdet.framework.steps.SignInSteps.userClicksOnLoginButton()

    Embedding Screenshot [image/png 22165 bytes]

 INFO [main] (SignInSteps.java:64)- Log out button is present
 INFO [main] (SignInSteps.java:65)- Orders link is displayed at the top of page
  Then User should be logged into their account                              # tek.sdet.framework.steps.SignInSteps.userShouldBeLoggedInToTheirAccount()

    Embedding Screenshot [image/png 778573 bytes]

 INFO [main] (RetailOrderPageSteps.java:17)- User clicked on "Orders" link
  And User click on Orders section                                           # tek.sdet.framework.steps.RetailOrderPageSteps.userClickOnOrdersSection()

    Embedding Screenshot [image/png 23841 bytes]

 INFO [main] (RetailOrderPageSteps.java:28)- User is on first order in list
  And User click on first order in list                                      # tek.sdet.framework.steps.RetailOrderPageSteps.userClickOnFirstOrderInList()

    Embedding Screenshot [image/png 134258 bytes]

 INFO [main] (RetailOrderPageSteps.java:61)- User clicked on "Return Item" button
  And User click on Return Items button                                      # tek.sdet.framework.steps.RetailOrderPageSteps.userClickOnReturnItemsButton()

    Embedding Screenshot [image/png 53184 bytes]

 INFO [main] (RetailOrderPageSteps.java:67)- User selected Item damaged for return reason.
  And User select the Return Reason "Item damaged"                           # tek.sdet.framework.steps.RetailOrderPageSteps.userSelectTheReturnReason(java.lang.String)

    Embedding Screenshot [image/png 52900 bytes]

 INFO [main] (RetailOrderPageSteps.java:73)- User selected FedEx as their drop off location
  And User select the drop off service "FedEx"                               # tek.sdet.framework.steps.RetailOrderPageSteps.userSelectTheDropOffService(java.lang.String)

    Embedding Screenshot [image/png 51772 bytes]

 INFO [main] (RetailOrderPageSteps.java:79)- User clicked "Return Order" button
  And User click on Return Order button                                      # tek.sdet.framework.steps.RetailOrderPageSteps.userClickOnReturnOrderButton()

    Embedding Screenshot [image/png 51526 bytes]

 INFO [main] (RetailOrderPageSteps.java:87)- Confirmation for return is displayed
  Then Message for return order should be displayed "Return was successfull" # tek.sdet.framework.steps.RetailOrderPageSteps.messageForReturnOrderShouldBeDisplayed(java.lang.String)

    Embedding Screenshot [image/png 25325 bytes]

]]></system-out>
    <system-err><![CDATA[Starting ChromeDriver 111.0.5563.64 (c710e93d5b63b7095afe8c2c17df34408078439d-refs/branch-heads/5563@{#995}) on port 55481
Only local connections are allowed.
Please see https://chromedriver.chromium.org/security-considerations for suggestions on keeping ChromeDriver safe.
ChromeDriver was started successfully.
Mar 09, 2023 5:25:12 PM org.openqa.selenium.remote.ProtocolHandshake createSession
INFO: Detected upstream dialect: W3C
Mar 09, 2023 5:25:12 PM org.openqa.selenium.devtools.CdpVersionFinder findNearestMatch
WARNING: Unable to find an exact match for CDP version 111, so returning the closest version found: a no-op implementation
Mar 09, 2023 5:25:12 PM org.openqa.selenium.devtools.CdpVersionFinder findNearestMatch
INFO: Unable to find CDP implementation matching 111.
Mar 09, 2023 5:25:12 PM org.openqa.selenium.chromium.ChromiumDriver lambda$new$3
WARNING: Unable to find version of CDP to use for . You may need to include a dependency on a specific version of the CDP using something similar to `org.seleniumhq.selenium:selenium-devtools-v86:4.4.0` where the version ("v86") matches the version of the chromium-based browser you're using and the version number of the artifact is the same as Selenium's.
]]></system-err>
  </testcase>
  <testcase name="Verify User can write a review on order placed" classname="Retail Order Page" time="7.116">
    <system-out><![CDATA[
@regression
Scenario: Verify User can write a review on order placed                                                           # features/RetailOrderPage.feature:32
{browser=chrome, headless=false, url=https://tek-retail-ui.azurewebsites.net/}
 INFO [main] (SignInSteps.java:26)- Actual Title: React App Expected Title: React App
 INFO [main] (SignInSteps.java:28)- TEKSCHOOL logo is displayed on upper left of website
 INFO [main] (SignInSteps.java:30)- Sign In option is displayed on upper right of website 
  Given User is on retail website                                                                                  # tek.sdet.framework.steps.SignInSteps.userIsOnRetailWebsite()

    Embedding Screenshot [image/png 746767 bytes]

 INFO [main] (SignInSteps.java:36)- User clicked on Sign in option
  When User clicks on Sign in option                                                                               # tek.sdet.framework.steps.SignInSteps.userClicksSignInLink()

    Embedding Screenshot [image/png 19905 bytes]

  And User enters following login credentials                                                                      # tek.sdet.framework.steps.SignInSteps.userEntersFollowingLoginCredentials(io.cucumber.datatable.DataTable)
    | Email                      | Password   |
    | SpongeBobss46@tekschool.us | Test12345$ |

    Embedding Screenshot [image/png 22976 bytes]

 INFO [main] (SignInSteps.java:55)- Login button is displayed
 INFO [main] (SignInSteps.java:57)- User clicked login button
  And User clicks on login button                                                                                  # tek.sdet.framework.steps.SignInSteps.userClicksOnLoginButton()

    Embedding Screenshot [image/png 22165 bytes]

 INFO [main] (SignInSteps.java:64)- Log out button is present
 INFO [main] (SignInSteps.java:65)- Orders link is displayed at the top of page
  Then User should be logged into their account                                                                    # tek.sdet.framework.steps.SignInSteps.userShouldBeLoggedInToTheirAccount()

    Embedding Screenshot [image/png 748849 bytes]

 INFO [main] (RetailOrderPageSteps.java:17)- User clicked on "Orders" link
  And User click on Orders section                                                                                 # tek.sdet.framework.steps.RetailOrderPageSteps.userClickOnOrdersSection()

    Embedding Screenshot [image/png 23841 bytes]

 INFO [main] (RetailOrderPageSteps.java:93)- User clicked on review button
  And User click on Review button                                                                                  # tek.sdet.framework.steps.RetailOrderPageSteps.userClickOnReviewButton()

    Embedding Screenshot [image/png 90978 bytes]

 INFO [main] (RetailOrderPageSteps.java:101)- User has written their review in the review form
  And User write Review headline "Great Game!" and review text "Apex coins are needed to purchase some cool skins" # tek.sdet.framework.steps.RetailOrderPageSteps.userWriteReviewHeadlineHeadlineValueAndReviewText(java.lang.String,java.lang.String)

    Embedding Screenshot [image/png 137621 bytes]

 INFO [main] (RetailOrderPageSteps.java:108)- User has clicked on "Add Your Review" button
  And User click Add your Review button                                                                            # tek.sdet.framework.steps.RetailOrderPageSteps.userClickAddYourReviewButton()

    Embedding Screenshot [image/png 139542 bytes]

 INFO [main] (RetailOrderPageSteps.java:116)- The message Your review was added successfully is displyed
  Then review message should be displayed "Your review was added successfully"                                     # tek.sdet.framework.steps.RetailOrderPageSteps.reviewMessageShouldBeDisplayed(java.lang.String)

    Embedding Screenshot [image/png 111048 bytes]

]]></system-out>
    <system-err><![CDATA[Starting ChromeDriver 111.0.5563.64 (c710e93d5b63b7095afe8c2c17df34408078439d-refs/branch-heads/5563@{#995}) on port 62517
Only local connections are allowed.
Please see https://chromedriver.chromium.org/security-considerations for suggestions on keeping ChromeDriver safe.
ChromeDriver was started successfully.
Mar 09, 2023 5:25:29 PM org.openqa.selenium.remote.ProtocolHandshake createSession
INFO: Detected upstream dialect: W3C
Mar 09, 2023 5:25:29 PM org.openqa.selenium.devtools.CdpVersionFinder findNearestMatch
WARNING: Unable to find an exact match for CDP version 111, so returning the closest version found: a no-op implementation
Mar 09, 2023 5:25:29 PM org.openqa.selenium.devtools.CdpVersionFinder findNearestMatch
INFO: Unable to find CDP implementation matching 111.
Mar 09, 2023 5:25:29 PM org.openqa.selenium.chromium.ChromiumDriver lambda$new$3
WARNING: Unable to find version of CDP to use for . You may need to include a dependency on a specific version of the CDP using something similar to `org.seleniumhq.selenium:selenium-devtools-v86:4.4.0` where the version ("v86") matches the version of the chromium-based browser you're using and the version number of the artifact is the same as Selenium's.
]]></system-err>
  </testcase>
  <testcase name="Verify user can sign into Retail Application" classname="Sign In Feature" time="5.011">
    <system-out><![CDATA[
@regression
Scenario Outline: Verify user can sign into Retail Application # features/SignIn.feature:17
{browser=chrome, headless=false, url=https://tek-retail-ui.azurewebsites.net/}
 INFO [main] (SignInSteps.java:26)- Actual Title: React App Expected Title: React App
 INFO [main] (SignInSteps.java:28)- TEKSCHOOL logo is displayed on upper left of website
 INFO [main] (SignInSteps.java:30)- Sign In option is displayed on upper right of website 
  Given User is on retail website                              # tek.sdet.framework.steps.SignInSteps.userIsOnRetailWebsite()

    Embedding Screenshot [image/png 746767 bytes]

 INFO [main] (SignInSteps.java:36)- User clicked on Sign in option
  When User clicks on Sign in option                           # tek.sdet.framework.steps.SignInSteps.userClicksSignInLink()

    Embedding Screenshot [image/png 19905 bytes]

 INFO [main] (SignInSteps.java:44)- Login form is displayed
 INFO [main] (SignInSteps.java:46)- Email field has been filled
 INFO [main] (SignInSteps.java:48)- Password field has been filled
  And User enters "billybob123@tekschool.us" and "Pizza123$"   # tek.sdet.framework.steps.SignInSteps.userEntersAnd(java.lang.String,java.lang.String)

    Embedding Screenshot [image/png 22691 bytes]

 INFO [main] (SignInSteps.java:55)- Login button is displayed
 INFO [main] (SignInSteps.java:57)- User clicked login button
  And User clicks on login button                              # tek.sdet.framework.steps.SignInSteps.userClicksOnLoginButton()

    Embedding Screenshot [image/png 21878 bytes]

 INFO [main] (SignInSteps.java:64)- Log out button is present
 INFO [main] (SignInSteps.java:65)- Orders link is displayed at the top of page
  Then User should be logged into their account                # tek.sdet.framework.steps.SignInSteps.userShouldBeLoggedInToTheirAccount()

    Embedding Screenshot [image/png 748849 bytes]

]]></system-out>
    <system-err><![CDATA[Starting ChromeDriver 111.0.5563.64 (c710e93d5b63b7095afe8c2c17df34408078439d-refs/branch-heads/5563@{#995}) on port 59437
Only local connections are allowed.
Please see https://chromedriver.chromium.org/security-considerations for suggestions on keeping ChromeDriver safe.
ChromeDriver was started successfully.
Mar 09, 2023 5:25:36 PM org.openqa.selenium.remote.ProtocolHandshake createSession
INFO: Detected upstream dialect: W3C
Mar 09, 2023 5:25:36 PM org.openqa.selenium.devtools.CdpVersionFinder findNearestMatch
WARNING: Unable to find an exact match for CDP version 111, so returning the closest version found: a no-op implementation
Mar 09, 2023 5:25:36 PM org.openqa.selenium.devtools.CdpVersionFinder findNearestMatch
INFO: Unable to find CDP implementation matching 111.
Mar 09, 2023 5:25:36 PM org.openqa.selenium.chromium.ChromiumDriver lambda$new$3
WARNING: Unable to find version of CDP to use for . You may need to include a dependency on a specific version of the CDP using something similar to `org.seleniumhq.selenium:selenium-devtools-v86:4.4.0` where the version ("v86") matches the version of the chromium-based browser you're using and the version number of the artifact is the same as Selenium's.
]]></system-err>
  </testcase>
  <testcase name="Verify that user can update password #1" classname="User can update password" time="6.272">
    <system-out><![CDATA[
@regression
Scenario Outline: Verify that user can update password               # features/UpdatePassword.feature:27
{browser=chrome, headless=false, url=https://tek-retail-ui.azurewebsites.net/}
 INFO [main] (SignInSteps.java:26)- Actual Title: React App Expected Title: React App
 INFO [main] (SignInSteps.java:28)- TEKSCHOOL logo is displayed on upper left of website
 INFO [main] (SignInSteps.java:30)- Sign In option is displayed on upper right of website 
  Given User is on retail website                                    # tek.sdet.framework.steps.SignInSteps.userIsOnRetailWebsite()

    Embedding Screenshot [image/png 746767 bytes]

 INFO [main] (SignInSteps.java:36)- User clicked on Sign in option
  When User clicks on Sign in option                                 # tek.sdet.framework.steps.SignInSteps.userClicksSignInLink()

    Embedding Screenshot [image/png 19905 bytes]

  And User enters following login credentials                        # tek.sdet.framework.steps.SignInSteps.userEntersFollowingLoginCredentials(io.cucumber.datatable.DataTable)
    | Email                      | Password   |
    | Patrickss6546@tekschool.us | Test12345$ |

    Embedding Screenshot [image/png 22740 bytes]

 INFO [main] (SignInSteps.java:55)- Login button is displayed
 INFO [main] (SignInSteps.java:57)- User clicked login button
  And User clicks on login button                                    # tek.sdet.framework.steps.SignInSteps.userClicksOnLoginButton()

    Embedding Screenshot [image/png 21927 bytes]

 INFO [main] (SignInSteps.java:64)- Log out button is present
 INFO [main] (SignInSteps.java:65)- Orders link is displayed at the top of page
  Then User should be logged into their account                      # tek.sdet.framework.steps.SignInSteps.userShouldBeLoggedInToTheirAccount()

    Embedding Screenshot [image/png 1062876 bytes]

 INFO [main] (UpdateProfileSteps.java:18)- Account link is present
 INFO [main] (UpdateProfileSteps.java:19)- User clicked on Account link
  When User click on Account option                                  # tek.sdet.framework.steps.UpdateProfileSteps.user_click_on_account_option()

    Embedding Screenshot [image/png 61309 bytes]

 INFO [main] (ChangePasswordSteps.java:18)- Previous password text is present
 INFO [main] (ChangePasswordSteps.java:22)- previous password is entered
 INFO [main] (ChangePasswordSteps.java:23)- New password is entered
 INFO [main] (ChangePasswordSteps.java:24)- Confirm password is entered
  And User enters 'Test12345$' 'Pizza123$' 'Pizza123$'               # tek.sdet.framework.steps.ChangePasswordSteps.userEnters(java.lang.String,java.lang.String,java.lang.String)

    Embedding Screenshot [image/png 122855 bytes]

 INFO [main] (ChangePasswordSteps.java:33)- User has entered new password and clicked change password button
  When User click on Change Password button                          # tek.sdet.framework.steps.ChangePasswordSteps.user_click_on_change_password_button()

    Embedding Screenshot [image/png 117891 bytes]

 INFO [main] (ChangePasswordSteps.java:41)- Password updated successfully
  Then A message should be displayed 'Password Updated Successfully' # tek.sdet.framework.steps.ChangePasswordSteps.a_message_should_be_displayed(java.lang.String)

    Embedding Screenshot [image/png 120420 bytes]

]]></system-out>
    <system-err><![CDATA[Starting ChromeDriver 111.0.5563.64 (c710e93d5b63b7095afe8c2c17df34408078439d-refs/branch-heads/5563@{#995}) on port 54608
Only local connections are allowed.
Please see https://chromedriver.chromium.org/security-considerations for suggestions on keeping ChromeDriver safe.
ChromeDriver was started successfully.
Mar 09, 2023 5:25:42 PM org.openqa.selenium.remote.ProtocolHandshake createSession
INFO: Detected upstream dialect: W3C
Mar 09, 2023 5:25:42 PM org.openqa.selenium.devtools.CdpVersionFinder findNearestMatch
WARNING: Unable to find an exact match for CDP version 111, so returning the closest version found: a no-op implementation
Mar 09, 2023 5:25:42 PM org.openqa.selenium.devtools.CdpVersionFinder findNearestMatch
INFO: Unable to find CDP implementation matching 111.
Mar 09, 2023 5:25:42 PM org.openqa.selenium.chromium.ChromiumDriver lambda$new$3
WARNING: Unable to find version of CDP to use for . You may need to include a dependency on a specific version of the CDP using something similar to `org.seleniumhq.selenium:selenium-devtools-v86:4.4.0` where the version ("v86") matches the version of the chromium-based browser you're using and the version number of the artifact is the same as Selenium's.
]]></system-err>
  </testcase>
  <testcase name="Verify that user can update password #2" classname="User can update password" time="6.38">
    <system-out><![CDATA[
@regression
Scenario Outline: Verify that user can update password               # features/UpdatePassword.feature:28
{browser=chrome, headless=false, url=https://tek-retail-ui.azurewebsites.net/}
 INFO [main] (SignInSteps.java:26)- Actual Title: React App Expected Title: React App
 INFO [main] (SignInSteps.java:28)- TEKSCHOOL logo is displayed on upper left of website
 INFO [main] (SignInSteps.java:30)- Sign In option is displayed on upper right of website 
  Given User is on retail website                                    # tek.sdet.framework.steps.SignInSteps.userIsOnRetailWebsite()

    Embedding Screenshot [image/png 746767 bytes]

 INFO [main] (SignInSteps.java:36)- User clicked on Sign in option
  When User clicks on Sign in option                                 # tek.sdet.framework.steps.SignInSteps.userClicksSignInLink()

    Embedding Screenshot [image/png 19905 bytes]

  And User enters following login credentials                        # tek.sdet.framework.steps.SignInSteps.userEntersFollowingLoginCredentials(io.cucumber.datatable.DataTable)
    | Email                      | Password  |
    | Patrickss6546@tekschool.us | Pizza123$ |

    Embedding Screenshot [image/png 22741 bytes]

 INFO [main] (SignInSteps.java:55)- Login button is displayed
 INFO [main] (SignInSteps.java:57)- User clicked login button
  And User clicks on login button                                    # tek.sdet.framework.steps.SignInSteps.userClicksOnLoginButton()

    Embedding Screenshot [image/png 21927 bytes]

 INFO [main] (SignInSteps.java:64)- Log out button is present
 INFO [main] (SignInSteps.java:65)- Orders link is displayed at the top of page
  Then User should be logged into their account                      # tek.sdet.framework.steps.SignInSteps.userShouldBeLoggedInToTheirAccount()

    Embedding Screenshot [image/png 1062876 bytes]

 INFO [main] (UpdateProfileSteps.java:18)- Account link is present
 INFO [main] (UpdateProfileSteps.java:19)- User clicked on Account link
  When User click on Account option                                  # tek.sdet.framework.steps.UpdateProfileSteps.user_click_on_account_option()

    Embedding Screenshot [image/png 75522 bytes]

 INFO [main] (ChangePasswordSteps.java:18)- Previous password text is present
 INFO [main] (ChangePasswordSteps.java:22)- previous password is entered
 INFO [main] (ChangePasswordSteps.java:23)- New password is entered
 INFO [main] (ChangePasswordSteps.java:24)- Confirm password is entered
  And User enters 'Pizza123$' 'Test12345$' 'Test12345$'              # tek.sdet.framework.steps.ChangePasswordSteps.userEnters(java.lang.String,java.lang.String,java.lang.String)

    Embedding Screenshot [image/png 122855 bytes]

 INFO [main] (ChangePasswordSteps.java:33)- User has entered new password and clicked change password button
  When User click on Change Password button                          # tek.sdet.framework.steps.ChangePasswordSteps.user_click_on_change_password_button()

    Embedding Screenshot [image/png 117893 bytes]

 INFO [main] (ChangePasswordSteps.java:41)- Password updated successfully
  Then A message should be displayed 'Password Updated Successfully' # tek.sdet.framework.steps.ChangePasswordSteps.a_message_should_be_displayed(java.lang.String)

    Embedding Screenshot [image/png 120558 bytes]

]]></system-out>
    <system-err><![CDATA[Starting ChromeDriver 111.0.5563.64 (c710e93d5b63b7095afe8c2c17df34408078439d-refs/branch-heads/5563@{#995}) on port 54636
Only local connections are allowed.
Please see https://chromedriver.chromium.org/security-considerations for suggestions on keeping ChromeDriver safe.
ChromeDriver was started successfully.
Mar 09, 2023 5:25:48 PM org.openqa.selenium.remote.ProtocolHandshake createSession
INFO: Detected upstream dialect: W3C
Mar 09, 2023 5:25:48 PM org.openqa.selenium.devtools.CdpVersionFinder findNearestMatch
WARNING: Unable to find an exact match for CDP version 111, so returning the closest version found: a no-op implementation
Mar 09, 2023 5:25:48 PM org.openqa.selenium.devtools.CdpVersionFinder findNearestMatch
INFO: Unable to find CDP implementation matching 111.
Mar 09, 2023 5:25:48 PM org.openqa.selenium.chromium.ChromiumDriver lambda$new$3
WARNING: Unable to find version of CDP to use for . You may need to include a dependency on a specific version of the CDP using something similar to `org.seleniumhq.selenium:selenium-devtools-v86:4.4.0` where the version ("v86") matches the version of the chromium-based browser you're using and the version number of the artifact is the same as Selenium's.
]]></system-err>
  </testcase>
  <testcase name="Verify use can update profile information #1" classname="User wants to update profile" time="6.619">
    <system-out><![CDATA[
@regression
Scenario Outline: Verify use can update profile information # features/UpdateProfileInformation.feature:24
{browser=chrome, headless=false, url=https://tek-retail-ui.azurewebsites.net/}
 INFO [main] (SignInSteps.java:26)- Actual Title: React App Expected Title: React App
 INFO [main] (SignInSteps.java:28)- TEKSCHOOL logo is displayed on upper left of website
 INFO [main] (SignInSteps.java:30)- Sign In option is displayed on upper right of website 
  Given User is on retail website                           # tek.sdet.framework.steps.SignInSteps.userIsOnRetailWebsite()

    Embedding Screenshot [image/png 775914 bytes]

 INFO [main] (SignInSteps.java:36)- User clicked on Sign in option
  When User clicks on Sign in option                        # tek.sdet.framework.steps.SignInSteps.userClicksSignInLink()

    Embedding Screenshot [image/png 19905 bytes]

  And User enters following login credentials               # tek.sdet.framework.steps.SignInSteps.userEntersFollowingLoginCredentials(io.cucumber.datatable.DataTable)
    | Email                    | Password  |
    | billybob123@tekschool.us | Pizza123$ |

    Embedding Screenshot [image/png 22691 bytes]

 INFO [main] (SignInSteps.java:55)- Login button is displayed
 INFO [main] (SignInSteps.java:57)- User clicked login button
  And User clicks on login button                           # tek.sdet.framework.steps.SignInSteps.userClicksOnLoginButton()

    Embedding Screenshot [image/png 21878 bytes]

 INFO [main] (SignInSteps.java:64)- Log out button is present
 INFO [main] (SignInSteps.java:65)- Orders link is displayed at the top of page
  Then User should be logged into their account             # tek.sdet.framework.steps.SignInSteps.userShouldBeLoggedInToTheirAccount()

    Embedding Screenshot [image/png 778573 bytes]

 INFO [main] (UpdateProfileSteps.java:18)- Account link is present
 INFO [main] (UpdateProfileSteps.java:19)- User clicked on Account link
  When User click on Account option                         # tek.sdet.framework.steps.UpdateProfileSteps.user_click_on_account_option()

    Embedding Screenshot [image/png 65145 bytes]

 INFO [main] (UpdateProfileSteps.java:25)- Your profile header is displayed
 INFO [main] (UpdateProfileSteps.java:30)- New name has been entered
 INFO [main] (UpdateProfileSteps.java:31)- New phone number has been entered
  And User update Name "Ricky" and Phone "2536380495"       # tek.sdet.framework.steps.UpdateProfileSteps.user_update_name_and_phone(java.lang.String,java.lang.String)

    Embedding Screenshot [image/png 110512 bytes]

 INFO [main] (UpdateProfileSteps.java:38)- Update button is displayed
  And user click on update button                           # tek.sdet.framework.steps.UpdateProfileSteps.user_click_on_update_button()

    Embedding Screenshot [image/png 103101 bytes]

 INFO [main] (UpdateProfileSteps.java:46)- Update success message displayed
  Then user profile information should be updated           # tek.sdet.framework.steps.UpdateProfileSteps.user_profile_information_should_be_updated()

    Embedding Screenshot [image/png 144047 bytes]

]]></system-out>
    <system-err><![CDATA[Starting ChromeDriver 111.0.5563.64 (c710e93d5b63b7095afe8c2c17df34408078439d-refs/branch-heads/5563@{#995}) on port 52452
Only local connections are allowed.
Please see https://chromedriver.chromium.org/security-considerations for suggestions on keeping ChromeDriver safe.
ChromeDriver was started successfully.
Mar 09, 2023 5:25:54 PM org.openqa.selenium.remote.ProtocolHandshake createSession
INFO: Detected upstream dialect: W3C
Mar 09, 2023 5:25:54 PM org.openqa.selenium.devtools.CdpVersionFinder findNearestMatch
WARNING: Unable to find an exact match for CDP version 111, so returning the closest version found: a no-op implementation
Mar 09, 2023 5:25:54 PM org.openqa.selenium.devtools.CdpVersionFinder findNearestMatch
INFO: Unable to find CDP implementation matching 111.
Mar 09, 2023 5:25:54 PM org.openqa.selenium.chromium.ChromiumDriver lambda$new$3
WARNING: Unable to find version of CDP to use for . You may need to include a dependency on a specific version of the CDP using something similar to `org.seleniumhq.selenium:selenium-devtools-v86:4.4.0` where the version ("v86") matches the version of the chromium-based browser you're using and the version number of the artifact is the same as Selenium's.
]]></system-err>
  </testcase>
  <testcase name="Verify use can update profile information #2" classname="User wants to update profile" time="6.987">
    <system-out><![CDATA[
@regression
Scenario Outline: Verify use can update profile information # features/UpdateProfileInformation.feature:25
{browser=chrome, headless=false, url=https://tek-retail-ui.azurewebsites.net/}
 INFO [main] (SignInSteps.java:26)- Actual Title: React App Expected Title: React App
 INFO [main] (SignInSteps.java:28)- TEKSCHOOL logo is displayed on upper left of website
 INFO [main] (SignInSteps.java:30)- Sign In option is displayed on upper right of website 
  Given User is on retail website                           # tek.sdet.framework.steps.SignInSteps.userIsOnRetailWebsite()

    Embedding Screenshot [image/png 775914 bytes]

 INFO [main] (SignInSteps.java:36)- User clicked on Sign in option
  When User clicks on Sign in option                        # tek.sdet.framework.steps.SignInSteps.userClicksSignInLink()

    Embedding Screenshot [image/png 19905 bytes]

  And User enters following login credentials               # tek.sdet.framework.steps.SignInSteps.userEntersFollowingLoginCredentials(io.cucumber.datatable.DataTable)
    | Email                    | Password  |
    | billybob123@tekschool.us | Pizza123$ |

    Embedding Screenshot [image/png 22691 bytes]

 INFO [main] (SignInSteps.java:55)- Login button is displayed
 INFO [main] (SignInSteps.java:57)- User clicked login button
  And User clicks on login button                           # tek.sdet.framework.steps.SignInSteps.userClicksOnLoginButton()

    Embedding Screenshot [image/png 21878 bytes]

 INFO [main] (SignInSteps.java:64)- Log out button is present
 INFO [main] (SignInSteps.java:65)- Orders link is displayed at the top of page
  Then User should be logged into their account             # tek.sdet.framework.steps.SignInSteps.userShouldBeLoggedInToTheirAccount()

    Embedding Screenshot [image/png 778573 bytes]

 INFO [main] (UpdateProfileSteps.java:18)- Account link is present
 INFO [main] (UpdateProfileSteps.java:19)- User clicked on Account link
  When User click on Account option                         # tek.sdet.framework.steps.UpdateProfileSteps.user_click_on_account_option()

    Embedding Screenshot [image/png 64823 bytes]

 INFO [main] (UpdateProfileSteps.java:25)- Your profile header is displayed
 INFO [main] (UpdateProfileSteps.java:30)- New name has been entered
 INFO [main] (UpdateProfileSteps.java:31)- New phone number has been entered
  And User update Name "Julian" and Phone "2536369333"      # tek.sdet.framework.steps.UpdateProfileSteps.user_update_name_and_phone(java.lang.String,java.lang.String)

    Embedding Screenshot [image/png 146982 bytes]

 INFO [main] (UpdateProfileSteps.java:38)- Update button is displayed
  And user click on update button                           # tek.sdet.framework.steps.UpdateProfileSteps.user_click_on_update_button()

    Embedding Screenshot [image/png 139718 bytes]

 INFO [main] (UpdateProfileSteps.java:46)- Update success message displayed
  Then user profile information should be updated           # tek.sdet.framework.steps.UpdateProfileSteps.user_profile_information_should_be_updated()

    Embedding Screenshot [image/png 143679 bytes]

]]></system-out>
    <system-err><![CDATA[Starting ChromeDriver 111.0.5563.64 (c710e93d5b63b7095afe8c2c17df34408078439d-refs/branch-heads/5563@{#995}) on port 61008
Only local connections are allowed.
Please see https://chromedriver.chromium.org/security-considerations for suggestions on keeping ChromeDriver safe.
ChromeDriver was started successfully.
Mar 09, 2023 5:26:01 PM org.openqa.selenium.remote.ProtocolHandshake createSession
INFO: Detected upstream dialect: W3C
Mar 09, 2023 5:26:01 PM org.openqa.selenium.devtools.CdpVersionFinder findNearestMatch
WARNING: Unable to find an exact match for CDP version 111, so returning the closest version found: a no-op implementation
Mar 09, 2023 5:26:01 PM org.openqa.selenium.devtools.CdpVersionFinder findNearestMatch
INFO: Unable to find CDP implementation matching 111.
Mar 09, 2023 5:26:01 PM org.openqa.selenium.chromium.ChromiumDriver lambda$new$3
WARNING: Unable to find version of CDP to use for . You may need to include a dependency on a specific version of the CDP using something similar to `org.seleniumhq.selenium:selenium-devtools-v86:4.4.0` where the version ("v86") matches the version of the chromium-based browser you're using and the version number of the artifact is the same as Selenium's.
]]></system-err>
  </testcase>
  <testcase name="Verify use can update profile information #3" classname="User wants to update profile" time="6.499">
    <system-out><![CDATA[
@regression
Scenario Outline: Verify use can update profile information # features/UpdateProfileInformation.feature:26
{browser=chrome, headless=false, url=https://tek-retail-ui.azurewebsites.net/}
 INFO [main] (SignInSteps.java:26)- Actual Title: React App Expected Title: React App
 INFO [main] (SignInSteps.java:28)- TEKSCHOOL logo is displayed on upper left of website
 INFO [main] (SignInSteps.java:30)- Sign In option is displayed on upper right of website 
  Given User is on retail website                           # tek.sdet.framework.steps.SignInSteps.userIsOnRetailWebsite()

    Embedding Screenshot [image/png 775914 bytes]

 INFO [main] (SignInSteps.java:36)- User clicked on Sign in option
  When User clicks on Sign in option                        # tek.sdet.framework.steps.SignInSteps.userClicksSignInLink()

    Embedding Screenshot [image/png 19905 bytes]

  And User enters following login credentials               # tek.sdet.framework.steps.SignInSteps.userEntersFollowingLoginCredentials(io.cucumber.datatable.DataTable)
    | Email                    | Password  |
    | billybob123@tekschool.us | Pizza123$ |

    Embedding Screenshot [image/png 22691 bytes]

 INFO [main] (SignInSteps.java:55)- Login button is displayed
 INFO [main] (SignInSteps.java:57)- User clicked login button
  And User clicks on login button                           # tek.sdet.framework.steps.SignInSteps.userClicksOnLoginButton()

    Embedding Screenshot [image/png 21878 bytes]

 INFO [main] (SignInSteps.java:64)- Log out button is present
 INFO [main] (SignInSteps.java:65)- Orders link is displayed at the top of page
  Then User should be logged into their account             # tek.sdet.framework.steps.SignInSteps.userShouldBeLoggedInToTheirAccount()

    Embedding Screenshot [image/png 778573 bytes]

 INFO [main] (UpdateProfileSteps.java:18)- Account link is present
 INFO [main] (UpdateProfileSteps.java:19)- User clicked on Account link
  When User click on Account option                         # tek.sdet.framework.steps.UpdateProfileSteps.user_click_on_account_option()

    Embedding Screenshot [image/png 64058 bytes]

 INFO [main] (UpdateProfileSteps.java:25)- Your profile header is displayed
 INFO [main] (UpdateProfileSteps.java:30)- New name has been entered
 INFO [main] (UpdateProfileSteps.java:31)- New phone number has been entered
  And User update Name "Bubbles" and Phone "5336749763"     # tek.sdet.framework.steps.UpdateProfileSteps.user_update_name_and_phone(java.lang.String,java.lang.String)

    Embedding Screenshot [image/png 109914 bytes]

 INFO [main] (UpdateProfileSteps.java:38)- Update button is displayed
  And user click on update button                           # tek.sdet.framework.steps.UpdateProfileSteps.user_click_on_update_button()

    Embedding Screenshot [image/png 139600 bytes]

 INFO [main] (UpdateProfileSteps.java:46)- Update success message displayed
  Then user profile information should be updated           # tek.sdet.framework.steps.UpdateProfileSteps.user_profile_information_should_be_updated()

    Embedding Screenshot [image/png 144811 bytes]

]]></system-out>
    <system-err><![CDATA[Starting ChromeDriver 111.0.5563.64 (c710e93d5b63b7095afe8c2c17df34408078439d-refs/branch-heads/5563@{#995}) on port 63293
Only local connections are allowed.
Please see https://chromedriver.chromium.org/security-considerations for suggestions on keeping ChromeDriver safe.
ChromeDriver was started successfully.
Mar 09, 2023 5:26:08 PM org.openqa.selenium.remote.ProtocolHandshake createSession
INFO: Detected upstream dialect: W3C
Mar 09, 2023 5:26:08 PM org.openqa.selenium.devtools.CdpVersionFinder findNearestMatch
WARNING: Unable to find an exact match for CDP version 111, so returning the closest version found: a no-op implementation
Mar 09, 2023 5:26:08 PM org.openqa.selenium.devtools.CdpVersionFinder findNearestMatch
INFO: Unable to find CDP implementation matching 111.
Mar 09, 2023 5:26:08 PM org.openqa.selenium.chromium.ChromiumDriver lambda$new$3
WARNING: Unable to find version of CDP to use for . You may need to include a dependency on a specific version of the CDP using something similar to `org.seleniumhq.selenium:selenium-devtools-v86:4.4.0` where the version ("v86") matches the version of the chromium-based browser you're using and the version number of the artifact is the same as Selenium's.
]]></system-err>
  </testcase>
</testsuite>