<?xml version="1.0" encoding="UTF-8"?>
<testsuite xmlns:xsi="http://www.w3.org/2001/XMLSchema-instance" xsi:noNamespaceSchemaLocation="https://maven.apache.org/surefire/maven-surefire-plugin/xsd/surefire-test-report-3.0.xsd" version="3.0" name="tek.sdet.framework.runner.TestRunner" time="150.859" tests="23" errors="0" skipped="0" failures="0">
  <properties>
    <property name="sun.desktop" value="windows"/>
    <property name="awt.toolkit" value="sun.awt.windows.WToolkit"/>
    <property name="java.specification.version" value="11"/>
    <property name="sun.cpu.isalist" value="amd64"/>
    <property name="sun.jnu.encoding" value="Cp1252"/>
    <property name="java.class.path" value="C:\Users\sahel\eclipse-workspace\tek-capstone-transformers\target\test-classes;C:\Users\sahel\eclipse-workspace\tek-capstone-transformers\target\classes;C:\Users\sahel\.m2\repository\io\cucumber\cucumber-java\7.8.0\cucumber-java-7.8.0.jar;C:\Users\sahel\.m2\repository\io\cucumber\cucumber-core\7.8.0\cucumber-core-7.8.0.jar;C:\Users\sahel\.m2\repository\io\cucumber\cucumber-gherkin\7.8.0\cucumber-gherkin-7.8.0.jar;C:\Users\sahel\.m2\repository\io\cucumber\cucumber-gherkin-messages\7.8.0\cucumber-gherkin-messages-7.8.0.jar;C:\Users\sahel\.m2\repository\io\cucumber\gherkin\24.0.0\gherkin-24.0.0.jar;C:\Users\sahel\.m2\repository\io\cucumber\messages\19.1.2\messages-19.1.2.jar;C:\Users\sahel\.m2\repository\io\cucumber\tag-expressions\4.1.0\tag-expressions-4.1.0.jar;C:\Users\sahel\.m2\repository\io\cucumber\cucumber-expressions\16.0.0\cucumber-expressions-16.0.0.jar;C:\Users\sahel\.m2\repository\io\cucumber\datatable\7.8.0\datatable-7.8.0.jar;C:\Users\sahel\.m2\repository\io\cucumber\cucumber-plugin\7.8.0\cucumber-plugin-7.8.0.jar;C:\Users\sahel\.m2\repository\io\cucumber\docstring\7.8.0\docstring-7.8.0.jar;C:\Users\sahel\.m2\repository\io\cucumber\html-formatter\20.1.0\html-formatter-20.1.0.jar;C:\Users\sahel\.m2\repository\io\cucumber\ci-environment\9.1.0\ci-environment-9.1.0.jar;C:\Users\sahel\.m2\repository\org\apiguardian\apiguardian-api\1.1.2\apiguardian-api-1.1.2.jar;C:\Users\sahel\.m2\repository\io\cucumber\cucumber-junit\7.11.1\cucumber-junit-7.11.1.jar;C:\Users\sahel\.m2\repository\junit\junit\4.13.2\junit-4.13.2.jar;C:\Users\sahel\.m2\repository\org\hamcrest\hamcrest-core\1.3\hamcrest-core-1.3.jar;C:\Users\sahel\.m2\repository\org\seleniumhq\selenium\selenium-java\4.4.0\selenium-java-4.4.0.jar;C:\Users\sahel\.m2\repository\org\seleniumhq\selenium\selenium-api\4.4.0\selenium-api-4.4.0.jar;C:\Users\sahel\.m2\repository\org\seleniumhq\selenium\selenium-chrome-driver\4.4.0\selenium-chrome-driver-4.4.0.jar;C:\Users\sahel\.m2\repository\com\google\auto\service\auto-service-annotations\1.0.1\auto-service-annotations-1.0.1.jar;C:\Users\sahel\.m2\repository\com\google\auto\service\auto-service\1.0.1\auto-service-1.0.1.jar;C:\Users\sahel\.m2\repository\com\google\auto\auto-common\1.2\auto-common-1.2.jar;C:\Users\sahel\.m2\repository\com\google\guava\guava\31.1-jre\guava-31.1-jre.jar;C:\Users\sahel\.m2\repository\com\google\guava\failureaccess\1.0.1\failureaccess-1.0.1.jar;C:\Users\sahel\.m2\repository\com\google\guava\listenablefuture\9999.0-empty-to-avoid-conflict-with-guava\listenablefuture-9999.0-empty-to-avoid-conflict-with-guava.jar;C:\Users\sahel\.m2\repository\com\google\code\findbugs\jsr305\3.0.2\jsr305-3.0.2.jar;C:\Users\sahel\.m2\repository\org\checkerframework\checker-qual\3.12.0\checker-qual-3.12.0.jar;C:\Users\sahel\.m2\repository\com\google\errorprone\error_prone_annotations\2.11.0\error_prone_annotations-2.11.0.jar;C:\Users\sahel\.m2\repository\com\google\j2objc\j2objc-annotations\1.3\j2objc-annotations-1.3.jar;C:\Users\sahel\.m2\repository\org\seleniumhq\selenium\selenium-chromium-driver\4.4.0\selenium-chromium-driver-4.4.0.jar;C:\Users\sahel\.m2\repository\org\seleniumhq\selenium\selenium-json\4.4.0\selenium-json-4.4.0.jar;C:\Users\sahel\.m2\repository\org\seleniumhq\selenium\selenium-devtools-v102\4.4.0\selenium-devtools-v102-4.4.0.jar;C:\Users\sahel\.m2\repository\org\seleniumhq\selenium\selenium-devtools-v103\4.4.0\selenium-devtools-v103-4.4.0.jar;C:\Users\sahel\.m2\repository\org\seleniumhq\selenium\selenium-devtools-v104\4.4.0\selenium-devtools-v104-4.4.0.jar;C:\Users\sahel\.m2\repository\org\seleniumhq\selenium\selenium-devtools-v85\4.4.0\selenium-devtools-v85-4.4.0.jar;C:\Users\sahel\.m2\repository\org\seleniumhq\selenium\selenium-edge-driver\4.4.0\selenium-edge-driver-4.4.0.jar;C:\Users\sahel\.m2\repository\org\seleniumhq\selenium\selenium-firefox-driver\4.4.0\selenium-firefox-driver-4.4.0.jar;C:\Users\sahel\.m2\repository\org\seleniumhq\selenium\selenium-ie-driver\4.4.0\selenium-ie-driver-4.4.0.jar;C:\Users\sahel\.m2\repository\org\seleniumhq\selenium\selenium-opera-driver\4.4.0\selenium-opera-driver-4.4.0.jar;C:\Users\sahel\.m2\repository\org\seleniumhq\selenium\selenium-remote-driver\4.4.0\selenium-remote-driver-4.4.0.jar;C:\Users\sahel\.m2\repository\com\beust\jcommander\1.82\jcommander-1.82.jar;C:\Users\sahel\.m2\repository\io\netty\netty-buffer\4.1.78.Final\netty-buffer-4.1.78.Final.jar;C:\Users\sahel\.m2\repository\io\netty\netty-codec-http\4.1.78.Final\netty-codec-http-4.1.78.Final.jar;C:\Users\sahel\.m2\repository\io\netty\netty-codec\4.1.78.Final\netty-codec-4.1.78.Final.jar;C:\Users\sahel\.m2\repository\io\netty\netty-handler\4.1.78.Final\netty-handler-4.1.78.Final.jar;C:\Users\sahel\.m2\repository\io\netty\netty-common\4.1.78.Final\netty-common-4.1.78.Final.jar;C:\Users\sahel\.m2\repository\io\netty\netty-transport-classes-epoll\4.1.78.Final\netty-transport-classes-epoll-4.1.78.Final.jar;C:\Users\sahel\.m2\repository\io\netty\netty-transport-classes-kqueue\4.1.78.Final\netty-transport-classes-kqueue-4.1.78.Final.jar;C:\Users\sahel\.m2\repository\io\netty\netty-transport-native-epoll\4.1.78.Final\netty-transport-native-epoll-4.1.78.Final.jar;C:\Users\sahel\.m2\repository\io\netty\netty-transport-native-kqueue\4.1.78.Final\netty-transport-native-kqueue-4.1.78.Final.jar;C:\Users\sahel\.m2\repository\io\netty\netty-transport-native-unix-common\4.1.78.Final\netty-transport-native-unix-common-4.1.78.Final.jar;C:\Users\sahel\.m2\repository\io\netty\netty-transport\4.1.78.Final\netty-transport-4.1.78.Final.jar;C:\Users\sahel\.m2\repository\io\netty\netty-resolver\4.1.78.Final\netty-resolver-4.1.78.Final.jar;C:\Users\sahel\.m2\repository\io\opentelemetry\opentelemetry-api\1.16.0\opentelemetry-api-1.16.0.jar;C:\Users\sahel\.m2\repository\io\opentelemetry\opentelemetry-context\1.16.0\opentelemetry-context-1.16.0.jar;C:\Users\sahel\.m2\repository\io\opentelemetry\opentelemetry-exporter-logging\1.16.0\opentelemetry-exporter-logging-1.16.0.jar;C:\Users\sahel\.m2\repository\io\opentelemetry\opentelemetry-sdk-metrics\1.16.0\opentelemetry-sdk-metrics-1.16.0.jar;C:\Users\sahel\.m2\repository\io\opentelemetry\opentelemetry-sdk-logs\1.16.0-alpha\opentelemetry-sdk-logs-1.16.0-alpha.jar;C:\Users\sahel\.m2\repository\io\opentelemetry\opentelemetry-sdk-common\1.16.0\opentelemetry-sdk-common-1.16.0.jar;C:\Users\sahel\.m2\repository\io\opentelemetry\opentelemetry-sdk-extension-autoconfigure-spi\1.16.0\opentelemetry-sdk-extension-autoconfigure-spi-1.16.0.jar;C:\Users\sahel\.m2\repository\io\opentelemetry\opentelemetry-sdk-extension-autoconfigure\1.16.0-alpha\opentelemetry-sdk-extension-autoconfigure-1.16.0-alpha.jar;C:\Users\sahel\.m2\repository\io\opentelemetry\opentelemetry-sdk-trace\1.16.0\opentelemetry-sdk-trace-1.16.0.jar;C:\Users\sahel\.m2\repository\io\opentelemetry\opentelemetry-sdk\1.16.0\opentelemetry-sdk-1.16.0.jar;C:\Users\sahel\.m2\repository\io\opentelemetry\opentelemetry-semconv\1.16.0-alpha\opentelemetry-semconv-1.16.0-alpha.jar;C:\Users\sahel\.m2\repository\io\ous\jtoml\2.0.0\jtoml-2.0.0.jar;C:\Users\sahel\.m2\repository\net\bytebuddy\byte-buddy\1.12.10\byte-buddy-1.12.10.jar;C:\Users\sahel\.m2\repository\org\apache\commons\commons-exec\1.3\commons-exec-1.3.jar;C:\Users\sahel\.m2\repository\org\asynchttpclient\async-http-client\2.12.3\async-http-client-2.12.3.jar;C:\Users\sahel\.m2\repository\org\asynchttpclient\async-http-client-netty-utils\2.12.3\async-http-client-netty-utils-2.12.3.jar;C:\Users\sahel\.m2\repository\io\netty\netty-codec-socks\4.1.60.Final\netty-codec-socks-4.1.60.Final.jar;C:\Users\sahel\.m2\repository\io\netty\netty-handler-proxy\4.1.60.Final\netty-handler-proxy-4.1.60.Final.jar;C:\Users\sahel\.m2\repository\io\netty\netty-transport-native-epoll\4.1.60.Final\netty-transport-native-epoll-4.1.60.Final-linux-x86_64.jar;C:\Users\sahel\.m2\repository\io\netty\netty-transport-native-kqueue\4.1.60.Final\netty-transport-native-kqueue-4.1.60.Final-osx-x86_64.jar;C:\Users\sahel\.m2\repository\org\reactivestreams\reactive-streams\1.0.3\reactive-streams-1.0.3.jar;C:\Users\sahel\.m2\repository\com\typesafe\netty\netty-reactive-streams\2.0.4\netty-reactive-streams-2.0.4.jar;C:\Users\sahel\.m2\repository\com\sun\activation\jakarta.activation\1.2.2\jakarta.activation-1.2.2.jar;C:\Users\sahel\.m2\repository\org\seleniumhq\selenium\selenium-http\4.4.0\selenium-http-4.4.0.jar;C:\Users\sahel\.m2\repository\dev\failsafe\failsafe\3.2.4\failsafe-3.2.4.jar;C:\Users\sahel\.m2\repository\org\seleniumhq\selenium\selenium-safari-driver\4.4.0\selenium-safari-driver-4.4.0.jar;C:\Users\sahel\.m2\repository\org\seleniumhq\selenium\selenium-support\4.4.0\selenium-support-4.4.0.jar;C:\Users\sahel\.m2\repository\io\github\bonigarcia\webdrivermanager\5.3.0\webdrivermanager-5.3.0.jar;C:\Users\sahel\.m2\repository\org\slf4j\slf4j-api\1.7.36\slf4j-api-1.7.36.jar;C:\Users\sahel\.m2\repository\com\google\code\gson\gson\2.9.1\gson-2.9.1.jar;C:\Users\sahel\.m2\repository\com\github\docker-java\docker-java\3.2.13\docker-java-3.2.13.jar;C:\Users\sahel\.m2\repository\com\github\docker-java\docker-java-core\3.2.13\docker-java-core-3.2.13.jar;C:\Users\sahel\.m2\repository\com\github\docker-java\docker-java-api\3.2.13\docker-java-api-3.2.13.jar;C:\Users\sahel\.m2\repository\com\fasterxml\jackson\core\jackson-annotations\2.10.3\jackson-annotations-2.10.3.jar;C:\Users\sahel\.m2\repository\com\fasterxml\jackson\core\jackson-databind\2.10.3\jackson-databind-2.10.3.jar;C:\Users\sahel\.m2\repository\com\fasterxml\jackson\core\jackson-core\2.10.3\jackson-core-2.10.3.jar;C:\Users\sahel\.m2\repository\org\bouncycastle\bcpkix-jdk15on\1.64\bcpkix-jdk15on-1.64.jar;C:\Users\sahel\.m2\repository\org\bouncycastle\bcprov-jdk15on\1.64\bcprov-jdk15on-1.64.jar;C:\Users\sahel\.m2\repository\org\slf4j\jcl-over-slf4j\1.7.30\jcl-over-slf4j-1.7.30.jar;C:\Users\sahel\.m2\repository\com\github\docker-java\docker-java-transport-httpclient5\3.2.13\docker-java-transport-httpclient5-3.2.13.jar;C:\Users\sahel\.m2\repository\com\github\docker-java\docker-java-transport\3.2.13\docker-java-transport-3.2.13.jar;C:\Users\sahel\.m2\repository\net\java\dev\jna\jna\5.8.0\jna-5.8.0.jar;C:\Users\sahel\.m2\repository\org\brotli\dec\0.1.2\dec-0.1.2.jar;C:\Users\sahel\.m2\repository\org\apache\commons\commons-lang3\3.12.0\commons-lang3-3.12.0.jar;C:\Users\sahel\.m2\repository\org\apache\httpcomponents\client5\httpclient5\5.1.3\httpclient5-5.1.3.jar;C:\Users\sahel\.m2\repository\org\apache\httpcomponents\core5\httpcore5\5.1.3\httpcore5-5.1.3.jar;C:\Users\sahel\.m2\repository\org\apache\httpcomponents\core5\httpcore5-h2\5.1.3\httpcore5-h2-5.1.3.jar;C:\Users\sahel\.m2\repository\org\apache\poi\poi\5.2.3\poi-5.2.3.jar;C:\Users\sahel\.m2\repository\commons-codec\commons-codec\1.15\commons-codec-1.15.jar;C:\Users\sahel\.m2\repository\org\apache\commons\commons-collections4\4.4\commons-collections4-4.4.jar;C:\Users\sahel\.m2\repository\org\apache\commons\commons-math3\3.6.1\commons-math3-3.6.1.jar;C:\Users\sahel\.m2\repository\com\zaxxer\SparseBitSet\1.2\SparseBitSet-1.2.jar;C:\Users\sahel\.m2\repository\org\apache\logging\log4j\log4j-api\2.18.0\log4j-api-2.18.0.jar;C:\Users\sahel\.m2\repository\org\apache\poi\poi-ooxml\5.2.3\poi-ooxml-5.2.3.jar;C:\Users\sahel\.m2\repository\org\apache\poi\poi-ooxml-lite\5.2.3\poi-ooxml-lite-5.2.3.jar;C:\Users\sahel\.m2\repository\org\apache\xmlbeans\xmlbeans\5.1.1\xmlbeans-5.1.1.jar;C:\Users\sahel\.m2\repository\org\apache\commons\commons-compress\1.21\commons-compress-1.21.jar;C:\Users\sahel\.m2\repository\com\github\virtuald\curvesapi\1.07\curvesapi-1.07.jar;C:\Users\sahel\.m2\repository\mysql\mysql-connector-java\8.0.30\mysql-connector-java-8.0.30.jar;C:\Users\sahel\.m2\repository\com\google\protobuf\protobuf-java\3.19.4\protobuf-java-3.19.4.jar;C:\Users\sahel\.m2\repository\commons-io\commons-io\2.11.0\commons-io-2.11.0.jar;C:\Users\sahel\.m2\repository\org\yaml\snakeyaml\1.33\snakeyaml-1.33.jar;C:\Users\sahel\.m2\repository\org\apache\logging\log4j\log4j-core\2.20.0\log4j-core-2.20.0.jar;C:\Users\sahel\.m2\repository\net\datafaker\datafaker\1.8.0\datafaker-1.8.0.jar;C:\Users\sahel\.m2\repository\com\github\mifmif\generex\1.0.2\generex-1.0.2.jar;C:\Users\sahel\.m2\repository\dk\brics\automaton\automaton\1.11-8\automaton-1.11-8.jar;"/>
    <property name="java.vm.vendor" value="Oracle Corporation"/>
    <property name="sun.arch.data.model" value="64"/>
    <property name="user.variant" value=""/>
    <property name="java.vendor.url" value="https://openjdk.java.net/"/>
    <property name="user.timezone" value="America/Los_Angeles"/>
    <property name="java.vm.specification.version" value="11"/>
    <property name="os.name" value="Windows 11"/>
    <property name="sun.java.launcher" value="SUN_STANDARD"/>
    <property name="user.country" value="US"/>
    <property name="sun.boot.library.path" value="C:\Program Files\Java\jdk-11.0.17\bin"/>
    <property name="sun.java.command" value="C:\Users\sahel\AppData\Local\Temp\surefire3411675815866274139\surefirebooter-20230529152132854_3.jar C:\Users\sahel\AppData\Local\Temp\surefire3411675815866274139 2023-05-29T15-21-32_647-jvmRun1 surefire-20230529152132854_1tmp surefire_0-20230529152132854_2tmp"/>
    <property name="jdk.debug" value="release"/>
    <property name="surefire.test.class.path" value="C:\Users\sahel\eclipse-workspace\tek-capstone-transformers\target\test-classes;C:\Users\sahel\eclipse-workspace\tek-capstone-transformers\target\classes;C:\Users\sahel\.m2\repository\io\cucumber\cucumber-java\7.8.0\cucumber-java-7.8.0.jar;C:\Users\sahel\.m2\repository\io\cucumber\cucumber-core\7.8.0\cucumber-core-7.8.0.jar;C:\Users\sahel\.m2\repository\io\cucumber\cucumber-gherkin\7.8.0\cucumber-gherkin-7.8.0.jar;C:\Users\sahel\.m2\repository\io\cucumber\cucumber-gherkin-messages\7.8.0\cucumber-gherkin-messages-7.8.0.jar;C:\Users\sahel\.m2\repository\io\cucumber\gherkin\24.0.0\gherkin-24.0.0.jar;C:\Users\sahel\.m2\repository\io\cucumber\messages\19.1.2\messages-19.1.2.jar;C:\Users\sahel\.m2\repository\io\cucumber\tag-expressions\4.1.0\tag-expressions-4.1.0.jar;C:\Users\sahel\.m2\repository\io\cucumber\cucumber-expressions\16.0.0\cucumber-expressions-16.0.0.jar;C:\Users\sahel\.m2\repository\io\cucumber\datatable\7.8.0\datatable-7.8.0.jar;C:\Users\sahel\.m2\repository\io\cucumber\cucumber-plugin\7.8.0\cucumber-plugin-7.8.0.jar;C:\Users\sahel\.m2\repository\io\cucumber\docstring\7.8.0\docstring-7.8.0.jar;C:\Users\sahel\.m2\repository\io\cucumber\html-formatter\20.1.0\html-formatter-20.1.0.jar;C:\Users\sahel\.m2\repository\io\cucumber\ci-environment\9.1.0\ci-environment-9.1.0.jar;C:\Users\sahel\.m2\repository\org\apiguardian\apiguardian-api\1.1.2\apiguardian-api-1.1.2.jar;C:\Users\sahel\.m2\repository\io\cucumber\cucumber-junit\7.11.1\cucumber-junit-7.11.1.jar;C:\Users\sahel\.m2\repository\junit\junit\4.13.2\junit-4.13.2.jar;C:\Users\sahel\.m2\repository\org\hamcrest\hamcrest-core\1.3\hamcrest-core-1.3.jar;C:\Users\sahel\.m2\repository\org\seleniumhq\selenium\selenium-java\4.4.0\selenium-java-4.4.0.jar;C:\Users\sahel\.m2\repository\org\seleniumhq\selenium\selenium-api\4.4.0\selenium-api-4.4.0.jar;C:\Users\sahel\.m2\repository\org\seleniumhq\selenium\selenium-chrome-driver\4.4.0\selenium-chrome-driver-4.4.0.jar;C:\Users\sahel\.m2\repository\com\google\auto\service\auto-service-annotations\1.0.1\auto-service-annotations-1.0.1.jar;C:\Users\sahel\.m2\repository\com\google\auto\service\auto-service\1.0.1\auto-service-1.0.1.jar;C:\Users\sahel\.m2\repository\com\google\auto\auto-common\1.2\auto-common-1.2.jar;C:\Users\sahel\.m2\repository\com\google\guava\guava\31.1-jre\guava-31.1-jre.jar;C:\Users\sahel\.m2\repository\com\google\guava\failureaccess\1.0.1\failureaccess-1.0.1.jar;C:\Users\sahel\.m2\repository\com\google\guava\listenablefuture\9999.0-empty-to-avoid-conflict-with-guava\listenablefuture-9999.0-empty-to-avoid-conflict-with-guava.jar;C:\Users\sahel\.m2\repository\com\google\code\findbugs\jsr305\3.0.2\jsr305-3.0.2.jar;C:\Users\sahel\.m2\repository\org\checkerframework\checker-qual\3.12.0\checker-qual-3.12.0.jar;C:\Users\sahel\.m2\repository\com\google\errorprone\error_prone_annotations\2.11.0\error_prone_annotations-2.11.0.jar;C:\Users\sahel\.m2\repository\com\google\j2objc\j2objc-annotations\1.3\j2objc-annotations-1.3.jar;C:\Users\sahel\.m2\repository\org\seleniumhq\selenium\selenium-chromium-driver\4.4.0\selenium-chromium-driver-4.4.0.jar;C:\Users\sahel\.m2\repository\org\seleniumhq\selenium\selenium-json\4.4.0\selenium-json-4.4.0.jar;C:\Users\sahel\.m2\repository\org\seleniumhq\selenium\selenium-devtools-v102\4.4.0\selenium-devtools-v102-4.4.0.jar;C:\Users\sahel\.m2\repository\org\seleniumhq\selenium\selenium-devtools-v103\4.4.0\selenium-devtools-v103-4.4.0.jar;C:\Users\sahel\.m2\repository\org\seleniumhq\selenium\selenium-devtools-v104\4.4.0\selenium-devtools-v104-4.4.0.jar;C:\Users\sahel\.m2\repository\org\seleniumhq\selenium\selenium-devtools-v85\4.4.0\selenium-devtools-v85-4.4.0.jar;C:\Users\sahel\.m2\repository\org\seleniumhq\selenium\selenium-edge-driver\4.4.0\selenium-edge-driver-4.4.0.jar;C:\Users\sahel\.m2\repository\org\seleniumhq\selenium\selenium-firefox-driver\4.4.0\selenium-firefox-driver-4.4.0.jar;C:\Users\sahel\.m2\repository\org\seleniumhq\selenium\selenium-ie-driver\4.4.0\selenium-ie-driver-4.4.0.jar;C:\Users\sahel\.m2\repository\org\seleniumhq\selenium\selenium-opera-driver\4.4.0\selenium-opera-driver-4.4.0.jar;C:\Users\sahel\.m2\repository\org\seleniumhq\selenium\selenium-remote-driver\4.4.0\selenium-remote-driver-4.4.0.jar;C:\Users\sahel\.m2\repository\com\beust\jcommander\1.82\jcommander-1.82.jar;C:\Users\sahel\.m2\repository\io\netty\netty-buffer\4.1.78.Final\netty-buffer-4.1.78.Final.jar;C:\Users\sahel\.m2\repository\io\netty\netty-codec-http\4.1.78.Final\netty-codec-http-4.1.78.Final.jar;C:\Users\sahel\.m2\repository\io\netty\netty-codec\4.1.78.Final\netty-codec-4.1.78.Final.jar;C:\Users\sahel\.m2\repository\io\netty\netty-handler\4.1.78.Final\netty-handler-4.1.78.Final.jar;C:\Users\sahel\.m2\repository\io\netty\netty-common\4.1.78.Final\netty-common-4.1.78.Final.jar;C:\Users\sahel\.m2\repository\io\netty\netty-transport-classes-epoll\4.1.78.Final\netty-transport-classes-epoll-4.1.78.Final.jar;C:\Users\sahel\.m2\repository\io\netty\netty-transport-classes-kqueue\4.1.78.Final\netty-transport-classes-kqueue-4.1.78.Final.jar;C:\Users\sahel\.m2\repository\io\netty\netty-transport-native-epoll\4.1.78.Final\netty-transport-native-epoll-4.1.78.Final.jar;C:\Users\sahel\.m2\repository\io\netty\netty-transport-native-kqueue\4.1.78.Final\netty-transport-native-kqueue-4.1.78.Final.jar;C:\Users\sahel\.m2\repository\io\netty\netty-transport-native-unix-common\4.1.78.Final\netty-transport-native-unix-common-4.1.78.Final.jar;C:\Users\sahel\.m2\repository\io\netty\netty-transport\4.1.78.Final\netty-transport-4.1.78.Final.jar;C:\Users\sahel\.m2\repository\io\netty\netty-resolver\4.1.78.Final\netty-resolver-4.1.78.Final.jar;C:\Users\sahel\.m2\repository\io\opentelemetry\opentelemetry-api\1.16.0\opentelemetry-api-1.16.0.jar;C:\Users\sahel\.m2\repository\io\opentelemetry\opentelemetry-context\1.16.0\opentelemetry-context-1.16.0.jar;C:\Users\sahel\.m2\repository\io\opentelemetry\opentelemetry-exporter-logging\1.16.0\opentelemetry-exporter-logging-1.16.0.jar;C:\Users\sahel\.m2\repository\io\opentelemetry\opentelemetry-sdk-metrics\1.16.0\opentelemetry-sdk-metrics-1.16.0.jar;C:\Users\sahel\.m2\repository\io\opentelemetry\opentelemetry-sdk-logs\1.16.0-alpha\opentelemetry-sdk-logs-1.16.0-alpha.jar;C:\Users\sahel\.m2\repository\io\opentelemetry\opentelemetry-sdk-common\1.16.0\opentelemetry-sdk-common-1.16.0.jar;C:\Users\sahel\.m2\repository\io\opentelemetry\opentelemetry-sdk-extension-autoconfigure-spi\1.16.0\opentelemetry-sdk-extension-autoconfigure-spi-1.16.0.jar;C:\Users\sahel\.m2\repository\io\opentelemetry\opentelemetry-sdk-extension-autoconfigure\1.16.0-alpha\opentelemetry-sdk-extension-autoconfigure-1.16.0-alpha.jar;C:\Users\sahel\.m2\repository\io\opentelemetry\opentelemetry-sdk-trace\1.16.0\opentelemetry-sdk-trace-1.16.0.jar;C:\Users\sahel\.m2\repository\io\opentelemetry\opentelemetry-sdk\1.16.0\opentelemetry-sdk-1.16.0.jar;C:\Users\sahel\.m2\repository\io\opentelemetry\opentelemetry-semconv\1.16.0-alpha\opentelemetry-semconv-1.16.0-alpha.jar;C:\Users\sahel\.m2\repository\io\ous\jtoml\2.0.0\jtoml-2.0.0.jar;C:\Users\sahel\.m2\repository\net\bytebuddy\byte-buddy\1.12.10\byte-buddy-1.12.10.jar;C:\Users\sahel\.m2\repository\org\apache\commons\commons-exec\1.3\commons-exec-1.3.jar;C:\Users\sahel\.m2\repository\org\asynchttpclient\async-http-client\2.12.3\async-http-client-2.12.3.jar;C:\Users\sahel\.m2\repository\org\asynchttpclient\async-http-client-netty-utils\2.12.3\async-http-client-netty-utils-2.12.3.jar;C:\Users\sahel\.m2\repository\io\netty\netty-codec-socks\4.1.60.Final\netty-codec-socks-4.1.60.Final.jar;C:\Users\sahel\.m2\repository\io\netty\netty-handler-proxy\4.1.60.Final\netty-handler-proxy-4.1.60.Final.jar;C:\Users\sahel\.m2\repository\io\netty\netty-transport-native-epoll\4.1.60.Final\netty-transport-native-epoll-4.1.60.Final-linux-x86_64.jar;C:\Users\sahel\.m2\repository\io\netty\netty-transport-native-kqueue\4.1.60.Final\netty-transport-native-kqueue-4.1.60.Final-osx-x86_64.jar;C:\Users\sahel\.m2\repository\org\reactivestreams\reactive-streams\1.0.3\reactive-streams-1.0.3.jar;C:\Users\sahel\.m2\repository\com\typesafe\netty\netty-reactive-streams\2.0.4\netty-reactive-streams-2.0.4.jar;C:\Users\sahel\.m2\repository\com\sun\activation\jakarta.activation\1.2.2\jakarta.activation-1.2.2.jar;C:\Users\sahel\.m2\repository\org\seleniumhq\selenium\selenium-http\4.4.0\selenium-http-4.4.0.jar;C:\Users\sahel\.m2\repository\dev\failsafe\failsafe\3.2.4\failsafe-3.2.4.jar;C:\Users\sahel\.m2\repository\org\seleniumhq\selenium\selenium-safari-driver\4.4.0\selenium-safari-driver-4.4.0.jar;C:\Users\sahel\.m2\repository\org\seleniumhq\selenium\selenium-support\4.4.0\selenium-support-4.4.0.jar;C:\Users\sahel\.m2\repository\io\github\bonigarcia\webdrivermanager\5.3.0\webdrivermanager-5.3.0.jar;C:\Users\sahel\.m2\repository\org\slf4j\slf4j-api\1.7.36\slf4j-api-1.7.36.jar;C:\Users\sahel\.m2\repository\com\google\code\gson\gson\2.9.1\gson-2.9.1.jar;C:\Users\sahel\.m2\repository\com\github\docker-java\docker-java\3.2.13\docker-java-3.2.13.jar;C:\Users\sahel\.m2\repository\com\github\docker-java\docker-java-core\3.2.13\docker-java-core-3.2.13.jar;C:\Users\sahel\.m2\repository\com\github\docker-java\docker-java-api\3.2.13\docker-java-api-3.2.13.jar;C:\Users\sahel\.m2\repository\com\fasterxml\jackson\core\jackson-annotations\2.10.3\jackson-annotations-2.10.3.jar;C:\Users\sahel\.m2\repository\com\fasterxml\jackson\core\jackson-databind\2.10.3\jackson-databind-2.10.3.jar;C:\Users\sahel\.m2\repository\com\fasterxml\jackson\core\jackson-core\2.10.3\jackson-core-2.10.3.jar;C:\Users\sahel\.m2\repository\org\bouncycastle\bcpkix-jdk15on\1.64\bcpkix-jdk15on-1.64.jar;C:\Users\sahel\.m2\repository\org\bouncycastle\bcprov-jdk15on\1.64\bcprov-jdk15on-1.64.jar;C:\Users\sahel\.m2\repository\org\slf4j\jcl-over-slf4j\1.7.30\jcl-over-slf4j-1.7.30.jar;C:\Users\sahel\.m2\repository\com\github\docker-java\docker-java-transport-httpclient5\3.2.13\docker-java-transport-httpclient5-3.2.13.jar;C:\Users\sahel\.m2\repository\com\github\docker-java\docker-java-transport\3.2.13\docker-java-transport-3.2.13.jar;C:\Users\sahel\.m2\repository\net\java\dev\jna\jna\5.8.0\jna-5.8.0.jar;C:\Users\sahel\.m2\repository\org\brotli\dec\0.1.2\dec-0.1.2.jar;C:\Users\sahel\.m2\repository\org\apache\commons\commons-lang3\3.12.0\commons-lang3-3.12.0.jar;C:\Users\sahel\.m2\repository\org\apache\httpcomponents\client5\httpclient5\5.1.3\httpclient5-5.1.3.jar;C:\Users\sahel\.m2\repository\org\apache\httpcomponents\core5\httpcore5\5.1.3\httpcore5-5.1.3.jar;C:\Users\sahel\.m2\repository\org\apache\httpcomponents\core5\httpcore5-h2\5.1.3\httpcore5-h2-5.1.3.jar;C:\Users\sahel\.m2\repository\org\apache\poi\poi\5.2.3\poi-5.2.3.jar;C:\Users\sahel\.m2\repository\commons-codec\commons-codec\1.15\commons-codec-1.15.jar;C:\Users\sahel\.m2\repository\org\apache\commons\commons-collections4\4.4\commons-collections4-4.4.jar;C:\Users\sahel\.m2\repository\org\apache\commons\commons-math3\3.6.1\commons-math3-3.6.1.jar;C:\Users\sahel\.m2\repository\com\zaxxer\SparseBitSet\1.2\SparseBitSet-1.2.jar;C:\Users\sahel\.m2\repository\org\apache\logging\log4j\log4j-api\2.18.0\log4j-api-2.18.0.jar;C:\Users\sahel\.m2\repository\org\apache\poi\poi-ooxml\5.2.3\poi-ooxml-5.2.3.jar;C:\Users\sahel\.m2\repository\org\apache\poi\poi-ooxml-lite\5.2.3\poi-ooxml-lite-5.2.3.jar;C:\Users\sahel\.m2\repository\org\apache\xmlbeans\xmlbeans\5.1.1\xmlbeans-5.1.1.jar;C:\Users\sahel\.m2\repository\org\apache\commons\commons-compress\1.21\commons-compress-1.21.jar;C:\Users\sahel\.m2\repository\com\github\virtuald\curvesapi\1.07\curvesapi-1.07.jar;C:\Users\sahel\.m2\repository\mysql\mysql-connector-java\8.0.30\mysql-connector-java-8.0.30.jar;C:\Users\sahel\.m2\repository\com\google\protobuf\protobuf-java\3.19.4\protobuf-java-3.19.4.jar;C:\Users\sahel\.m2\repository\commons-io\commons-io\2.11.0\commons-io-2.11.0.jar;C:\Users\sahel\.m2\repository\org\yaml\snakeyaml\1.33\snakeyaml-1.33.jar;C:\Users\sahel\.m2\repository\org\apache\logging\log4j\log4j-core\2.20.0\log4j-core-2.20.0.jar;C:\Users\sahel\.m2\repository\net\datafaker\datafaker\1.8.0\datafaker-1.8.0.jar;C:\Users\sahel\.m2\repository\com\github\mifmif\generex\1.0.2\generex-1.0.2.jar;C:\Users\sahel\.m2\repository\dk\brics\automaton\automaton\1.11-8\automaton-1.11-8.jar;"/>
    <property name="sun.cpu.endian" value="little"/>
    <property name="user.home" value="C:\Users\sahel"/>
    <property name="user.language" value="en"/>
    <property name="java.specification.vendor" value="Oracle Corporation"/>
    <property name="java.version.date" value="2022-10-18"/>
    <property name="java.home" value="C:\Program Files\Java\jdk-11.0.17"/>
    <property name="file.separator" value="\"/>
    <property name="style.color" value="always"/>
    <property name="basedir" value="C:\Users\sahel\eclipse-workspace\tek-capstone-transformers"/>
    <property name="java.vm.compressedOopsMode" value="Zero based"/>
    <property name="line.separator" value="&#10;"/>
    <property name="java.specification.name" value="Java Platform API Specification"/>
    <property name="java.vm.specification.vendor" value="Oracle Corporation"/>
    <property name="java.awt.graphicsenv" value="sun.awt.Win32GraphicsEnvironment"/>
    <property name="surefire.real.class.path" value="C:\Users\sahel\AppData\Local\Temp\surefire3411675815866274139\surefirebooter-20230529152132854_3.jar"/>
    <property name="user.script" value=""/>
    <property name="sun.management.compiler" value="HotSpot 64-Bit Tiered Compilers"/>
    <property name="java.runtime.version" value="11.0.17+10-LTS-269"/>
    <property name="user.name" value="sahel"/>
    <property name="path.separator" value=";"/>
    <property name="os.version" value="10.0"/>
    <property name="java.runtime.name" value="Java(TM) SE Runtime Environment"/>
    <property name="file.encoding" value="Cp1252"/>
    <property name="java.vm.name" value="Java HotSpot(TM) 64-Bit Server VM"/>
    <property name="java.vendor.version" value="18.9"/>
    <property name="localRepository" value="C:\Users\sahel\.m2\repository"/>
    <property name="java.vendor.url.bug" value="https://bugreport.java.com/bugreport/"/>
    <property name="java.io.tmpdir" value="C:\Users\sahel\AppData\Local\Temp\"/>
    <property name="java.version" value="11.0.17"/>
    <property name="user.dir" value="C:\Users\sahel\eclipse-workspace\tek-capstone-transformers"/>
    <property name="os.arch" value="amd64"/>
    <property name="java.vm.specification.name" value="Java Virtual Machine Specification"/>
    <property name="java.awt.printerjob" value="sun.awt.windows.WPrinterJob"/>
    <property name="sun.os.patch.level" value=""/>
    <property name="java.library.path" value="C:\Program Files\Java\jdk-11.0.17\bin;C:\WINDOWS\Sun\Java\bin;C:\WINDOWS\system32;C:\WINDOWS;C:/Program Files/Java/jdk-18/bin/server;C:/Program Files/Java/jdk-18/bin;C:\Program Files\Common Files\Oracle\Java\javapath;C:\WINDOWS\system32;C:\WINDOWS;C:\WINDOWS\System32\Wbem;C:\WINDOWS\System32\WindowsPowerShell\v1.0\;C:\WINDOWS\System32\OpenSSH\;C:\Program Files\Java\jdk-18\bin;C:\Program Files\dotnet\;C:\Program Files\Git\cmd;C:\Users\sahel\AppData\Local\Microsoft\WindowsApps;C:\Users\sahel\AppData\Local\GitHubDesktop\bin;;C:\WINDOWS\system32;;."/>
    <property name="java.vendor" value="Oracle Corporation"/>
    <property name="java.vm.info" value="mixed mode"/>
    <property name="java.vm.version" value="11.0.17+10-LTS-269"/>
    <property name="sun.io.unicode.encoding" value="UnicodeLittle"/>
    <property name="java.class.version" value="55.0"/>
  </properties>
  <testcase name="Verify user can create an account into Retail Website" classname="To test account creation functionality." time="8.242">
    <system-out><![CDATA[
@RegressionTest
Scenario: Verify user can create an account into Retail Website &amp#27;[90m# features/AccountCreation.feature:8&amp#27;[0m
{browser=chrome, headless=true, url=https://tek-retail-ui.azurewebsites.net/}
  &amp#27;[32mGiven &amp#27;[0m&amp#27;[32mUser is on retail website&amp#27;[0m                               &amp#27;[90m# tek.sdet.framework.steps.SignInSteps.userIsOnRetailWebsite()&amp#27;[0m

    Embedding Screenshot [image/png 424424 bytes]

  &amp#27;[32mWhen &amp#27;[0m&amp#27;[32mUser clicks on Sign in option&amp#27;[0m                            &amp#27;[90m# tek.sdet.framework.steps.SignInSteps.userClicksSignInLink()&amp#27;[0m

    Embedding Screenshot [image/png 14144 bytes]

  &amp#27;[32mWhen &amp#27;[0m&amp#27;[32mUser clicks on Create New Accout button&amp#27;[0m                  &amp#27;[90m# tek.sdet.framework.steps.AccountCreationSteps.user_click_on_create_new_accout_button()&amp#27;[0m

    Embedding Screenshot [image/png 13162 bytes]

  &amp#27;[32mAnd &amp#27;[0m&amp#27;[32mUser fills the signUp form with below data&amp#27;[0m                &amp#27;[90m# tek.sdet.framework.steps.AccountCreationSteps.userFillsTheSignUpFormWithBelowData(io.cucumber.datatable.DataTable)&amp#27;[0m
    | name     | email | password   | confirmPassword |
    | fullName | email | Test12345$ | Test12345$      |

    Embedding Screenshot [image/png 15610 bytes]

  &amp#27;[32mAnd &amp#27;[0m&amp#27;[32mUser click on SignUp button&amp#27;[0m                               &amp#27;[90m# tek.sdet.framework.steps.AccountCreationSteps.user_click_on_sign_up_button()&amp#27;[0m

    Embedding Screenshot [image/png 15595 bytes]

  &amp#27;[32mThen &amp#27;[0m&amp#27;[32mUser should be logged into account page&amp#27;[0m                  &amp#27;[90m# tek.sdet.framework.steps.AccountCreationSteps.user_should_be_logged_into_account_page()&amp#27;[0m

    Embedding Screenshot [image/png 30753 bytes]

]]></system-out>
    <system-err><![CDATA[SLF4J: Failed to load class "org.slf4j.impl.StaticLoggerBinder".
SLF4J: Defaulting to no-operation (NOP) logger implementation
SLF4J: See http://www.slf4j.org/codes.html#StaticLoggerBinder for further details.
Starting ChromeDriver 113.0.5672.63 (0e1a4471d5ae5bf128b1bd8f4d627c8cbd55f70c-refs/branch-heads/5672@{#912}) on port 62713
Only local connections are allowed.
Please see https://chromedriver.chromium.org/security-considerations for suggestions on keeping ChromeDriver safe.
ChromeDriver was started successfully.
May 29, 2023 3:21:35 PM org.openqa.selenium.remote.ProtocolHandshake createSession
INFO: Detected upstream dialect: W3C
May 29, 2023 3:21:35 PM org.openqa.selenium.devtools.CdpVersionFinder findNearestMatch
WARNING: Unable to find an exact match for CDP version 113, so returning the closest version found: a no-op implementation
May 29, 2023 3:21:35 PM org.openqa.selenium.devtools.CdpVersionFinder findNearestMatch
INFO: Unable to find CDP implementation matching 113.
May 29, 2023 3:21:35 PM org.openqa.selenium.chromium.ChromiumDriver lambda$new$3
WARNING: Unable to find version of CDP to use for . You may need to include a dependency on a specific version of the CDP using something similar to `org.seleniumhq.selenium:selenium-devtools-v86:4.4.0` where the version ("v86") matches the version of the chromium-based browser you're using and the version number of the artifact is the same as Selenium's.
]]></system-err>
  </testcase>
  <testcase name="Verify User can add a payment method" classname="User can add  payment  method" time="4.299">
    <system-out><![CDATA[
@RegressionTest
Scenario: Verify User can add a payment method                          &amp#27;[90m# features/AddPayment.feature:14&amp#27;[0m
{browser=chrome, headless=true, url=https://tek-retail-ui.azurewebsites.net/}
  &amp#27;[32mGiven &amp#27;[0m&amp#27;[32mUser is on retail website&amp#27;[0m                                       &amp#27;[90m# tek.sdet.framework.steps.SignInSteps.userIsOnRetailWebsite()&amp#27;[0m

    Embedding Screenshot [image/png 424424 bytes]

  &amp#27;[32mWhen &amp#27;[0m&amp#27;[32mUser clicks on Sign in option&amp#27;[0m                                    &amp#27;[90m# tek.sdet.framework.steps.SignInSteps.userClicksSignInLink()&amp#27;[0m

    Embedding Screenshot [image/png 14144 bytes]

  &amp#27;[32mAnd &amp#27;[0m&amp#27;[32mUser enters following login credentials&amp#27;[0m                           &amp#27;[90m# tek.sdet.framework.steps.SignInSteps.userEntersFollowingLoginCredentials(io.cucumber.datatable.DataTable)&amp#27;[0m
    | Email                    | Password  |
    | billybob123@tekschool.us | Pizza123$ |

    Embedding Screenshot [image/png 16689 bytes]

  &amp#27;[32mAnd &amp#27;[0m&amp#27;[32mUser clicks on login button&amp#27;[0m                                       &amp#27;[90m# tek.sdet.framework.steps.SignInSteps.userClicksOnLoginButton()&amp#27;[0m

    Embedding Screenshot [image/png 16097 bytes]

  &amp#27;[32mThen &amp#27;[0m&amp#27;[32mUser should be logged into their account&amp#27;[0m                         &amp#27;[90m# tek.sdet.framework.steps.SignInSteps.userShouldBeLoggedInToTheirAccount()&amp#27;[0m

    Embedding Screenshot [image/png 425554 bytes]

  &amp#27;[32mWhen &amp#27;[0m&amp#27;[32mUser click on Account option&amp#27;[0m                                     &amp#27;[90m# tek.sdet.framework.steps.UpdateProfileSteps.user_click_on_account_option()&amp#27;[0m

    Embedding Screenshot [image/png 34322 bytes]

  &amp#27;[32mWhen &amp#27;[0m&amp#27;[32mUser click on Add a payment method link&amp#27;[0m                          &amp#27;[90m# tek.sdet.framework.steps.AddPaymentSteps.userClickOnAddAPaymentMethodLink()&amp#27;[0m

    Embedding Screenshot [image/png 18994 bytes]

  &amp#27;[32mAnd &amp#27;[0m&amp#27;[32mUser fills debit or credit card information&amp#27;[0m                       &amp#27;[90m# tek.sdet.framework.steps.AddPaymentSteps.userFillsDebitOrCreditCardInformation(io.cucumber.datatable.DataTable)&amp#27;[0m
    | cardNumber | nameOnCard | expirationMonth | expirationYear | securityCode |
    | cardNumber | fullName   | 4               | 2039           | ccv          |

    Embedding Screenshot [image/png 53064 bytes]

  &amp#27;[32mAnd &amp#27;[0m&amp#27;[32mUser click on Add your card button&amp#27;[0m                                &amp#27;[90m# tek.sdet.framework.steps.AddPaymentSteps.userClickOnAddYourCardButton()&amp#27;[0m

    Embedding Screenshot [image/png 53064 bytes]

  &amp#27;[32mThen &amp#27;[0m&amp#27;[32ma message should be displayed &amp#27;[0m&amp#27;[32m&amp#27;[1m'Payment Method added sucessfully'&amp#27;[0m &amp#27;[90m# tek.sdet.framework.steps.AddPaymentSteps.aMessageShouldBeDisplayed(java.lang.String)&amp#27;[0m

    Embedding Screenshot [image/png 38247 bytes]

]]></system-out>
    <system-err><![CDATA[Starting ChromeDriver 113.0.5672.63 (0e1a4471d5ae5bf128b1bd8f4d627c8cbd55f70c-refs/branch-heads/5672@{#912}) on port 50860
Only local connections are allowed.
Please see https://chromedriver.chromium.org/security-considerations for suggestions on keeping ChromeDriver safe.
ChromeDriver was started successfully.
May 29, 2023 3:21:42 PM org.openqa.selenium.remote.ProtocolHandshake createSession
INFO: Detected upstream dialect: W3C
May 29, 2023 3:21:42 PM org.openqa.selenium.devtools.CdpVersionFinder findNearestMatch
WARNING: Unable to find an exact match for CDP version 113, so returning the closest version found: a no-op implementation
May 29, 2023 3:21:42 PM org.openqa.selenium.devtools.CdpVersionFinder findNearestMatch
INFO: Unable to find CDP implementation matching 113.
May 29, 2023 3:21:42 PM org.openqa.selenium.chromium.ChromiumDriver lambda$new$3
WARNING: Unable to find version of CDP to use for . You may need to include a dependency on a specific version of the CDP using something similar to `org.seleniumhq.selenium:selenium-devtools-v86:4.4.0` where the version ("v86") matches the version of the chromium-based browser you're using and the version number of the artifact is the same as Selenium's.
]]></system-err>
  </testcase>
  <testcase name="Verify User can add an Address" classname="User able to Add, Edit, and Remove Adress from account." time="4.282">
    <system-out><![CDATA[
@RegressionTest
Scenario: Verify User can add an Address                                        &amp#27;[90m# features/EditAddress.feature:15&amp#27;[0m
{browser=chrome, headless=true, url=https://tek-retail-ui.azurewebsites.net/}
  &amp#27;[32mGiven &amp#27;[0m&amp#27;[32mUser is on retail website&amp#27;[0m                                               &amp#27;[90m# tek.sdet.framework.steps.SignInSteps.userIsOnRetailWebsite()&amp#27;[0m

    Embedding Screenshot [image/png 424424 bytes]

  &amp#27;[32mWhen &amp#27;[0m&amp#27;[32mUser clicks on Sign in option&amp#27;[0m                                            &amp#27;[90m# tek.sdet.framework.steps.SignInSteps.userClicksSignInLink()&amp#27;[0m

    Embedding Screenshot [image/png 14144 bytes]

  &amp#27;[32mAnd &amp#27;[0m&amp#27;[32mUser enters following login credentials&amp#27;[0m                                   &amp#27;[90m# tek.sdet.framework.steps.SignInSteps.userEntersFollowingLoginCredentials(io.cucumber.datatable.DataTable)&amp#27;[0m
    | Email                      | Password   |
    | SpongeBobss46@tekschool.us | Test12345$ |

    Embedding Screenshot [image/png 16989 bytes]

  &amp#27;[32mAnd &amp#27;[0m&amp#27;[32mUser clicks on login button&amp#27;[0m                                               &amp#27;[90m# tek.sdet.framework.steps.SignInSteps.userClicksOnLoginButton()&amp#27;[0m

    Embedding Screenshot [image/png 16394 bytes]

  &amp#27;[32mThen &amp#27;[0m&amp#27;[32mUser should be logged into their account&amp#27;[0m                                 &amp#27;[90m# tek.sdet.framework.steps.SignInSteps.userShouldBeLoggedInToTheirAccount()&amp#27;[0m

    Embedding Screenshot [image/png 425554 bytes]

  &amp#27;[32mWhen &amp#27;[0m&amp#27;[32mUser click on Account option&amp#27;[0m                                             &amp#27;[90m# tek.sdet.framework.steps.UpdateProfileSteps.user_click_on_account_option()&amp#27;[0m

    Embedding Screenshot [image/png 33506 bytes]

  &amp#27;[32mWhen &amp#27;[0m&amp#27;[32mUser click on Add address option&amp#27;[0m                                         &amp#27;[90m# tek.sdet.framework.steps.AddressFeaturesSteps.userClickOnAddAddressOption()&amp#27;[0m

    Embedding Screenshot [image/png 38675 bytes]

  &amp#27;[32mAnd &amp#27;[0m&amp#27;[32muser fill new address form with below information&amp#27;[0m                         &amp#27;[90m# tek.sdet.framework.steps.AddressFeaturesSteps.user_fill_new_address_form_with_below_information(io.cucumber.datatable.DataTable)&amp#27;[0m
    | country       | fullName | phoneNumber | streetAddress | apt | city | state | zipCode |
    | United States | fullName | phoneNumber | address       | apt | city | state | zipCode |

    Embedding Screenshot [image/png 48384 bytes]

  &amp#27;[32mAnd &amp#27;[0m&amp#27;[32mUser click Add Your Address button&amp#27;[0m                                        &amp#27;[90m# tek.sdet.framework.steps.AddressFeaturesSteps.userClickAddYourAddressButton()&amp#27;[0m

    Embedding Screenshot [image/png 48349 bytes]

  &amp#27;[32mThen &amp#27;[0m&amp#27;[32ma message should be displayed address added &amp#27;[0m&amp#27;[32m&amp#27;[1m"Address Added Successfully"&amp#27;[0m &amp#27;[90m# tek.sdet.framework.steps.AddressFeaturesSteps.a_message_should_be_displayed_address_added(java.lang.String)&amp#27;[0m

    Embedding Screenshot [image/png 49174 bytes]

]]></system-out>
    <system-err><![CDATA[Starting ChromeDriver 113.0.5672.63 (0e1a4471d5ae5bf128b1bd8f4d627c8cbd55f70c-refs/branch-heads/5672@{#912}) on port 65118
Only local connections are allowed.
Please see https://chromedriver.chromium.org/security-considerations for suggestions on keeping ChromeDriver safe.
ChromeDriver was started successfully.
May 29, 2023 3:21:46 PM org.openqa.selenium.remote.ProtocolHandshake createSession
INFO: Detected upstream dialect: W3C
May 29, 2023 3:21:46 PM org.openqa.selenium.devtools.CdpVersionFinder findNearestMatch
WARNING: Unable to find an exact match for CDP version 113, so returning the closest version found: a no-op implementation
May 29, 2023 3:21:46 PM org.openqa.selenium.devtools.CdpVersionFinder findNearestMatch
INFO: Unable to find CDP implementation matching 113.
May 29, 2023 3:21:46 PM org.openqa.selenium.chromium.ChromiumDriver lambda$new$3
WARNING: Unable to find version of CDP to use for . You may need to include a dependency on a specific version of the CDP using something similar to `org.seleniumhq.selenium:selenium-devtools-v86:4.4.0` where the version ("v86") matches the version of the chromium-based browser you're using and the version number of the artifact is the same as Selenium's.
]]></system-err>
  </testcase>
  <testcase name="Verify User can edit an Address added on account" classname="User able to Add, Edit, and Remove Adress from account." time="5.411">
    <system-out><![CDATA[
@RegressionTest
Scenario: Verify User can edit an Address added on account                       &amp#27;[90m# features/EditAddress.feature:24&amp#27;[0m
{browser=chrome, headless=true, url=https://tek-retail-ui.azurewebsites.net/}
  &amp#27;[32mGiven &amp#27;[0m&amp#27;[32mUser is on retail website&amp#27;[0m                                                &amp#27;[90m# tek.sdet.framework.steps.SignInSteps.userIsOnRetailWebsite()&amp#27;[0m

    Embedding Screenshot [image/png 424424 bytes]

  &amp#27;[32mWhen &amp#27;[0m&amp#27;[32mUser clicks on Sign in option&amp#27;[0m                                             &amp#27;[90m# tek.sdet.framework.steps.SignInSteps.userClicksSignInLink()&amp#27;[0m

    Embedding Screenshot [image/png 14144 bytes]

  &amp#27;[32mAnd &amp#27;[0m&amp#27;[32mUser enters following login credentials&amp#27;[0m                                    &amp#27;[90m# tek.sdet.framework.steps.SignInSteps.userEntersFollowingLoginCredentials(io.cucumber.datatable.DataTable)&amp#27;[0m
    | Email                      | Password   |
    | SpongeBobss46@tekschool.us | Test12345$ |

    Embedding Screenshot [image/png 16989 bytes]

  &amp#27;[32mAnd &amp#27;[0m&amp#27;[32mUser clicks on login button&amp#27;[0m                                                &amp#27;[90m# tek.sdet.framework.steps.SignInSteps.userClicksOnLoginButton()&amp#27;[0m

    Embedding Screenshot [image/png 16394 bytes]

  &amp#27;[32mThen &amp#27;[0m&amp#27;[32mUser should be logged into their account&amp#27;[0m                                  &amp#27;[90m# tek.sdet.framework.steps.SignInSteps.userShouldBeLoggedInToTheirAccount()&amp#27;[0m

    Embedding Screenshot [image/png 425554 bytes]

  &amp#27;[32mWhen &amp#27;[0m&amp#27;[32mUser click on Account option&amp#27;[0m                                              &amp#27;[90m# tek.sdet.framework.steps.UpdateProfileSteps.user_click_on_account_option()&amp#27;[0m

    Embedding Screenshot [image/png 33219 bytes]

  &amp#27;[32mAnd &amp#27;[0m&amp#27;[32mUser click on edit address option&amp#27;[0m                                          &amp#27;[90m# tek.sdet.framework.steps.AddressFeaturesSteps.user_click_on_edit_address_option()&amp#27;[0m

    Embedding Screenshot [image/png 41096 bytes]

  &amp#27;[32mAnd &amp#27;[0m&amp#27;[32mUser edits address form with below information&amp#27;[0m                             &amp#27;[90m# tek.sdet.framework.steps.AddressFeaturesSteps.user_edits_address_form_with_below_information(io.cucumber.datatable.DataTable)&amp#27;[0m
    | country       | fullName | phoneNumber | streetAddress | apt | city | state | zipCode |
    | United States | fullName | phoneNumber | address       | apt | city | state | zipCode |

    Embedding Screenshot [image/png 45457 bytes]

  &amp#27;[32mAnd &amp#27;[0m&amp#27;[32mUser click update Your Address button&amp#27;[0m                                      &amp#27;[90m# tek.sdet.framework.steps.AddressFeaturesSteps.user_click_update_your_address_button()&amp#27;[0m

    Embedding Screenshot [image/png 45419 bytes]

  &amp#27;[32mThen &amp#27;[0m&amp#27;[32mA confirmation message should be displayed &amp#27;[0m&amp#27;[32m&amp#27;[1m'Address Updated Successfully'&amp#27;[0m &amp#27;[90m# tek.sdet.framework.steps.AddressFeaturesSteps.aConfirmationMessageShouldBeDisplayed(java.lang.String)&amp#27;[0m

    Embedding Screenshot [image/png 47686 bytes]

]]></system-out>
    <system-err><![CDATA[Starting ChromeDriver 113.0.5672.63 (0e1a4471d5ae5bf128b1bd8f4d627c8cbd55f70c-refs/branch-heads/5672@{#912}) on port 62098
Only local connections are allowed.
Please see https://chromedriver.chromium.org/security-considerations for suggestions on keeping ChromeDriver safe.
ChromeDriver was started successfully.
May 29, 2023 3:21:50 PM org.openqa.selenium.remote.ProtocolHandshake createSession
INFO: Detected upstream dialect: W3C
May 29, 2023 3:21:50 PM org.openqa.selenium.devtools.CdpVersionFinder findNearestMatch
WARNING: Unable to find an exact match for CDP version 113, so returning the closest version found: a no-op implementation
May 29, 2023 3:21:50 PM org.openqa.selenium.devtools.CdpVersionFinder findNearestMatch
INFO: Unable to find CDP implementation matching 113.
May 29, 2023 3:21:50 PM org.openqa.selenium.chromium.ChromiumDriver lambda$new$3
WARNING: Unable to find version of CDP to use for . You may need to include a dependency on a specific version of the CDP using something similar to `org.seleniumhq.selenium:selenium-devtools-v86:4.4.0` where the version ("v86") matches the version of the chromium-based browser you're using and the version number of the artifact is the same as Selenium's.
]]></system-err>
  </testcase>
  <testcase name="Verify User can remove Address from Account" classname="User able to Add, Edit, and Remove Adress from account." time="3.574">
    <system-out><![CDATA[
@RegressionTest
Scenario: Verify User can remove Address from Account &amp#27;[90m# features/EditAddress.feature:33&amp#27;[0m
{browser=chrome, headless=true, url=https://tek-retail-ui.azurewebsites.net/}
  &amp#27;[32mGiven &amp#27;[0m&amp#27;[32mUser is on retail website&amp#27;[0m                     &amp#27;[90m# tek.sdet.framework.steps.SignInSteps.userIsOnRetailWebsite()&amp#27;[0m

    Embedding Screenshot [image/png 424424 bytes]

  &amp#27;[32mWhen &amp#27;[0m&amp#27;[32mUser clicks on Sign in option&amp#27;[0m                  &amp#27;[90m# tek.sdet.framework.steps.SignInSteps.userClicksSignInLink()&amp#27;[0m

    Embedding Screenshot [image/png 14144 bytes]

  &amp#27;[32mAnd &amp#27;[0m&amp#27;[32mUser enters following login credentials&amp#27;[0m         &amp#27;[90m# tek.sdet.framework.steps.SignInSteps.userEntersFollowingLoginCredentials(io.cucumber.datatable.DataTable)&amp#27;[0m
    | Email                      | Password   |
    | SpongeBobss46@tekschool.us | Test12345$ |

    Embedding Screenshot [image/png 16989 bytes]

  &amp#27;[32mAnd &amp#27;[0m&amp#27;[32mUser clicks on login button&amp#27;[0m                     &amp#27;[90m# tek.sdet.framework.steps.SignInSteps.userClicksOnLoginButton()&amp#27;[0m

    Embedding Screenshot [image/png 16394 bytes]

  &amp#27;[32mThen &amp#27;[0m&amp#27;[32mUser should be logged into their account&amp#27;[0m       &amp#27;[90m# tek.sdet.framework.steps.SignInSteps.userShouldBeLoggedInToTheirAccount()&amp#27;[0m

    Embedding Screenshot [image/png 425554 bytes]

  &amp#27;[32mWhen &amp#27;[0m&amp#27;[32mUser click on Account option&amp#27;[0m                   &amp#27;[90m# tek.sdet.framework.steps.UpdateProfileSteps.user_click_on_account_option()&amp#27;[0m

    Embedding Screenshot [image/png 33506 bytes]

  &amp#27;[32mAnd &amp#27;[0m&amp#27;[32mUser click on remove option of Address section&amp#27;[0m  &amp#27;[90m# tek.sdet.framework.steps.AddressFeaturesSteps.userClickOnRemoveOptionOfAddressSection()&amp#27;[0m

    Embedding Screenshot [image/png 47305 bytes]

  &amp#27;[32mThen &amp#27;[0m&amp#27;[32mAddress details should be removed&amp#27;[0m              &amp#27;[90m# tek.sdet.framework.steps.AddressFeaturesSteps.addressDetailsShouldBeRemoved()&amp#27;[0m

    Embedding Screenshot [image/png 47305 bytes]

]]></system-out>
    <system-err><![CDATA[Starting ChromeDriver 113.0.5672.63 (0e1a4471d5ae5bf128b1bd8f4d627c8cbd55f70c-refs/branch-heads/5672@{#912}) on port 61708
Only local connections are allowed.
Please see https://chromedriver.chromium.org/security-considerations for suggestions on keeping ChromeDriver safe.
ChromeDriver was started successfully.
May 29, 2023 3:21:56 PM org.openqa.selenium.remote.ProtocolHandshake createSession
INFO: Detected upstream dialect: W3C
May 29, 2023 3:21:56 PM org.openqa.selenium.devtools.CdpVersionFinder findNearestMatch
WARNING: Unable to find an exact match for CDP version 113, so returning the closest version found: a no-op implementation
May 29, 2023 3:21:56 PM org.openqa.selenium.devtools.CdpVersionFinder findNearestMatch
INFO: Unable to find CDP implementation matching 113.
May 29, 2023 3:21:56 PM org.openqa.selenium.chromium.ChromiumDriver lambda$new$3
WARNING: Unable to find version of CDP to use for . You may need to include a dependency on a specific version of the CDP using something similar to `org.seleniumhq.selenium:selenium-devtools-v86:4.4.0` where the version ("v86") matches the version of the chromium-based browser you're using and the version number of the artifact is the same as Selenium's.
]]></system-err>
  </testcase>
  <testcase name="Verify user can edit debit or credit card" classname="User able to edit their debit/credit information." time="6.161">
    <system-out><![CDATA[
@RegressionTest
Scenario: Verify user can edit debit or credit card                                         &amp#27;[90m# features/EditPaymentCard.feature:14&amp#27;[0m
{browser=chrome, headless=true, url=https://tek-retail-ui.azurewebsites.net/}
  &amp#27;[32mGiven &amp#27;[0m&amp#27;[32mUser is on retail website&amp#27;[0m                                                           &amp#27;[90m# tek.sdet.framework.steps.SignInSteps.userIsOnRetailWebsite()&amp#27;[0m

    Embedding Screenshot [image/png 424424 bytes]

  &amp#27;[32mWhen &amp#27;[0m&amp#27;[32mUser clicks on Sign in option&amp#27;[0m                                                        &amp#27;[90m# tek.sdet.framework.steps.SignInSteps.userClicksSignInLink()&amp#27;[0m

    Embedding Screenshot [image/png 14144 bytes]

  &amp#27;[32mAnd &amp#27;[0m&amp#27;[32mUser enters following login credentials&amp#27;[0m                                               &amp#27;[90m# tek.sdet.framework.steps.SignInSteps.userEntersFollowingLoginCredentials(io.cucumber.datatable.DataTable)&amp#27;[0m
    | Email                      | Password   |
    | SpongeBobss46@tekschool.us | Test12345$ |

    Embedding Screenshot [image/png 16989 bytes]

  &amp#27;[32mAnd &amp#27;[0m&amp#27;[32mUser clicks on login button&amp#27;[0m                                                           &amp#27;[90m# tek.sdet.framework.steps.SignInSteps.userClicksOnLoginButton()&amp#27;[0m

    Embedding Screenshot [image/png 16394 bytes]

  &amp#27;[32mThen &amp#27;[0m&amp#27;[32mUser should be logged into their account&amp#27;[0m                                             &amp#27;[90m# tek.sdet.framework.steps.SignInSteps.userShouldBeLoggedInToTheirAccount()&amp#27;[0m

    Embedding Screenshot [image/png 425554 bytes]

  &amp#27;[32mWhen &amp#27;[0m&amp#27;[32mUser click on Account option&amp#27;[0m                                                         &amp#27;[90m# tek.sdet.framework.steps.UpdateProfileSteps.user_click_on_account_option()&amp#27;[0m

    Embedding Screenshot [image/png 33506 bytes]

  &amp#27;[32mWhen &amp#27;[0m&amp#27;[32mUser clicks on Edit option of card section&amp#27;[0m                                           &amp#27;[90m# tek.sdet.framework.steps.EditPaymentCardSteps.userClicksOnEditOptionOfCardSection()&amp#27;[0m

    Embedding Screenshot [image/png 65723 bytes]

  &amp#27;[32mAnd &amp#27;[0m&amp#27;[32mUser edits card information&amp#27;[0m                                                           &amp#27;[90m# tek.sdet.framework.steps.EditPaymentCardSteps.userEditsInformationWithBelowData(io.cucumber.datatable.DataTable)&amp#27;[0m
    | cardNumber | nameOnCard | expirationMonth | expirationYear | securityCode |
    | cardNumber | fullName   | 12              | 2026           | ccv          |

    Embedding Screenshot [image/png 67415 bytes]

  &amp#27;[32mAnd &amp#27;[0m&amp#27;[32mUser clicks on Update Your Card button&amp#27;[0m                                                &amp#27;[90m# tek.sdet.framework.steps.EditPaymentCardSteps.uSerClicksOnUpdateYourCardButton()&amp#27;[0m

    Embedding Screenshot [image/png 67411 bytes]

  &amp#27;[32mThen &amp#27;[0m&amp#27;[32mUpdate successfull message should be displayed &amp#27;[0m&amp#27;[32m&amp#27;[1m'Payment Method updated Successfully'&amp#27;[0m &amp#27;[90m# tek.sdet.framework.steps.EditPaymentCardSteps.aMessageShouldBe(java.lang.String)&amp#27;[0m

    Embedding Screenshot [image/png 51000 bytes]

]]></system-out>
    <system-err><![CDATA[Starting ChromeDriver 113.0.5672.63 (0e1a4471d5ae5bf128b1bd8f4d627c8cbd55f70c-refs/branch-heads/5672@{#912}) on port 50158
Only local connections are allowed.
Please see https://chromedriver.chromium.org/security-considerations for suggestions on keeping ChromeDriver safe.
ChromeDriver was started successfully.
May 29, 2023 3:21:59 PM org.openqa.selenium.remote.ProtocolHandshake createSession
INFO: Detected upstream dialect: W3C
May 29, 2023 3:21:59 PM org.openqa.selenium.devtools.CdpVersionFinder findNearestMatch
WARNING: Unable to find an exact match for CDP version 113, so returning the closest version found: a no-op implementation
May 29, 2023 3:21:59 PM org.openqa.selenium.devtools.CdpVersionFinder findNearestMatch
INFO: Unable to find CDP implementation matching 113.
May 29, 2023 3:21:59 PM org.openqa.selenium.chromium.ChromiumDriver lambda$new$3
WARNING: Unable to find version of CDP to use for . You may need to include a dependency on a specific version of the CDP using something similar to `org.seleniumhq.selenium:selenium-devtools-v86:4.4.0` where the version ("v86") matches the version of the chromium-based browser you're using and the version number of the artifact is the same as Selenium's.
]]></system-err>
  </testcase>
  <testcase name="Verify user can remove their debit/credit card" classname="User able to edit their debit/credit information." time="4.552">
    <system-out><![CDATA[
@RegressionTest
Scenario: Verify user can remove their debit/credit card &amp#27;[90m# features/EditPaymentCard.feature:23&amp#27;[0m
{browser=chrome, headless=true, url=https://tek-retail-ui.azurewebsites.net/}
  &amp#27;[32mGiven &amp#27;[0m&amp#27;[32mUser is on retail website&amp#27;[0m                        &amp#27;[90m# tek.sdet.framework.steps.SignInSteps.userIsOnRetailWebsite()&amp#27;[0m

    Embedding Screenshot [image/png 424424 bytes]

  &amp#27;[32mWhen &amp#27;[0m&amp#27;[32mUser clicks on Sign in option&amp#27;[0m                     &amp#27;[90m# tek.sdet.framework.steps.SignInSteps.userClicksSignInLink()&amp#27;[0m

    Embedding Screenshot [image/png 14144 bytes]

  &amp#27;[32mAnd &amp#27;[0m&amp#27;[32mUser enters following login credentials&amp#27;[0m            &amp#27;[90m# tek.sdet.framework.steps.SignInSteps.userEntersFollowingLoginCredentials(io.cucumber.datatable.DataTable)&amp#27;[0m
    | Email                      | Password   |
    | SpongeBobss46@tekschool.us | Test12345$ |

    Embedding Screenshot [image/png 16989 bytes]

  &amp#27;[32mAnd &amp#27;[0m&amp#27;[32mUser clicks on login button&amp#27;[0m                        &amp#27;[90m# tek.sdet.framework.steps.SignInSteps.userClicksOnLoginButton()&amp#27;[0m

    Embedding Screenshot [image/png 16394 bytes]

  &amp#27;[32mThen &amp#27;[0m&amp#27;[32mUser should be logged into their account&amp#27;[0m          &amp#27;[90m# tek.sdet.framework.steps.SignInSteps.userShouldBeLoggedInToTheirAccount()&amp#27;[0m

    Embedding Screenshot [image/png 425554 bytes]

  &amp#27;[32mWhen &amp#27;[0m&amp#27;[32mUser click on Account option&amp#27;[0m                      &amp#27;[90m# tek.sdet.framework.steps.UpdateProfileSteps.user_click_on_account_option()&amp#27;[0m

    Embedding Screenshot [image/png 33506 bytes]

  &amp#27;[32mWhen &amp#27;[0m&amp#27;[32mUser click on remove option of card section&amp#27;[0m       &amp#27;[90m# tek.sdet.framework.steps.EditPaymentCardSteps.userClickOnRemoveOptionOfCardSection()&amp#27;[0m

    Embedding Screenshot [image/png 54420 bytes]

  &amp#27;[32mThen &amp#27;[0m&amp#27;[32mpayment details should be removed&amp#27;[0m                 &amp#27;[90m# tek.sdet.framework.steps.EditPaymentCardSteps.paymentDtailsShouldBeRemoved()&amp#27;[0m

    Embedding Screenshot [image/png 54420 bytes]

]]></system-out>
    <system-err><![CDATA[Starting ChromeDriver 113.0.5672.63 (0e1a4471d5ae5bf128b1bd8f4d627c8cbd55f70c-refs/branch-heads/5672@{#912}) on port 57777
Only local connections are allowed.
Please see https://chromedriver.chromium.org/security-considerations for suggestions on keeping ChromeDriver safe.
ChromeDriver was started successfully.
May 29, 2023 3:22:05 PM org.openqa.selenium.remote.ProtocolHandshake createSession
INFO: Detected upstream dialect: W3C
May 29, 2023 3:22:05 PM org.openqa.selenium.devtools.CdpVersionFinder findNearestMatch
WARNING: Unable to find an exact match for CDP version 113, so returning the closest version found: a no-op implementation
May 29, 2023 3:22:05 PM org.openqa.selenium.devtools.CdpVersionFinder findNearestMatch
INFO: Unable to find CDP implementation matching 113.
May 29, 2023 3:22:05 PM org.openqa.selenium.chromium.ChromiumDriver lambda$new$3
WARNING: Unable to find version of CDP to use for . You may need to include a dependency on a specific version of the CDP using something similar to `org.seleniumhq.selenium:selenium-devtools-v86:4.4.0` where the version ("v86") matches the version of the chromium-based browser you're using and the version number of the artifact is the same as Selenium's.
]]></system-err>
  </testcase>
  <testcase name="Verify Shop by Department sidebar" classname="Retail Home Page" time="4.057">
    <system-out><![CDATA[
@RegressionTest
Scenario: Verify Shop by Department sidebar                    &amp#27;[90m# features/RetailHomePage.feature:13&amp#27;[0m
{browser=chrome, headless=true, url=https://tek-retail-ui.azurewebsites.net/}
  &amp#27;[32mGiven &amp#27;[0m&amp#27;[32mUser is on retail website&amp#27;[0m                              &amp#27;[90m# tek.sdet.framework.steps.SignInSteps.userIsOnRetailWebsite()&amp#27;[0m

    Embedding Screenshot [image/png 424424 bytes]

  &amp#27;[32mWhen &amp#27;[0m&amp#27;[32mUser clicks on Sign in option&amp#27;[0m                           &amp#27;[90m# tek.sdet.framework.steps.SignInSteps.userClicksSignInLink()&amp#27;[0m

    Embedding Screenshot [image/png 14144 bytes]

  &amp#27;[32mAnd &amp#27;[0m&amp#27;[32mUser enters following login credentials&amp#27;[0m                  &amp#27;[90m# tek.sdet.framework.steps.SignInSteps.userEntersFollowingLoginCredentials(io.cucumber.datatable.DataTable)&amp#27;[0m
    | Email                      | Password   |
    | SpongeBobss46@tekschool.us | Test12345$ |

    Embedding Screenshot [image/png 16989 bytes]

  &amp#27;[32mAnd &amp#27;[0m&amp#27;[32mUser clicks on login button&amp#27;[0m                              &amp#27;[90m# tek.sdet.framework.steps.SignInSteps.userClicksOnLoginButton()&amp#27;[0m

    Embedding Screenshot [image/png 16394 bytes]

  &amp#27;[32mThen &amp#27;[0m&amp#27;[32mUser should be logged into their account&amp#27;[0m                &amp#27;[90m# tek.sdet.framework.steps.SignInSteps.userShouldBeLoggedInToTheirAccount()&amp#27;[0m

    Embedding Screenshot [image/png 425554 bytes]

  &amp#27;[32mWhen &amp#27;[0m&amp#27;[32mUser click on All section&amp#27;[0m                               &amp#27;[90m# tek.sdet.framework.steps.RetailHomePageSteps.userClickOnAllSection()&amp#27;[0m

    Embedding Screenshot [image/png 231811 bytes]

  &amp#27;[32mThen &amp#27;[0m&amp#27;[32mbelow options are present in Shop by Department sidebar&amp#27;[0m &amp#27;[90m# tek.sdet.framework.steps.RetailHomePageSteps.belowOptionsArePresentInShopByDepartmentSidebar(io.cucumber.datatable.DataTable)&amp#27;[0m
    | Electronics | Computers | Smart Home | Sports | Automative |

    Embedding Screenshot [image/png 231811 bytes]

]]></system-out>
    <system-err><![CDATA[Starting ChromeDriver 113.0.5672.63 (0e1a4471d5ae5bf128b1bd8f4d627c8cbd55f70c-refs/branch-heads/5672@{#912}) on port 57306
Only local connections are allowed.
Please see https://chromedriver.chromium.org/security-considerations for suggestions on keeping ChromeDriver safe.
ChromeDriver was started successfully.
May 29, 2023 3:22:10 PM org.openqa.selenium.remote.ProtocolHandshake createSession
INFO: Detected upstream dialect: W3C
May 29, 2023 3:22:10 PM org.openqa.selenium.devtools.CdpVersionFinder findNearestMatch
WARNING: Unable to find an exact match for CDP version 113, so returning the closest version found: a no-op implementation
May 29, 2023 3:22:10 PM org.openqa.selenium.devtools.CdpVersionFinder findNearestMatch
INFO: Unable to find CDP implementation matching 113.
May 29, 2023 3:22:10 PM org.openqa.selenium.chromium.ChromiumDriver lambda$new$3
WARNING: Unable to find version of CDP to use for . You may need to include a dependency on a specific version of the CDP using something similar to `org.seleniumhq.selenium:selenium-devtools-v86:4.4.0` where the version ("v86") matches the version of the chromium-based browser you're using and the version number of the artifact is the same as Selenium's.
]]></system-err>
  </testcase>
  <testcase name="Verify Department sidebar options #1" classname="Retail Home Page" time="4.754">
    <system-out><![CDATA[
@RegressionTest
Scenario Outline: Verify Department sidebar options &amp#27;[90m# features/RetailHomePage.feature:26&amp#27;[0m
{browser=chrome, headless=true, url=https://tek-retail-ui.azurewebsites.net/}
  &amp#27;[32mGiven &amp#27;[0m&amp#27;[32mUser is on retail website&amp#27;[0m                   &amp#27;[90m# tek.sdet.framework.steps.SignInSteps.userIsOnRetailWebsite()&amp#27;[0m

    Embedding Screenshot [image/png 424424 bytes]

  &amp#27;[32mWhen &amp#27;[0m&amp#27;[32mUser clicks on Sign in option&amp#27;[0m                &amp#27;[90m# tek.sdet.framework.steps.SignInSteps.userClicksSignInLink()&amp#27;[0m

    Embedding Screenshot [image/png 14144 bytes]

  &amp#27;[32mAnd &amp#27;[0m&amp#27;[32mUser enters following login credentials&amp#27;[0m       &amp#27;[90m# tek.sdet.framework.steps.SignInSteps.userEntersFollowingLoginCredentials(io.cucumber.datatable.DataTable)&amp#27;[0m
    | Email                      | Password   |
    | SpongeBobss46@tekschool.us | Test12345$ |

    Embedding Screenshot [image/png 16989 bytes]

  &amp#27;[32mAnd &amp#27;[0m&amp#27;[32mUser clicks on login button&amp#27;[0m                   &amp#27;[90m# tek.sdet.framework.steps.SignInSteps.userClicksOnLoginButton()&amp#27;[0m

    Embedding Screenshot [image/png 16394 bytes]

  &amp#27;[32mThen &amp#27;[0m&amp#27;[32mUser should be logged into their account&amp#27;[0m     &amp#27;[90m# tek.sdet.framework.steps.SignInSteps.userShouldBeLoggedInToTheirAccount()&amp#27;[0m

    Embedding Screenshot [image/png 425554 bytes]

  &amp#27;[32mWhen &amp#27;[0m&amp#27;[32mUser click on All section&amp#27;[0m                    &amp#27;[90m# tek.sdet.framework.steps.RetailHomePageSteps.userClickOnAllSection()&amp#27;[0m

    Embedding Screenshot [image/png 231811 bytes]

  &amp#27;[32mAnd &amp#27;[0m&amp#27;[32mUser on &amp#27;[0m&amp#27;[32m&amp#27;[1m"Electronics"&amp#27;[0m                         &amp#27;[90m# tek.sdet.framework.steps.RetailHomePageSteps.userOnDepartment(java.lang.String)&amp#27;[0m

    Embedding Screenshot [image/png 225966 bytes]

  &amp#27;[32mThen &amp#27;[0m&amp#27;[32mbelow options are present in department&amp#27;[0m      &amp#27;[90m# tek.sdet.framework.steps.RetailHomePageSteps.belowOptionsArePresentInDepartment(io.cucumber.datatable.DataTable)&amp#27;[0m
    | TV & Video | Video Games |

    Embedding Screenshot [image/png 225966 bytes]

]]></system-out>
    <system-err><![CDATA[Starting ChromeDriver 113.0.5672.63 (0e1a4471d5ae5bf128b1bd8f4d627c8cbd55f70c-refs/branch-heads/5672@{#912}) on port 59750
Only local connections are allowed.
Please see https://chromedriver.chromium.org/security-considerations for suggestions on keeping ChromeDriver safe.
ChromeDriver was started successfully.
May 29, 2023 3:22:14 PM org.openqa.selenium.remote.ProtocolHandshake createSession
INFO: Detected upstream dialect: W3C
May 29, 2023 3:22:14 PM org.openqa.selenium.devtools.CdpVersionFinder findNearestMatch
WARNING: Unable to find an exact match for CDP version 113, so returning the closest version found: a no-op implementation
May 29, 2023 3:22:14 PM org.openqa.selenium.devtools.CdpVersionFinder findNearestMatch
INFO: Unable to find CDP implementation matching 113.
May 29, 2023 3:22:14 PM org.openqa.selenium.chromium.ChromiumDriver lambda$new$3
WARNING: Unable to find version of CDP to use for . You may need to include a dependency on a specific version of the CDP using something similar to `org.seleniumhq.selenium:selenium-devtools-v86:4.4.0` where the version ("v86") matches the version of the chromium-based browser you're using and the version number of the artifact is the same as Selenium's.
]]></system-err>
  </testcase>
  <testcase name="Verify Department sidebar options #2" classname="Retail Home Page" time="4.31">
    <system-out><![CDATA[
@RegressionTest
Scenario Outline: Verify Department sidebar options &amp#27;[90m# features/RetailHomePage.feature:27&amp#27;[0m
{browser=chrome, headless=true, url=https://tek-retail-ui.azurewebsites.net/}
  &amp#27;[32mGiven &amp#27;[0m&amp#27;[32mUser is on retail website&amp#27;[0m                   &amp#27;[90m# tek.sdet.framework.steps.SignInSteps.userIsOnRetailWebsite()&amp#27;[0m

    Embedding Screenshot [image/png 424424 bytes]

  &amp#27;[32mWhen &amp#27;[0m&amp#27;[32mUser clicks on Sign in option&amp#27;[0m                &amp#27;[90m# tek.sdet.framework.steps.SignInSteps.userClicksSignInLink()&amp#27;[0m

    Embedding Screenshot [image/png 14144 bytes]

  &amp#27;[32mAnd &amp#27;[0m&amp#27;[32mUser enters following login credentials&amp#27;[0m       &amp#27;[90m# tek.sdet.framework.steps.SignInSteps.userEntersFollowingLoginCredentials(io.cucumber.datatable.DataTable)&amp#27;[0m
    | Email                      | Password   |
    | SpongeBobss46@tekschool.us | Test12345$ |

    Embedding Screenshot [image/png 16989 bytes]

  &amp#27;[32mAnd &amp#27;[0m&amp#27;[32mUser clicks on login button&amp#27;[0m                   &amp#27;[90m# tek.sdet.framework.steps.SignInSteps.userClicksOnLoginButton()&amp#27;[0m

    Embedding Screenshot [image/png 16394 bytes]

  &amp#27;[32mThen &amp#27;[0m&amp#27;[32mUser should be logged into their account&amp#27;[0m     &amp#27;[90m# tek.sdet.framework.steps.SignInSteps.userShouldBeLoggedInToTheirAccount()&amp#27;[0m

    Embedding Screenshot [image/png 425554 bytes]

  &amp#27;[32mWhen &amp#27;[0m&amp#27;[32mUser click on All section&amp#27;[0m                    &amp#27;[90m# tek.sdet.framework.steps.RetailHomePageSteps.userClickOnAllSection()&amp#27;[0m

    Embedding Screenshot [image/png 231811 bytes]

  &amp#27;[32mAnd &amp#27;[0m&amp#27;[32mUser on &amp#27;[0m&amp#27;[32m&amp#27;[1m"Computers"&amp#27;[0m                           &amp#27;[90m# tek.sdet.framework.steps.RetailHomePageSteps.userOnDepartment(java.lang.String)&amp#27;[0m

    Embedding Screenshot [image/png 226073 bytes]

  &amp#27;[32mThen &amp#27;[0m&amp#27;[32mbelow options are present in department&amp#27;[0m      &amp#27;[90m# tek.sdet.framework.steps.RetailHomePageSteps.belowOptionsArePresentInDepartment(io.cucumber.datatable.DataTable)&amp#27;[0m
    | Accessories | Networking |

    Embedding Screenshot [image/png 226073 bytes]

]]></system-out>
    <system-err><![CDATA[Starting ChromeDriver 113.0.5672.63 (0e1a4471d5ae5bf128b1bd8f4d627c8cbd55f70c-refs/branch-heads/5672@{#912}) on port 63956
Only local connections are allowed.
Please see https://chromedriver.chromium.org/security-considerations for suggestions on keeping ChromeDriver safe.
ChromeDriver was started successfully.
May 29, 2023 3:22:19 PM org.openqa.selenium.remote.ProtocolHandshake createSession
INFO: Detected upstream dialect: W3C
May 29, 2023 3:22:19 PM org.openqa.selenium.devtools.CdpVersionFinder findNearestMatch
WARNING: Unable to find an exact match for CDP version 113, so returning the closest version found: a no-op implementation
May 29, 2023 3:22:19 PM org.openqa.selenium.devtools.CdpVersionFinder findNearestMatch
INFO: Unable to find CDP implementation matching 113.
May 29, 2023 3:22:19 PM org.openqa.selenium.chromium.ChromiumDriver lambda$new$3
WARNING: Unable to find version of CDP to use for . You may need to include a dependency on a specific version of the CDP using something similar to `org.seleniumhq.selenium:selenium-devtools-v86:4.4.0` where the version ("v86") matches the version of the chromium-based browser you're using and the version number of the artifact is the same as Selenium's.
]]></system-err>
  </testcase>
  <testcase name="Verify Department sidebar options #3" classname="Retail Home Page" time="4.514">
    <system-out><![CDATA[
@RegressionTest
Scenario Outline: Verify Department sidebar options &amp#27;[90m# features/RetailHomePage.feature:28&amp#27;[0m
{browser=chrome, headless=true, url=https://tek-retail-ui.azurewebsites.net/}
  &amp#27;[32mGiven &amp#27;[0m&amp#27;[32mUser is on retail website&amp#27;[0m                   &amp#27;[90m# tek.sdet.framework.steps.SignInSteps.userIsOnRetailWebsite()&amp#27;[0m

    Embedding Screenshot [image/png 424424 bytes]

  &amp#27;[32mWhen &amp#27;[0m&amp#27;[32mUser clicks on Sign in option&amp#27;[0m                &amp#27;[90m# tek.sdet.framework.steps.SignInSteps.userClicksSignInLink()&amp#27;[0m

    Embedding Screenshot [image/png 14144 bytes]

  &amp#27;[32mAnd &amp#27;[0m&amp#27;[32mUser enters following login credentials&amp#27;[0m       &amp#27;[90m# tek.sdet.framework.steps.SignInSteps.userEntersFollowingLoginCredentials(io.cucumber.datatable.DataTable)&amp#27;[0m
    | Email                      | Password   |
    | SpongeBobss46@tekschool.us | Test12345$ |

    Embedding Screenshot [image/png 16989 bytes]

  &amp#27;[32mAnd &amp#27;[0m&amp#27;[32mUser clicks on login button&amp#27;[0m                   &amp#27;[90m# tek.sdet.framework.steps.SignInSteps.userClicksOnLoginButton()&amp#27;[0m

    Embedding Screenshot [image/png 16394 bytes]

  &amp#27;[32mThen &amp#27;[0m&amp#27;[32mUser should be logged into their account&amp#27;[0m     &amp#27;[90m# tek.sdet.framework.steps.SignInSteps.userShouldBeLoggedInToTheirAccount()&amp#27;[0m

    Embedding Screenshot [image/png 425554 bytes]

  &amp#27;[32mWhen &amp#27;[0m&amp#27;[32mUser click on All section&amp#27;[0m                    &amp#27;[90m# tek.sdet.framework.steps.RetailHomePageSteps.userClickOnAllSection()&amp#27;[0m

    Embedding Screenshot [image/png 231811 bytes]

  &amp#27;[32mAnd &amp#27;[0m&amp#27;[32mUser on &amp#27;[0m&amp#27;[32m&amp#27;[1m"Smart Home"&amp#27;[0m                          &amp#27;[90m# tek.sdet.framework.steps.RetailHomePageSteps.userOnDepartment(java.lang.String)&amp#27;[0m

    Embedding Screenshot [image/png 226364 bytes]

  &amp#27;[32mThen &amp#27;[0m&amp#27;[32mbelow options are present in department&amp#27;[0m      &amp#27;[90m# tek.sdet.framework.steps.RetailHomePageSteps.belowOptionsArePresentInDepartment(io.cucumber.datatable.DataTable)&amp#27;[0m
    | Smart Home Lightning | Plugs and Outlets |

    Embedding Screenshot [image/png 226364 bytes]

]]></system-out>
    <system-err><![CDATA[Starting ChromeDriver 113.0.5672.63 (0e1a4471d5ae5bf128b1bd8f4d627c8cbd55f70c-refs/branch-heads/5672@{#912}) on port 64923
Only local connections are allowed.
Please see https://chromedriver.chromium.org/security-considerations for suggestions on keeping ChromeDriver safe.
ChromeDriver was started successfully.
May 29, 2023 3:22:23 PM org.openqa.selenium.remote.ProtocolHandshake createSession
INFO: Detected upstream dialect: W3C
May 29, 2023 3:22:23 PM org.openqa.selenium.devtools.CdpVersionFinder findNearestMatch
WARNING: Unable to find an exact match for CDP version 113, so returning the closest version found: a no-op implementation
May 29, 2023 3:22:23 PM org.openqa.selenium.devtools.CdpVersionFinder findNearestMatch
INFO: Unable to find CDP implementation matching 113.
May 29, 2023 3:22:23 PM org.openqa.selenium.chromium.ChromiumDriver lambda$new$3
WARNING: Unable to find version of CDP to use for . You may need to include a dependency on a specific version of the CDP using something similar to `org.seleniumhq.selenium:selenium-devtools-v86:4.4.0` where the version ("v86") matches the version of the chromium-based browser you're using and the version number of the artifact is the same as Selenium's.
]]></system-err>
  </testcase>
  <testcase name="Verify Department sidebar options #4" classname="Retail Home Page" time="4.177">
    <system-out><![CDATA[
@RegressionTest
Scenario Outline: Verify Department sidebar options &amp#27;[90m# features/RetailHomePage.feature:29&amp#27;[0m
{browser=chrome, headless=true, url=https://tek-retail-ui.azurewebsites.net/}
  &amp#27;[32mGiven &amp#27;[0m&amp#27;[32mUser is on retail website&amp#27;[0m                   &amp#27;[90m# tek.sdet.framework.steps.SignInSteps.userIsOnRetailWebsite()&amp#27;[0m

    Embedding Screenshot [image/png 424424 bytes]

  &amp#27;[32mWhen &amp#27;[0m&amp#27;[32mUser clicks on Sign in option&amp#27;[0m                &amp#27;[90m# tek.sdet.framework.steps.SignInSteps.userClicksSignInLink()&amp#27;[0m

    Embedding Screenshot [image/png 14144 bytes]

  &amp#27;[32mAnd &amp#27;[0m&amp#27;[32mUser enters following login credentials&amp#27;[0m       &amp#27;[90m# tek.sdet.framework.steps.SignInSteps.userEntersFollowingLoginCredentials(io.cucumber.datatable.DataTable)&amp#27;[0m
    | Email                      | Password   |
    | SpongeBobss46@tekschool.us | Test12345$ |

    Embedding Screenshot [image/png 16989 bytes]

  &amp#27;[32mAnd &amp#27;[0m&amp#27;[32mUser clicks on login button&amp#27;[0m                   &amp#27;[90m# tek.sdet.framework.steps.SignInSteps.userClicksOnLoginButton()&amp#27;[0m

    Embedding Screenshot [image/png 16394 bytes]

  &amp#27;[32mThen &amp#27;[0m&amp#27;[32mUser should be logged into their account&amp#27;[0m     &amp#27;[90m# tek.sdet.framework.steps.SignInSteps.userShouldBeLoggedInToTheirAccount()&amp#27;[0m

    Embedding Screenshot [image/png 425554 bytes]

  &amp#27;[32mWhen &amp#27;[0m&amp#27;[32mUser click on All section&amp#27;[0m                    &amp#27;[90m# tek.sdet.framework.steps.RetailHomePageSteps.userClickOnAllSection()&amp#27;[0m

    Embedding Screenshot [image/png 231811 bytes]

  &amp#27;[32mAnd &amp#27;[0m&amp#27;[32mUser on &amp#27;[0m&amp#27;[32m&amp#27;[1m"Sports"&amp#27;[0m                              &amp#27;[90m# tek.sdet.framework.steps.RetailHomePageSteps.userOnDepartment(java.lang.String)&amp#27;[0m

    Embedding Screenshot [image/png 226237 bytes]

  &amp#27;[32mThen &amp#27;[0m&amp#27;[32mbelow options are present in department&amp#27;[0m      &amp#27;[90m# tek.sdet.framework.steps.RetailHomePageSteps.belowOptionsArePresentInDepartment(io.cucumber.datatable.DataTable)&amp#27;[0m
    | Athletic Clothing | Exercise & Fitness |

    Embedding Screenshot [image/png 226237 bytes]

]]></system-out>
    <system-err><![CDATA[Starting ChromeDriver 113.0.5672.63 (0e1a4471d5ae5bf128b1bd8f4d627c8cbd55f70c-refs/branch-heads/5672@{#912}) on port 59320
Only local connections are allowed.
Please see https://chromedriver.chromium.org/security-considerations for suggestions on keeping ChromeDriver safe.
ChromeDriver was started successfully.
May 29, 2023 3:22:28 PM org.openqa.selenium.remote.ProtocolHandshake createSession
INFO: Detected upstream dialect: W3C
May 29, 2023 3:22:28 PM org.openqa.selenium.devtools.CdpVersionFinder findNearestMatch
WARNING: Unable to find an exact match for CDP version 113, so returning the closest version found: a no-op implementation
May 29, 2023 3:22:28 PM org.openqa.selenium.devtools.CdpVersionFinder findNearestMatch
INFO: Unable to find CDP implementation matching 113.
May 29, 2023 3:22:28 PM org.openqa.selenium.chromium.ChromiumDriver lambda$new$3
WARNING: Unable to find version of CDP to use for . You may need to include a dependency on a specific version of the CDP using something similar to `org.seleniumhq.selenium:selenium-devtools-v86:4.4.0` where the version ("v86") matches the version of the chromium-based browser you're using and the version number of the artifact is the same as Selenium's.
]]></system-err>
  </testcase>
  <testcase name="Verify Department sidebar options #5" classname="Retail Home Page" time="3.903">
    <system-out><![CDATA[
@RegressionTest
Scenario Outline: Verify Department sidebar options &amp#27;[90m# features/RetailHomePage.feature:30&amp#27;[0m
{browser=chrome, headless=true, url=https://tek-retail-ui.azurewebsites.net/}
  &amp#27;[32mGiven &amp#27;[0m&amp#27;[32mUser is on retail website&amp#27;[0m                   &amp#27;[90m# tek.sdet.framework.steps.SignInSteps.userIsOnRetailWebsite()&amp#27;[0m

    Embedding Screenshot [image/png 424424 bytes]

  &amp#27;[32mWhen &amp#27;[0m&amp#27;[32mUser clicks on Sign in option&amp#27;[0m                &amp#27;[90m# tek.sdet.framework.steps.SignInSteps.userClicksSignInLink()&amp#27;[0m

    Embedding Screenshot [image/png 14144 bytes]

  &amp#27;[32mAnd &amp#27;[0m&amp#27;[32mUser enters following login credentials&amp#27;[0m       &amp#27;[90m# tek.sdet.framework.steps.SignInSteps.userEntersFollowingLoginCredentials(io.cucumber.datatable.DataTable)&amp#27;[0m
    | Email                      | Password   |
    | SpongeBobss46@tekschool.us | Test12345$ |

    Embedding Screenshot [image/png 16989 bytes]

  &amp#27;[32mAnd &amp#27;[0m&amp#27;[32mUser clicks on login button&amp#27;[0m                   &amp#27;[90m# tek.sdet.framework.steps.SignInSteps.userClicksOnLoginButton()&amp#27;[0m

    Embedding Screenshot [image/png 16394 bytes]

  &amp#27;[32mThen &amp#27;[0m&amp#27;[32mUser should be logged into their account&amp#27;[0m     &amp#27;[90m# tek.sdet.framework.steps.SignInSteps.userShouldBeLoggedInToTheirAccount()&amp#27;[0m

    Embedding Screenshot [image/png 425554 bytes]

  &amp#27;[32mWhen &amp#27;[0m&amp#27;[32mUser click on All section&amp#27;[0m                    &amp#27;[90m# tek.sdet.framework.steps.RetailHomePageSteps.userClickOnAllSection()&amp#27;[0m

    Embedding Screenshot [image/png 231811 bytes]

  &amp#27;[32mAnd &amp#27;[0m&amp#27;[32mUser on &amp#27;[0m&amp#27;[32m&amp#27;[1m"Automative"&amp#27;[0m                          &amp#27;[90m# tek.sdet.framework.steps.RetailHomePageSteps.userOnDepartment(java.lang.String)&amp#27;[0m

    Embedding Screenshot [image/png 228127 bytes]

  &amp#27;[32mThen &amp#27;[0m&amp#27;[32mbelow options are present in department&amp#27;[0m      &amp#27;[90m# tek.sdet.framework.steps.RetailHomePageSteps.belowOptionsArePresentInDepartment(io.cucumber.datatable.DataTable)&amp#27;[0m
    | Automative Parts & Accessories | MotorCycle & Powersports |

    Embedding Screenshot [image/png 228127 bytes]

]]></system-out>
    <system-err><![CDATA[Starting ChromeDriver 113.0.5672.63 (0e1a4471d5ae5bf128b1bd8f4d627c8cbd55f70c-refs/branch-heads/5672@{#912}) on port 51522
Only local connections are allowed.
Please see https://chromedriver.chromium.org/security-considerations for suggestions on keeping ChromeDriver safe.
ChromeDriver was started successfully.
May 29, 2023 3:22:32 PM org.openqa.selenium.remote.ProtocolHandshake createSession
INFO: Detected upstream dialect: W3C
May 29, 2023 3:22:32 PM org.openqa.selenium.devtools.CdpVersionFinder findNearestMatch
WARNING: Unable to find an exact match for CDP version 113, so returning the closest version found: a no-op implementation
May 29, 2023 3:22:32 PM org.openqa.selenium.devtools.CdpVersionFinder findNearestMatch
INFO: Unable to find CDP implementation matching 113.
May 29, 2023 3:22:32 PM org.openqa.selenium.chromium.ChromiumDriver lambda$new$3
WARNING: Unable to find version of CDP to use for . You may need to include a dependency on a specific version of the CDP using something similar to `org.seleniumhq.selenium:selenium-devtools-v86:4.4.0` where the version ("v86") matches the version of the chromium-based browser you're using and the version number of the artifact is the same as Selenium's.
]]></system-err>
  </testcase>
  <testcase name="Verify User can add an item to cart" classname="Retail Home Page" time="5.323">
    <system-out><![CDATA[
@RegressionTest
Scenario: Verify User can add an item to cart           &amp#27;[90m# features/RetailHomePage.feature:32&amp#27;[0m
{browser=chrome, headless=true, url=https://tek-retail-ui.azurewebsites.net/}
  &amp#27;[32mGiven &amp#27;[0m&amp#27;[32mUser is on retail website&amp#27;[0m                       &amp#27;[90m# tek.sdet.framework.steps.SignInSteps.userIsOnRetailWebsite()&amp#27;[0m

    Embedding Screenshot [image/png 424424 bytes]

  &amp#27;[32mWhen &amp#27;[0m&amp#27;[32mUser clicks on Sign in option&amp#27;[0m                    &amp#27;[90m# tek.sdet.framework.steps.SignInSteps.userClicksSignInLink()&amp#27;[0m

    Embedding Screenshot [image/png 14144 bytes]

  &amp#27;[32mAnd &amp#27;[0m&amp#27;[32mUser enters following login credentials&amp#27;[0m           &amp#27;[90m# tek.sdet.framework.steps.SignInSteps.userEntersFollowingLoginCredentials(io.cucumber.datatable.DataTable)&amp#27;[0m
    | Email                      | Password   |
    | SpongeBobss46@tekschool.us | Test12345$ |

    Embedding Screenshot [image/png 16989 bytes]

  &amp#27;[32mAnd &amp#27;[0m&amp#27;[32mUser clicks on login button&amp#27;[0m                       &amp#27;[90m# tek.sdet.framework.steps.SignInSteps.userClicksOnLoginButton()&amp#27;[0m

    Embedding Screenshot [image/png 16394 bytes]

  &amp#27;[32mThen &amp#27;[0m&amp#27;[32mUser should be logged into their account&amp#27;[0m         &amp#27;[90m# tek.sdet.framework.steps.SignInSteps.userShouldBeLoggedInToTheirAccount()&amp#27;[0m

    Embedding Screenshot [image/png 425554 bytes]

  &amp#27;[32mWhen &amp#27;[0m&amp#27;[32mUser change the category to &amp#27;[0m&amp#27;[32m&amp#27;[1m'Smart Home'&amp#27;[0m         &amp#27;[90m# tek.sdet.framework.steps.RetailHomePageSteps.userChangeTheCategoryTo(java.lang.String)&amp#27;[0m

    Embedding Screenshot [image/png 425617 bytes]

  &amp#27;[32mAnd &amp#27;[0m&amp#27;[32mUser search for an item &amp#27;[0m&amp#27;[32m&amp#27;[1m'Kasa outdoor smart plug'&amp#27;[0m &amp#27;[90m# tek.sdet.framework.steps.RetailHomePageSteps.userSearchForAnItem(java.lang.String)&amp#27;[0m

    Embedding Screenshot [image/png 427720 bytes]

  &amp#27;[32mAnd &amp#27;[0m&amp#27;[32mUser click on Search icon&amp#27;[0m                         &amp#27;[90m# tek.sdet.framework.steps.RetailHomePageSteps.userClickOnSearchIcon()&amp#27;[0m

    Embedding Screenshot [image/png 11832 bytes]

  &amp#27;[32mAnd &amp#27;[0m&amp#27;[32mUser click on item&amp#27;[0m                                &amp#27;[90m# tek.sdet.framework.steps.RetailHomePageSteps.userClickOnItem()&amp#27;[0m

    Embedding Screenshot [image/png 13386 bytes]

  &amp#27;[32mAnd &amp#27;[0m&amp#27;[32mUser select quantity &amp#27;[0m&amp#27;[32m&amp#27;[1m'2'&amp#27;[0m                          &amp#27;[90m# tek.sdet.framework.steps.RetailHomePageSteps.userSelectQuantity(java.lang.String)&amp#27;[0m

    Embedding Screenshot [image/png 104147 bytes]

  &amp#27;[32mAnd &amp#27;[0m&amp#27;[32mUser click add to Cart button&amp#27;[0m                     &amp#27;[90m# tek.sdet.framework.steps.RetailHomePageSteps.userClickAddToCartButton()&amp#27;[0m

    Embedding Screenshot [image/png 104188 bytes]

  &amp#27;[32mThen &amp#27;[0m&amp#27;[32mthe cart icon quantity should change to &amp#27;[0m&amp#27;[32m&amp#27;[1m"2"&amp#27;[0m      &amp#27;[90m# tek.sdet.framework.steps.RetailHomePageSteps.theCartIconQuantityShouldChangeTo(java.lang.String)&amp#27;[0m

    Embedding Screenshot [image/png 105886 bytes]

]]></system-out>
    <system-err><![CDATA[Starting ChromeDriver 113.0.5672.63 (0e1a4471d5ae5bf128b1bd8f4d627c8cbd55f70c-refs/branch-heads/5672@{#912}) on port 54884
Only local connections are allowed.
Please see https://chromedriver.chromium.org/security-considerations for suggestions on keeping ChromeDriver safe.
ChromeDriver was started successfully.
May 29, 2023 3:22:36 PM org.openqa.selenium.remote.ProtocolHandshake createSession
INFO: Detected upstream dialect: W3C
May 29, 2023 3:22:36 PM org.openqa.selenium.devtools.CdpVersionFinder findNearestMatch
WARNING: Unable to find an exact match for CDP version 113, so returning the closest version found: a no-op implementation
May 29, 2023 3:22:36 PM org.openqa.selenium.devtools.CdpVersionFinder findNearestMatch
INFO: Unable to find CDP implementation matching 113.
May 29, 2023 3:22:36 PM org.openqa.selenium.chromium.ChromiumDriver lambda$new$3
WARNING: Unable to find version of CDP to use for . You may need to include a dependency on a specific version of the CDP using something similar to `org.seleniumhq.selenium:selenium-devtools-v86:4.4.0` where the version ("v86") matches the version of the chromium-based browser you're using and the version number of the artifact is the same as Selenium's.
]]></system-err>
  </testcase>
  <testcase name="Verify User can place an order without Shipping address and payment Method on file" classname="Retail Home Page" time="5.067">
    <system-out><![CDATA[
@RegressionTest
Scenario: Verify User can place an order without Shipping address and payment Method on file &amp#27;[90m# features/RetailHomePage.feature:41&amp#27;[0m
{browser=chrome, headless=true, url=https://tek-retail-ui.azurewebsites.net/}
  &amp#27;[32mGiven &amp#27;[0m&amp#27;[32mUser is on retail website&amp#27;[0m                                                            &amp#27;[90m# tek.sdet.framework.steps.SignInSteps.userIsOnRetailWebsite()&amp#27;[0m

    Embedding Screenshot [image/png 424424 bytes]

  &amp#27;[32mWhen &amp#27;[0m&amp#27;[32mUser clicks on Sign in option&amp#27;[0m                                                         &amp#27;[90m# tek.sdet.framework.steps.SignInSteps.userClicksSignInLink()&amp#27;[0m

    Embedding Screenshot [image/png 14144 bytes]

  &amp#27;[32mAnd &amp#27;[0m&amp#27;[32mUser enters following login credentials&amp#27;[0m                                                &amp#27;[90m# tek.sdet.framework.steps.SignInSteps.userEntersFollowingLoginCredentials(io.cucumber.datatable.DataTable)&amp#27;[0m
    | Email                      | Password   |
    | SpongeBobss46@tekschool.us | Test12345$ |

    Embedding Screenshot [image/png 16989 bytes]

  &amp#27;[32mAnd &amp#27;[0m&amp#27;[32mUser clicks on login button&amp#27;[0m                                                            &amp#27;[90m# tek.sdet.framework.steps.SignInSteps.userClicksOnLoginButton()&amp#27;[0m

    Embedding Screenshot [image/png 16394 bytes]

  &amp#27;[32mThen &amp#27;[0m&amp#27;[32mUser should be logged into their account&amp#27;[0m                                              &amp#27;[90m# tek.sdet.framework.steps.SignInSteps.userShouldBeLoggedInToTheirAccount()&amp#27;[0m

    Embedding Screenshot [image/png 425554 bytes]

  &amp#27;[32mWhen &amp#27;[0m&amp#27;[32mUser click on Cart option&amp#27;[0m                                                             &amp#27;[90m# tek.sdet.framework.steps.RetailHomePageSteps.userClickOnCartOption()&amp#27;[0m

    Embedding Screenshot [image/png 37124 bytes]

  &amp#27;[32mAnd &amp#27;[0m&amp#27;[32mUser click on Proceed to Checkout button&amp#27;[0m                                               &amp#27;[90m# tek.sdet.framework.steps.RetailHomePageSteps.userClickOnProceedToCheckoutButton()&amp#27;[0m

    Embedding Screenshot [image/png 47361 bytes]

  &amp#27;[32mAnd &amp#27;[0m&amp#27;[32mUser click Add a new address link for shipping address&amp#27;[0m                                 &amp#27;[90m# tek.sdet.framework.steps.RetailHomePageSteps.userClickAddANewAddressLinkForShippingAddress()&amp#27;[0m

    Embedding Screenshot [image/png 33879 bytes]

  &amp#27;[32mAnd &amp#27;[0m&amp#27;[32muser fill new address form during checkout&amp#27;[0m                                             &amp#27;[90m# tek.sdet.framework.steps.RetailHomePageSteps.user_fill_new_address_form_with_below_information(io.cucumber.datatable.DataTable)&amp#27;[0m
    | country       | fullName | phoneNumber | address | apt | city | state | zipCode |
    | United States | fullName | phoneNumber | address | apt | city | state | zipCode |

    Embedding Screenshot [image/png 36781 bytes]

  &amp#27;[32mAnd &amp#27;[0m&amp#27;[32mUser click Add Your Address button&amp#27;[0m                                                     &amp#27;[90m# tek.sdet.framework.steps.AddressFeaturesSteps.userClickAddYourAddressButton()&amp#27;[0m

    Embedding Screenshot [image/png 36745 bytes]

  &amp#27;[32mAnd &amp#27;[0m&amp#27;[32mUser click Add a credit card or Debit Card for Payment method&amp#27;[0m                          &amp#27;[90m# tek.sdet.framework.steps.RetailHomePageSteps.userClickAddACreditCardOrDebitCardForPaymentMethod()&amp#27;[0m

    Embedding Screenshot [image/png 40224 bytes]

  &amp#27;[32mAnd &amp#27;[0m&amp#27;[32mUser fills debit or credit card information during checkout&amp#27;[0m                            &amp#27;[90m# tek.sdet.framework.steps.RetailHomePageSteps.userFillsDebitOrCreditCardInformation(io.cucumber.datatable.DataTable)&amp#27;[0m
    | cardNumber | nameOnCard | expirationMonth | expirationYear | securityCode |
    | cardNumber | fullName   | 7               | 2025           | ccv          |

    Embedding Screenshot [image/png 54489 bytes]

  &amp#27;[32mAnd &amp#27;[0m&amp#27;[32mUser click on Add your card button&amp#27;[0m                                                     &amp#27;[90m# tek.sdet.framework.steps.AddPaymentSteps.userClickOnAddYourCardButton()&amp#27;[0m

    Embedding Screenshot [image/png 54489 bytes]

  &amp#27;[32mAnd &amp#27;[0m&amp#27;[32mUser click on Place Your Order&amp#27;[0m                                                         &amp#27;[90m# tek.sdet.framework.steps.RetailHomePageSteps.userClickOnPlaceYourOrder()&amp#27;[0m

    Embedding Screenshot [image/png 52094 bytes]

  &amp#27;[32mThen &amp#27;[0m&amp#27;[32mOrder placed message should be displayed &amp#27;[0m&amp#27;[32m&amp#27;[1m"Order Placed, Thanks"&amp#27;[0m                       &amp#27;[90m# tek.sdet.framework.steps.RetailHomePageSteps.aMessageShouldBeDisplayedOrderPlacedThanks(java.lang.String)&amp#27;[0m

    Embedding Screenshot [image/png 44781 bytes]

]]></system-out>
    <system-err><![CDATA[Starting ChromeDriver 113.0.5672.63 (0e1a4471d5ae5bf128b1bd8f4d627c8cbd55f70c-refs/branch-heads/5672@{#912}) on port 50489
Only local connections are allowed.
Please see https://chromedriver.chromium.org/security-considerations for suggestions on keeping ChromeDriver safe.
ChromeDriver was started successfully.
May 29, 2023 3:22:41 PM org.openqa.selenium.remote.ProtocolHandshake createSession
INFO: Detected upstream dialect: W3C
May 29, 2023 3:22:41 PM org.openqa.selenium.devtools.CdpVersionFinder findNearestMatch
WARNING: Unable to find an exact match for CDP version 113, so returning the closest version found: a no-op implementation
May 29, 2023 3:22:41 PM org.openqa.selenium.devtools.CdpVersionFinder findNearestMatch
INFO: Unable to find CDP implementation matching 113.
May 29, 2023 3:22:41 PM org.openqa.selenium.chromium.ChromiumDriver lambda$new$3
WARNING: Unable to find version of CDP to use for . You may need to include a dependency on a specific version of the CDP using something similar to `org.seleniumhq.selenium:selenium-devtools-v86:4.4.0` where the version ("v86") matches the version of the chromium-based browser you're using and the version number of the artifact is the same as Selenium's.
]]></system-err>
  </testcase>
  <testcase name="Verify User can place an order with Shipping address and payment Method on file" classname="Retail Home Page" time="6.61">
    <system-out><![CDATA[
@RegressionTest
Scenario: Verify User can place an order with Shipping address and payment Method on file &amp#27;[90m# features/RetailHomePage.feature:57&amp#27;[0m
{browser=chrome, headless=true, url=https://tek-retail-ui.azurewebsites.net/}
  &amp#27;[32mGiven &amp#27;[0m&amp#27;[32mUser is on retail website&amp#27;[0m                                                         &amp#27;[90m# tek.sdet.framework.steps.SignInSteps.userIsOnRetailWebsite()&amp#27;[0m

    Embedding Screenshot [image/png 424424 bytes]

  &amp#27;[32mWhen &amp#27;[0m&amp#27;[32mUser clicks on Sign in option&amp#27;[0m                                                      &amp#27;[90m# tek.sdet.framework.steps.SignInSteps.userClicksSignInLink()&amp#27;[0m

    Embedding Screenshot [image/png 14144 bytes]

  &amp#27;[32mAnd &amp#27;[0m&amp#27;[32mUser enters following login credentials&amp#27;[0m                                             &amp#27;[90m# tek.sdet.framework.steps.SignInSteps.userEntersFollowingLoginCredentials(io.cucumber.datatable.DataTable)&amp#27;[0m
    | Email                      | Password   |
    | SpongeBobss46@tekschool.us | Test12345$ |

    Embedding Screenshot [image/png 16989 bytes]

  &amp#27;[32mAnd &amp#27;[0m&amp#27;[32mUser clicks on login button&amp#27;[0m                                                         &amp#27;[90m# tek.sdet.framework.steps.SignInSteps.userClicksOnLoginButton()&amp#27;[0m

    Embedding Screenshot [image/png 16394 bytes]

  &amp#27;[32mThen &amp#27;[0m&amp#27;[32mUser should be logged into their account&amp#27;[0m                                           &amp#27;[90m# tek.sdet.framework.steps.SignInSteps.userShouldBeLoggedInToTheirAccount()&amp#27;[0m

    Embedding Screenshot [image/png 425554 bytes]

  &amp#27;[32mAnd &amp#27;[0m&amp#27;[32mUser change the category to &amp#27;[0m&amp#27;[32m&amp#27;[1m'Electronics'&amp#27;[0m                                           &amp#27;[90m# tek.sdet.framework.steps.RetailHomePageSteps.userChangeTheCategoryTo(java.lang.String)&amp#27;[0m

    Embedding Screenshot [image/png 425509 bytes]

  &amp#27;[32mAnd &amp#27;[0m&amp#27;[32mUser search for an item &amp#27;[0m&amp#27;[32m&amp#27;[1m'Apex Legends'&amp#27;[0m                                              &amp#27;[90m# tek.sdet.framework.steps.RetailHomePageSteps.userSearchForAnItem(java.lang.String)&amp#27;[0m

    Embedding Screenshot [image/png 428097 bytes]

  &amp#27;[32mAnd &amp#27;[0m&amp#27;[32mUser click on Search icon&amp#27;[0m                                                           &amp#27;[90m# tek.sdet.framework.steps.RetailHomePageSteps.userClickOnSearchIcon()&amp#27;[0m

    Embedding Screenshot [image/png 425206 bytes]

  &amp#27;[32mAnd &amp#27;[0m&amp#27;[32mUser click on item&amp#27;[0m                                                                  &amp#27;[90m# tek.sdet.framework.steps.RetailHomePageSteps.userClickOnItem()&amp#27;[0m

    Embedding Screenshot [image/png 13460 bytes]

  &amp#27;[32mAnd &amp#27;[0m&amp#27;[32mUser select quantity &amp#27;[0m&amp#27;[32m&amp#27;[1m'5'&amp#27;[0m                                                            &amp#27;[90m# tek.sdet.framework.steps.RetailHomePageSteps.userSelectQuantity(java.lang.String)&amp#27;[0m

    Embedding Screenshot [image/png 228555 bytes]

  &amp#27;[32mAnd &amp#27;[0m&amp#27;[32mUser click add to Cart button&amp#27;[0m                                                       &amp#27;[90m# tek.sdet.framework.steps.RetailHomePageSteps.userClickAddToCartButton()&amp#27;[0m

    Embedding Screenshot [image/png 228531 bytes]

  &amp#27;[32mThen &amp#27;[0m&amp#27;[32mthe cart icon quantity should change to &amp#27;[0m&amp#27;[32m&amp#27;[1m'5'&amp#27;[0m                                        &amp#27;[90m# tek.sdet.framework.steps.RetailHomePageSteps.theCartIconQuantityShouldChangeTo(java.lang.String)&amp#27;[0m

    Embedding Screenshot [image/png 230648 bytes]

  &amp#27;[32mAnd &amp#27;[0m&amp#27;[32mUser click on Cart option&amp#27;[0m                                                           &amp#27;[90m# tek.sdet.framework.steps.RetailHomePageSteps.userClickOnCartOption()&amp#27;[0m

    Embedding Screenshot [image/png 69610 bytes]

  &amp#27;[32mAnd &amp#27;[0m&amp#27;[32mUser click on Proceed to Checkout button&amp#27;[0m                                            &amp#27;[90m# tek.sdet.framework.steps.RetailHomePageSteps.userClickOnProceedToCheckoutButton()&amp#27;[0m

    Embedding Screenshot [image/png 46906 bytes]

  &amp#27;[32mAnd &amp#27;[0m&amp#27;[32mUser click on Place Your Order&amp#27;[0m                                                      &amp#27;[90m# tek.sdet.framework.steps.RetailHomePageSteps.userClickOnPlaceYourOrder()&amp#27;[0m

    Embedding Screenshot [image/png 46906 bytes]

  &amp#27;[32mThen &amp#27;[0m&amp#27;[32mOrder placed message should be displayed &amp#27;[0m&amp#27;[32m&amp#27;[1m"Order Placed, Thanks"&amp#27;[0m                    &amp#27;[90m# tek.sdet.framework.steps.RetailHomePageSteps.aMessageShouldBeDisplayedOrderPlacedThanks(java.lang.String)&amp#27;[0m

    Embedding Screenshot [image/png 25093 bytes]

]]></system-out>
    <system-err><![CDATA[Starting ChromeDriver 113.0.5672.63 (0e1a4471d5ae5bf128b1bd8f4d627c8cbd55f70c-refs/branch-heads/5672@{#912}) on port 62313
Only local connections are allowed.
Please see https://chromedriver.chromium.org/security-considerations for suggestions on keeping ChromeDriver safe.
ChromeDriver was started successfully.
May 29, 2023 3:22:46 PM org.openqa.selenium.remote.ProtocolHandshake createSession
INFO: Detected upstream dialect: W3C
May 29, 2023 3:22:46 PM org.openqa.selenium.devtools.CdpVersionFinder findNearestMatch
WARNING: Unable to find an exact match for CDP version 113, so returning the closest version found: a no-op implementation
May 29, 2023 3:22:46 PM org.openqa.selenium.devtools.CdpVersionFinder findNearestMatch
INFO: Unable to find CDP implementation matching 113.
May 29, 2023 3:22:46 PM org.openqa.selenium.chromium.ChromiumDriver lambda$new$3
WARNING: Unable to find version of CDP to use for . You may need to include a dependency on a specific version of the CDP using something similar to `org.seleniumhq.selenium:selenium-devtools-v86:4.4.0` where the version ("v86") matches the version of the chromium-based browser you're using and the version number of the artifact is the same as Selenium's.
]]></system-err>
  </testcase>
  <testcase name="Verify User can cancel the order" classname="Retail Order Page functionalities. User can review, cancel, or return an order." time="20.902">
    <system-out><![CDATA[
@RegressionTest
Scenario: Verify User can cancel the order                                              &amp#27;[90m# features/RetailOrderPage.feature:14&amp#27;[0m
{browser=chrome, headless=true, url=https://tek-retail-ui.azurewebsites.net/}
  &amp#27;[32mGiven &amp#27;[0m&amp#27;[32mUser is on retail website&amp#27;[0m                                                       &amp#27;[90m# tek.sdet.framework.steps.SignInSteps.userIsOnRetailWebsite()&amp#27;[0m

    Embedding Screenshot [image/png 424424 bytes]

  &amp#27;[32mWhen &amp#27;[0m&amp#27;[32mUser clicks on Sign in option&amp#27;[0m                                                    &amp#27;[90m# tek.sdet.framework.steps.SignInSteps.userClicksSignInLink()&amp#27;[0m

    Embedding Screenshot [image/png 14144 bytes]

  &amp#27;[32mAnd &amp#27;[0m&amp#27;[32mUser enters following login credentials&amp#27;[0m                                           &amp#27;[90m# tek.sdet.framework.steps.SignInSteps.userEntersFollowingLoginCredentials(io.cucumber.datatable.DataTable)&amp#27;[0m
    | Email                      | Password   |
    | SpongeBobss46@tekschool.us | Test12345$ |

    Embedding Screenshot [image/png 16989 bytes]

  &amp#27;[32mAnd &amp#27;[0m&amp#27;[32mUser clicks on login button&amp#27;[0m                                                       &amp#27;[90m# tek.sdet.framework.steps.SignInSteps.userClicksOnLoginButton()&amp#27;[0m

    Embedding Screenshot [image/png 16394 bytes]

  &amp#27;[32mThen &amp#27;[0m&amp#27;[32mUser should be logged into their account&amp#27;[0m                                         &amp#27;[90m# tek.sdet.framework.steps.SignInSteps.userShouldBeLoggedInToTheirAccount()&amp#27;[0m

    Embedding Screenshot [image/png 425554 bytes]

  &amp#27;[32mAnd &amp#27;[0m&amp#27;[32mUser click on Orders section&amp#27;[0m                                                      &amp#27;[90m# tek.sdet.framework.steps.RetailOrderPageSteps.userClickOnOrdersSection()&amp#27;[0m

    Embedding Screenshot [image/png 18753 bytes]

  &amp#27;[32mWhen &amp#27;[0m&amp#27;[32mUser click on first order in list&amp#27;[0m                                                &amp#27;[90m# tek.sdet.framework.steps.RetailOrderPageSteps.userClickOnFirstOrderInList()&amp#27;[0m

    Embedding Screenshot [image/png 65434 bytes]

  &amp#27;[32mAnd &amp#27;[0m&amp#27;[32mUser click on Cancel The Order button&amp#27;[0m                                             &amp#27;[90m# tek.sdet.framework.steps.RetailOrderPageSteps.UesrClickOnCancelTheOrderButton()&amp#27;[0m

    Embedding Screenshot [image/png 36212 bytes]

  &amp#27;[32mAnd &amp#27;[0m&amp#27;[32mUser select the cancelation Reason &amp#27;[0m&amp#27;[32m&amp#27;[1m"Bought wrong item"&amp#27;[0m                            &amp#27;[90m# tek.sdet.framework.steps.RetailOrderPageSteps.UserSelectTheCancelationReason(java.lang.String)&amp#27;[0m

    Embedding Screenshot [image/png 36123 bytes]

  &amp#27;[32mAnd &amp#27;[0m&amp#27;[32mUser click on Cancel Order button&amp#27;[0m                                                 &amp#27;[90m# tek.sdet.framework.steps.RetailOrderPageSteps.UserClickOnCancelOrderButoon()&amp#27;[0m

    Embedding Screenshot [image/png 35980 bytes]

  &amp#27;[32mThen &amp#27;[0m&amp#27;[32mA message should be displayed for canceled order &amp#27;[0m&amp#27;[32m&amp#27;[1m"Your Order Has Been Cancelled"&amp#27;[0m &amp#27;[90m# tek.sdet.framework.steps.RetailOrderPageSteps.aMessageShouldBeDisplayedForCanceledOrder(java.lang.String)&amp#27;[0m

    Embedding Screenshot [image/png 24891 bytes]

]]></system-out>
    <system-err><![CDATA[Starting ChromeDriver 113.0.5672.63 (0e1a4471d5ae5bf128b1bd8f4d627c8cbd55f70c-refs/branch-heads/5672@{#912}) on port 64642
Only local connections are allowed.
Please see https://chromedriver.chromium.org/security-considerations for suggestions on keeping ChromeDriver safe.
ChromeDriver was started successfully.
May 29, 2023 3:22:53 PM org.openqa.selenium.remote.ProtocolHandshake createSession
INFO: Detected upstream dialect: W3C
May 29, 2023 3:22:53 PM org.openqa.selenium.devtools.CdpVersionFinder findNearestMatch
WARNING: Unable to find an exact match for CDP version 113, so returning the closest version found: a no-op implementation
May 29, 2023 3:22:53 PM org.openqa.selenium.devtools.CdpVersionFinder findNearestMatch
INFO: Unable to find CDP implementation matching 113.
May 29, 2023 3:22:53 PM org.openqa.selenium.chromium.ChromiumDriver lambda$new$3
WARNING: Unable to find version of CDP to use for . You may need to include a dependency on a specific version of the CDP using something similar to `org.seleniumhq.selenium:selenium-devtools-v86:4.4.0` where the version ("v86") matches the version of the chromium-based browser you're using and the version number of the artifact is the same as Selenium's.
]]></system-err>
  </testcase>
  <testcase name="Verify User can Return the order" classname="Retail Order Page functionalities. User can review, cancel, or return an order." time="21.135">
    <system-out><![CDATA[
@RegressionTest
Scenario: Verify User can Return the order                                   &amp#27;[90m# features/RetailOrderPage.feature:22&amp#27;[0m
{browser=chrome, headless=true, url=https://tek-retail-ui.azurewebsites.net/}
  &amp#27;[32mGiven &amp#27;[0m&amp#27;[32mUser is on retail website&amp#27;[0m                                            &amp#27;[90m# tek.sdet.framework.steps.SignInSteps.userIsOnRetailWebsite()&amp#27;[0m

    Embedding Screenshot [image/png 424424 bytes]

  &amp#27;[32mWhen &amp#27;[0m&amp#27;[32mUser clicks on Sign in option&amp#27;[0m                                         &amp#27;[90m# tek.sdet.framework.steps.SignInSteps.userClicksSignInLink()&amp#27;[0m

    Embedding Screenshot [image/png 14144 bytes]

  &amp#27;[32mAnd &amp#27;[0m&amp#27;[32mUser enters following login credentials&amp#27;[0m                                &amp#27;[90m# tek.sdet.framework.steps.SignInSteps.userEntersFollowingLoginCredentials(io.cucumber.datatable.DataTable)&amp#27;[0m
    | Email                      | Password   |
    | SpongeBobss46@tekschool.us | Test12345$ |

    Embedding Screenshot [image/png 16989 bytes]

  &amp#27;[32mAnd &amp#27;[0m&amp#27;[32mUser clicks on login button&amp#27;[0m                                            &amp#27;[90m# tek.sdet.framework.steps.SignInSteps.userClicksOnLoginButton()&amp#27;[0m

    Embedding Screenshot [image/png 16394 bytes]

  &amp#27;[32mThen &amp#27;[0m&amp#27;[32mUser should be logged into their account&amp#27;[0m                              &amp#27;[90m# tek.sdet.framework.steps.SignInSteps.userShouldBeLoggedInToTheirAccount()&amp#27;[0m

    Embedding Screenshot [image/png 425554 bytes]

  &amp#27;[32mAnd &amp#27;[0m&amp#27;[32mUser click on Orders section&amp#27;[0m                                           &amp#27;[90m# tek.sdet.framework.steps.RetailOrderPageSteps.userClickOnOrdersSection()&amp#27;[0m

    Embedding Screenshot [image/png 18753 bytes]

  &amp#27;[32mWhen &amp#27;[0m&amp#27;[32mUser click on first order in list&amp#27;[0m                                     &amp#27;[90m# tek.sdet.framework.steps.RetailOrderPageSteps.userClickOnFirstOrderInList()&amp#27;[0m

    Embedding Screenshot [image/png 65397 bytes]

  &amp#27;[32mAnd &amp#27;[0m&amp#27;[32mUser click on Return Items button&amp#27;[0m                                      &amp#27;[90m# tek.sdet.framework.steps.RetailOrderPageSteps.userClickOnReturnItemsButton()&amp#27;[0m

    Embedding Screenshot [image/png 51390 bytes]

  &amp#27;[32mAnd &amp#27;[0m&amp#27;[32mUser select the Return Reason &amp#27;[0m&amp#27;[32m&amp#27;[1m"Item damaged"&amp#27;[0m                           &amp#27;[90m# tek.sdet.framework.steps.RetailOrderPageSteps.userSelectTheReturnReason(java.lang.String)&amp#27;[0m

    Embedding Screenshot [image/png 51195 bytes]

  &amp#27;[32mAnd &amp#27;[0m&amp#27;[32mUser select the drop off service &amp#27;[0m&amp#27;[32m&amp#27;[1m"FedEx"&amp#27;[0m                               &amp#27;[90m# tek.sdet.framework.steps.RetailOrderPageSteps.userSelectTheDropOffService(java.lang.String)&amp#27;[0m

    Embedding Screenshot [image/png 50491 bytes]

  &amp#27;[32mAnd &amp#27;[0m&amp#27;[32mUser click on Return Order button&amp#27;[0m                                      &amp#27;[90m# tek.sdet.framework.steps.RetailOrderPageSteps.userClickOnReturnOrderButton()&amp#27;[0m

    Embedding Screenshot [image/png 50294 bytes]

  &amp#27;[32mThen &amp#27;[0m&amp#27;[32mMessage for return order should be displayed &amp#27;[0m&amp#27;[32m&amp#27;[1m"Return was successfull"&amp#27;[0m &amp#27;[90m# tek.sdet.framework.steps.RetailOrderPageSteps.messageForReturnOrderShouldBeDisplayed(java.lang.String)&amp#27;[0m

    Embedding Screenshot [image/png 20512 bytes]

]]></system-out>
    <system-err><![CDATA[Starting ChromeDriver 113.0.5672.63 (0e1a4471d5ae5bf128b1bd8f4d627c8cbd55f70c-refs/branch-heads/5672@{#912}) on port 62482
Only local connections are allowed.
Please see https://chromedriver.chromium.org/security-considerations for suggestions on keeping ChromeDriver safe.
ChromeDriver was started successfully.
May 29, 2023 3:23:14 PM org.openqa.selenium.remote.ProtocolHandshake createSession
INFO: Detected upstream dialect: W3C
May 29, 2023 3:23:14 PM org.openqa.selenium.devtools.CdpVersionFinder findNearestMatch
WARNING: Unable to find an exact match for CDP version 113, so returning the closest version found: a no-op implementation
May 29, 2023 3:23:14 PM org.openqa.selenium.devtools.CdpVersionFinder findNearestMatch
INFO: Unable to find CDP implementation matching 113.
May 29, 2023 3:23:14 PM org.openqa.selenium.chromium.ChromiumDriver lambda$new$3
WARNING: Unable to find version of CDP to use for . You may need to include a dependency on a specific version of the CDP using something similar to `org.seleniumhq.selenium:selenium-devtools-v86:4.4.0` where the version ("v86") matches the version of the chromium-based browser you're using and the version number of the artifact is the same as Selenium's.
]]></system-err>
  </testcase>
  <testcase name="Verify User can write a review on order placed" classname="Retail Order Page functionalities. User can review, cancel, or return an order." time="5.189">
    <system-out><![CDATA[
@RegressionTest
Scenario: Verify User can write a review on order placed                                                           &amp#27;[90m# features/RetailOrderPage.feature:30&amp#27;[0m
{browser=chrome, headless=true, url=https://tek-retail-ui.azurewebsites.net/}
  &amp#27;[32mGiven &amp#27;[0m&amp#27;[32mUser is on retail website&amp#27;[0m                                                                                  &amp#27;[90m# tek.sdet.framework.steps.SignInSteps.userIsOnRetailWebsite()&amp#27;[0m

    Embedding Screenshot [image/png 424424 bytes]

  &amp#27;[32mWhen &amp#27;[0m&amp#27;[32mUser clicks on Sign in option&amp#27;[0m                                                                               &amp#27;[90m# tek.sdet.framework.steps.SignInSteps.userClicksSignInLink()&amp#27;[0m

    Embedding Screenshot [image/png 14144 bytes]

  &amp#27;[32mAnd &amp#27;[0m&amp#27;[32mUser enters following login credentials&amp#27;[0m                                                                      &amp#27;[90m# tek.sdet.framework.steps.SignInSteps.userEntersFollowingLoginCredentials(io.cucumber.datatable.DataTable)&amp#27;[0m
    | Email                      | Password   |
    | SpongeBobss46@tekschool.us | Test12345$ |

    Embedding Screenshot [image/png 16989 bytes]

  &amp#27;[32mAnd &amp#27;[0m&amp#27;[32mUser clicks on login button&amp#27;[0m                                                                                  &amp#27;[90m# tek.sdet.framework.steps.SignInSteps.userClicksOnLoginButton()&amp#27;[0m

    Embedding Screenshot [image/png 16394 bytes]

  &amp#27;[32mThen &amp#27;[0m&amp#27;[32mUser should be logged into their account&amp#27;[0m                                                                    &amp#27;[90m# tek.sdet.framework.steps.SignInSteps.userShouldBeLoggedInToTheirAccount()&amp#27;[0m

    Embedding Screenshot [image/png 425554 bytes]

  &amp#27;[32mAnd &amp#27;[0m&amp#27;[32mUser click on Orders section&amp#27;[0m                                                                                 &amp#27;[90m# tek.sdet.framework.steps.RetailOrderPageSteps.userClickOnOrdersSection()&amp#27;[0m

    Embedding Screenshot [image/png 18753 bytes]

  &amp#27;[32mWhen &amp#27;[0m&amp#27;[32mUser click on Review button&amp#27;[0m                                                                                 &amp#27;[90m# tek.sdet.framework.steps.RetailOrderPageSteps.userClickOnReviewButton()&amp#27;[0m

    Embedding Screenshot [image/png 30393 bytes]

  &amp#27;[32mAnd &amp#27;[0m&amp#27;[32mUser write Review headline &amp#27;[0m&amp#27;[32m&amp#27;[1m"Great Game!"&amp#27;[0m&amp#27;[32m and review text &amp#27;[0m&amp#27;[32m&amp#27;[1m"Apex coins are needed to purchase some cool skins"&amp#27;[0m &amp#27;[90m# tek.sdet.framework.steps.RetailOrderPageSteps.userWriteReviewHeadlineHeadlineValueAndReviewText(java.lang.String,java.lang.String)&amp#27;[0m

    Embedding Screenshot [image/png 40745 bytes]

  &amp#27;[32mAnd &amp#27;[0m&amp#27;[32mUser click Add your Review button&amp#27;[0m                                                                            &amp#27;[90m# tek.sdet.framework.steps.RetailOrderPageSteps.userClickAddYourReviewButton()&amp#27;[0m

    Embedding Screenshot [image/png 40697 bytes]

  &amp#27;[32mThen &amp#27;[0m&amp#27;[32mreview message should be displayed &amp#27;[0m&amp#27;[32m&amp#27;[1m"Your review was added successfully"&amp#27;[0m                                     &amp#27;[90m# tek.sdet.framework.steps.RetailOrderPageSteps.reviewMessageShouldBeDisplayed(java.lang.String)&amp#27;[0m

    Embedding Screenshot [image/png 69175 bytes]

]]></system-out>
    <system-err><![CDATA[Starting ChromeDriver 113.0.5672.63 (0e1a4471d5ae5bf128b1bd8f4d627c8cbd55f70c-refs/branch-heads/5672@{#912}) on port 60156
Only local connections are allowed.
Please see https://chromedriver.chromium.org/security-considerations for suggestions on keeping ChromeDriver safe.
ChromeDriver was started successfully.
May 29, 2023 3:23:35 PM org.openqa.selenium.remote.ProtocolHandshake createSession
INFO: Detected upstream dialect: W3C
May 29, 2023 3:23:35 PM org.openqa.selenium.devtools.CdpVersionFinder findNearestMatch
WARNING: Unable to find an exact match for CDP version 113, so returning the closest version found: a no-op implementation
May 29, 2023 3:23:35 PM org.openqa.selenium.devtools.CdpVersionFinder findNearestMatch
INFO: Unable to find CDP implementation matching 113.
May 29, 2023 3:23:35 PM org.openqa.selenium.chromium.ChromiumDriver lambda$new$3
WARNING: Unable to find version of CDP to use for . You may need to include a dependency on a specific version of the CDP using something similar to `org.seleniumhq.selenium:selenium-devtools-v86:4.4.0` where the version ("v86") matches the version of the chromium-based browser you're using and the version number of the artifact is the same as Selenium's.
]]></system-err>
  </testcase>
  <testcase name="Verify user can sign into Retail Application" classname="Sign In Feature Allows User to login into their account." time="3.244">
    <system-out><![CDATA[
@RegressionTest
Scenario Outline: Verify user can sign into Retail Application &amp#27;[90m# features/SignIn.feature:15&amp#27;[0m
{browser=chrome, headless=true, url=https://tek-retail-ui.azurewebsites.net/}
  &amp#27;[32mGiven &amp#27;[0m&amp#27;[32mUser is on retail website&amp#27;[0m                              &amp#27;[90m# tek.sdet.framework.steps.SignInSteps.userIsOnRetailWebsite()&amp#27;[0m

    Embedding Screenshot [image/png 424424 bytes]

  &amp#27;[32mWhen &amp#27;[0m&amp#27;[32mUser clicks on Sign in option&amp#27;[0m                           &amp#27;[90m# tek.sdet.framework.steps.SignInSteps.userClicksSignInLink()&amp#27;[0m

    Embedding Screenshot [image/png 14144 bytes]

  &amp#27;[32mWhen &amp#27;[0m&amp#27;[32mUser enters &amp#27;[0m&amp#27;[32m&amp#27;[1m"billybob123@tekschool.us"&amp#27;[0m&amp#27;[32m and &amp#27;[0m&amp#27;[32m&amp#27;[1m"Pizza123$"&amp#27;[0m  &amp#27;[90m# tek.sdet.framework.steps.SignInSteps.userEntersAnd(java.lang.String,java.lang.String)&amp#27;[0m

    Embedding Screenshot [image/png 16689 bytes]

  &amp#27;[32mAnd &amp#27;[0m&amp#27;[32mUser clicks on login button&amp#27;[0m                              &amp#27;[90m# tek.sdet.framework.steps.SignInSteps.userClicksOnLoginButton()&amp#27;[0m

    Embedding Screenshot [image/png 16097 bytes]

  &amp#27;[32mThen &amp#27;[0m&amp#27;[32mUser should be logged into their account&amp#27;[0m                &amp#27;[90m# tek.sdet.framework.steps.SignInSteps.userShouldBeLoggedInToTheirAccount()&amp#27;[0m

    Embedding Screenshot [image/png 425554 bytes]

]]></system-out>
    <system-err><![CDATA[Starting ChromeDriver 113.0.5672.63 (0e1a4471d5ae5bf128b1bd8f4d627c8cbd55f70c-refs/branch-heads/5672@{#912}) on port 56671
Only local connections are allowed.
Please see https://chromedriver.chromium.org/security-considerations for suggestions on keeping ChromeDriver safe.
ChromeDriver was started successfully.
May 29, 2023 3:23:40 PM org.openqa.selenium.remote.ProtocolHandshake createSession
INFO: Detected upstream dialect: W3C
May 29, 2023 3:23:40 PM org.openqa.selenium.devtools.CdpVersionFinder findNearestMatch
WARNING: Unable to find an exact match for CDP version 113, so returning the closest version found: a no-op implementation
May 29, 2023 3:23:40 PM org.openqa.selenium.devtools.CdpVersionFinder findNearestMatch
INFO: Unable to find CDP implementation matching 113.
May 29, 2023 3:23:40 PM org.openqa.selenium.chromium.ChromiumDriver lambda$new$3
WARNING: Unable to find version of CDP to use for . You may need to include a dependency on a specific version of the CDP using something similar to `org.seleniumhq.selenium:selenium-devtools-v86:4.4.0` where the version ("v86") matches the version of the chromium-based browser you're using and the version number of the artifact is the same as Selenium's.
]]></system-err>
  </testcase>
  <testcase name="Verify that user can update password #1" classname="User can update password" time="5.086">
    <system-out><![CDATA[
@RegressionTest
Scenario Outline: Verify that user can update password               &amp#27;[90m# features/UpdatePassword.feature:21&amp#27;[0m
{browser=chrome, headless=true, url=https://tek-retail-ui.azurewebsites.net/}
  &amp#27;[32mGiven &amp#27;[0m&amp#27;[32mUser is on retail website&amp#27;[0m                                    &amp#27;[90m# tek.sdet.framework.steps.SignInSteps.userIsOnRetailWebsite()&amp#27;[0m

    Embedding Screenshot [image/png 424424 bytes]

  &amp#27;[32mWhen &amp#27;[0m&amp#27;[32mUser clicks on Sign in option&amp#27;[0m                                 &amp#27;[90m# tek.sdet.framework.steps.SignInSteps.userClicksSignInLink()&amp#27;[0m

    Embedding Screenshot [image/png 14144 bytes]

  &amp#27;[32mWhen &amp#27;[0m&amp#27;[32mUser enters following login credentials&amp#27;[0m                       &amp#27;[90m# tek.sdet.framework.steps.SignInSteps.userEntersFollowingLoginCredentials(io.cucumber.datatable.DataTable)&amp#27;[0m
    | Email                      | Password   |
    | Patrickss6546@tekschool.us | Test12345$ |

    Embedding Screenshot [image/png 16754 bytes]

  &amp#27;[32mAnd &amp#27;[0m&amp#27;[32mUser clicks on login button&amp#27;[0m                                    &amp#27;[90m# tek.sdet.framework.steps.SignInSteps.userClicksOnLoginButton()&amp#27;[0m

    Embedding Screenshot [image/png 16159 bytes]

  &amp#27;[32mThen &amp#27;[0m&amp#27;[32mUser should be logged into their account&amp#27;[0m                      &amp#27;[90m# tek.sdet.framework.steps.SignInSteps.userShouldBeLoggedInToTheirAccount()&amp#27;[0m

    Embedding Screenshot [image/png 425554 bytes]

  &amp#27;[32mAnd &amp#27;[0m&amp#27;[32mUser click on Account option&amp#27;[0m                                   &amp#27;[90m# tek.sdet.framework.steps.UpdateProfileSteps.user_click_on_account_option()&amp#27;[0m

    Embedding Screenshot [image/png 31173 bytes]

  &amp#27;[32mAnd &amp#27;[0m&amp#27;[32mUser enters &amp#27;[0m&amp#27;[32m&amp#27;[1m'Test12345$'&amp#27;[0m&amp#27;[32m &amp#27;[0m&amp#27;[32m&amp#27;[1m'Pizza123$'&amp#27;[0m&amp#27;[32m &amp#27;[0m&amp#27;[32m&amp#27;[1m'Pizza123$'&amp#27;[0m               &amp#27;[90m# tek.sdet.framework.steps.ChangePasswordSteps.userEnters(java.lang.String,java.lang.String,java.lang.String)&amp#27;[0m

    Embedding Screenshot [image/png 32995 bytes]

  &amp#27;[32mWhen &amp#27;[0m&amp#27;[32mUser click on Change Password button&amp#27;[0m                          &amp#27;[90m# tek.sdet.framework.steps.ChangePasswordSteps.user_click_on_change_password_button()&amp#27;[0m

    Embedding Screenshot [image/png 36351 bytes]

  &amp#27;[32mThen &amp#27;[0m&amp#27;[32mA message should be displayed &amp#27;[0m&amp#27;[32m&amp#27;[1m'Password Updated Successfully'&amp#27;[0m &amp#27;[90m# tek.sdet.framework.steps.ChangePasswordSteps.a_message_should_be_displayed(java.lang.String)&amp#27;[0m

    Embedding Screenshot [image/png 40641 bytes]

]]></system-out>
    <system-err><![CDATA[Starting ChromeDriver 113.0.5672.63 (0e1a4471d5ae5bf128b1bd8f4d627c8cbd55f70c-refs/branch-heads/5672@{#912}) on port 62911
Only local connections are allowed.
Please see https://chromedriver.chromium.org/security-considerations for suggestions on keeping ChromeDriver safe.
ChromeDriver was started successfully.
May 29, 2023 3:23:43 PM org.openqa.selenium.remote.ProtocolHandshake createSession
INFO: Detected upstream dialect: W3C
May 29, 2023 3:23:43 PM org.openqa.selenium.devtools.CdpVersionFinder findNearestMatch
WARNING: Unable to find an exact match for CDP version 113, so returning the closest version found: a no-op implementation
May 29, 2023 3:23:43 PM org.openqa.selenium.devtools.CdpVersionFinder findNearestMatch
INFO: Unable to find CDP implementation matching 113.
May 29, 2023 3:23:43 PM org.openqa.selenium.chromium.ChromiumDriver lambda$new$3
WARNING: Unable to find version of CDP to use for . You may need to include a dependency on a specific version of the CDP using something similar to `org.seleniumhq.selenium:selenium-devtools-v86:4.4.0` where the version ("v86") matches the version of the chromium-based browser you're using and the version number of the artifact is the same as Selenium's.
]]></system-err>
  </testcase>
  <testcase name="Verify that user can update password #2" classname="User can update password" time="5.609">
    <system-out><![CDATA[
@RegressionTest
Scenario Outline: Verify that user can update password               &amp#27;[90m# features/UpdatePassword.feature:22&amp#27;[0m
{browser=chrome, headless=true, url=https://tek-retail-ui.azurewebsites.net/}
  &amp#27;[32mGiven &amp#27;[0m&amp#27;[32mUser is on retail website&amp#27;[0m                                    &amp#27;[90m# tek.sdet.framework.steps.SignInSteps.userIsOnRetailWebsite()&amp#27;[0m

    Embedding Screenshot [image/png 424424 bytes]

  &amp#27;[32mWhen &amp#27;[0m&amp#27;[32mUser clicks on Sign in option&amp#27;[0m                                 &amp#27;[90m# tek.sdet.framework.steps.SignInSteps.userClicksSignInLink()&amp#27;[0m

    Embedding Screenshot [image/png 14144 bytes]

  &amp#27;[32mWhen &amp#27;[0m&amp#27;[32mUser enters following login credentials&amp#27;[0m                       &amp#27;[90m# tek.sdet.framework.steps.SignInSteps.userEntersFollowingLoginCredentials(io.cucumber.datatable.DataTable)&amp#27;[0m
    | Email                      | Password  |
    | Patrickss6546@tekschool.us | Pizza123$ |

    Embedding Screenshot [image/png 16737 bytes]

  &amp#27;[32mAnd &amp#27;[0m&amp#27;[32mUser clicks on login button&amp#27;[0m                                    &amp#27;[90m# tek.sdet.framework.steps.SignInSteps.userClicksOnLoginButton()&amp#27;[0m

    Embedding Screenshot [image/png 16148 bytes]

  &amp#27;[32mThen &amp#27;[0m&amp#27;[32mUser should be logged into their account&amp#27;[0m                      &amp#27;[90m# tek.sdet.framework.steps.SignInSteps.userShouldBeLoggedInToTheirAccount()&amp#27;[0m

    Embedding Screenshot [image/png 425554 bytes]

  &amp#27;[32mAnd &amp#27;[0m&amp#27;[32mUser click on Account option&amp#27;[0m                                   &amp#27;[90m# tek.sdet.framework.steps.UpdateProfileSteps.user_click_on_account_option()&amp#27;[0m

    Embedding Screenshot [image/png 31173 bytes]

  &amp#27;[32mAnd &amp#27;[0m&amp#27;[32mUser enters &amp#27;[0m&amp#27;[32m&amp#27;[1m'Pizza123$'&amp#27;[0m&amp#27;[32m &amp#27;[0m&amp#27;[32m&amp#27;[1m'Test12345$'&amp#27;[0m&amp#27;[32m &amp#27;[0m&amp#27;[32m&amp#27;[1m'Test12345$'&amp#27;[0m              &amp#27;[90m# tek.sdet.framework.steps.ChangePasswordSteps.userEnters(java.lang.String,java.lang.String,java.lang.String)&amp#27;[0m

    Embedding Screenshot [image/png 37193 bytes]

  &amp#27;[32mWhen &amp#27;[0m&amp#27;[32mUser click on Change Password button&amp#27;[0m                          &amp#27;[90m# tek.sdet.framework.steps.ChangePasswordSteps.user_click_on_change_password_button()&amp#27;[0m

    Embedding Screenshot [image/png 36435 bytes]

  &amp#27;[32mThen &amp#27;[0m&amp#27;[32mA message should be displayed &amp#27;[0m&amp#27;[32m&amp#27;[1m'Password Updated Successfully'&amp#27;[0m &amp#27;[90m# tek.sdet.framework.steps.ChangePasswordSteps.a_message_should_be_displayed(java.lang.String)&amp#27;[0m

    Embedding Screenshot [image/png 40764 bytes]

]]></system-out>
    <system-err><![CDATA[Starting ChromeDriver 113.0.5672.63 (0e1a4471d5ae5bf128b1bd8f4d627c8cbd55f70c-refs/branch-heads/5672@{#912}) on port 52776
Only local connections are allowed.
Please see https://chromedriver.chromium.org/security-considerations for suggestions on keeping ChromeDriver safe.
ChromeDriver was started successfully.
May 29, 2023 3:23:48 PM org.openqa.selenium.remote.ProtocolHandshake createSession
INFO: Detected upstream dialect: W3C
May 29, 2023 3:23:48 PM org.openqa.selenium.devtools.CdpVersionFinder findNearestMatch
WARNING: Unable to find an exact match for CDP version 113, so returning the closest version found: a no-op implementation
May 29, 2023 3:23:48 PM org.openqa.selenium.devtools.CdpVersionFinder findNearestMatch
INFO: Unable to find CDP implementation matching 113.
May 29, 2023 3:23:48 PM org.openqa.selenium.chromium.ChromiumDriver lambda$new$3
WARNING: Unable to find version of CDP to use for . You may need to include a dependency on a specific version of the CDP using something similar to `org.seleniumhq.selenium:selenium-devtools-v86:4.4.0` where the version ("v86") matches the version of the chromium-based browser you're using and the version number of the artifact is the same as Selenium's.
]]></system-err>
  </testcase>
  <testcase name="Verify use can update profile information" classname="Testing funtionality to allow user to update personal information." time="9.936">
    <system-out><![CDATA[
@RegressionTest
Scenario Outline: Verify use can update profile information &amp#27;[90m# features/UpdateProfileInformation.feature:14&amp#27;[0m
{browser=chrome, headless=true, url=https://tek-retail-ui.azurewebsites.net/}
  &amp#27;[32mGiven &amp#27;[0m&amp#27;[32mUser is on retail website&amp#27;[0m                           &amp#27;[90m# tek.sdet.framework.steps.SignInSteps.userIsOnRetailWebsite()&amp#27;[0m

    Embedding Screenshot [image/png 424481 bytes]

  &amp#27;[32mWhen &amp#27;[0m&amp#27;[32mUser clicks on Sign in option&amp#27;[0m                        &amp#27;[90m# tek.sdet.framework.steps.SignInSteps.userClicksSignInLink()&amp#27;[0m

    Embedding Screenshot [image/png 14144 bytes]

  &amp#27;[32mAnd &amp#27;[0m&amp#27;[32mUser enters following login credentials&amp#27;[0m               &amp#27;[90m# tek.sdet.framework.steps.SignInSteps.userEntersFollowingLoginCredentials(io.cucumber.datatable.DataTable)&amp#27;[0m
    | Email                    | Password  |
    | billybob123@tekschool.us | Pizza123$ |

    Embedding Screenshot [image/png 16689 bytes]

  &amp#27;[32mAnd &amp#27;[0m&amp#27;[32mUser clicks on login button&amp#27;[0m                           &amp#27;[90m# tek.sdet.framework.steps.SignInSteps.userClicksOnLoginButton()&amp#27;[0m

    Embedding Screenshot [image/png 16097 bytes]

  &amp#27;[32mThen &amp#27;[0m&amp#27;[32mUser should be logged into their account&amp#27;[0m             &amp#27;[90m# tek.sdet.framework.steps.SignInSteps.userShouldBeLoggedInToTheirAccount()&amp#27;[0m

    Embedding Screenshot [image/png 425554 bytes]

  &amp#27;[32mWhen &amp#27;[0m&amp#27;[32mUser click on Account option&amp#27;[0m                         &amp#27;[90m# tek.sdet.framework.steps.UpdateProfileSteps.user_click_on_account_option()&amp#27;[0m

    Embedding Screenshot [image/png 34322 bytes]

  &amp#27;[32mWhen &amp#27;[0m&amp#27;[32mUser update Name and Phone&amp#27;[0m                           &amp#27;[90m# tek.sdet.framework.steps.UpdateProfileSteps.user_update_name_and_phone(io.cucumber.datatable.DataTable)&amp#27;[0m
    | name     | phoneNumber |
    | fullName | phoneNumber |

    Embedding Screenshot [image/png 41039 bytes]

  &amp#27;[32mAnd &amp#27;[0m&amp#27;[32muser click on update button&amp#27;[0m                           &amp#27;[90m# tek.sdet.framework.steps.UpdateProfileSteps.userClickOnUpdateButton()&amp#27;[0m

    Embedding Screenshot [image/png 39028 bytes]

  &amp#27;[32mThen &amp#27;[0m&amp#27;[32muser profile information should be updated&amp#27;[0m           &amp#27;[90m# tek.sdet.framework.steps.UpdateProfileSteps.user_profile_information_should_be_updated()&amp#27;[0m

    Embedding Screenshot [image/png 43587 bytes]

]]></system-out>
    <system-err><![CDATA[Starting ChromeDriver 113.0.5672.63 (0e1a4471d5ae5bf128b1bd8f4d627c8cbd55f70c-refs/branch-heads/5672@{#912}) on port 55461
Only local connections are allowed.
Please see https://chromedriver.chromium.org/security-considerations for suggestions on keeping ChromeDriver safe.
ChromeDriver was started successfully.
May 29, 2023 3:23:54 PM org.openqa.selenium.remote.ProtocolHandshake createSession
INFO: Detected upstream dialect: W3C
May 29, 2023 3:23:54 PM org.openqa.selenium.devtools.CdpVersionFinder findNearestMatch
WARNING: Unable to find an exact match for CDP version 113, so returning the closest version found: a no-op implementation
May 29, 2023 3:23:54 PM org.openqa.selenium.devtools.CdpVersionFinder findNearestMatch
INFO: Unable to find CDP implementation matching 113.
May 29, 2023 3:23:54 PM org.openqa.selenium.chromium.ChromiumDriver lambda$new$3
WARNING: Unable to find version of CDP to use for . You may need to include a dependency on a specific version of the CDP using something similar to `org.seleniumhq.selenium:selenium-devtools-v86:4.4.0` where the version ("v86") matches the version of the chromium-based browser you're using and the version number of the artifact is the same as Selenium's.
]]></system-err>
  </testcase>
</testsuite>