<?xml version="1.0" encoding="UTF-8"?>
<testsuite xmlns:xsi="http://www.w3.org/2001/XMLSchema-instance" xsi:noNamespaceSchemaLocation="https://maven.apache.org/surefire/maven-surefire-plugin/xsd/surefire-test-report-3.0.xsd" version="3.0" name="tek.sdet.framework.runner.TestRunner" time="113.38" tests="23" errors="0" skipped="0" failures="0">
  <properties>
    <property name="sun.desktop" value="windows"/>
    <property name="awt.toolkit" value="sun.awt.windows.WToolkit"/>
    <property name="java.specification.version" value="11"/>
    <property name="sun.cpu.isalist" value="amd64"/>
    <property name="sun.jnu.encoding" value="Cp1252"/>
    <property name="java.class.path" value="C:\Users\sahel\eclipse-workspace\tek-capstone-transformers\target\test-classes;C:\Users\sahel\eclipse-workspace\tek-capstone-transformers\target\classes;C:\Users\sahel\.m2\repository\io\cucumber\cucumber-java\7.8.0\cucumber-java-7.8.0.jar;C:\Users\sahel\.m2\repository\io\cucumber\cucumber-core\7.8.0\cucumber-core-7.8.0.jar;C:\Users\sahel\.m2\repository\io\cucumber\cucumber-gherkin\7.8.0\cucumber-gherkin-7.8.0.jar;C:\Users\sahel\.m2\repository\io\cucumber\cucumber-gherkin-messages\7.8.0\cucumber-gherkin-messages-7.8.0.jar;C:\Users\sahel\.m2\repository\io\cucumber\gherkin\24.0.0\gherkin-24.0.0.jar;C:\Users\sahel\.m2\repository\io\cucumber\messages\19.1.2\messages-19.1.2.jar;C:\Users\sahel\.m2\repository\io\cucumber\tag-expressions\4.1.0\tag-expressions-4.1.0.jar;C:\Users\sahel\.m2\repository\io\cucumber\cucumber-expressions\16.0.0\cucumber-expressions-16.0.0.jar;C:\Users\sahel\.m2\repository\io\cucumber\datatable\7.8.0\datatable-7.8.0.jar;C:\Users\sahel\.m2\repository\io\cucumber\cucumber-plugin\7.8.0\cucumber-plugin-7.8.0.jar;C:\Users\sahel\.m2\repository\io\cucumber\docstring\7.8.0\docstring-7.8.0.jar;C:\Users\sahel\.m2\repository\io\cucumber\html-formatter\20.1.0\html-formatter-20.1.0.jar;C:\Users\sahel\.m2\repository\io\cucumber\ci-environment\9.1.0\ci-environment-9.1.0.jar;C:\Users\sahel\.m2\repository\org\apiguardian\apiguardian-api\1.1.2\apiguardian-api-1.1.2.jar;C:\Users\sahel\.m2\repository\io\cucumber\cucumber-junit\7.11.1\cucumber-junit-7.11.1.jar;C:\Users\sahel\.m2\repository\junit\junit\4.13.2\junit-4.13.2.jar;C:\Users\sahel\.m2\repository\org\hamcrest\hamcrest-core\1.3\hamcrest-core-1.3.jar;C:\Users\sahel\.m2\repository\org\seleniumhq\selenium\selenium-java\4.4.0\selenium-java-4.4.0.jar;C:\Users\sahel\.m2\repository\org\seleniumhq\selenium\selenium-api\4.4.0\selenium-api-4.4.0.jar;C:\Users\sahel\.m2\repository\org\seleniumhq\selenium\selenium-chrome-driver\4.4.0\selenium-chrome-driver-4.4.0.jar;C:\Users\sahel\.m2\repository\com\google\auto\service\auto-service-annotations\1.0.1\auto-service-annotations-1.0.1.jar;C:\Users\sahel\.m2\repository\com\google\auto\service\auto-service\1.0.1\auto-service-1.0.1.jar;C:\Users\sahel\.m2\repository\com\google\auto\auto-common\1.2\auto-common-1.2.jar;C:\Users\sahel\.m2\repository\com\google\guava\guava\31.1-jre\guava-31.1-jre.jar;C:\Users\sahel\.m2\repository\com\google\guava\failureaccess\1.0.1\failureaccess-1.0.1.jar;C:\Users\sahel\.m2\repository\com\google\guava\listenablefuture\9999.0-empty-to-avoid-conflict-with-guava\listenablefuture-9999.0-empty-to-avoid-conflict-with-guava.jar;C:\Users\sahel\.m2\repository\com\google\code\findbugs\jsr305\3.0.2\jsr305-3.0.2.jar;C:\Users\sahel\.m2\repository\org\checkerframework\checker-qual\3.12.0\checker-qual-3.12.0.jar;C:\Users\sahel\.m2\repository\com\google\errorprone\error_prone_annotations\2.11.0\error_prone_annotations-2.11.0.jar;C:\Users\sahel\.m2\repository\com\google\j2objc\j2objc-annotations\1.3\j2objc-annotations-1.3.jar;C:\Users\sahel\.m2\repository\org\seleniumhq\selenium\selenium-chromium-driver\4.4.0\selenium-chromium-driver-4.4.0.jar;C:\Users\sahel\.m2\repository\org\seleniumhq\selenium\selenium-json\4.4.0\selenium-json-4.4.0.jar;C:\Users\sahel\.m2\repository\org\seleniumhq\selenium\selenium-devtools-v102\4.4.0\selenium-devtools-v102-4.4.0.jar;C:\Users\sahel\.m2\repository\org\seleniumhq\selenium\selenium-devtools-v103\4.4.0\selenium-devtools-v103-4.4.0.jar;C:\Users\sahel\.m2\repository\org\seleniumhq\selenium\selenium-devtools-v104\4.4.0\selenium-devtools-v104-4.4.0.jar;C:\Users\sahel\.m2\repository\org\seleniumhq\selenium\selenium-devtools-v85\4.4.0\selenium-devtools-v85-4.4.0.jar;C:\Users\sahel\.m2\repository\org\seleniumhq\selenium\selenium-edge-driver\4.4.0\selenium-edge-driver-4.4.0.jar;C:\Users\sahel\.m2\repository\org\seleniumhq\selenium\selenium-firefox-driver\4.4.0\selenium-firefox-driver-4.4.0.jar;C:\Users\sahel\.m2\repository\org\seleniumhq\selenium\selenium-ie-driver\4.4.0\selenium-ie-driver-4.4.0.jar;C:\Users\sahel\.m2\repository\org\seleniumhq\selenium\selenium-opera-driver\4.4.0\selenium-opera-driver-4.4.0.jar;C:\Users\sahel\.m2\repository\org\seleniumhq\selenium\selenium-remote-driver\4.4.0\selenium-remote-driver-4.4.0.jar;C:\Users\sahel\.m2\repository\com\beust\jcommander\1.82\jcommander-1.82.jar;C:\Users\sahel\.m2\repository\io\netty\netty-buffer\4.1.78.Final\netty-buffer-4.1.78.Final.jar;C:\Users\sahel\.m2\repository\io\netty\netty-codec-http\4.1.78.Final\netty-codec-http-4.1.78.Final.jar;C:\Users\sahel\.m2\repository\io\netty\netty-codec\4.1.78.Final\netty-codec-4.1.78.Final.jar;C:\Users\sahel\.m2\repository\io\netty\netty-handler\4.1.78.Final\netty-handler-4.1.78.Final.jar;C:\Users\sahel\.m2\repository\io\netty\netty-common\4.1.78.Final\netty-common-4.1.78.Final.jar;C:\Users\sahel\.m2\repository\io\netty\netty-transport-classes-epoll\4.1.78.Final\netty-transport-classes-epoll-4.1.78.Final.jar;C:\Users\sahel\.m2\repository\io\netty\netty-transport-classes-kqueue\4.1.78.Final\netty-transport-classes-kqueue-4.1.78.Final.jar;C:\Users\sahel\.m2\repository\io\netty\netty-transport-native-epoll\4.1.78.Final\netty-transport-native-epoll-4.1.78.Final.jar;C:\Users\sahel\.m2\repository\io\netty\netty-transport-native-kqueue\4.1.78.Final\netty-transport-native-kqueue-4.1.78.Final.jar;C:\Users\sahel\.m2\repository\io\netty\netty-transport-native-unix-common\4.1.78.Final\netty-transport-native-unix-common-4.1.78.Final.jar;C:\Users\sahel\.m2\repository\io\netty\netty-transport\4.1.78.Final\netty-transport-4.1.78.Final.jar;C:\Users\sahel\.m2\repository\io\netty\netty-resolver\4.1.78.Final\netty-resolver-4.1.78.Final.jar;C:\Users\sahel\.m2\repository\io\opentelemetry\opentelemetry-api\1.16.0\opentelemetry-api-1.16.0.jar;C:\Users\sahel\.m2\repository\io\opentelemetry\opentelemetry-context\1.16.0\opentelemetry-context-1.16.0.jar;C:\Users\sahel\.m2\repository\io\opentelemetry\opentelemetry-exporter-logging\1.16.0\opentelemetry-exporter-logging-1.16.0.jar;C:\Users\sahel\.m2\repository\io\opentelemetry\opentelemetry-sdk-metrics\1.16.0\opentelemetry-sdk-metrics-1.16.0.jar;C:\Users\sahel\.m2\repository\io\opentelemetry\opentelemetry-sdk-logs\1.16.0-alpha\opentelemetry-sdk-logs-1.16.0-alpha.jar;C:\Users\sahel\.m2\repository\io\opentelemetry\opentelemetry-sdk-common\1.16.0\opentelemetry-sdk-common-1.16.0.jar;C:\Users\sahel\.m2\repository\io\opentelemetry\opentelemetry-sdk-extension-autoconfigure-spi\1.16.0\opentelemetry-sdk-extension-autoconfigure-spi-1.16.0.jar;C:\Users\sahel\.m2\repository\io\opentelemetry\opentelemetry-sdk-extension-autoconfigure\1.16.0-alpha\opentelemetry-sdk-extension-autoconfigure-1.16.0-alpha.jar;C:\Users\sahel\.m2\repository\io\opentelemetry\opentelemetry-sdk-trace\1.16.0\opentelemetry-sdk-trace-1.16.0.jar;C:\Users\sahel\.m2\repository\io\opentelemetry\opentelemetry-sdk\1.16.0\opentelemetry-sdk-1.16.0.jar;C:\Users\sahel\.m2\repository\io\opentelemetry\opentelemetry-semconv\1.16.0-alpha\opentelemetry-semconv-1.16.0-alpha.jar;C:\Users\sahel\.m2\repository\io\ous\jtoml\2.0.0\jtoml-2.0.0.jar;C:\Users\sahel\.m2\repository\net\bytebuddy\byte-buddy\1.12.10\byte-buddy-1.12.10.jar;C:\Users\sahel\.m2\repository\org\apache\commons\commons-exec\1.3\commons-exec-1.3.jar;C:\Users\sahel\.m2\repository\org\asynchttpclient\async-http-client\2.12.3\async-http-client-2.12.3.jar;C:\Users\sahel\.m2\repository\org\asynchttpclient\async-http-client-netty-utils\2.12.3\async-http-client-netty-utils-2.12.3.jar;C:\Users\sahel\.m2\repository\io\netty\netty-codec-socks\4.1.60.Final\netty-codec-socks-4.1.60.Final.jar;C:\Users\sahel\.m2\repository\io\netty\netty-handler-proxy\4.1.60.Final\netty-handler-proxy-4.1.60.Final.jar;C:\Users\sahel\.m2\repository\io\netty\netty-transport-native-epoll\4.1.60.Final\netty-transport-native-epoll-4.1.60.Final-linux-x86_64.jar;C:\Users\sahel\.m2\repository\io\netty\netty-transport-native-kqueue\4.1.60.Final\netty-transport-native-kqueue-4.1.60.Final-osx-x86_64.jar;C:\Users\sahel\.m2\repository\org\reactivestreams\reactive-streams\1.0.3\reactive-streams-1.0.3.jar;C:\Users\sahel\.m2\repository\com\typesafe\netty\netty-reactive-streams\2.0.4\netty-reactive-streams-2.0.4.jar;C:\Users\sahel\.m2\repository\com\sun\activation\jakarta.activation\1.2.2\jakarta.activation-1.2.2.jar;C:\Users\sahel\.m2\repository\org\seleniumhq\selenium\selenium-http\4.4.0\selenium-http-4.4.0.jar;C:\Users\sahel\.m2\repository\dev\failsafe\failsafe\3.2.4\failsafe-3.2.4.jar;C:\Users\sahel\.m2\repository\org\seleniumhq\selenium\selenium-safari-driver\4.4.0\selenium-safari-driver-4.4.0.jar;C:\Users\sahel\.m2\repository\org\seleniumhq\selenium\selenium-support\4.4.0\selenium-support-4.4.0.jar;C:\Users\sahel\.m2\repository\io\github\bonigarcia\webdrivermanager\5.3.0\webdrivermanager-5.3.0.jar;C:\Users\sahel\.m2\repository\org\slf4j\slf4j-api\1.7.36\slf4j-api-1.7.36.jar;C:\Users\sahel\.m2\repository\com\google\code\gson\gson\2.9.1\gson-2.9.1.jar;C:\Users\sahel\.m2\repository\com\github\docker-java\docker-java\3.2.13\docker-java-3.2.13.jar;C:\Users\sahel\.m2\repository\com\github\docker-java\docker-java-core\3.2.13\docker-java-core-3.2.13.jar;C:\Users\sahel\.m2\repository\com\github\docker-java\docker-java-api\3.2.13\docker-java-api-3.2.13.jar;C:\Users\sahel\.m2\repository\com\fasterxml\jackson\core\jackson-annotations\2.10.3\jackson-annotations-2.10.3.jar;C:\Users\sahel\.m2\repository\com\fasterxml\jackson\core\jackson-databind\2.10.3\jackson-databind-2.10.3.jar;C:\Users\sahel\.m2\repository\com\fasterxml\jackson\core\jackson-core\2.10.3\jackson-core-2.10.3.jar;C:\Users\sahel\.m2\repository\org\bouncycastle\bcpkix-jdk15on\1.64\bcpkix-jdk15on-1.64.jar;C:\Users\sahel\.m2\repository\org\bouncycastle\bcprov-jdk15on\1.64\bcprov-jdk15on-1.64.jar;C:\Users\sahel\.m2\repository\org\slf4j\jcl-over-slf4j\1.7.30\jcl-over-slf4j-1.7.30.jar;C:\Users\sahel\.m2\repository\com\github\docker-java\docker-java-transport-httpclient5\3.2.13\docker-java-transport-httpclient5-3.2.13.jar;C:\Users\sahel\.m2\repository\com\github\docker-java\docker-java-transport\3.2.13\docker-java-transport-3.2.13.jar;C:\Users\sahel\.m2\repository\net\java\dev\jna\jna\5.8.0\jna-5.8.0.jar;C:\Users\sahel\.m2\repository\org\brotli\dec\0.1.2\dec-0.1.2.jar;C:\Users\sahel\.m2\repository\org\apache\commons\commons-lang3\3.12.0\commons-lang3-3.12.0.jar;C:\Users\sahel\.m2\repository\org\apache\httpcomponents\client5\httpclient5\5.1.3\httpclient5-5.1.3.jar;C:\Users\sahel\.m2\repository\org\apache\httpcomponents\core5\httpcore5\5.1.3\httpcore5-5.1.3.jar;C:\Users\sahel\.m2\repository\org\apache\httpcomponents\core5\httpcore5-h2\5.1.3\httpcore5-h2-5.1.3.jar;C:\Users\sahel\.m2\repository\org\apache\poi\poi\5.2.3\poi-5.2.3.jar;C:\Users\sahel\.m2\repository\commons-codec\commons-codec\1.15\commons-codec-1.15.jar;C:\Users\sahel\.m2\repository\org\apache\commons\commons-collections4\4.4\commons-collections4-4.4.jar;C:\Users\sahel\.m2\repository\org\apache\commons\commons-math3\3.6.1\commons-math3-3.6.1.jar;C:\Users\sahel\.m2\repository\com\zaxxer\SparseBitSet\1.2\SparseBitSet-1.2.jar;C:\Users\sahel\.m2\repository\org\apache\logging\log4j\log4j-api\2.18.0\log4j-api-2.18.0.jar;C:\Users\sahel\.m2\repository\org\apache\poi\poi-ooxml\5.2.3\poi-ooxml-5.2.3.jar;C:\Users\sahel\.m2\repository\org\apache\poi\poi-ooxml-lite\5.2.3\poi-ooxml-lite-5.2.3.jar;C:\Users\sahel\.m2\repository\org\apache\xmlbeans\xmlbeans\5.1.1\xmlbeans-5.1.1.jar;C:\Users\sahel\.m2\repository\org\apache\commons\commons-compress\1.21\commons-compress-1.21.jar;C:\Users\sahel\.m2\repository\com\github\virtuald\curvesapi\1.07\curvesapi-1.07.jar;C:\Users\sahel\.m2\repository\mysql\mysql-connector-java\8.0.30\mysql-connector-java-8.0.30.jar;C:\Users\sahel\.m2\repository\com\google\protobuf\protobuf-java\3.19.4\protobuf-java-3.19.4.jar;C:\Users\sahel\.m2\repository\commons-io\commons-io\2.11.0\commons-io-2.11.0.jar;C:\Users\sahel\.m2\repository\org\yaml\snakeyaml\1.33\snakeyaml-1.33.jar;C:\Users\sahel\.m2\repository\log4j\log4j\1.2.17\log4j-1.2.17.jar;C:\Users\sahel\.m2\repository\net\datafaker\datafaker\1.8.0\datafaker-1.8.0.jar;C:\Users\sahel\.m2\repository\com\github\mifmif\generex\1.0.2\generex-1.0.2.jar;C:\Users\sahel\.m2\repository\dk\brics\automaton\automaton\1.11-8\automaton-1.11-8.jar;"/>
    <property name="java.vm.vendor" value="Oracle Corporation"/>
    <property name="sun.arch.data.model" value="64"/>
    <property name="user.variant" value=""/>
    <property name="java.vendor.url" value="https://openjdk.java.net/"/>
    <property name="user.timezone" value="America/Los_Angeles"/>
    <property name="java.vm.specification.version" value="11"/>
    <property name="os.name" value="Windows 11"/>
    <property name="sun.java.launcher" value="SUN_STANDARD"/>
    <property name="user.country" value="US"/>
    <property name="sun.boot.library.path" value="C:\Program Files\Java\jdk-11.0.17\bin"/>
    <property name="sun.java.command" value="C:\Users\sahel\AppData\Local\Temp\surefire17520546305919286846\surefirebooter-20230505145654146_3.jar C:\Users\sahel\AppData\Local\Temp\surefire17520546305919286846 2023-05-05T14-56-53_958-jvmRun1 surefire-20230505145654146_1tmp surefire_0-20230505145654146_2tmp"/>
    <property name="jdk.debug" value="release"/>
    <property name="surefire.test.class.path" value="C:\Users\sahel\eclipse-workspace\tek-capstone-transformers\target\test-classes;C:\Users\sahel\eclipse-workspace\tek-capstone-transformers\target\classes;C:\Users\sahel\.m2\repository\io\cucumber\cucumber-java\7.8.0\cucumber-java-7.8.0.jar;C:\Users\sahel\.m2\repository\io\cucumber\cucumber-core\7.8.0\cucumber-core-7.8.0.jar;C:\Users\sahel\.m2\repository\io\cucumber\cucumber-gherkin\7.8.0\cucumber-gherkin-7.8.0.jar;C:\Users\sahel\.m2\repository\io\cucumber\cucumber-gherkin-messages\7.8.0\cucumber-gherkin-messages-7.8.0.jar;C:\Users\sahel\.m2\repository\io\cucumber\gherkin\24.0.0\gherkin-24.0.0.jar;C:\Users\sahel\.m2\repository\io\cucumber\messages\19.1.2\messages-19.1.2.jar;C:\Users\sahel\.m2\repository\io\cucumber\tag-expressions\4.1.0\tag-expressions-4.1.0.jar;C:\Users\sahel\.m2\repository\io\cucumber\cucumber-expressions\16.0.0\cucumber-expressions-16.0.0.jar;C:\Users\sahel\.m2\repository\io\cucumber\datatable\7.8.0\datatable-7.8.0.jar;C:\Users\sahel\.m2\repository\io\cucumber\cucumber-plugin\7.8.0\cucumber-plugin-7.8.0.jar;C:\Users\sahel\.m2\repository\io\cucumber\docstring\7.8.0\docstring-7.8.0.jar;C:\Users\sahel\.m2\repository\io\cucumber\html-formatter\20.1.0\html-formatter-20.1.0.jar;C:\Users\sahel\.m2\repository\io\cucumber\ci-environment\9.1.0\ci-environment-9.1.0.jar;C:\Users\sahel\.m2\repository\org\apiguardian\apiguardian-api\1.1.2\apiguardian-api-1.1.2.jar;C:\Users\sahel\.m2\repository\io\cucumber\cucumber-junit\7.11.1\cucumber-junit-7.11.1.jar;C:\Users\sahel\.m2\repository\junit\junit\4.13.2\junit-4.13.2.jar;C:\Users\sahel\.m2\repository\org\hamcrest\hamcrest-core\1.3\hamcrest-core-1.3.jar;C:\Users\sahel\.m2\repository\org\seleniumhq\selenium\selenium-java\4.4.0\selenium-java-4.4.0.jar;C:\Users\sahel\.m2\repository\org\seleniumhq\selenium\selenium-api\4.4.0\selenium-api-4.4.0.jar;C:\Users\sahel\.m2\repository\org\seleniumhq\selenium\selenium-chrome-driver\4.4.0\selenium-chrome-driver-4.4.0.jar;C:\Users\sahel\.m2\repository\com\google\auto\service\auto-service-annotations\1.0.1\auto-service-annotations-1.0.1.jar;C:\Users\sahel\.m2\repository\com\google\auto\service\auto-service\1.0.1\auto-service-1.0.1.jar;C:\Users\sahel\.m2\repository\com\google\auto\auto-common\1.2\auto-common-1.2.jar;C:\Users\sahel\.m2\repository\com\google\guava\guava\31.1-jre\guava-31.1-jre.jar;C:\Users\sahel\.m2\repository\com\google\guava\failureaccess\1.0.1\failureaccess-1.0.1.jar;C:\Users\sahel\.m2\repository\com\google\guava\listenablefuture\9999.0-empty-to-avoid-conflict-with-guava\listenablefuture-9999.0-empty-to-avoid-conflict-with-guava.jar;C:\Users\sahel\.m2\repository\com\google\code\findbugs\jsr305\3.0.2\jsr305-3.0.2.jar;C:\Users\sahel\.m2\repository\org\checkerframework\checker-qual\3.12.0\checker-qual-3.12.0.jar;C:\Users\sahel\.m2\repository\com\google\errorprone\error_prone_annotations\2.11.0\error_prone_annotations-2.11.0.jar;C:\Users\sahel\.m2\repository\com\google\j2objc\j2objc-annotations\1.3\j2objc-annotations-1.3.jar;C:\Users\sahel\.m2\repository\org\seleniumhq\selenium\selenium-chromium-driver\4.4.0\selenium-chromium-driver-4.4.0.jar;C:\Users\sahel\.m2\repository\org\seleniumhq\selenium\selenium-json\4.4.0\selenium-json-4.4.0.jar;C:\Users\sahel\.m2\repository\org\seleniumhq\selenium\selenium-devtools-v102\4.4.0\selenium-devtools-v102-4.4.0.jar;C:\Users\sahel\.m2\repository\org\seleniumhq\selenium\selenium-devtools-v103\4.4.0\selenium-devtools-v103-4.4.0.jar;C:\Users\sahel\.m2\repository\org\seleniumhq\selenium\selenium-devtools-v104\4.4.0\selenium-devtools-v104-4.4.0.jar;C:\Users\sahel\.m2\repository\org\seleniumhq\selenium\selenium-devtools-v85\4.4.0\selenium-devtools-v85-4.4.0.jar;C:\Users\sahel\.m2\repository\org\seleniumhq\selenium\selenium-edge-driver\4.4.0\selenium-edge-driver-4.4.0.jar;C:\Users\sahel\.m2\repository\org\seleniumhq\selenium\selenium-firefox-driver\4.4.0\selenium-firefox-driver-4.4.0.jar;C:\Users\sahel\.m2\repository\org\seleniumhq\selenium\selenium-ie-driver\4.4.0\selenium-ie-driver-4.4.0.jar;C:\Users\sahel\.m2\repository\org\seleniumhq\selenium\selenium-opera-driver\4.4.0\selenium-opera-driver-4.4.0.jar;C:\Users\sahel\.m2\repository\org\seleniumhq\selenium\selenium-remote-driver\4.4.0\selenium-remote-driver-4.4.0.jar;C:\Users\sahel\.m2\repository\com\beust\jcommander\1.82\jcommander-1.82.jar;C:\Users\sahel\.m2\repository\io\netty\netty-buffer\4.1.78.Final\netty-buffer-4.1.78.Final.jar;C:\Users\sahel\.m2\repository\io\netty\netty-codec-http\4.1.78.Final\netty-codec-http-4.1.78.Final.jar;C:\Users\sahel\.m2\repository\io\netty\netty-codec\4.1.78.Final\netty-codec-4.1.78.Final.jar;C:\Users\sahel\.m2\repository\io\netty\netty-handler\4.1.78.Final\netty-handler-4.1.78.Final.jar;C:\Users\sahel\.m2\repository\io\netty\netty-common\4.1.78.Final\netty-common-4.1.78.Final.jar;C:\Users\sahel\.m2\repository\io\netty\netty-transport-classes-epoll\4.1.78.Final\netty-transport-classes-epoll-4.1.78.Final.jar;C:\Users\sahel\.m2\repository\io\netty\netty-transport-classes-kqueue\4.1.78.Final\netty-transport-classes-kqueue-4.1.78.Final.jar;C:\Users\sahel\.m2\repository\io\netty\netty-transport-native-epoll\4.1.78.Final\netty-transport-native-epoll-4.1.78.Final.jar;C:\Users\sahel\.m2\repository\io\netty\netty-transport-native-kqueue\4.1.78.Final\netty-transport-native-kqueue-4.1.78.Final.jar;C:\Users\sahel\.m2\repository\io\netty\netty-transport-native-unix-common\4.1.78.Final\netty-transport-native-unix-common-4.1.78.Final.jar;C:\Users\sahel\.m2\repository\io\netty\netty-transport\4.1.78.Final\netty-transport-4.1.78.Final.jar;C:\Users\sahel\.m2\repository\io\netty\netty-resolver\4.1.78.Final\netty-resolver-4.1.78.Final.jar;C:\Users\sahel\.m2\repository\io\opentelemetry\opentelemetry-api\1.16.0\opentelemetry-api-1.16.0.jar;C:\Users\sahel\.m2\repository\io\opentelemetry\opentelemetry-context\1.16.0\opentelemetry-context-1.16.0.jar;C:\Users\sahel\.m2\repository\io\opentelemetry\opentelemetry-exporter-logging\1.16.0\opentelemetry-exporter-logging-1.16.0.jar;C:\Users\sahel\.m2\repository\io\opentelemetry\opentelemetry-sdk-metrics\1.16.0\opentelemetry-sdk-metrics-1.16.0.jar;C:\Users\sahel\.m2\repository\io\opentelemetry\opentelemetry-sdk-logs\1.16.0-alpha\opentelemetry-sdk-logs-1.16.0-alpha.jar;C:\Users\sahel\.m2\repository\io\opentelemetry\opentelemetry-sdk-common\1.16.0\opentelemetry-sdk-common-1.16.0.jar;C:\Users\sahel\.m2\repository\io\opentelemetry\opentelemetry-sdk-extension-autoconfigure-spi\1.16.0\opentelemetry-sdk-extension-autoconfigure-spi-1.16.0.jar;C:\Users\sahel\.m2\repository\io\opentelemetry\opentelemetry-sdk-extension-autoconfigure\1.16.0-alpha\opentelemetry-sdk-extension-autoconfigure-1.16.0-alpha.jar;C:\Users\sahel\.m2\repository\io\opentelemetry\opentelemetry-sdk-trace\1.16.0\opentelemetry-sdk-trace-1.16.0.jar;C:\Users\sahel\.m2\repository\io\opentelemetry\opentelemetry-sdk\1.16.0\opentelemetry-sdk-1.16.0.jar;C:\Users\sahel\.m2\repository\io\opentelemetry\opentelemetry-semconv\1.16.0-alpha\opentelemetry-semconv-1.16.0-alpha.jar;C:\Users\sahel\.m2\repository\io\ous\jtoml\2.0.0\jtoml-2.0.0.jar;C:\Users\sahel\.m2\repository\net\bytebuddy\byte-buddy\1.12.10\byte-buddy-1.12.10.jar;C:\Users\sahel\.m2\repository\org\apache\commons\commons-exec\1.3\commons-exec-1.3.jar;C:\Users\sahel\.m2\repository\org\asynchttpclient\async-http-client\2.12.3\async-http-client-2.12.3.jar;C:\Users\sahel\.m2\repository\org\asynchttpclient\async-http-client-netty-utils\2.12.3\async-http-client-netty-utils-2.12.3.jar;C:\Users\sahel\.m2\repository\io\netty\netty-codec-socks\4.1.60.Final\netty-codec-socks-4.1.60.Final.jar;C:\Users\sahel\.m2\repository\io\netty\netty-handler-proxy\4.1.60.Final\netty-handler-proxy-4.1.60.Final.jar;C:\Users\sahel\.m2\repository\io\netty\netty-transport-native-epoll\4.1.60.Final\netty-transport-native-epoll-4.1.60.Final-linux-x86_64.jar;C:\Users\sahel\.m2\repository\io\netty\netty-transport-native-kqueue\4.1.60.Final\netty-transport-native-kqueue-4.1.60.Final-osx-x86_64.jar;C:\Users\sahel\.m2\repository\org\reactivestreams\reactive-streams\1.0.3\reactive-streams-1.0.3.jar;C:\Users\sahel\.m2\repository\com\typesafe\netty\netty-reactive-streams\2.0.4\netty-reactive-streams-2.0.4.jar;C:\Users\sahel\.m2\repository\com\sun\activation\jakarta.activation\1.2.2\jakarta.activation-1.2.2.jar;C:\Users\sahel\.m2\repository\org\seleniumhq\selenium\selenium-http\4.4.0\selenium-http-4.4.0.jar;C:\Users\sahel\.m2\repository\dev\failsafe\failsafe\3.2.4\failsafe-3.2.4.jar;C:\Users\sahel\.m2\repository\org\seleniumhq\selenium\selenium-safari-driver\4.4.0\selenium-safari-driver-4.4.0.jar;C:\Users\sahel\.m2\repository\org\seleniumhq\selenium\selenium-support\4.4.0\selenium-support-4.4.0.jar;C:\Users\sahel\.m2\repository\io\github\bonigarcia\webdrivermanager\5.3.0\webdrivermanager-5.3.0.jar;C:\Users\sahel\.m2\repository\org\slf4j\slf4j-api\1.7.36\slf4j-api-1.7.36.jar;C:\Users\sahel\.m2\repository\com\google\code\gson\gson\2.9.1\gson-2.9.1.jar;C:\Users\sahel\.m2\repository\com\github\docker-java\docker-java\3.2.13\docker-java-3.2.13.jar;C:\Users\sahel\.m2\repository\com\github\docker-java\docker-java-core\3.2.13\docker-java-core-3.2.13.jar;C:\Users\sahel\.m2\repository\com\github\docker-java\docker-java-api\3.2.13\docker-java-api-3.2.13.jar;C:\Users\sahel\.m2\repository\com\fasterxml\jackson\core\jackson-annotations\2.10.3\jackson-annotations-2.10.3.jar;C:\Users\sahel\.m2\repository\com\fasterxml\jackson\core\jackson-databind\2.10.3\jackson-databind-2.10.3.jar;C:\Users\sahel\.m2\repository\com\fasterxml\jackson\core\jackson-core\2.10.3\jackson-core-2.10.3.jar;C:\Users\sahel\.m2\repository\org\bouncycastle\bcpkix-jdk15on\1.64\bcpkix-jdk15on-1.64.jar;C:\Users\sahel\.m2\repository\org\bouncycastle\bcprov-jdk15on\1.64\bcprov-jdk15on-1.64.jar;C:\Users\sahel\.m2\repository\org\slf4j\jcl-over-slf4j\1.7.30\jcl-over-slf4j-1.7.30.jar;C:\Users\sahel\.m2\repository\com\github\docker-java\docker-java-transport-httpclient5\3.2.13\docker-java-transport-httpclient5-3.2.13.jar;C:\Users\sahel\.m2\repository\com\github\docker-java\docker-java-transport\3.2.13\docker-java-transport-3.2.13.jar;C:\Users\sahel\.m2\repository\net\java\dev\jna\jna\5.8.0\jna-5.8.0.jar;C:\Users\sahel\.m2\repository\org\brotli\dec\0.1.2\dec-0.1.2.jar;C:\Users\sahel\.m2\repository\org\apache\commons\commons-lang3\3.12.0\commons-lang3-3.12.0.jar;C:\Users\sahel\.m2\repository\org\apache\httpcomponents\client5\httpclient5\5.1.3\httpclient5-5.1.3.jar;C:\Users\sahel\.m2\repository\org\apache\httpcomponents\core5\httpcore5\5.1.3\httpcore5-5.1.3.jar;C:\Users\sahel\.m2\repository\org\apache\httpcomponents\core5\httpcore5-h2\5.1.3\httpcore5-h2-5.1.3.jar;C:\Users\sahel\.m2\repository\org\apache\poi\poi\5.2.3\poi-5.2.3.jar;C:\Users\sahel\.m2\repository\commons-codec\commons-codec\1.15\commons-codec-1.15.jar;C:\Users\sahel\.m2\repository\org\apache\commons\commons-collections4\4.4\commons-collections4-4.4.jar;C:\Users\sahel\.m2\repository\org\apache\commons\commons-math3\3.6.1\commons-math3-3.6.1.jar;C:\Users\sahel\.m2\repository\com\zaxxer\SparseBitSet\1.2\SparseBitSet-1.2.jar;C:\Users\sahel\.m2\repository\org\apache\logging\log4j\log4j-api\2.18.0\log4j-api-2.18.0.jar;C:\Users\sahel\.m2\repository\org\apache\poi\poi-ooxml\5.2.3\poi-ooxml-5.2.3.jar;C:\Users\sahel\.m2\repository\org\apache\poi\poi-ooxml-lite\5.2.3\poi-ooxml-lite-5.2.3.jar;C:\Users\sahel\.m2\repository\org\apache\xmlbeans\xmlbeans\5.1.1\xmlbeans-5.1.1.jar;C:\Users\sahel\.m2\repository\org\apache\commons\commons-compress\1.21\commons-compress-1.21.jar;C:\Users\sahel\.m2\repository\com\github\virtuald\curvesapi\1.07\curvesapi-1.07.jar;C:\Users\sahel\.m2\repository\mysql\mysql-connector-java\8.0.30\mysql-connector-java-8.0.30.jar;C:\Users\sahel\.m2\repository\com\google\protobuf\protobuf-java\3.19.4\protobuf-java-3.19.4.jar;C:\Users\sahel\.m2\repository\commons-io\commons-io\2.11.0\commons-io-2.11.0.jar;C:\Users\sahel\.m2\repository\org\yaml\snakeyaml\1.33\snakeyaml-1.33.jar;C:\Users\sahel\.m2\repository\log4j\log4j\1.2.17\log4j-1.2.17.jar;C:\Users\sahel\.m2\repository\net\datafaker\datafaker\1.8.0\datafaker-1.8.0.jar;C:\Users\sahel\.m2\repository\com\github\mifmif\generex\1.0.2\generex-1.0.2.jar;C:\Users\sahel\.m2\repository\dk\brics\automaton\automaton\1.11-8\automaton-1.11-8.jar;"/>
    <property name="sun.cpu.endian" value="little"/>
    <property name="user.home" value="C:\Users\sahel"/>
    <property name="user.language" value="en"/>
    <property name="java.specification.vendor" value="Oracle Corporation"/>
    <property name="java.version.date" value="2022-10-18"/>
    <property name="java.home" value="C:\Program Files\Java\jdk-11.0.17"/>
    <property name="file.separator" value="\"/>
    <property name="style.color" value="always"/>
    <property name="basedir" value="C:\Users\sahel\eclipse-workspace\tek-capstone-transformers"/>
    <property name="java.vm.compressedOopsMode" value="Zero based"/>
    <property name="line.separator" value="&#10;"/>
    <property name="java.specification.name" value="Java Platform API Specification"/>
    <property name="java.vm.specification.vendor" value="Oracle Corporation"/>
    <property name="java.awt.graphicsenv" value="sun.awt.Win32GraphicsEnvironment"/>
    <property name="surefire.real.class.path" value="C:\Users\sahel\AppData\Local\Temp\surefire17520546305919286846\surefirebooter-20230505145654146_3.jar"/>
    <property name="user.script" value=""/>
    <property name="sun.management.compiler" value="HotSpot 64-Bit Tiered Compilers"/>
    <property name="java.runtime.version" value="11.0.17+10-LTS-269"/>
    <property name="user.name" value="sahel"/>
    <property name="path.separator" value=";"/>
    <property name="os.version" value="10.0"/>
    <property name="java.runtime.name" value="Java(TM) SE Runtime Environment"/>
    <property name="file.encoding" value="Cp1252"/>
    <property name="java.vm.name" value="Java HotSpot(TM) 64-Bit Server VM"/>
    <property name="java.vendor.version" value="18.9"/>
    <property name="localRepository" value="C:\Users\sahel\.m2\repository"/>
    <property name="java.vendor.url.bug" value="https://bugreport.java.com/bugreport/"/>
    <property name="java.io.tmpdir" value="C:\Users\sahel\AppData\Local\Temp\"/>
    <property name="java.version" value="11.0.17"/>
    <property name="user.dir" value="C:\Users\sahel\eclipse-workspace\tek-capstone-transformers"/>
    <property name="os.arch" value="amd64"/>
    <property name="java.vm.specification.name" value="Java Virtual Machine Specification"/>
    <property name="java.awt.printerjob" value="sun.awt.windows.WPrinterJob"/>
    <property name="sun.os.patch.level" value=""/>
    <property name="java.library.path" value="C:\Program Files\Java\jdk-11.0.17\bin;C:\WINDOWS\Sun\Java\bin;C:\WINDOWS\system32;C:\WINDOWS;C:/Program Files/Java/jdk-18/bin/server;C:/Program Files/Java/jdk-18/bin;C:\Program Files\Common Files\Oracle\Java\javapath;C:\WINDOWS\system32;C:\WINDOWS;C:\WINDOWS\System32\Wbem;C:\WINDOWS\System32\WindowsPowerShell\v1.0\;C:\WINDOWS\System32\OpenSSH\;C:\Program Files\Java\jdk-18\bin;C:\Program Files\dotnet\;C:\Program Files\Git\cmd;C:\Users\sahel\AppData\Local\Microsoft\WindowsApps;C:\Users\sahel\AppData\Local\GitHubDesktop\bin;;C:\WINDOWS\system32;;."/>
    <property name="java.vendor" value="Oracle Corporation"/>
    <property name="java.vm.info" value="mixed mode"/>
    <property name="java.vm.version" value="11.0.17+10-LTS-269"/>
    <property name="sun.io.unicode.encoding" value="UnicodeLittle"/>
    <property name="java.class.version" value="55.0"/>
  </properties>
  <testcase name="Verify user can create an account into Retail Website" classname="To test account creation functionality." time="3.551">
    <system-out><![CDATA[
@RegressionTest
Scenario: Verify user can create an account into Retail Website &amp#27;[90m# features/AccountCreation.feature:8&amp#27;[0m
{browser=chrome, headless=true, url=https://tek-retail-ui.azurewebsites.net/}
 INFO [main] (SignInSteps.java:26)- Actual Title: React App Expected Title: React App
 INFO [main] (SignInSteps.java:28)- TEKSCHOOL logo is displayed on upper left of website
 INFO [main] (SignInSteps.java:30)- Sign In option is displayed on upper right of website 
  &amp#27;[32mGiven &amp#27;[0m&amp#27;[32mUser is on retail website&amp#27;[0m                               &amp#27;[90m# tek.sdet.framework.steps.SignInSteps.userIsOnRetailWebsite()&amp#27;[0m
 INFO [main] (SignInSteps.java:36)- User clicked on Sign in option
  &amp#27;[32mWhen &amp#27;[0m&amp#27;[32mUser clicks on Sign in option&amp#27;[0m                            &amp#27;[90m# tek.sdet.framework.steps.SignInSteps.userClicksSignInLink()&amp#27;[0m
 INFO [main] (AccountCreationSteps.java:25)- Sign up form is displayed
 INFO [main] (AccountCreationSteps.java:27)- Email label is displayed
 INFO [main] (AccountCreationSteps.java:29)- Confirm password label is displayed
  &amp#27;[32mWhen &amp#27;[0m&amp#27;[32mUser clicks on Create New Accout button&amp#27;[0m                  &amp#27;[90m# tek.sdet.framework.steps.AccountCreationSteps.user_click_on_create_new_accout_button()&amp#27;[0m
 INFO [main] (AccountCreationSteps.java:40)- User has filled out the sign up form
  &amp#27;[32mAnd &amp#27;[0m&amp#27;[32mUser fills the signUp form with below data&amp#27;[0m                &amp#27;[90m# tek.sdet.framework.steps.AccountCreationSteps.userFillsTheSignUpFormWithBelowData(io.cucumber.datatable.DataTable)&amp#27;[0m
    | name     | email | password   | confirmPassword |
    | fullName | email | Test12345$ | Test12345$      |
 INFO [main] (AccountCreationSteps.java:46)- Sign Up button is enabled
 INFO [main] (AccountCreationSteps.java:48)- User clicked Sign Up button
  &amp#27;[32mAnd &amp#27;[0m&amp#27;[32mUser click on SignUp button&amp#27;[0m                               &amp#27;[90m# tek.sdet.framework.steps.AccountCreationSteps.user_click_on_sign_up_button()&amp#27;[0m
 INFO [main] (AccountCreationSteps.java:54)- User is logged into Account
  &amp#27;[32mThen &amp#27;[0m&amp#27;[32mUser should be logged into account page&amp#27;[0m                  &amp#27;[90m# tek.sdet.framework.steps.AccountCreationSteps.user_should_be_logged_into_account_page()&amp#27;[0m
]]></system-out>
    <system-err><![CDATA[SLF4J: Failed to load class "org.slf4j.impl.StaticLoggerBinder".
SLF4J: Defaulting to no-operation (NOP) logger implementation
SLF4J: See http://www.slf4j.org/codes.html#StaticLoggerBinder for further details.
ERROR StatusLogger Log4j2 could not find a logging implementation. Please add log4j-core to the classpath. Using SimpleLogger to log to the console...
Starting ChromeDriver 112.0.5615.49 (bd2a7bcb881c11e8cfe3078709382934e3916914-refs/branch-heads/5615@{#936}) on port 50020
Only local connections are allowed.
Please see https://chromedriver.chromium.org/security-considerations for suggestions on keeping ChromeDriver safe.
ChromeDriver was started successfully.
May 05, 2023 2:56:55 PM org.openqa.selenium.remote.ProtocolHandshake createSession
INFO: Detected upstream dialect: W3C
May 05, 2023 2:56:55 PM org.openqa.selenium.devtools.CdpVersionFinder findNearestMatch
WARNING: Unable to find an exact match for CDP version 112, so returning the closest version found: a no-op implementation
May 05, 2023 2:56:55 PM org.openqa.selenium.devtools.CdpVersionFinder findNearestMatch
INFO: Unable to find CDP implementation matching 112.
May 05, 2023 2:56:55 PM org.openqa.selenium.chromium.ChromiumDriver lambda$new$3
WARNING: Unable to find version of CDP to use for . You may need to include a dependency on a specific version of the CDP using something similar to `org.seleniumhq.selenium:selenium-devtools-v86:4.4.0` where the version ("v86") matches the version of the chromium-based browser you're using and the version number of the artifact is the same as Selenium's.
]]></system-err>
  </testcase>
  <testcase name="Verify User can add a payment method" classname="User can add  payment  method" time="4.009">
    <system-out><![CDATA[
@RegressionTest
Scenario: Verify User can add a payment method                          &amp#27;[90m# features/AddPayment.feature:14&amp#27;[0m
{browser=chrome, headless=true, url=https://tek-retail-ui.azurewebsites.net/}
 INFO [main] (SignInSteps.java:26)- Actual Title: React App Expected Title: React App
 INFO [main] (SignInSteps.java:28)- TEKSCHOOL logo is displayed on upper left of website
 INFO [main] (SignInSteps.java:30)- Sign In option is displayed on upper right of website 
  &amp#27;[32mGiven &amp#27;[0m&amp#27;[32mUser is on retail website&amp#27;[0m                                       &amp#27;[90m# tek.sdet.framework.steps.SignInSteps.userIsOnRetailWebsite()&amp#27;[0m
 INFO [main] (SignInSteps.java:36)- User clicked on Sign in option
  &amp#27;[32mWhen &amp#27;[0m&amp#27;[32mUser clicks on Sign in option&amp#27;[0m                                    &amp#27;[90m# tek.sdet.framework.steps.SignInSteps.userClicksSignInLink()&amp#27;[0m
  &amp#27;[32mAnd &amp#27;[0m&amp#27;[32mUser enters following login credentials&amp#27;[0m                           &amp#27;[90m# tek.sdet.framework.steps.SignInSteps.userEntersFollowingLoginCredentials(io.cucumber.datatable.DataTable)&amp#27;[0m
    | Email                    | Password  |
    | billybob123@tekschool.us | Pizza123$ |
 INFO [main] (SignInSteps.java:55)- Login button is displayed
 INFO [main] (SignInSteps.java:57)- User clicked login button
  &amp#27;[32mAnd &amp#27;[0m&amp#27;[32mUser clicks on login button&amp#27;[0m                                       &amp#27;[90m# tek.sdet.framework.steps.SignInSteps.userClicksOnLoginButton()&amp#27;[0m
 INFO [main] (SignInSteps.java:64)- Log out button is present
 INFO [main] (SignInSteps.java:65)- Orders link is displayed at the top of page
  &amp#27;[32mThen &amp#27;[0m&amp#27;[32mUser should be logged into their account&amp#27;[0m                         &amp#27;[90m# tek.sdet.framework.steps.SignInSteps.userShouldBeLoggedInToTheirAccount()&amp#27;[0m
 INFO [main] (UpdateProfileSteps.java:23)- Account link is present
 INFO [main] (UpdateProfileSteps.java:24)- User clicked on Account link
  &amp#27;[32mWhen &amp#27;[0m&amp#27;[32mUser click on Account option&amp#27;[0m                                     &amp#27;[90m# tek.sdet.framework.steps.UpdateProfileSteps.user_click_on_account_option()&amp#27;[0m
 INFO [main] (AddPaymentSteps.java:23)- Add a payment link is displayed
 INFO [main] (AddPaymentSteps.java:25)- User clicked on add a payment link
  &amp#27;[32mWhen &amp#27;[0m&amp#27;[32mUser click on Add a payment method link&amp#27;[0m                          &amp#27;[90m# tek.sdet.framework.steps.AddPaymentSteps.userClickOnAddAPaymentMethodLink()&amp#27;[0m
 INFO [main] (AddPaymentSteps.java:37)- User has filled out the add debit or credit card form.
  &amp#27;[32mAnd &amp#27;[0m&amp#27;[32mUser fills debit or credit card information&amp#27;[0m                       &amp#27;[90m# tek.sdet.framework.steps.AddPaymentSteps.userFillsDebitOrCreditCardInformation(io.cucumber.datatable.DataTable)&amp#27;[0m
    | cardNumber | nameOnCard | expirationMonth | expirationYear | securityCode |
    | cardNumber | fullName   | 4               | 2039           | ccv          |
 INFO [main] (AddPaymentSteps.java:43)- User clicked on Add Your card button
  &amp#27;[32mAnd &amp#27;[0m&amp#27;[32mUser click on Add your card button&amp#27;[0m                                &amp#27;[90m# tek.sdet.framework.steps.AddPaymentSteps.userClickOnAddYourCardButton()&amp#27;[0m
 INFO [main] (AddPaymentSteps.java:51)- Actual:Payment Method added sucessfully matches Expected Payment Method added sucessfully
  &amp#27;[32mThen &amp#27;[0m&amp#27;[32ma message should be displayed &amp#27;[0m&amp#27;[32m&amp#27;[1m'Payment Method added sucessfully'&amp#27;[0m &amp#27;[90m# tek.sdet.framework.steps.AddPaymentSteps.aMessageShouldBeDisplayed(java.lang.String)&amp#27;[0m
]]></system-out>
    <system-err><![CDATA[Starting ChromeDriver 112.0.5615.49 (bd2a7bcb881c11e8cfe3078709382934e3916914-refs/branch-heads/5615@{#936}) on port 53836
Only local connections are allowed.
Please see https://chromedriver.chromium.org/security-considerations for suggestions on keeping ChromeDriver safe.
ChromeDriver was started successfully.
May 05, 2023 2:56:58 PM org.openqa.selenium.remote.ProtocolHandshake createSession
INFO: Detected upstream dialect: W3C
May 05, 2023 2:56:58 PM org.openqa.selenium.devtools.CdpVersionFinder findNearestMatch
WARNING: Unable to find an exact match for CDP version 112, so returning the closest version found: a no-op implementation
May 05, 2023 2:56:58 PM org.openqa.selenium.devtools.CdpVersionFinder findNearestMatch
INFO: Unable to find CDP implementation matching 112.
May 05, 2023 2:56:58 PM org.openqa.selenium.chromium.ChromiumDriver lambda$new$3
WARNING: Unable to find version of CDP to use for . You may need to include a dependency on a specific version of the CDP using something similar to `org.seleniumhq.selenium:selenium-devtools-v86:4.4.0` where the version ("v86") matches the version of the chromium-based browser you're using and the version number of the artifact is the same as Selenium's.
]]></system-err>
  </testcase>
  <testcase name="Verify User can add an Address" classname="User able to Add, Edit, and Remove Adress from account." time="3.739">
    <system-out><![CDATA[
@RegressionTest
Scenario: Verify User can add an Address                                        &amp#27;[90m# features/EditAddress.feature:15&amp#27;[0m
{browser=chrome, headless=true, url=https://tek-retail-ui.azurewebsites.net/}
 INFO [main] (SignInSteps.java:26)- Actual Title: React App Expected Title: React App
 INFO [main] (SignInSteps.java:28)- TEKSCHOOL logo is displayed on upper left of website
 INFO [main] (SignInSteps.java:30)- Sign In option is displayed on upper right of website 
  &amp#27;[32mGiven &amp#27;[0m&amp#27;[32mUser is on retail website&amp#27;[0m                                               &amp#27;[90m# tek.sdet.framework.steps.SignInSteps.userIsOnRetailWebsite()&amp#27;[0m
 INFO [main] (SignInSteps.java:36)- User clicked on Sign in option
  &amp#27;[32mWhen &amp#27;[0m&amp#27;[32mUser clicks on Sign in option&amp#27;[0m                                            &amp#27;[90m# tek.sdet.framework.steps.SignInSteps.userClicksSignInLink()&amp#27;[0m
  &amp#27;[32mAnd &amp#27;[0m&amp#27;[32mUser enters following login credentials&amp#27;[0m                                   &amp#27;[90m# tek.sdet.framework.steps.SignInSteps.userEntersFollowingLoginCredentials(io.cucumber.datatable.DataTable)&amp#27;[0m
    | Email                      | Password   |
    | SpongeBobss46@tekschool.us | Test12345$ |
 INFO [main] (SignInSteps.java:55)- Login button is displayed
 INFO [main] (SignInSteps.java:57)- User clicked login button
  &amp#27;[32mAnd &amp#27;[0m&amp#27;[32mUser clicks on login button&amp#27;[0m                                               &amp#27;[90m# tek.sdet.framework.steps.SignInSteps.userClicksOnLoginButton()&amp#27;[0m
 INFO [main] (SignInSteps.java:64)- Log out button is present
 INFO [main] (SignInSteps.java:65)- Orders link is displayed at the top of page
  &amp#27;[32mThen &amp#27;[0m&amp#27;[32mUser should be logged into their account&amp#27;[0m                                 &amp#27;[90m# tek.sdet.framework.steps.SignInSteps.userShouldBeLoggedInToTheirAccount()&amp#27;[0m
 INFO [main] (UpdateProfileSteps.java:23)- Account link is present
 INFO [main] (UpdateProfileSteps.java:24)- User clicked on Account link
  &amp#27;[32mWhen &amp#27;[0m&amp#27;[32mUser click on Account option&amp#27;[0m                                             &amp#27;[90m# tek.sdet.framework.steps.UpdateProfileSteps.user_click_on_account_option()&amp#27;[0m
 INFO [main] (AddressFeaturesSteps.java:22)- User clicked on Add Address
  &amp#27;[32mWhen &amp#27;[0m&amp#27;[32mUser click on Add address option&amp#27;[0m                                         &amp#27;[90m# tek.sdet.framework.steps.AddressFeaturesSteps.userClickOnAddAddressOption()&amp#27;[0m
 INFO [main] (AddressFeaturesSteps.java:42)- User has filled the address form
  &amp#27;[32mAnd &amp#27;[0m&amp#27;[32muser fill new address form with below information&amp#27;[0m                         &amp#27;[90m# tek.sdet.framework.steps.AddressFeaturesSteps.user_fill_new_address_form_with_below_information(io.cucumber.datatable.DataTable)&amp#27;[0m
    | country       | fullName | phoneNumber | streetAddress | apt | city | state | zipCode |
    | United States | fullName | phoneNumber | address       | apt | city | state | zipCode |
 INFO [main] (AddressFeaturesSteps.java:49)- user clicked on Add Your Address button
  &amp#27;[32mAnd &amp#27;[0m&amp#27;[32mUser click Add Your Address button&amp#27;[0m                                        &amp#27;[90m# tek.sdet.framework.steps.AddressFeaturesSteps.userClickAddYourAddressButton()&amp#27;[0m
 INFO [main] (AddressFeaturesSteps.java:57)- Actual:Address Added Successfully matches Expected Address Added Successfully
  &amp#27;[32mThen &amp#27;[0m&amp#27;[32ma message should be displayed address added &amp#27;[0m&amp#27;[32m&amp#27;[1m"Address Added Successfully"&amp#27;[0m &amp#27;[90m# tek.sdet.framework.steps.AddressFeaturesSteps.a_message_should_be_displayed_address_added(java.lang.String)&amp#27;[0m
]]></system-out>
    <system-err><![CDATA[Starting ChromeDriver 112.0.5615.49 (bd2a7bcb881c11e8cfe3078709382934e3916914-refs/branch-heads/5615@{#936}) on port 61079
Only local connections are allowed.
Please see https://chromedriver.chromium.org/security-considerations for suggestions on keeping ChromeDriver safe.
ChromeDriver was started successfully.
May 05, 2023 2:57:02 PM org.openqa.selenium.remote.ProtocolHandshake createSession
INFO: Detected upstream dialect: W3C
May 05, 2023 2:57:02 PM org.openqa.selenium.devtools.CdpVersionFinder findNearestMatch
WARNING: Unable to find an exact match for CDP version 112, so returning the closest version found: a no-op implementation
May 05, 2023 2:57:02 PM org.openqa.selenium.devtools.CdpVersionFinder findNearestMatch
INFO: Unable to find CDP implementation matching 112.
May 05, 2023 2:57:02 PM org.openqa.selenium.chromium.ChromiumDriver lambda$new$3
WARNING: Unable to find version of CDP to use for . You may need to include a dependency on a specific version of the CDP using something similar to `org.seleniumhq.selenium:selenium-devtools-v86:4.4.0` where the version ("v86") matches the version of the chromium-based browser you're using and the version number of the artifact is the same as Selenium's.
]]></system-err>
  </testcase>
  <testcase name="Verify User can edit an Address added on account" classname="User able to Add, Edit, and Remove Adress from account." time="4.264">
    <system-out><![CDATA[
@RegressionTest
Scenario: Verify User can edit an Address added on account                       &amp#27;[90m# features/EditAddress.feature:24&amp#27;[0m
{browser=chrome, headless=true, url=https://tek-retail-ui.azurewebsites.net/}
 INFO [main] (SignInSteps.java:26)- Actual Title: React App Expected Title: React App
 INFO [main] (SignInSteps.java:28)- TEKSCHOOL logo is displayed on upper left of website
 INFO [main] (SignInSteps.java:30)- Sign In option is displayed on upper right of website 
  &amp#27;[32mGiven &amp#27;[0m&amp#27;[32mUser is on retail website&amp#27;[0m                                                &amp#27;[90m# tek.sdet.framework.steps.SignInSteps.userIsOnRetailWebsite()&amp#27;[0m
 INFO [main] (SignInSteps.java:36)- User clicked on Sign in option
  &amp#27;[32mWhen &amp#27;[0m&amp#27;[32mUser clicks on Sign in option&amp#27;[0m                                             &amp#27;[90m# tek.sdet.framework.steps.SignInSteps.userClicksSignInLink()&amp#27;[0m
  &amp#27;[32mAnd &amp#27;[0m&amp#27;[32mUser enters following login credentials&amp#27;[0m                                    &amp#27;[90m# tek.sdet.framework.steps.SignInSteps.userEntersFollowingLoginCredentials(io.cucumber.datatable.DataTable)&amp#27;[0m
    | Email                      | Password   |
    | SpongeBobss46@tekschool.us | Test12345$ |
 INFO [main] (SignInSteps.java:55)- Login button is displayed
 INFO [main] (SignInSteps.java:57)- User clicked login button
  &amp#27;[32mAnd &amp#27;[0m&amp#27;[32mUser clicks on login button&amp#27;[0m                                                &amp#27;[90m# tek.sdet.framework.steps.SignInSteps.userClicksOnLoginButton()&amp#27;[0m
 INFO [main] (SignInSteps.java:64)- Log out button is present
 INFO [main] (SignInSteps.java:65)- Orders link is displayed at the top of page
  &amp#27;[32mThen &amp#27;[0m&amp#27;[32mUser should be logged into their account&amp#27;[0m                                  &amp#27;[90m# tek.sdet.framework.steps.SignInSteps.userShouldBeLoggedInToTheirAccount()&amp#27;[0m
 INFO [main] (UpdateProfileSteps.java:23)- Account link is present
 INFO [main] (UpdateProfileSteps.java:24)- User clicked on Account link
  &amp#27;[32mWhen &amp#27;[0m&amp#27;[32mUser click on Account option&amp#27;[0m                                              &amp#27;[90m# tek.sdet.framework.steps.UpdateProfileSteps.user_click_on_account_option()&amp#27;[0m
 INFO [main] (AddressFeaturesSteps.java:63)- User clicked on Edit button for the address
  &amp#27;[32mAnd &amp#27;[0m&amp#27;[32mUser click on edit address option&amp#27;[0m                                          &amp#27;[90m# tek.sdet.framework.steps.AddressFeaturesSteps.user_click_on_edit_address_option()&amp#27;[0m
 INFO [main] (AddressFeaturesSteps.java:90)- User has updated their address with new information successfully.
  &amp#27;[32mAnd &amp#27;[0m&amp#27;[32mUser edits address form with below information&amp#27;[0m                             &amp#27;[90m# tek.sdet.framework.steps.AddressFeaturesSteps.user_edits_address_form_with_below_information(io.cucumber.datatable.DataTable)&amp#27;[0m
    | country       | fullName | phoneNumber | streetAddress | apt | city | state | zipCode |
    | United States | fullName | phoneNumber | address       | apt | city | state | zipCode |
 INFO [main] (AddressFeaturesSteps.java:96)- User clicked on "Update Your Address" btn
  &amp#27;[32mAnd &amp#27;[0m&amp#27;[32mUser click update Your Address button&amp#27;[0m                                      &amp#27;[90m# tek.sdet.framework.steps.AddressFeaturesSteps.user_click_update_your_address_button()&amp#27;[0m
  &amp#27;[32mThen &amp#27;[0m&amp#27;[32mA confirmation message should be displayed &amp#27;[0m&amp#27;[32m&amp#27;[1m'Address Updated Successfully'&amp#27;[0m &amp#27;[90m# tek.sdet.framework.steps.AddressFeaturesSteps.aConfirmationMessageShouldBeDisplayed(java.lang.String)&amp#27;[0m
]]></system-out>
    <system-err><![CDATA[Starting ChromeDriver 112.0.5615.49 (bd2a7bcb881c11e8cfe3078709382934e3916914-refs/branch-heads/5615@{#936}) on port 60028
Only local connections are allowed.
Please see https://chromedriver.chromium.org/security-considerations for suggestions on keeping ChromeDriver safe.
ChromeDriver was started successfully.
May 05, 2023 2:57:06 PM org.openqa.selenium.remote.ProtocolHandshake createSession
INFO: Detected upstream dialect: W3C
May 05, 2023 2:57:06 PM org.openqa.selenium.devtools.CdpVersionFinder findNearestMatch
WARNING: Unable to find an exact match for CDP version 112, so returning the closest version found: a no-op implementation
May 05, 2023 2:57:06 PM org.openqa.selenium.devtools.CdpVersionFinder findNearestMatch
INFO: Unable to find CDP implementation matching 112.
May 05, 2023 2:57:06 PM org.openqa.selenium.chromium.ChromiumDriver lambda$new$3
WARNING: Unable to find version of CDP to use for . You may need to include a dependency on a specific version of the CDP using something similar to `org.seleniumhq.selenium:selenium-devtools-v86:4.4.0` where the version ("v86") matches the version of the chromium-based browser you're using and the version number of the artifact is the same as Selenium's.
]]></system-err>
  </testcase>
  <testcase name="Verify User can remove Address from Account" classname="User able to Add, Edit, and Remove Adress from account." time="3.016">
    <system-out><![CDATA[
@RegressionTest
Scenario: Verify User can remove Address from Account &amp#27;[90m# features/EditAddress.feature:33&amp#27;[0m
{browser=chrome, headless=true, url=https://tek-retail-ui.azurewebsites.net/}
 INFO [main] (SignInSteps.java:26)- Actual Title: React App Expected Title: React App
 INFO [main] (SignInSteps.java:28)- TEKSCHOOL logo is displayed on upper left of website
 INFO [main] (SignInSteps.java:30)- Sign In option is displayed on upper right of website 
  &amp#27;[32mGiven &amp#27;[0m&amp#27;[32mUser is on retail website&amp#27;[0m                     &amp#27;[90m# tek.sdet.framework.steps.SignInSteps.userIsOnRetailWebsite()&amp#27;[0m
 INFO [main] (SignInSteps.java:36)- User clicked on Sign in option
  &amp#27;[32mWhen &amp#27;[0m&amp#27;[32mUser clicks on Sign in option&amp#27;[0m                  &amp#27;[90m# tek.sdet.framework.steps.SignInSteps.userClicksSignInLink()&amp#27;[0m
  &amp#27;[32mAnd &amp#27;[0m&amp#27;[32mUser enters following login credentials&amp#27;[0m         &amp#27;[90m# tek.sdet.framework.steps.SignInSteps.userEntersFollowingLoginCredentials(io.cucumber.datatable.DataTable)&amp#27;[0m
    | Email                      | Password   |
    | SpongeBobss46@tekschool.us | Test12345$ |
 INFO [main] (SignInSteps.java:55)- Login button is displayed
 INFO [main] (SignInSteps.java:57)- User clicked login button
  &amp#27;[32mAnd &amp#27;[0m&amp#27;[32mUser clicks on login button&amp#27;[0m                     &amp#27;[90m# tek.sdet.framework.steps.SignInSteps.userClicksOnLoginButton()&amp#27;[0m
 INFO [main] (SignInSteps.java:64)- Log out button is present
 INFO [main] (SignInSteps.java:65)- Orders link is displayed at the top of page
  &amp#27;[32mThen &amp#27;[0m&amp#27;[32mUser should be logged into their account&amp#27;[0m       &amp#27;[90m# tek.sdet.framework.steps.SignInSteps.userShouldBeLoggedInToTheirAccount()&amp#27;[0m
 INFO [main] (UpdateProfileSteps.java:23)- Account link is present
 INFO [main] (UpdateProfileSteps.java:24)- User clicked on Account link
  &amp#27;[32mWhen &amp#27;[0m&amp#27;[32mUser click on Account option&amp#27;[0m                   &amp#27;[90m# tek.sdet.framework.steps.UpdateProfileSteps.user_click_on_account_option()&amp#27;[0m
 INFO [main] (AddressFeaturesSteps.java:109)- User clicked on remove button for their second address
  &amp#27;[32mAnd &amp#27;[0m&amp#27;[32mUser click on remove option of Address section&amp#27;[0m  &amp#27;[90m# tek.sdet.framework.steps.AddressFeaturesSteps.userClickOnRemoveOptionOfAddressSection()&amp#27;[0m
 INFO [main] (AddressFeaturesSteps.java:115)- Users second address has been removed
  &amp#27;[32mThen &amp#27;[0m&amp#27;[32mAddress details should be removed&amp#27;[0m              &amp#27;[90m# tek.sdet.framework.steps.AddressFeaturesSteps.addressDetailsShouldBeRemoved()&amp#27;[0m
]]></system-out>
    <system-err><![CDATA[Starting ChromeDriver 112.0.5615.49 (bd2a7bcb881c11e8cfe3078709382934e3916914-refs/branch-heads/5615@{#936}) on port 57643
Only local connections are allowed.
Please see https://chromedriver.chromium.org/security-considerations for suggestions on keeping ChromeDriver safe.
ChromeDriver was started successfully.
May 05, 2023 2:57:10 PM org.openqa.selenium.remote.ProtocolHandshake createSession
INFO: Detected upstream dialect: W3C
May 05, 2023 2:57:10 PM org.openqa.selenium.devtools.CdpVersionFinder findNearestMatch
WARNING: Unable to find an exact match for CDP version 112, so returning the closest version found: a no-op implementation
May 05, 2023 2:57:10 PM org.openqa.selenium.devtools.CdpVersionFinder findNearestMatch
INFO: Unable to find CDP implementation matching 112.
May 05, 2023 2:57:10 PM org.openqa.selenium.chromium.ChromiumDriver lambda$new$3
WARNING: Unable to find version of CDP to use for . You may need to include a dependency on a specific version of the CDP using something similar to `org.seleniumhq.selenium:selenium-devtools-v86:4.4.0` where the version ("v86") matches the version of the chromium-based browser you're using and the version number of the artifact is the same as Selenium's.
]]></system-err>
  </testcase>
  <testcase name="Verify user can edit debit or credit card" classname="User able to edit their debit/credit information." time="4.833">
    <system-out><![CDATA[
@RegressionTest
Scenario: Verify user can edit debit or credit card                                         &amp#27;[90m# features/EditPaymentCard.feature:14&amp#27;[0m
{browser=chrome, headless=true, url=https://tek-retail-ui.azurewebsites.net/}
 INFO [main] (SignInSteps.java:26)- Actual Title: React App Expected Title: React App
 INFO [main] (SignInSteps.java:28)- TEKSCHOOL logo is displayed on upper left of website
 INFO [main] (SignInSteps.java:30)- Sign In option is displayed on upper right of website 
  &amp#27;[32mGiven &amp#27;[0m&amp#27;[32mUser is on retail website&amp#27;[0m                                                           &amp#27;[90m# tek.sdet.framework.steps.SignInSteps.userIsOnRetailWebsite()&amp#27;[0m
 INFO [main] (SignInSteps.java:36)- User clicked on Sign in option
  &amp#27;[32mWhen &amp#27;[0m&amp#27;[32mUser clicks on Sign in option&amp#27;[0m                                                        &amp#27;[90m# tek.sdet.framework.steps.SignInSteps.userClicksSignInLink()&amp#27;[0m
  &amp#27;[32mAnd &amp#27;[0m&amp#27;[32mUser enters following login credentials&amp#27;[0m                                               &amp#27;[90m# tek.sdet.framework.steps.SignInSteps.userEntersFollowingLoginCredentials(io.cucumber.datatable.DataTable)&amp#27;[0m
    | Email                      | Password   |
    | SpongeBobss46@tekschool.us | Test12345$ |
 INFO [main] (SignInSteps.java:55)- Login button is displayed
 INFO [main] (SignInSteps.java:57)- User clicked login button
  &amp#27;[32mAnd &amp#27;[0m&amp#27;[32mUser clicks on login button&amp#27;[0m                                                           &amp#27;[90m# tek.sdet.framework.steps.SignInSteps.userClicksOnLoginButton()&amp#27;[0m
 INFO [main] (SignInSteps.java:64)- Log out button is present
 INFO [main] (SignInSteps.java:65)- Orders link is displayed at the top of page
  &amp#27;[32mThen &amp#27;[0m&amp#27;[32mUser should be logged into their account&amp#27;[0m                                             &amp#27;[90m# tek.sdet.framework.steps.SignInSteps.userShouldBeLoggedInToTheirAccount()&amp#27;[0m
 INFO [main] (UpdateProfileSteps.java:23)- Account link is present
 INFO [main] (UpdateProfileSteps.java:24)- User clicked on Account link
  &amp#27;[32mWhen &amp#27;[0m&amp#27;[32mUser click on Account option&amp#27;[0m                                                         &amp#27;[90m# tek.sdet.framework.steps.UpdateProfileSteps.user_click_on_account_option()&amp#27;[0m
 INFO [main] (EditPaymentCardSteps.java:22)- User opened Card options. Edit card form displayed
 INFO [main] (EditPaymentCardSteps.java:24)- User clicked on edit button
  &amp#27;[32mWhen &amp#27;[0m&amp#27;[32mUser clicks on Edit option of card section&amp#27;[0m                                           &amp#27;[90m# tek.sdet.framework.steps.EditPaymentCardSteps.userClicksOnEditOptionOfCardSection()&amp#27;[0m
 INFO [main] (EditPaymentCardSteps.java:51)- User has edited and updated their payment method
  &amp#27;[32mAnd &amp#27;[0m&amp#27;[32mUser edits card information&amp#27;[0m                                                           &amp#27;[90m# tek.sdet.framework.steps.EditPaymentCardSteps.userEditsInformationWithBelowData(io.cucumber.datatable.DataTable)&amp#27;[0m
    | cardNumber | nameOnCard | expirationMonth | expirationYear | securityCode |
    | cardNumber | fullName   | 12              | 2026           | ccv          |
 INFO [main] (EditPaymentCardSteps.java:58)- Update Your Card button is enabled
 INFO [main] (EditPaymentCardSteps.java:60)- User clicked update card button
  &amp#27;[32mAnd &amp#27;[0m&amp#27;[32mUser clicks on Update Your Card button&amp#27;[0m                                                &amp#27;[90m# tek.sdet.framework.steps.EditPaymentCardSteps.uSerClicksOnUpdateYourCardButton()&amp#27;[0m
 INFO [main] (EditPaymentCardSteps.java:69)- Expected message: Payment Method updated Successfully Actual message: Payment Method updated Successfully
  &amp#27;[32mThen &amp#27;[0m&amp#27;[32mUpdate successfull message should be displayed &amp#27;[0m&amp#27;[32m&amp#27;[1m'Payment Method updated Successfully'&amp#27;[0m &amp#27;[90m# tek.sdet.framework.steps.EditPaymentCardSteps.aMessageShouldBe(java.lang.String)&amp#27;[0m
]]></system-out>
    <system-err><![CDATA[Starting ChromeDriver 112.0.5615.49 (bd2a7bcb881c11e8cfe3078709382934e3916914-refs/branch-heads/5615@{#936}) on port 54890
Only local connections are allowed.
Please see https://chromedriver.chromium.org/security-considerations for suggestions on keeping ChromeDriver safe.
ChromeDriver was started successfully.
May 05, 2023 2:57:13 PM org.openqa.selenium.remote.ProtocolHandshake createSession
INFO: Detected upstream dialect: W3C
May 05, 2023 2:57:13 PM org.openqa.selenium.devtools.CdpVersionFinder findNearestMatch
WARNING: Unable to find an exact match for CDP version 112, so returning the closest version found: a no-op implementation
May 05, 2023 2:57:13 PM org.openqa.selenium.devtools.CdpVersionFinder findNearestMatch
INFO: Unable to find CDP implementation matching 112.
May 05, 2023 2:57:13 PM org.openqa.selenium.chromium.ChromiumDriver lambda$new$3
WARNING: Unable to find version of CDP to use for . You may need to include a dependency on a specific version of the CDP using something similar to `org.seleniumhq.selenium:selenium-devtools-v86:4.4.0` where the version ("v86") matches the version of the chromium-based browser you're using and the version number of the artifact is the same as Selenium's.
]]></system-err>
  </testcase>
  <testcase name="Verify user can remove their debit/credit card" classname="User able to edit their debit/credit information." time="3.028">
    <system-out><![CDATA[
@RegressionTest
Scenario: Verify user can remove their debit/credit card &amp#27;[90m# features/EditPaymentCard.feature:23&amp#27;[0m
{browser=chrome, headless=true, url=https://tek-retail-ui.azurewebsites.net/}
 INFO [main] (SignInSteps.java:26)- Actual Title: React App Expected Title: React App
 INFO [main] (SignInSteps.java:28)- TEKSCHOOL logo is displayed on upper left of website
 INFO [main] (SignInSteps.java:30)- Sign In option is displayed on upper right of website 
  &amp#27;[32mGiven &amp#27;[0m&amp#27;[32mUser is on retail website&amp#27;[0m                        &amp#27;[90m# tek.sdet.framework.steps.SignInSteps.userIsOnRetailWebsite()&amp#27;[0m
 INFO [main] (SignInSteps.java:36)- User clicked on Sign in option
  &amp#27;[32mWhen &amp#27;[0m&amp#27;[32mUser clicks on Sign in option&amp#27;[0m                     &amp#27;[90m# tek.sdet.framework.steps.SignInSteps.userClicksSignInLink()&amp#27;[0m
  &amp#27;[32mAnd &amp#27;[0m&amp#27;[32mUser enters following login credentials&amp#27;[0m            &amp#27;[90m# tek.sdet.framework.steps.SignInSteps.userEntersFollowingLoginCredentials(io.cucumber.datatable.DataTable)&amp#27;[0m
    | Email                      | Password   |
    | SpongeBobss46@tekschool.us | Test12345$ |
 INFO [main] (SignInSteps.java:55)- Login button is displayed
 INFO [main] (SignInSteps.java:57)- User clicked login button
  &amp#27;[32mAnd &amp#27;[0m&amp#27;[32mUser clicks on login button&amp#27;[0m                        &amp#27;[90m# tek.sdet.framework.steps.SignInSteps.userClicksOnLoginButton()&amp#27;[0m
 INFO [main] (SignInSteps.java:64)- Log out button is present
 INFO [main] (SignInSteps.java:65)- Orders link is displayed at the top of page
  &amp#27;[32mThen &amp#27;[0m&amp#27;[32mUser should be logged into their account&amp#27;[0m          &amp#27;[90m# tek.sdet.framework.steps.SignInSteps.userShouldBeLoggedInToTheirAccount()&amp#27;[0m
 INFO [main] (UpdateProfileSteps.java:23)- Account link is present
 INFO [main] (UpdateProfileSteps.java:24)- User clicked on Account link
  &amp#27;[32mWhen &amp#27;[0m&amp#27;[32mUser click on Account option&amp#27;[0m                      &amp#27;[90m# tek.sdet.framework.steps.UpdateProfileSteps.user_click_on_account_option()&amp#27;[0m
 INFO [main] (EditPaymentCardSteps.java:80)- User clicked on remove option of card section
  &amp#27;[32mWhen &amp#27;[0m&amp#27;[32mUser click on remove option of card section&amp#27;[0m       &amp#27;[90m# tek.sdet.framework.steps.EditPaymentCardSteps.userClickOnRemoveOptionOfCardSection()&amp#27;[0m
 INFO [main] (EditPaymentCardSteps.java:86)- Payment Card removed successfully from account.
  &amp#27;[32mThen &amp#27;[0m&amp#27;[32mpayment details should be removed&amp#27;[0m                 &amp#27;[90m# tek.sdet.framework.steps.EditPaymentCardSteps.paymentDtailsShouldBeRemoved()&amp#27;[0m
]]></system-out>
    <system-err><![CDATA[Starting ChromeDriver 112.0.5615.49 (bd2a7bcb881c11e8cfe3078709382934e3916914-refs/branch-heads/5615@{#936}) on port 52965
Only local connections are allowed.
Please see https://chromedriver.chromium.org/security-considerations for suggestions on keeping ChromeDriver safe.
ChromeDriver was started successfully.
May 05, 2023 2:57:18 PM org.openqa.selenium.remote.ProtocolHandshake createSession
INFO: Detected upstream dialect: W3C
May 05, 2023 2:57:18 PM org.openqa.selenium.devtools.CdpVersionFinder findNearestMatch
WARNING: Unable to find an exact match for CDP version 112, so returning the closest version found: a no-op implementation
May 05, 2023 2:57:18 PM org.openqa.selenium.devtools.CdpVersionFinder findNearestMatch
INFO: Unable to find CDP implementation matching 112.
May 05, 2023 2:57:18 PM org.openqa.selenium.chromium.ChromiumDriver lambda$new$3
WARNING: Unable to find version of CDP to use for . You may need to include a dependency on a specific version of the CDP using something similar to `org.seleniumhq.selenium:selenium-devtools-v86:4.4.0` where the version ("v86") matches the version of the chromium-based browser you're using and the version number of the artifact is the same as Selenium's.
]]></system-err>
  </testcase>
  <testcase name="Verify Shop by Department sidebar" classname="Retail Home Page" time="2.568">
    <system-out><![CDATA[
@RegressionTest
Scenario: Verify Shop by Department sidebar                    &amp#27;[90m# features/RetailHomePage.feature:13&amp#27;[0m
{browser=chrome, headless=true, url=https://tek-retail-ui.azurewebsites.net/}
 INFO [main] (SignInSteps.java:26)- Actual Title: React App Expected Title: React App
 INFO [main] (SignInSteps.java:28)- TEKSCHOOL logo is displayed on upper left of website
 INFO [main] (SignInSteps.java:30)- Sign In option is displayed on upper right of website 
  &amp#27;[32mGiven &amp#27;[0m&amp#27;[32mUser is on retail website&amp#27;[0m                              &amp#27;[90m# tek.sdet.framework.steps.SignInSteps.userIsOnRetailWebsite()&amp#27;[0m
 INFO [main] (SignInSteps.java:36)- User clicked on Sign in option
  &amp#27;[32mWhen &amp#27;[0m&amp#27;[32mUser clicks on Sign in option&amp#27;[0m                           &amp#27;[90m# tek.sdet.framework.steps.SignInSteps.userClicksSignInLink()&amp#27;[0m
  &amp#27;[32mAnd &amp#27;[0m&amp#27;[32mUser enters following login credentials&amp#27;[0m                  &amp#27;[90m# tek.sdet.framework.steps.SignInSteps.userEntersFollowingLoginCredentials(io.cucumber.datatable.DataTable)&amp#27;[0m
    | Email                      | Password   |
    | SpongeBobss46@tekschool.us | Test12345$ |
 INFO [main] (SignInSteps.java:55)- Login button is displayed
 INFO [main] (SignInSteps.java:57)- User clicked login button
  &amp#27;[32mAnd &amp#27;[0m&amp#27;[32mUser clicks on login button&amp#27;[0m                              &amp#27;[90m# tek.sdet.framework.steps.SignInSteps.userClicksOnLoginButton()&amp#27;[0m
 INFO [main] (SignInSteps.java:64)- Log out button is present
 INFO [main] (SignInSteps.java:65)- Orders link is displayed at the top of page
  &amp#27;[32mThen &amp#27;[0m&amp#27;[32mUser should be logged into their account&amp#27;[0m                &amp#27;[90m# tek.sdet.framework.steps.SignInSteps.userShouldBeLoggedInToTheirAccount()&amp#27;[0m
 INFO [main] (RetailHomePageSteps.java:24)- User clicked on all buton
  &amp#27;[32mWhen &amp#27;[0m&amp#27;[32mUser click on All section&amp#27;[0m                               &amp#27;[90m# tek.sdet.framework.steps.RetailHomePageSteps.userClickOnAllSection()&amp#27;[0m
 INFO [main] (RetailHomePageSteps.java:34)- span is equal to Electronics
  &amp#27;[32mThen &amp#27;[0m&amp#27;[32mbelow options are present in Shop by Department sidebar&amp#27;[0m &amp#27;[90m# tek.sdet.framework.steps.RetailHomePageSteps.belowOptionsArePresentInShopByDepartmentSidebar(io.cucumber.datatable.DataTable)&amp#27;[0m
    | Electronics | Computers | Smart Home | Sports | Automative |
]]></system-out>
    <system-err><![CDATA[Starting ChromeDriver 112.0.5615.49 (bd2a7bcb881c11e8cfe3078709382934e3916914-refs/branch-heads/5615@{#936}) on port 58506
Only local connections are allowed.
Please see https://chromedriver.chromium.org/security-considerations for suggestions on keeping ChromeDriver safe.
ChromeDriver was started successfully.
May 05, 2023 2:57:21 PM org.openqa.selenium.remote.ProtocolHandshake createSession
INFO: Detected upstream dialect: W3C
May 05, 2023 2:57:21 PM org.openqa.selenium.devtools.CdpVersionFinder findNearestMatch
WARNING: Unable to find an exact match for CDP version 112, so returning the closest version found: a no-op implementation
May 05, 2023 2:57:21 PM org.openqa.selenium.devtools.CdpVersionFinder findNearestMatch
INFO: Unable to find CDP implementation matching 112.
May 05, 2023 2:57:21 PM org.openqa.selenium.chromium.ChromiumDriver lambda$new$3
WARNING: Unable to find version of CDP to use for . You may need to include a dependency on a specific version of the CDP using something similar to `org.seleniumhq.selenium:selenium-devtools-v86:4.4.0` where the version ("v86") matches the version of the chromium-based browser you're using and the version number of the artifact is the same as Selenium's.
]]></system-err>
  </testcase>
  <testcase name="Verify Department sidebar options #1" classname="Retail Home Page" time="2.681">
    <system-out><![CDATA[
@RegressionTest
Scenario Outline: Verify Department sidebar options &amp#27;[90m# features/RetailHomePage.feature:26&amp#27;[0m
{browser=chrome, headless=true, url=https://tek-retail-ui.azurewebsites.net/}
 INFO [main] (SignInSteps.java:26)- Actual Title: React App Expected Title: React App
 INFO [main] (SignInSteps.java:28)- TEKSCHOOL logo is displayed on upper left of website
 INFO [main] (SignInSteps.java:30)- Sign In option is displayed on upper right of website 
  &amp#27;[32mGiven &amp#27;[0m&amp#27;[32mUser is on retail website&amp#27;[0m                   &amp#27;[90m# tek.sdet.framework.steps.SignInSteps.userIsOnRetailWebsite()&amp#27;[0m
 INFO [main] (SignInSteps.java:36)- User clicked on Sign in option
  &amp#27;[32mWhen &amp#27;[0m&amp#27;[32mUser clicks on Sign in option&amp#27;[0m                &amp#27;[90m# tek.sdet.framework.steps.SignInSteps.userClicksSignInLink()&amp#27;[0m
  &amp#27;[32mAnd &amp#27;[0m&amp#27;[32mUser enters following login credentials&amp#27;[0m       &amp#27;[90m# tek.sdet.framework.steps.SignInSteps.userEntersFollowingLoginCredentials(io.cucumber.datatable.DataTable)&amp#27;[0m
    | Email                      | Password   |
    | SpongeBobss46@tekschool.us | Test12345$ |
 INFO [main] (SignInSteps.java:55)- Login button is displayed
 INFO [main] (SignInSteps.java:57)- User clicked login button
  &amp#27;[32mAnd &amp#27;[0m&amp#27;[32mUser clicks on login button&amp#27;[0m                   &amp#27;[90m# tek.sdet.framework.steps.SignInSteps.userClicksOnLoginButton()&amp#27;[0m
 INFO [main] (SignInSteps.java:64)- Log out button is present
 INFO [main] (SignInSteps.java:65)- Orders link is displayed at the top of page
  &amp#27;[32mThen &amp#27;[0m&amp#27;[32mUser should be logged into their account&amp#27;[0m     &amp#27;[90m# tek.sdet.framework.steps.SignInSteps.userShouldBeLoggedInToTheirAccount()&amp#27;[0m
 INFO [main] (RetailHomePageSteps.java:24)- User clicked on all buton
  &amp#27;[32mWhen &amp#27;[0m&amp#27;[32mUser click on All section&amp#27;[0m                    &amp#27;[90m# tek.sdet.framework.steps.RetailHomePageSteps.userClickOnAllSection()&amp#27;[0m
  &amp#27;[32mAnd &amp#27;[0m&amp#27;[32mUser on &amp#27;[0m&amp#27;[32m&amp#27;[1m"Electronics"&amp#27;[0m                         &amp#27;[90m# tek.sdet.framework.steps.RetailHomePageSteps.userOnDepartment(java.lang.String)&amp#27;[0m
 INFO [main] (RetailHomePageSteps.java:64)- TV & Video is present
  &amp#27;[32mThen &amp#27;[0m&amp#27;[32mbelow options are present in department&amp#27;[0m      &amp#27;[90m# tek.sdet.framework.steps.RetailHomePageSteps.belowOptionsArePresentInDepartment(io.cucumber.datatable.DataTable)&amp#27;[0m
    | TV & Video | Video Games |
]]></system-out>
    <system-err><![CDATA[Starting ChromeDriver 112.0.5615.49 (bd2a7bcb881c11e8cfe3078709382934e3916914-refs/branch-heads/5615@{#936}) on port 59528
Only local connections are allowed.
Please see https://chromedriver.chromium.org/security-considerations for suggestions on keeping ChromeDriver safe.
ChromeDriver was started successfully.
May 05, 2023 2:57:24 PM org.openqa.selenium.remote.ProtocolHandshake createSession
INFO: Detected upstream dialect: W3C
May 05, 2023 2:57:24 PM org.openqa.selenium.devtools.CdpVersionFinder findNearestMatch
WARNING: Unable to find an exact match for CDP version 112, so returning the closest version found: a no-op implementation
May 05, 2023 2:57:24 PM org.openqa.selenium.devtools.CdpVersionFinder findNearestMatch
INFO: Unable to find CDP implementation matching 112.
May 05, 2023 2:57:24 PM org.openqa.selenium.chromium.ChromiumDriver lambda$new$3
WARNING: Unable to find version of CDP to use for . You may need to include a dependency on a specific version of the CDP using something similar to `org.seleniumhq.selenium:selenium-devtools-v86:4.4.0` where the version ("v86") matches the version of the chromium-based browser you're using and the version number of the artifact is the same as Selenium's.
]]></system-err>
  </testcase>
  <testcase name="Verify Department sidebar options #2" classname="Retail Home Page" time="2.853">
    <system-out><![CDATA[
@RegressionTest
Scenario Outline: Verify Department sidebar options &amp#27;[90m# features/RetailHomePage.feature:27&amp#27;[0m
{browser=chrome, headless=true, url=https://tek-retail-ui.azurewebsites.net/}
 INFO [main] (SignInSteps.java:26)- Actual Title: React App Expected Title: React App
 INFO [main] (SignInSteps.java:28)- TEKSCHOOL logo is displayed on upper left of website
 INFO [main] (SignInSteps.java:30)- Sign In option is displayed on upper right of website 
  &amp#27;[32mGiven &amp#27;[0m&amp#27;[32mUser is on retail website&amp#27;[0m                   &amp#27;[90m# tek.sdet.framework.steps.SignInSteps.userIsOnRetailWebsite()&amp#27;[0m
 INFO [main] (SignInSteps.java:36)- User clicked on Sign in option
  &amp#27;[32mWhen &amp#27;[0m&amp#27;[32mUser clicks on Sign in option&amp#27;[0m                &amp#27;[90m# tek.sdet.framework.steps.SignInSteps.userClicksSignInLink()&amp#27;[0m
  &amp#27;[32mAnd &amp#27;[0m&amp#27;[32mUser enters following login credentials&amp#27;[0m       &amp#27;[90m# tek.sdet.framework.steps.SignInSteps.userEntersFollowingLoginCredentials(io.cucumber.datatable.DataTable)&amp#27;[0m
    | Email                      | Password   |
    | SpongeBobss46@tekschool.us | Test12345$ |
 INFO [main] (SignInSteps.java:55)- Login button is displayed
 INFO [main] (SignInSteps.java:57)- User clicked login button
  &amp#27;[32mAnd &amp#27;[0m&amp#27;[32mUser clicks on login button&amp#27;[0m                   &amp#27;[90m# tek.sdet.framework.steps.SignInSteps.userClicksOnLoginButton()&amp#27;[0m
 INFO [main] (SignInSteps.java:64)- Log out button is present
 INFO [main] (SignInSteps.java:65)- Orders link is displayed at the top of page
  &amp#27;[32mThen &amp#27;[0m&amp#27;[32mUser should be logged into their account&amp#27;[0m     &amp#27;[90m# tek.sdet.framework.steps.SignInSteps.userShouldBeLoggedInToTheirAccount()&amp#27;[0m
 INFO [main] (RetailHomePageSteps.java:24)- User clicked on all buton
  &amp#27;[32mWhen &amp#27;[0m&amp#27;[32mUser click on All section&amp#27;[0m                    &amp#27;[90m# tek.sdet.framework.steps.RetailHomePageSteps.userClickOnAllSection()&amp#27;[0m
  &amp#27;[32mAnd &amp#27;[0m&amp#27;[32mUser on &amp#27;[0m&amp#27;[32m&amp#27;[1m"Computers"&amp#27;[0m                           &amp#27;[90m# tek.sdet.framework.steps.RetailHomePageSteps.userOnDepartment(java.lang.String)&amp#27;[0m
 INFO [main] (RetailHomePageSteps.java:64)- Accessories is present
  &amp#27;[32mThen &amp#27;[0m&amp#27;[32mbelow options are present in department&amp#27;[0m      &amp#27;[90m# tek.sdet.framework.steps.RetailHomePageSteps.belowOptionsArePresentInDepartment(io.cucumber.datatable.DataTable)&amp#27;[0m
    | Accessories | Networking |
]]></system-out>
    <system-err><![CDATA[Starting ChromeDriver 112.0.5615.49 (bd2a7bcb881c11e8cfe3078709382934e3916914-refs/branch-heads/5615@{#936}) on port 61675
Only local connections are allowed.
Please see https://chromedriver.chromium.org/security-considerations for suggestions on keeping ChromeDriver safe.
ChromeDriver was started successfully.
May 05, 2023 2:57:26 PM org.openqa.selenium.remote.ProtocolHandshake createSession
INFO: Detected upstream dialect: W3C
May 05, 2023 2:57:26 PM org.openqa.selenium.devtools.CdpVersionFinder findNearestMatch
WARNING: Unable to find an exact match for CDP version 112, so returning the closest version found: a no-op implementation
May 05, 2023 2:57:26 PM org.openqa.selenium.devtools.CdpVersionFinder findNearestMatch
INFO: Unable to find CDP implementation matching 112.
May 05, 2023 2:57:26 PM org.openqa.selenium.chromium.ChromiumDriver lambda$new$3
WARNING: Unable to find version of CDP to use for . You may need to include a dependency on a specific version of the CDP using something similar to `org.seleniumhq.selenium:selenium-devtools-v86:4.4.0` where the version ("v86") matches the version of the chromium-based browser you're using and the version number of the artifact is the same as Selenium's.
]]></system-err>
  </testcase>
  <testcase name="Verify Department sidebar options #3" classname="Retail Home Page" time="2.624">
    <system-out><![CDATA[
@RegressionTest
Scenario Outline: Verify Department sidebar options &amp#27;[90m# features/RetailHomePage.feature:28&amp#27;[0m
{browser=chrome, headless=true, url=https://tek-retail-ui.azurewebsites.net/}
 INFO [main] (SignInSteps.java:26)- Actual Title: React App Expected Title: React App
 INFO [main] (SignInSteps.java:28)- TEKSCHOOL logo is displayed on upper left of website
 INFO [main] (SignInSteps.java:30)- Sign In option is displayed on upper right of website 
  &amp#27;[32mGiven &amp#27;[0m&amp#27;[32mUser is on retail website&amp#27;[0m                   &amp#27;[90m# tek.sdet.framework.steps.SignInSteps.userIsOnRetailWebsite()&amp#27;[0m
 INFO [main] (SignInSteps.java:36)- User clicked on Sign in option
  &amp#27;[32mWhen &amp#27;[0m&amp#27;[32mUser clicks on Sign in option&amp#27;[0m                &amp#27;[90m# tek.sdet.framework.steps.SignInSteps.userClicksSignInLink()&amp#27;[0m
  &amp#27;[32mAnd &amp#27;[0m&amp#27;[32mUser enters following login credentials&amp#27;[0m       &amp#27;[90m# tek.sdet.framework.steps.SignInSteps.userEntersFollowingLoginCredentials(io.cucumber.datatable.DataTable)&amp#27;[0m
    | Email                      | Password   |
    | SpongeBobss46@tekschool.us | Test12345$ |
 INFO [main] (SignInSteps.java:55)- Login button is displayed
 INFO [main] (SignInSteps.java:57)- User clicked login button
  &amp#27;[32mAnd &amp#27;[0m&amp#27;[32mUser clicks on login button&amp#27;[0m                   &amp#27;[90m# tek.sdet.framework.steps.SignInSteps.userClicksOnLoginButton()&amp#27;[0m
 INFO [main] (SignInSteps.java:64)- Log out button is present
 INFO [main] (SignInSteps.java:65)- Orders link is displayed at the top of page
  &amp#27;[32mThen &amp#27;[0m&amp#27;[32mUser should be logged into their account&amp#27;[0m     &amp#27;[90m# tek.sdet.framework.steps.SignInSteps.userShouldBeLoggedInToTheirAccount()&amp#27;[0m
 INFO [main] (RetailHomePageSteps.java:24)- User clicked on all buton
  &amp#27;[32mWhen &amp#27;[0m&amp#27;[32mUser click on All section&amp#27;[0m                    &amp#27;[90m# tek.sdet.framework.steps.RetailHomePageSteps.userClickOnAllSection()&amp#27;[0m
  &amp#27;[32mAnd &amp#27;[0m&amp#27;[32mUser on &amp#27;[0m&amp#27;[32m&amp#27;[1m"Smart Home"&amp#27;[0m                          &amp#27;[90m# tek.sdet.framework.steps.RetailHomePageSteps.userOnDepartment(java.lang.String)&amp#27;[0m
 INFO [main] (RetailHomePageSteps.java:64)- Smart Home Lightning is present
  &amp#27;[32mThen &amp#27;[0m&amp#27;[32mbelow options are present in department&amp#27;[0m      &amp#27;[90m# tek.sdet.framework.steps.RetailHomePageSteps.belowOptionsArePresentInDepartment(io.cucumber.datatable.DataTable)&amp#27;[0m
    | Smart Home Lightning | Plugs and Outlets |
]]></system-out>
    <system-err><![CDATA[Starting ChromeDriver 112.0.5615.49 (bd2a7bcb881c11e8cfe3078709382934e3916914-refs/branch-heads/5615@{#936}) on port 63956
Only local connections are allowed.
Please see https://chromedriver.chromium.org/security-considerations for suggestions on keeping ChromeDriver safe.
ChromeDriver was started successfully.
May 05, 2023 2:57:29 PM org.openqa.selenium.remote.ProtocolHandshake createSession
INFO: Detected upstream dialect: W3C
May 05, 2023 2:57:29 PM org.openqa.selenium.devtools.CdpVersionFinder findNearestMatch
WARNING: Unable to find an exact match for CDP version 112, so returning the closest version found: a no-op implementation
May 05, 2023 2:57:29 PM org.openqa.selenium.devtools.CdpVersionFinder findNearestMatch
INFO: Unable to find CDP implementation matching 112.
May 05, 2023 2:57:29 PM org.openqa.selenium.chromium.ChromiumDriver lambda$new$3
WARNING: Unable to find version of CDP to use for . You may need to include a dependency on a specific version of the CDP using something similar to `org.seleniumhq.selenium:selenium-devtools-v86:4.4.0` where the version ("v86") matches the version of the chromium-based browser you're using and the version number of the artifact is the same as Selenium's.
]]></system-err>
  </testcase>
  <testcase name="Verify Department sidebar options #4" classname="Retail Home Page" time="3.898">
    <system-out><![CDATA[
@RegressionTest
Scenario Outline: Verify Department sidebar options &amp#27;[90m# features/RetailHomePage.feature:29&amp#27;[0m
{browser=chrome, headless=true, url=https://tek-retail-ui.azurewebsites.net/}
 INFO [main] (SignInSteps.java:26)- Actual Title: React App Expected Title: React App
 INFO [main] (SignInSteps.java:28)- TEKSCHOOL logo is displayed on upper left of website
 INFO [main] (SignInSteps.java:30)- Sign In option is displayed on upper right of website 
  &amp#27;[32mGiven &amp#27;[0m&amp#27;[32mUser is on retail website&amp#27;[0m                   &amp#27;[90m# tek.sdet.framework.steps.SignInSteps.userIsOnRetailWebsite()&amp#27;[0m
 INFO [main] (SignInSteps.java:36)- User clicked on Sign in option
  &amp#27;[32mWhen &amp#27;[0m&amp#27;[32mUser clicks on Sign in option&amp#27;[0m                &amp#27;[90m# tek.sdet.framework.steps.SignInSteps.userClicksSignInLink()&amp#27;[0m
  &amp#27;[32mAnd &amp#27;[0m&amp#27;[32mUser enters following login credentials&amp#27;[0m       &amp#27;[90m# tek.sdet.framework.steps.SignInSteps.userEntersFollowingLoginCredentials(io.cucumber.datatable.DataTable)&amp#27;[0m
    | Email                      | Password   |
    | SpongeBobss46@tekschool.us | Test12345$ |
 INFO [main] (SignInSteps.java:55)- Login button is displayed
 INFO [main] (SignInSteps.java:57)- User clicked login button
  &amp#27;[32mAnd &amp#27;[0m&amp#27;[32mUser clicks on login button&amp#27;[0m                   &amp#27;[90m# tek.sdet.framework.steps.SignInSteps.userClicksOnLoginButton()&amp#27;[0m
 INFO [main] (SignInSteps.java:64)- Log out button is present
 INFO [main] (SignInSteps.java:65)- Orders link is displayed at the top of page
  &amp#27;[32mThen &amp#27;[0m&amp#27;[32mUser should be logged into their account&amp#27;[0m     &amp#27;[90m# tek.sdet.framework.steps.SignInSteps.userShouldBeLoggedInToTheirAccount()&amp#27;[0m
 INFO [main] (RetailHomePageSteps.java:24)- User clicked on all buton
  &amp#27;[32mWhen &amp#27;[0m&amp#27;[32mUser click on All section&amp#27;[0m                    &amp#27;[90m# tek.sdet.framework.steps.RetailHomePageSteps.userClickOnAllSection()&amp#27;[0m
  &amp#27;[32mAnd &amp#27;[0m&amp#27;[32mUser on &amp#27;[0m&amp#27;[32m&amp#27;[1m"Sports"&amp#27;[0m                              &amp#27;[90m# tek.sdet.framework.steps.RetailHomePageSteps.userOnDepartment(java.lang.String)&amp#27;[0m
 INFO [main] (RetailHomePageSteps.java:64)- Athletic Clothing is present
  &amp#27;[32mThen &amp#27;[0m&amp#27;[32mbelow options are present in department&amp#27;[0m      &amp#27;[90m# tek.sdet.framework.steps.RetailHomePageSteps.belowOptionsArePresentInDepartment(io.cucumber.datatable.DataTable)&amp#27;[0m
    | Athletic Clothing | Exercise & Fitness |
]]></system-out>
    <system-err><![CDATA[Starting ChromeDriver 112.0.5615.49 (bd2a7bcb881c11e8cfe3078709382934e3916914-refs/branch-heads/5615@{#936}) on port 62720
Only local connections are allowed.
Please see https://chromedriver.chromium.org/security-considerations for suggestions on keeping ChromeDriver safe.
ChromeDriver was started successfully.
May 05, 2023 2:57:33 PM org.openqa.selenium.remote.ProtocolHandshake createSession
INFO: Detected upstream dialect: W3C
May 05, 2023 2:57:33 PM org.openqa.selenium.devtools.CdpVersionFinder findNearestMatch
WARNING: Unable to find an exact match for CDP version 112, so returning the closest version found: a no-op implementation
May 05, 2023 2:57:33 PM org.openqa.selenium.devtools.CdpVersionFinder findNearestMatch
INFO: Unable to find CDP implementation matching 112.
May 05, 2023 2:57:33 PM org.openqa.selenium.chromium.ChromiumDriver lambda$new$3
WARNING: Unable to find version of CDP to use for . You may need to include a dependency on a specific version of the CDP using something similar to `org.seleniumhq.selenium:selenium-devtools-v86:4.4.0` where the version ("v86") matches the version of the chromium-based browser you're using and the version number of the artifact is the same as Selenium's.
]]></system-err>
  </testcase>
  <testcase name="Verify Department sidebar options #5" classname="Retail Home Page" time="2.96">
    <system-out><![CDATA[
@RegressionTest
Scenario Outline: Verify Department sidebar options &amp#27;[90m# features/RetailHomePage.feature:30&amp#27;[0m
{browser=chrome, headless=true, url=https://tek-retail-ui.azurewebsites.net/}
 INFO [main] (SignInSteps.java:26)- Actual Title: React App Expected Title: React App
 INFO [main] (SignInSteps.java:28)- TEKSCHOOL logo is displayed on upper left of website
 INFO [main] (SignInSteps.java:30)- Sign In option is displayed on upper right of website 
  &amp#27;[32mGiven &amp#27;[0m&amp#27;[32mUser is on retail website&amp#27;[0m                   &amp#27;[90m# tek.sdet.framework.steps.SignInSteps.userIsOnRetailWebsite()&amp#27;[0m
 INFO [main] (SignInSteps.java:36)- User clicked on Sign in option
  &amp#27;[32mWhen &amp#27;[0m&amp#27;[32mUser clicks on Sign in option&amp#27;[0m                &amp#27;[90m# tek.sdet.framework.steps.SignInSteps.userClicksSignInLink()&amp#27;[0m
  &amp#27;[32mAnd &amp#27;[0m&amp#27;[32mUser enters following login credentials&amp#27;[0m       &amp#27;[90m# tek.sdet.framework.steps.SignInSteps.userEntersFollowingLoginCredentials(io.cucumber.datatable.DataTable)&amp#27;[0m
    | Email                      | Password   |
    | SpongeBobss46@tekschool.us | Test12345$ |
 INFO [main] (SignInSteps.java:55)- Login button is displayed
 INFO [main] (SignInSteps.java:57)- User clicked login button
  &amp#27;[32mAnd &amp#27;[0m&amp#27;[32mUser clicks on login button&amp#27;[0m                   &amp#27;[90m# tek.sdet.framework.steps.SignInSteps.userClicksOnLoginButton()&amp#27;[0m
 INFO [main] (SignInSteps.java:64)- Log out button is present
 INFO [main] (SignInSteps.java:65)- Orders link is displayed at the top of page
  &amp#27;[32mThen &amp#27;[0m&amp#27;[32mUser should be logged into their account&amp#27;[0m     &amp#27;[90m# tek.sdet.framework.steps.SignInSteps.userShouldBeLoggedInToTheirAccount()&amp#27;[0m
 INFO [main] (RetailHomePageSteps.java:24)- User clicked on all buton
  &amp#27;[32mWhen &amp#27;[0m&amp#27;[32mUser click on All section&amp#27;[0m                    &amp#27;[90m# tek.sdet.framework.steps.RetailHomePageSteps.userClickOnAllSection()&amp#27;[0m
  &amp#27;[32mAnd &amp#27;[0m&amp#27;[32mUser on &amp#27;[0m&amp#27;[32m&amp#27;[1m"Automative"&amp#27;[0m                          &amp#27;[90m# tek.sdet.framework.steps.RetailHomePageSteps.userOnDepartment(java.lang.String)&amp#27;[0m
 INFO [main] (RetailHomePageSteps.java:64)- Automative Parts & Accessories is present
  &amp#27;[32mThen &amp#27;[0m&amp#27;[32mbelow options are present in department&amp#27;[0m      &amp#27;[90m# tek.sdet.framework.steps.RetailHomePageSteps.belowOptionsArePresentInDepartment(io.cucumber.datatable.DataTable)&amp#27;[0m
    | Automative Parts & Accessories | MotorCycle & Powersports |
]]></system-out>
    <system-err><![CDATA[Starting ChromeDriver 112.0.5615.49 (bd2a7bcb881c11e8cfe3078709382934e3916914-refs/branch-heads/5615@{#936}) on port 60682
Only local connections are allowed.
Please see https://chromedriver.chromium.org/security-considerations for suggestions on keeping ChromeDriver safe.
ChromeDriver was started successfully.
May 05, 2023 2:57:36 PM org.openqa.selenium.remote.ProtocolHandshake createSession
INFO: Detected upstream dialect: W3C
May 05, 2023 2:57:36 PM org.openqa.selenium.devtools.CdpVersionFinder findNearestMatch
WARNING: Unable to find an exact match for CDP version 112, so returning the closest version found: a no-op implementation
May 05, 2023 2:57:36 PM org.openqa.selenium.devtools.CdpVersionFinder findNearestMatch
INFO: Unable to find CDP implementation matching 112.
May 05, 2023 2:57:36 PM org.openqa.selenium.chromium.ChromiumDriver lambda$new$3
WARNING: Unable to find version of CDP to use for . You may need to include a dependency on a specific version of the CDP using something similar to `org.seleniumhq.selenium:selenium-devtools-v86:4.4.0` where the version ("v86") matches the version of the chromium-based browser you're using and the version number of the artifact is the same as Selenium's.
]]></system-err>
  </testcase>
  <testcase name="Verify User can add an item to cart" classname="Retail Home Page" time="4.376">
    <system-out><![CDATA[
@RegressionTest
Scenario: Verify User can add an item to cart           &amp#27;[90m# features/RetailHomePage.feature:32&amp#27;[0m
{browser=chrome, headless=true, url=https://tek-retail-ui.azurewebsites.net/}
 INFO [main] (SignInSteps.java:26)- Actual Title: React App Expected Title: React App
 INFO [main] (SignInSteps.java:28)- TEKSCHOOL logo is displayed on upper left of website
 INFO [main] (SignInSteps.java:30)- Sign In option is displayed on upper right of website 
  &amp#27;[32mGiven &amp#27;[0m&amp#27;[32mUser is on retail website&amp#27;[0m                       &amp#27;[90m# tek.sdet.framework.steps.SignInSteps.userIsOnRetailWebsite()&amp#27;[0m
 INFO [main] (SignInSteps.java:36)- User clicked on Sign in option
  &amp#27;[32mWhen &amp#27;[0m&amp#27;[32mUser clicks on Sign in option&amp#27;[0m                    &amp#27;[90m# tek.sdet.framework.steps.SignInSteps.userClicksSignInLink()&amp#27;[0m
  &amp#27;[32mAnd &amp#27;[0m&amp#27;[32mUser enters following login credentials&amp#27;[0m           &amp#27;[90m# tek.sdet.framework.steps.SignInSteps.userEntersFollowingLoginCredentials(io.cucumber.datatable.DataTable)&amp#27;[0m
    | Email                      | Password   |
    | SpongeBobss46@tekschool.us | Test12345$ |
 INFO [main] (SignInSteps.java:55)- Login button is displayed
 INFO [main] (SignInSteps.java:57)- User clicked login button
  &amp#27;[32mAnd &amp#27;[0m&amp#27;[32mUser clicks on login button&amp#27;[0m                       &amp#27;[90m# tek.sdet.framework.steps.SignInSteps.userClicksOnLoginButton()&amp#27;[0m
 INFO [main] (SignInSteps.java:64)- Log out button is present
 INFO [main] (SignInSteps.java:65)- Orders link is displayed at the top of page
  &amp#27;[32mThen &amp#27;[0m&amp#27;[32mUser should be logged into their account&amp#27;[0m         &amp#27;[90m# tek.sdet.framework.steps.SignInSteps.userShouldBeLoggedInToTheirAccount()&amp#27;[0m
 INFO [main] (RetailHomePageSteps.java:75)- User changed search category to Smart Home
  &amp#27;[32mWhen &amp#27;[0m&amp#27;[32mUser change the category to &amp#27;[0m&amp#27;[32m&amp#27;[1m'Smart Home'&amp#27;[0m         &amp#27;[90m# tek.sdet.framework.steps.RetailHomePageSteps.userChangeTheCategoryTo(java.lang.String)&amp#27;[0m
 INFO [main] (RetailHomePageSteps.java:85)- User entered Kasa outdoor smart plug into search box
  &amp#27;[32mAnd &amp#27;[0m&amp#27;[32mUser search for an item &amp#27;[0m&amp#27;[32m&amp#27;[1m'Kasa outdoor smart plug'&amp#27;[0m &amp#27;[90m# tek.sdet.framework.steps.RetailHomePageSteps.userSearchForAnItem(java.lang.String)&amp#27;[0m
 INFO [main] (RetailHomePageSteps.java:93)- User clicked on search button
  &amp#27;[32mAnd &amp#27;[0m&amp#27;[32mUser click on Search icon&amp#27;[0m                         &amp#27;[90m# tek.sdet.framework.steps.RetailHomePageSteps.userClickOnSearchIcon()&amp#27;[0m
 INFO [main] (RetailHomePageSteps.java:104)- User clicked on the item
  &amp#27;[32mAnd &amp#27;[0m&amp#27;[32mUser click on item&amp#27;[0m                                &amp#27;[90m# tek.sdet.framework.steps.RetailHomePageSteps.userClickOnItem()&amp#27;[0m
 INFO [main] (RetailHomePageSteps.java:110)- User changed quatity to 2
  &amp#27;[32mAnd &amp#27;[0m&amp#27;[32mUser select quantity &amp#27;[0m&amp#27;[32m&amp#27;[1m'2'&amp#27;[0m                          &amp#27;[90m# tek.sdet.framework.steps.RetailHomePageSteps.userSelectQuantity(java.lang.String)&amp#27;[0m
 INFO [main] (RetailHomePageSteps.java:116)- User added items to cart
  &amp#27;[32mAnd &amp#27;[0m&amp#27;[32mUser click add to Cart button&amp#27;[0m                     &amp#27;[90m# tek.sdet.framework.steps.RetailHomePageSteps.userClickAddToCartButton()&amp#27;[0m
 INFO [main] (RetailHomePageSteps.java:122)- actual quantity in cart: 2
  &amp#27;[32mThen &amp#27;[0m&amp#27;[32mthe cart icon quantity should change to &amp#27;[0m&amp#27;[32m&amp#27;[1m"2"&amp#27;[0m      &amp#27;[90m# tek.sdet.framework.steps.RetailHomePageSteps.theCartIconQuantityShouldChangeTo(java.lang.String)&amp#27;[0m
]]></system-out>
    <system-err><![CDATA[Starting ChromeDriver 112.0.5615.49 (bd2a7bcb881c11e8cfe3078709382934e3916914-refs/branch-heads/5615@{#936}) on port 49879
Only local connections are allowed.
Please see https://chromedriver.chromium.org/security-considerations for suggestions on keeping ChromeDriver safe.
ChromeDriver was started successfully.
May 05, 2023 2:57:39 PM org.openqa.selenium.remote.ProtocolHandshake createSession
INFO: Detected upstream dialect: W3C
May 05, 2023 2:57:39 PM org.openqa.selenium.devtools.CdpVersionFinder findNearestMatch
WARNING: Unable to find an exact match for CDP version 112, so returning the closest version found: a no-op implementation
May 05, 2023 2:57:39 PM org.openqa.selenium.devtools.CdpVersionFinder findNearestMatch
INFO: Unable to find CDP implementation matching 112.
May 05, 2023 2:57:39 PM org.openqa.selenium.chromium.ChromiumDriver lambda$new$3
WARNING: Unable to find version of CDP to use for . You may need to include a dependency on a specific version of the CDP using something similar to `org.seleniumhq.selenium:selenium-devtools-v86:4.4.0` where the version ("v86") matches the version of the chromium-based browser you're using and the version number of the artifact is the same as Selenium's.
]]></system-err>
  </testcase>
  <testcase name="Verify User can place an order without Shipping address and payment Method on file" classname="Retail Home Page" time="3.92">
    <system-out><![CDATA[
@RegressionTest
Scenario: Verify User can place an order without Shipping address and payment Method on file &amp#27;[90m# features/RetailHomePage.feature:41&amp#27;[0m
{browser=chrome, headless=true, url=https://tek-retail-ui.azurewebsites.net/}
 INFO [main] (SignInSteps.java:26)- Actual Title: React App Expected Title: React App
 INFO [main] (SignInSteps.java:28)- TEKSCHOOL logo is displayed on upper left of website
 INFO [main] (SignInSteps.java:30)- Sign In option is displayed on upper right of website 
  &amp#27;[32mGiven &amp#27;[0m&amp#27;[32mUser is on retail website&amp#27;[0m                                                            &amp#27;[90m# tek.sdet.framework.steps.SignInSteps.userIsOnRetailWebsite()&amp#27;[0m
 INFO [main] (SignInSteps.java:36)- User clicked on Sign in option
  &amp#27;[32mWhen &amp#27;[0m&amp#27;[32mUser clicks on Sign in option&amp#27;[0m                                                         &amp#27;[90m# tek.sdet.framework.steps.SignInSteps.userClicksSignInLink()&amp#27;[0m
  &amp#27;[32mAnd &amp#27;[0m&amp#27;[32mUser enters following login credentials&amp#27;[0m                                                &amp#27;[90m# tek.sdet.framework.steps.SignInSteps.userEntersFollowingLoginCredentials(io.cucumber.datatable.DataTable)&amp#27;[0m
    | Email                      | Password   |
    | SpongeBobss46@tekschool.us | Test12345$ |
 INFO [main] (SignInSteps.java:55)- Login button is displayed
 INFO [main] (SignInSteps.java:57)- User clicked login button
  &amp#27;[32mAnd &amp#27;[0m&amp#27;[32mUser clicks on login button&amp#27;[0m                                                            &amp#27;[90m# tek.sdet.framework.steps.SignInSteps.userClicksOnLoginButton()&amp#27;[0m
 INFO [main] (SignInSteps.java:64)- Log out button is present
 INFO [main] (SignInSteps.java:65)- Orders link is displayed at the top of page
  &amp#27;[32mThen &amp#27;[0m&amp#27;[32mUser should be logged into their account&amp#27;[0m                                              &amp#27;[90m# tek.sdet.framework.steps.SignInSteps.userShouldBeLoggedInToTheirAccount()&amp#27;[0m
 INFO [main] (RetailHomePageSteps.java:128)- User clicked on cart button
  &amp#27;[32mWhen &amp#27;[0m&amp#27;[32mUser click on Cart option&amp#27;[0m                                                             &amp#27;[90m# tek.sdet.framework.steps.RetailHomePageSteps.userClickOnCartOption()&amp#27;[0m
 INFO [main] (RetailHomePageSteps.java:134)- User clicked on Proceed to Checkout button
  &amp#27;[32mAnd &amp#27;[0m&amp#27;[32mUser click on Proceed to Checkout button&amp#27;[0m                                               &amp#27;[90m# tek.sdet.framework.steps.RetailHomePageSteps.userClickOnProceedToCheckoutButton()&amp#27;[0m
 INFO [main] (RetailHomePageSteps.java:140)- User clicked on Add a new address at checkout
  &amp#27;[32mAnd &amp#27;[0m&amp#27;[32mUser click Add a new address link for shipping address&amp#27;[0m                                 &amp#27;[90m# tek.sdet.framework.steps.RetailHomePageSteps.userClickAddANewAddressLinkForShippingAddress()&amp#27;[0m
 INFO [main] (RetailHomePageSteps.java:197)- User has filled the address form
  &amp#27;[32mAnd &amp#27;[0m&amp#27;[32muser fill new address form during checkout&amp#27;[0m                                             &amp#27;[90m# tek.sdet.framework.steps.RetailHomePageSteps.user_fill_new_address_form_with_below_information(io.cucumber.datatable.DataTable)&amp#27;[0m
    | country       | fullName | phoneNumber | address | apt | city | state | zipCode |
    | United States | fullName | phoneNumber | address | apt | city | state | zipCode |
 INFO [main] (AddressFeaturesSteps.java:49)- user clicked on Add Your Address button
  &amp#27;[32mAnd &amp#27;[0m&amp#27;[32mUser click Add Your Address button&amp#27;[0m                                                     &amp#27;[90m# tek.sdet.framework.steps.AddressFeaturesSteps.userClickAddYourAddressButton()&amp#27;[0m
 INFO [main] (RetailHomePageSteps.java:146)- User clicked on Add a Credit or Debit Card at checkout
  &amp#27;[32mAnd &amp#27;[0m&amp#27;[32mUser click Add a credit card or Debit Card for Payment method&amp#27;[0m                          &amp#27;[90m# tek.sdet.framework.steps.RetailHomePageSteps.userClickAddACreditCardOrDebitCardForPaymentMethod()&amp#27;[0m
 INFO [main] (RetailHomePageSteps.java:162)- User filled out new card payment form at during checkout.
  &amp#27;[32mAnd &amp#27;[0m&amp#27;[32mUser fills debit or credit card information during checkout&amp#27;[0m                            &amp#27;[90m# tek.sdet.framework.steps.RetailHomePageSteps.userFillsDebitOrCreditCardInformation(io.cucumber.datatable.DataTable)&amp#27;[0m
    | cardNumber | nameOnCard | expirationMonth | expirationYear | securityCode |
    | cardNumber | fullName   | 7               | 2025           | ccv          |
 INFO [main] (AddPaymentSteps.java:43)- User clicked on Add Your card button
  &amp#27;[32mAnd &amp#27;[0m&amp#27;[32mUser click on Add your card button&amp#27;[0m                                                     &amp#27;[90m# tek.sdet.framework.steps.AddPaymentSteps.userClickOnAddYourCardButton()&amp#27;[0m
 INFO [main] (RetailHomePageSteps.java:170)- User clicked on Place Your Order
  &amp#27;[32mAnd &amp#27;[0m&amp#27;[32mUser click on Place Your Order&amp#27;[0m                                                         &amp#27;[90m# tek.sdet.framework.steps.RetailHomePageSteps.userClickOnPlaceYourOrder()&amp#27;[0m
 INFO [main] (RetailHomePageSteps.java:178)- Order Placed Successfully is displayed
  &amp#27;[32mThen &amp#27;[0m&amp#27;[32mOrder placed message should be displayed &amp#27;[0m&amp#27;[32m&amp#27;[1m"Order Placed, Thanks"&amp#27;[0m                       &amp#27;[90m# tek.sdet.framework.steps.RetailHomePageSteps.aMessageShouldBeDisplayedOrderPlacedThanks(java.lang.String)&amp#27;[0m
]]></system-out>
    <system-err><![CDATA[Starting ChromeDriver 112.0.5615.49 (bd2a7bcb881c11e8cfe3078709382934e3916914-refs/branch-heads/5615@{#936}) on port 49248
Only local connections are allowed.
Please see https://chromedriver.chromium.org/security-considerations for suggestions on keeping ChromeDriver safe.
ChromeDriver was started successfully.
May 05, 2023 2:57:43 PM org.openqa.selenium.remote.ProtocolHandshake createSession
INFO: Detected upstream dialect: W3C
May 05, 2023 2:57:43 PM org.openqa.selenium.devtools.CdpVersionFinder findNearestMatch
WARNING: Unable to find an exact match for CDP version 112, so returning the closest version found: a no-op implementation
May 05, 2023 2:57:43 PM org.openqa.selenium.devtools.CdpVersionFinder findNearestMatch
INFO: Unable to find CDP implementation matching 112.
May 05, 2023 2:57:43 PM org.openqa.selenium.chromium.ChromiumDriver lambda$new$3
WARNING: Unable to find version of CDP to use for . You may need to include a dependency on a specific version of the CDP using something similar to `org.seleniumhq.selenium:selenium-devtools-v86:4.4.0` where the version ("v86") matches the version of the chromium-based browser you're using and the version number of the artifact is the same as Selenium's.
]]></system-err>
  </testcase>
  <testcase name="Verify User can place an order with Shipping address and payment Method on file" classname="Retail Home Page" time="5.304">
    <system-out><![CDATA[
@RegressionTest
Scenario: Verify User can place an order with Shipping address and payment Method on file &amp#27;[90m# features/RetailHomePage.feature:57&amp#27;[0m
{browser=chrome, headless=true, url=https://tek-retail-ui.azurewebsites.net/}
 INFO [main] (SignInSteps.java:26)- Actual Title: React App Expected Title: React App
 INFO [main] (SignInSteps.java:28)- TEKSCHOOL logo is displayed on upper left of website
 INFO [main] (SignInSteps.java:30)- Sign In option is displayed on upper right of website 
  &amp#27;[32mGiven &amp#27;[0m&amp#27;[32mUser is on retail website&amp#27;[0m                                                         &amp#27;[90m# tek.sdet.framework.steps.SignInSteps.userIsOnRetailWebsite()&amp#27;[0m
 INFO [main] (SignInSteps.java:36)- User clicked on Sign in option
  &amp#27;[32mWhen &amp#27;[0m&amp#27;[32mUser clicks on Sign in option&amp#27;[0m                                                      &amp#27;[90m# tek.sdet.framework.steps.SignInSteps.userClicksSignInLink()&amp#27;[0m
  &amp#27;[32mAnd &amp#27;[0m&amp#27;[32mUser enters following login credentials&amp#27;[0m                                             &amp#27;[90m# tek.sdet.framework.steps.SignInSteps.userEntersFollowingLoginCredentials(io.cucumber.datatable.DataTable)&amp#27;[0m
    | Email                      | Password   |
    | SpongeBobss46@tekschool.us | Test12345$ |
 INFO [main] (SignInSteps.java:55)- Login button is displayed
 INFO [main] (SignInSteps.java:57)- User clicked login button
  &amp#27;[32mAnd &amp#27;[0m&amp#27;[32mUser clicks on login button&amp#27;[0m                                                         &amp#27;[90m# tek.sdet.framework.steps.SignInSteps.userClicksOnLoginButton()&amp#27;[0m
 INFO [main] (SignInSteps.java:64)- Log out button is present
 INFO [main] (SignInSteps.java:65)- Orders link is displayed at the top of page
  &amp#27;[32mThen &amp#27;[0m&amp#27;[32mUser should be logged into their account&amp#27;[0m                                           &amp#27;[90m# tek.sdet.framework.steps.SignInSteps.userShouldBeLoggedInToTheirAccount()&amp#27;[0m
 INFO [main] (RetailHomePageSteps.java:75)- User changed search category to Electronics
  &amp#27;[32mAnd &amp#27;[0m&amp#27;[32mUser change the category to &amp#27;[0m&amp#27;[32m&amp#27;[1m'Electronics'&amp#27;[0m                                           &amp#27;[90m# tek.sdet.framework.steps.RetailHomePageSteps.userChangeTheCategoryTo(java.lang.String)&amp#27;[0m
 INFO [main] (RetailHomePageSteps.java:85)- User entered Apex Legends into search box
  &amp#27;[32mAnd &amp#27;[0m&amp#27;[32mUser search for an item &amp#27;[0m&amp#27;[32m&amp#27;[1m'Apex Legends'&amp#27;[0m                                              &amp#27;[90m# tek.sdet.framework.steps.RetailHomePageSteps.userSearchForAnItem(java.lang.String)&amp#27;[0m
 INFO [main] (RetailHomePageSteps.java:93)- User clicked on search button
  &amp#27;[32mAnd &amp#27;[0m&amp#27;[32mUser click on Search icon&amp#27;[0m                                                           &amp#27;[90m# tek.sdet.framework.steps.RetailHomePageSteps.userClickOnSearchIcon()&amp#27;[0m
 INFO [main] (RetailHomePageSteps.java:104)- User clicked on the item
  &amp#27;[32mAnd &amp#27;[0m&amp#27;[32mUser click on item&amp#27;[0m                                                                  &amp#27;[90m# tek.sdet.framework.steps.RetailHomePageSteps.userClickOnItem()&amp#27;[0m
 INFO [main] (RetailHomePageSteps.java:110)- User changed quatity to 5
  &amp#27;[32mAnd &amp#27;[0m&amp#27;[32mUser select quantity &amp#27;[0m&amp#27;[32m&amp#27;[1m'5'&amp#27;[0m                                                            &amp#27;[90m# tek.sdet.framework.steps.RetailHomePageSteps.userSelectQuantity(java.lang.String)&amp#27;[0m
 INFO [main] (RetailHomePageSteps.java:116)- User added items to cart
  &amp#27;[32mAnd &amp#27;[0m&amp#27;[32mUser click add to Cart button&amp#27;[0m                                                       &amp#27;[90m# tek.sdet.framework.steps.RetailHomePageSteps.userClickAddToCartButton()&amp#27;[0m
 INFO [main] (RetailHomePageSteps.java:122)- actual quantity in cart: 5
  &amp#27;[32mThen &amp#27;[0m&amp#27;[32mthe cart icon quantity should change to &amp#27;[0m&amp#27;[32m&amp#27;[1m'5'&amp#27;[0m                                        &amp#27;[90m# tek.sdet.framework.steps.RetailHomePageSteps.theCartIconQuantityShouldChangeTo(java.lang.String)&amp#27;[0m
 INFO [main] (RetailHomePageSteps.java:128)- User clicked on cart button
  &amp#27;[32mAnd &amp#27;[0m&amp#27;[32mUser click on Cart option&amp#27;[0m                                                           &amp#27;[90m# tek.sdet.framework.steps.RetailHomePageSteps.userClickOnCartOption()&amp#27;[0m
 INFO [main] (RetailHomePageSteps.java:134)- User clicked on Proceed to Checkout button
  &amp#27;[32mAnd &amp#27;[0m&amp#27;[32mUser click on Proceed to Checkout button&amp#27;[0m                                            &amp#27;[90m# tek.sdet.framework.steps.RetailHomePageSteps.userClickOnProceedToCheckoutButton()&amp#27;[0m
 INFO [main] (RetailHomePageSteps.java:170)- User clicked on Place Your Order
  &amp#27;[32mAnd &amp#27;[0m&amp#27;[32mUser click on Place Your Order&amp#27;[0m                                                      &amp#27;[90m# tek.sdet.framework.steps.RetailHomePageSteps.userClickOnPlaceYourOrder()&amp#27;[0m
 INFO [main] (RetailHomePageSteps.java:178)- Order Placed Successfully is displayed
  &amp#27;[32mThen &amp#27;[0m&amp#27;[32mOrder placed message should be displayed &amp#27;[0m&amp#27;[32m&amp#27;[1m"Order Placed, Thanks"&amp#27;[0m                    &amp#27;[90m# tek.sdet.framework.steps.RetailHomePageSteps.aMessageShouldBeDisplayedOrderPlacedThanks(java.lang.String)&amp#27;[0m
]]></system-out>
    <system-err><![CDATA[Starting ChromeDriver 112.0.5615.49 (bd2a7bcb881c11e8cfe3078709382934e3916914-refs/branch-heads/5615@{#936}) on port 54872
Only local connections are allowed.
Please see https://chromedriver.chromium.org/security-considerations for suggestions on keeping ChromeDriver safe.
ChromeDriver was started successfully.
May 05, 2023 2:57:47 PM org.openqa.selenium.remote.ProtocolHandshake createSession
INFO: Detected upstream dialect: W3C
May 05, 2023 2:57:47 PM org.openqa.selenium.devtools.CdpVersionFinder findNearestMatch
WARNING: Unable to find an exact match for CDP version 112, so returning the closest version found: a no-op implementation
May 05, 2023 2:57:47 PM org.openqa.selenium.devtools.CdpVersionFinder findNearestMatch
INFO: Unable to find CDP implementation matching 112.
May 05, 2023 2:57:47 PM org.openqa.selenium.chromium.ChromiumDriver lambda$new$3
WARNING: Unable to find version of CDP to use for . You may need to include a dependency on a specific version of the CDP using something similar to `org.seleniumhq.selenium:selenium-devtools-v86:4.4.0` where the version ("v86") matches the version of the chromium-based browser you're using and the version number of the artifact is the same as Selenium's.
]]></system-err>
  </testcase>
  <testcase name="Verify User can cancel the order" classname="Retail Order Page functionalities. User can review, cancel, or return an order." time="18.741">
    <system-out><![CDATA[
@RegressionTest
Scenario: Verify User can cancel the order                                              &amp#27;[90m# features/RetailOrderPage.feature:14&amp#27;[0m
{browser=chrome, headless=true, url=https://tek-retail-ui.azurewebsites.net/}
 INFO [main] (SignInSteps.java:26)- Actual Title: React App Expected Title: React App
 INFO [main] (SignInSteps.java:28)- TEKSCHOOL logo is displayed on upper left of website
 INFO [main] (SignInSteps.java:30)- Sign In option is displayed on upper right of website 
  &amp#27;[32mGiven &amp#27;[0m&amp#27;[32mUser is on retail website&amp#27;[0m                                                       &amp#27;[90m# tek.sdet.framework.steps.SignInSteps.userIsOnRetailWebsite()&amp#27;[0m
 INFO [main] (SignInSteps.java:36)- User clicked on Sign in option
  &amp#27;[32mWhen &amp#27;[0m&amp#27;[32mUser clicks on Sign in option&amp#27;[0m                                                    &amp#27;[90m# tek.sdet.framework.steps.SignInSteps.userClicksSignInLink()&amp#27;[0m
  &amp#27;[32mAnd &amp#27;[0m&amp#27;[32mUser enters following login credentials&amp#27;[0m                                           &amp#27;[90m# tek.sdet.framework.steps.SignInSteps.userEntersFollowingLoginCredentials(io.cucumber.datatable.DataTable)&amp#27;[0m
    | Email                      | Password   |
    | SpongeBobss46@tekschool.us | Test12345$ |
 INFO [main] (SignInSteps.java:55)- Login button is displayed
 INFO [main] (SignInSteps.java:57)- User clicked login button
  &amp#27;[32mAnd &amp#27;[0m&amp#27;[32mUser clicks on login button&amp#27;[0m                                                       &amp#27;[90m# tek.sdet.framework.steps.SignInSteps.userClicksOnLoginButton()&amp#27;[0m
 INFO [main] (SignInSteps.java:64)- Log out button is present
 INFO [main] (SignInSteps.java:65)- Orders link is displayed at the top of page
  &amp#27;[32mThen &amp#27;[0m&amp#27;[32mUser should be logged into their account&amp#27;[0m                                         &amp#27;[90m# tek.sdet.framework.steps.SignInSteps.userShouldBeLoggedInToTheirAccount()&amp#27;[0m
 INFO [main] (RetailOrderPageSteps.java:19)- User clicked on "Orders" link
  &amp#27;[32mAnd &amp#27;[0m&amp#27;[32mUser click on Orders section&amp#27;[0m                                                      &amp#27;[90m# tek.sdet.framework.steps.RetailOrderPageSteps.userClickOnOrdersSection()&amp#27;[0m
 INFO [main] (RetailOrderPageSteps.java:30)- User is on first order in list
  &amp#27;[32mWhen &amp#27;[0m&amp#27;[32mUser click on first order in list&amp#27;[0m                                                &amp#27;[90m# tek.sdet.framework.steps.RetailOrderPageSteps.userClickOnFirstOrderInList()&amp#27;[0m
 INFO [main] (RetailOrderPageSteps.java:37)- User clicked on "Cancel The Order" button
  &amp#27;[32mAnd &amp#27;[0m&amp#27;[32mUser click on Cancel The Order button&amp#27;[0m                                             &amp#27;[90m# tek.sdet.framework.steps.RetailOrderPageSteps.UesrClickOnCancelTheOrderButton()&amp#27;[0m
 INFO [main] (RetailOrderPageSteps.java:43)- User selected Bought wrong item as cancelation reason
  &amp#27;[32mAnd &amp#27;[0m&amp#27;[32mUser select the cancelation Reason &amp#27;[0m&amp#27;[32m&amp#27;[1m"Bought wrong item"&amp#27;[0m                            &amp#27;[90m# tek.sdet.framework.steps.RetailOrderPageSteps.UserSelectTheCancelationReason(java.lang.String)&amp#27;[0m
 INFO [main] (RetailOrderPageSteps.java:49)- User clicked on "Cancel Order" button
  &amp#27;[32mAnd &amp#27;[0m&amp#27;[32mUser click on Cancel Order button&amp#27;[0m                                                 &amp#27;[90m# tek.sdet.framework.steps.RetailOrderPageSteps.UserClickOnCancelOrderButoon()&amp#27;[0m
 INFO [main] (RetailOrderPageSteps.java:57)- The confirmation text :Your Order Has Been Cancelled is displayed
  &amp#27;[32mThen &amp#27;[0m&amp#27;[32mA message should be displayed for canceled order &amp#27;[0m&amp#27;[32m&amp#27;[1m"Your Order Has Been Cancelled"&amp#27;[0m &amp#27;[90m# tek.sdet.framework.steps.RetailOrderPageSteps.aMessageShouldBeDisplayedForCanceledOrder(java.lang.String)&amp#27;[0m
]]></system-out>
    <system-err><![CDATA[Starting ChromeDriver 112.0.5615.49 (bd2a7bcb881c11e8cfe3078709382934e3916914-refs/branch-heads/5615@{#936}) on port 52392
Only local connections are allowed.
Please see https://chromedriver.chromium.org/security-considerations for suggestions on keeping ChromeDriver safe.
ChromeDriver was started successfully.
May 05, 2023 2:57:52 PM org.openqa.selenium.remote.ProtocolHandshake createSession
INFO: Detected upstream dialect: W3C
May 05, 2023 2:57:52 PM org.openqa.selenium.devtools.CdpVersionFinder findNearestMatch
WARNING: Unable to find an exact match for CDP version 112, so returning the closest version found: a no-op implementation
May 05, 2023 2:57:52 PM org.openqa.selenium.devtools.CdpVersionFinder findNearestMatch
INFO: Unable to find CDP implementation matching 112.
May 05, 2023 2:57:52 PM org.openqa.selenium.chromium.ChromiumDriver lambda$new$3
WARNING: Unable to find version of CDP to use for . You may need to include a dependency on a specific version of the CDP using something similar to `org.seleniumhq.selenium:selenium-devtools-v86:4.4.0` where the version ("v86") matches the version of the chromium-based browser you're using and the version number of the artifact is the same as Selenium's.
]]></system-err>
  </testcase>
  <testcase name="Verify User can Return the order" classname="Retail Order Page functionalities. User can review, cancel, or return an order." time="18">
    <system-out><![CDATA[
@RegressionTest
Scenario: Verify User can Return the order                                   &amp#27;[90m# features/RetailOrderPage.feature:22&amp#27;[0m
{browser=chrome, headless=true, url=https://tek-retail-ui.azurewebsites.net/}
 INFO [main] (SignInSteps.java:26)- Actual Title: React App Expected Title: React App
 INFO [main] (SignInSteps.java:28)- TEKSCHOOL logo is displayed on upper left of website
 INFO [main] (SignInSteps.java:30)- Sign In option is displayed on upper right of website 
  &amp#27;[32mGiven &amp#27;[0m&amp#27;[32mUser is on retail website&amp#27;[0m                                            &amp#27;[90m# tek.sdet.framework.steps.SignInSteps.userIsOnRetailWebsite()&amp#27;[0m
 INFO [main] (SignInSteps.java:36)- User clicked on Sign in option
  &amp#27;[32mWhen &amp#27;[0m&amp#27;[32mUser clicks on Sign in option&amp#27;[0m                                         &amp#27;[90m# tek.sdet.framework.steps.SignInSteps.userClicksSignInLink()&amp#27;[0m
  &amp#27;[32mAnd &amp#27;[0m&amp#27;[32mUser enters following login credentials&amp#27;[0m                                &amp#27;[90m# tek.sdet.framework.steps.SignInSteps.userEntersFollowingLoginCredentials(io.cucumber.datatable.DataTable)&amp#27;[0m
    | Email                      | Password   |
    | SpongeBobss46@tekschool.us | Test12345$ |
 INFO [main] (SignInSteps.java:55)- Login button is displayed
 INFO [main] (SignInSteps.java:57)- User clicked login button
  &amp#27;[32mAnd &amp#27;[0m&amp#27;[32mUser clicks on login button&amp#27;[0m                                            &amp#27;[90m# tek.sdet.framework.steps.SignInSteps.userClicksOnLoginButton()&amp#27;[0m
 INFO [main] (SignInSteps.java:64)- Log out button is present
 INFO [main] (SignInSteps.java:65)- Orders link is displayed at the top of page
  &amp#27;[32mThen &amp#27;[0m&amp#27;[32mUser should be logged into their account&amp#27;[0m                              &amp#27;[90m# tek.sdet.framework.steps.SignInSteps.userShouldBeLoggedInToTheirAccount()&amp#27;[0m
 INFO [main] (RetailOrderPageSteps.java:19)- User clicked on "Orders" link
  &amp#27;[32mAnd &amp#27;[0m&amp#27;[32mUser click on Orders section&amp#27;[0m                                           &amp#27;[90m# tek.sdet.framework.steps.RetailOrderPageSteps.userClickOnOrdersSection()&amp#27;[0m
 INFO [main] (RetailOrderPageSteps.java:30)- User is on first order in list
  &amp#27;[32mWhen &amp#27;[0m&amp#27;[32mUser click on first order in list&amp#27;[0m                                     &amp#27;[90m# tek.sdet.framework.steps.RetailOrderPageSteps.userClickOnFirstOrderInList()&amp#27;[0m
 INFO [main] (RetailOrderPageSteps.java:63)- User clicked on "Return Item" button
  &amp#27;[32mAnd &amp#27;[0m&amp#27;[32mUser click on Return Items button&amp#27;[0m                                      &amp#27;[90m# tek.sdet.framework.steps.RetailOrderPageSteps.userClickOnReturnItemsButton()&amp#27;[0m
 INFO [main] (RetailOrderPageSteps.java:69)- User selected Item damaged for return reason.
  &amp#27;[32mAnd &amp#27;[0m&amp#27;[32mUser select the Return Reason &amp#27;[0m&amp#27;[32m&amp#27;[1m"Item damaged"&amp#27;[0m                           &amp#27;[90m# tek.sdet.framework.steps.RetailOrderPageSteps.userSelectTheReturnReason(java.lang.String)&amp#27;[0m
 INFO [main] (RetailOrderPageSteps.java:75)- User selected FedEx as their drop off location
  &amp#27;[32mAnd &amp#27;[0m&amp#27;[32mUser select the drop off service &amp#27;[0m&amp#27;[32m&amp#27;[1m"FedEx"&amp#27;[0m                               &amp#27;[90m# tek.sdet.framework.steps.RetailOrderPageSteps.userSelectTheDropOffService(java.lang.String)&amp#27;[0m
 INFO [main] (RetailOrderPageSteps.java:84)- User clicked "Return Order" button
  &amp#27;[32mAnd &amp#27;[0m&amp#27;[32mUser click on Return Order button&amp#27;[0m                                      &amp#27;[90m# tek.sdet.framework.steps.RetailOrderPageSteps.userClickOnReturnOrderButton()&amp#27;[0m
 INFO [main] (RetailOrderPageSteps.java:92)- Confirmation for return is displayed
  &amp#27;[32mThen &amp#27;[0m&amp#27;[32mMessage for return order should be displayed &amp#27;[0m&amp#27;[32m&amp#27;[1m"Return was successfull"&amp#27;[0m &amp#27;[90m# tek.sdet.framework.steps.RetailOrderPageSteps.messageForReturnOrderShouldBeDisplayed(java.lang.String)&amp#27;[0m
]]></system-out>
    <system-err><![CDATA[Starting ChromeDriver 112.0.5615.49 (bd2a7bcb881c11e8cfe3078709382934e3916914-refs/branch-heads/5615@{#936}) on port 49942
Only local connections are allowed.
Please see https://chromedriver.chromium.org/security-considerations for suggestions on keeping ChromeDriver safe.
ChromeDriver was started successfully.
May 05, 2023 2:58:11 PM org.openqa.selenium.remote.ProtocolHandshake createSession
INFO: Detected upstream dialect: W3C
May 05, 2023 2:58:11 PM org.openqa.selenium.devtools.CdpVersionFinder findNearestMatch
WARNING: Unable to find an exact match for CDP version 112, so returning the closest version found: a no-op implementation
May 05, 2023 2:58:11 PM org.openqa.selenium.devtools.CdpVersionFinder findNearestMatch
INFO: Unable to find CDP implementation matching 112.
May 05, 2023 2:58:11 PM org.openqa.selenium.chromium.ChromiumDriver lambda$new$3
WARNING: Unable to find version of CDP to use for . You may need to include a dependency on a specific version of the CDP using something similar to `org.seleniumhq.selenium:selenium-devtools-v86:4.4.0` where the version ("v86") matches the version of the chromium-based browser you're using and the version number of the artifact is the same as Selenium's.
]]></system-err>
  </testcase>
  <testcase name="Verify User can write a review on order placed" classname="Retail Order Page functionalities. User can review, cancel, or return an order." time="4.271">
    <system-out><![CDATA[
@RegressionTest
Scenario: Verify User can write a review on order placed                                                           &amp#27;[90m# features/RetailOrderPage.feature:30&amp#27;[0m
{browser=chrome, headless=true, url=https://tek-retail-ui.azurewebsites.net/}
 INFO [main] (SignInSteps.java:26)- Actual Title: React App Expected Title: React App
 INFO [main] (SignInSteps.java:28)- TEKSCHOOL logo is displayed on upper left of website
 INFO [main] (SignInSteps.java:30)- Sign In option is displayed on upper right of website 
  &amp#27;[32mGiven &amp#27;[0m&amp#27;[32mUser is on retail website&amp#27;[0m                                                                                  &amp#27;[90m# tek.sdet.framework.steps.SignInSteps.userIsOnRetailWebsite()&amp#27;[0m
 INFO [main] (SignInSteps.java:36)- User clicked on Sign in option
  &amp#27;[32mWhen &amp#27;[0m&amp#27;[32mUser clicks on Sign in option&amp#27;[0m                                                                               &amp#27;[90m# tek.sdet.framework.steps.SignInSteps.userClicksSignInLink()&amp#27;[0m
  &amp#27;[32mAnd &amp#27;[0m&amp#27;[32mUser enters following login credentials&amp#27;[0m                                                                      &amp#27;[90m# tek.sdet.framework.steps.SignInSteps.userEntersFollowingLoginCredentials(io.cucumber.datatable.DataTable)&amp#27;[0m
    | Email                      | Password   |
    | SpongeBobss46@tekschool.us | Test12345$ |
 INFO [main] (SignInSteps.java:55)- Login button is displayed
 INFO [main] (SignInSteps.java:57)- User clicked login button
  &amp#27;[32mAnd &amp#27;[0m&amp#27;[32mUser clicks on login button&amp#27;[0m                                                                                  &amp#27;[90m# tek.sdet.framework.steps.SignInSteps.userClicksOnLoginButton()&amp#27;[0m
 INFO [main] (SignInSteps.java:64)- Log out button is present
 INFO [main] (SignInSteps.java:65)- Orders link is displayed at the top of page
  &amp#27;[32mThen &amp#27;[0m&amp#27;[32mUser should be logged into their account&amp#27;[0m                                                                    &amp#27;[90m# tek.sdet.framework.steps.SignInSteps.userShouldBeLoggedInToTheirAccount()&amp#27;[0m
 INFO [main] (RetailOrderPageSteps.java:19)- User clicked on "Orders" link
  &amp#27;[32mAnd &amp#27;[0m&amp#27;[32mUser click on Orders section&amp#27;[0m                                                                                 &amp#27;[90m# tek.sdet.framework.steps.RetailOrderPageSteps.userClickOnOrdersSection()&amp#27;[0m
 INFO [main] (RetailOrderPageSteps.java:98)- User clicked on review button
  &amp#27;[32mWhen &amp#27;[0m&amp#27;[32mUser click on Review button&amp#27;[0m                                                                                 &amp#27;[90m# tek.sdet.framework.steps.RetailOrderPageSteps.userClickOnReviewButton()&amp#27;[0m
 INFO [main] (RetailOrderPageSteps.java:106)- User has written their review in the review form
  &amp#27;[32mAnd &amp#27;[0m&amp#27;[32mUser write Review headline &amp#27;[0m&amp#27;[32m&amp#27;[1m"Great Game!"&amp#27;[0m&amp#27;[32m and review text &amp#27;[0m&amp#27;[32m&amp#27;[1m"Apex coins are needed to purchase some cool skins"&amp#27;[0m &amp#27;[90m# tek.sdet.framework.steps.RetailOrderPageSteps.userWriteReviewHeadlineHeadlineValueAndReviewText(java.lang.String,java.lang.String)&amp#27;[0m
 INFO [main] (RetailOrderPageSteps.java:113)- User has clicked on "Add Your Review" button
  &amp#27;[32mAnd &amp#27;[0m&amp#27;[32mUser click Add your Review button&amp#27;[0m                                                                            &amp#27;[90m# tek.sdet.framework.steps.RetailOrderPageSteps.userClickAddYourReviewButton()&amp#27;[0m
 INFO [main] (RetailOrderPageSteps.java:121)- The message Your review was added successfully is displyed
  &amp#27;[32mThen &amp#27;[0m&amp#27;[32mreview message should be displayed &amp#27;[0m&amp#27;[32m&amp#27;[1m"Your review was added successfully"&amp#27;[0m                                     &amp#27;[90m# tek.sdet.framework.steps.RetailOrderPageSteps.reviewMessageShouldBeDisplayed(java.lang.String)&amp#27;[0m
]]></system-out>
    <system-err><![CDATA[Starting ChromeDriver 112.0.5615.49 (bd2a7bcb881c11e8cfe3078709382934e3916914-refs/branch-heads/5615@{#936}) on port 60772
Only local connections are allowed.
Please see https://chromedriver.chromium.org/security-considerations for suggestions on keeping ChromeDriver safe.
ChromeDriver was started successfully.
May 05, 2023 2:58:29 PM org.openqa.selenium.remote.ProtocolHandshake createSession
INFO: Detected upstream dialect: W3C
May 05, 2023 2:58:29 PM org.openqa.selenium.devtools.CdpVersionFinder findNearestMatch
WARNING: Unable to find an exact match for CDP version 112, so returning the closest version found: a no-op implementation
May 05, 2023 2:58:29 PM org.openqa.selenium.devtools.CdpVersionFinder findNearestMatch
INFO: Unable to find CDP implementation matching 112.
May 05, 2023 2:58:29 PM org.openqa.selenium.chromium.ChromiumDriver lambda$new$3
WARNING: Unable to find version of CDP to use for . You may need to include a dependency on a specific version of the CDP using something similar to `org.seleniumhq.selenium:selenium-devtools-v86:4.4.0` where the version ("v86") matches the version of the chromium-based browser you're using and the version number of the artifact is the same as Selenium's.
]]></system-err>
  </testcase>
  <testcase name="Verify user can sign into Retail Application" classname="Sign In Feature Allows User to login into their account." time="2.513">
    <system-out><![CDATA[
@RegressionTest
Scenario Outline: Verify user can sign into Retail Application &amp#27;[90m# features/SignIn.feature:15&amp#27;[0m
{browser=chrome, headless=true, url=https://tek-retail-ui.azurewebsites.net/}
 INFO [main] (SignInSteps.java:26)- Actual Title: React App Expected Title: React App
 INFO [main] (SignInSteps.java:28)- TEKSCHOOL logo is displayed on upper left of website
 INFO [main] (SignInSteps.java:30)- Sign In option is displayed on upper right of website 
  &amp#27;[32mGiven &amp#27;[0m&amp#27;[32mUser is on retail website&amp#27;[0m                              &amp#27;[90m# tek.sdet.framework.steps.SignInSteps.userIsOnRetailWebsite()&amp#27;[0m
 INFO [main] (SignInSteps.java:36)- User clicked on Sign in option
  &amp#27;[32mWhen &amp#27;[0m&amp#27;[32mUser clicks on Sign in option&amp#27;[0m                           &amp#27;[90m# tek.sdet.framework.steps.SignInSteps.userClicksSignInLink()&amp#27;[0m
 INFO [main] (SignInSteps.java:44)- Login form is displayed
 INFO [main] (SignInSteps.java:46)- Email field has been filled
 INFO [main] (SignInSteps.java:48)- Password field has been filled
  &amp#27;[32mWhen &amp#27;[0m&amp#27;[32mUser enters &amp#27;[0m&amp#27;[32m&amp#27;[1m"billybob123@tekschool.us"&amp#27;[0m&amp#27;[32m and &amp#27;[0m&amp#27;[32m&amp#27;[1m"Pizza123$"&amp#27;[0m  &amp#27;[90m# tek.sdet.framework.steps.SignInSteps.userEntersAnd(java.lang.String,java.lang.String)&amp#27;[0m
 INFO [main] (SignInSteps.java:55)- Login button is displayed
 INFO [main] (SignInSteps.java:57)- User clicked login button
  &amp#27;[32mAnd &amp#27;[0m&amp#27;[32mUser clicks on login button&amp#27;[0m                              &amp#27;[90m# tek.sdet.framework.steps.SignInSteps.userClicksOnLoginButton()&amp#27;[0m
 INFO [main] (SignInSteps.java:64)- Log out button is present
 INFO [main] (SignInSteps.java:65)- Orders link is displayed at the top of page
  &amp#27;[32mThen &amp#27;[0m&amp#27;[32mUser should be logged into their account&amp#27;[0m                &amp#27;[90m# tek.sdet.framework.steps.SignInSteps.userShouldBeLoggedInToTheirAccount()&amp#27;[0m
]]></system-out>
    <system-err><![CDATA[Starting ChromeDriver 112.0.5615.49 (bd2a7bcb881c11e8cfe3078709382934e3916914-refs/branch-heads/5615@{#936}) on port 62708
Only local connections are allowed.
Please see https://chromedriver.chromium.org/security-considerations for suggestions on keeping ChromeDriver safe.
ChromeDriver was started successfully.
May 05, 2023 2:58:33 PM org.openqa.selenium.remote.ProtocolHandshake createSession
INFO: Detected upstream dialect: W3C
May 05, 2023 2:58:33 PM org.openqa.selenium.devtools.CdpVersionFinder findNearestMatch
WARNING: Unable to find an exact match for CDP version 112, so returning the closest version found: a no-op implementation
May 05, 2023 2:58:33 PM org.openqa.selenium.devtools.CdpVersionFinder findNearestMatch
INFO: Unable to find CDP implementation matching 112.
May 05, 2023 2:58:33 PM org.openqa.selenium.chromium.ChromiumDriver lambda$new$3
WARNING: Unable to find version of CDP to use for . You may need to include a dependency on a specific version of the CDP using something similar to `org.seleniumhq.selenium:selenium-devtools-v86:4.4.0` where the version ("v86") matches the version of the chromium-based browser you're using and the version number of the artifact is the same as Selenium's.
]]></system-err>
  </testcase>
  <testcase name="Verify that user can update password #1" classname="User can update password" time="3.975">
    <system-out><![CDATA[
@RegressionTest
Scenario Outline: Verify that user can update password               &amp#27;[90m# features/UpdatePassword.feature:21&amp#27;[0m
{browser=chrome, headless=true, url=https://tek-retail-ui.azurewebsites.net/}
 INFO [main] (SignInSteps.java:26)- Actual Title: React App Expected Title: React App
 INFO [main] (SignInSteps.java:28)- TEKSCHOOL logo is displayed on upper left of website
 INFO [main] (SignInSteps.java:30)- Sign In option is displayed on upper right of website 
  &amp#27;[32mGiven &amp#27;[0m&amp#27;[32mUser is on retail website&amp#27;[0m                                    &amp#27;[90m# tek.sdet.framework.steps.SignInSteps.userIsOnRetailWebsite()&amp#27;[0m
 INFO [main] (SignInSteps.java:36)- User clicked on Sign in option
  &amp#27;[32mWhen &amp#27;[0m&amp#27;[32mUser clicks on Sign in option&amp#27;[0m                                 &amp#27;[90m# tek.sdet.framework.steps.SignInSteps.userClicksSignInLink()&amp#27;[0m
  &amp#27;[32mWhen &amp#27;[0m&amp#27;[32mUser enters following login credentials&amp#27;[0m                       &amp#27;[90m# tek.sdet.framework.steps.SignInSteps.userEntersFollowingLoginCredentials(io.cucumber.datatable.DataTable)&amp#27;[0m
    | Email                      | Password   |
    | Patrickss6546@tekschool.us | Test12345$ |
 INFO [main] (SignInSteps.java:55)- Login button is displayed
 INFO [main] (SignInSteps.java:57)- User clicked login button
  &amp#27;[32mAnd &amp#27;[0m&amp#27;[32mUser clicks on login button&amp#27;[0m                                    &amp#27;[90m# tek.sdet.framework.steps.SignInSteps.userClicksOnLoginButton()&amp#27;[0m
 INFO [main] (SignInSteps.java:64)- Log out button is present
 INFO [main] (SignInSteps.java:65)- Orders link is displayed at the top of page
  &amp#27;[32mThen &amp#27;[0m&amp#27;[32mUser should be logged into their account&amp#27;[0m                      &amp#27;[90m# tek.sdet.framework.steps.SignInSteps.userShouldBeLoggedInToTheirAccount()&amp#27;[0m
 INFO [main] (UpdateProfileSteps.java:23)- Account link is present
 INFO [main] (UpdateProfileSteps.java:24)- User clicked on Account link
  &amp#27;[32mAnd &amp#27;[0m&amp#27;[32mUser click on Account option&amp#27;[0m                                   &amp#27;[90m# tek.sdet.framework.steps.UpdateProfileSteps.user_click_on_account_option()&amp#27;[0m
 INFO [main] (ChangePasswordSteps.java:18)- Previous password text is present
 INFO [main] (ChangePasswordSteps.java:20)- previous password is entered
 INFO [main] (ChangePasswordSteps.java:22)- New password is entered
 INFO [main] (ChangePasswordSteps.java:24)- Confirm password is entered
  &amp#27;[32mAnd &amp#27;[0m&amp#27;[32mUser enters &amp#27;[0m&amp#27;[32m&amp#27;[1m'Test12345$'&amp#27;[0m&amp#27;[32m &amp#27;[0m&amp#27;[32m&amp#27;[1m'Pizza123$'&amp#27;[0m&amp#27;[32m &amp#27;[0m&amp#27;[32m&amp#27;[1m'Pizza123$'&amp#27;[0m               &amp#27;[90m# tek.sdet.framework.steps.ChangePasswordSteps.userEnters(java.lang.String,java.lang.String,java.lang.String)&amp#27;[0m
 INFO [main] (ChangePasswordSteps.java:32)- User has entered new password and clicked change password button
  &amp#27;[32mWhen &amp#27;[0m&amp#27;[32mUser click on Change Password button&amp#27;[0m                          &amp#27;[90m# tek.sdet.framework.steps.ChangePasswordSteps.user_click_on_change_password_button()&amp#27;[0m
 INFO [main] (ChangePasswordSteps.java:40)- Password updated successfully
  &amp#27;[32mThen &amp#27;[0m&amp#27;[32mA message should be displayed &amp#27;[0m&amp#27;[32m&amp#27;[1m'Password Updated Successfully'&amp#27;[0m &amp#27;[90m# tek.sdet.framework.steps.ChangePasswordSteps.a_message_should_be_displayed(java.lang.String)&amp#27;[0m
]]></system-out>
    <system-err><![CDATA[Starting ChromeDriver 112.0.5615.49 (bd2a7bcb881c11e8cfe3078709382934e3916914-refs/branch-heads/5615@{#936}) on port 58204
Only local connections are allowed.
Please see https://chromedriver.chromium.org/security-considerations for suggestions on keeping ChromeDriver safe.
ChromeDriver was started successfully.
May 05, 2023 2:58:36 PM org.openqa.selenium.remote.ProtocolHandshake createSession
INFO: Detected upstream dialect: W3C
May 05, 2023 2:58:36 PM org.openqa.selenium.devtools.CdpVersionFinder findNearestMatch
WARNING: Unable to find an exact match for CDP version 112, so returning the closest version found: a no-op implementation
May 05, 2023 2:58:36 PM org.openqa.selenium.devtools.CdpVersionFinder findNearestMatch
INFO: Unable to find CDP implementation matching 112.
May 05, 2023 2:58:36 PM org.openqa.selenium.chromium.ChromiumDriver lambda$new$3
WARNING: Unable to find version of CDP to use for . You may need to include a dependency on a specific version of the CDP using something similar to `org.seleniumhq.selenium:selenium-devtools-v86:4.4.0` where the version ("v86") matches the version of the chromium-based browser you're using and the version number of the artifact is the same as Selenium's.
]]></system-err>
  </testcase>
  <testcase name="Verify that user can update password #2" classname="User can update password" time="4.029">
    <system-out><![CDATA[
@RegressionTest
Scenario Outline: Verify that user can update password               &amp#27;[90m# features/UpdatePassword.feature:22&amp#27;[0m
{browser=chrome, headless=true, url=https://tek-retail-ui.azurewebsites.net/}
 INFO [main] (SignInSteps.java:26)- Actual Title: React App Expected Title: React App
 INFO [main] (SignInSteps.java:28)- TEKSCHOOL logo is displayed on upper left of website
 INFO [main] (SignInSteps.java:30)- Sign In option is displayed on upper right of website 
  &amp#27;[32mGiven &amp#27;[0m&amp#27;[32mUser is on retail website&amp#27;[0m                                    &amp#27;[90m# tek.sdet.framework.steps.SignInSteps.userIsOnRetailWebsite()&amp#27;[0m
 INFO [main] (SignInSteps.java:36)- User clicked on Sign in option
  &amp#27;[32mWhen &amp#27;[0m&amp#27;[32mUser clicks on Sign in option&amp#27;[0m                                 &amp#27;[90m# tek.sdet.framework.steps.SignInSteps.userClicksSignInLink()&amp#27;[0m
  &amp#27;[32mWhen &amp#27;[0m&amp#27;[32mUser enters following login credentials&amp#27;[0m                       &amp#27;[90m# tek.sdet.framework.steps.SignInSteps.userEntersFollowingLoginCredentials(io.cucumber.datatable.DataTable)&amp#27;[0m
    | Email                      | Password  |
    | Patrickss6546@tekschool.us | Pizza123$ |
 INFO [main] (SignInSteps.java:55)- Login button is displayed
 INFO [main] (SignInSteps.java:57)- User clicked login button
  &amp#27;[32mAnd &amp#27;[0m&amp#27;[32mUser clicks on login button&amp#27;[0m                                    &amp#27;[90m# tek.sdet.framework.steps.SignInSteps.userClicksOnLoginButton()&amp#27;[0m
 INFO [main] (SignInSteps.java:64)- Log out button is present
 INFO [main] (SignInSteps.java:65)- Orders link is displayed at the top of page
  &amp#27;[32mThen &amp#27;[0m&amp#27;[32mUser should be logged into their account&amp#27;[0m                      &amp#27;[90m# tek.sdet.framework.steps.SignInSteps.userShouldBeLoggedInToTheirAccount()&amp#27;[0m
 INFO [main] (UpdateProfileSteps.java:23)- Account link is present
 INFO [main] (UpdateProfileSteps.java:24)- User clicked on Account link
  &amp#27;[32mAnd &amp#27;[0m&amp#27;[32mUser click on Account option&amp#27;[0m                                   &amp#27;[90m# tek.sdet.framework.steps.UpdateProfileSteps.user_click_on_account_option()&amp#27;[0m
 INFO [main] (ChangePasswordSteps.java:18)- Previous password text is present
 INFO [main] (ChangePasswordSteps.java:20)- previous password is entered
 INFO [main] (ChangePasswordSteps.java:22)- New password is entered
 INFO [main] (ChangePasswordSteps.java:24)- Confirm password is entered
  &amp#27;[32mAnd &amp#27;[0m&amp#27;[32mUser enters &amp#27;[0m&amp#27;[32m&amp#27;[1m'Pizza123$'&amp#27;[0m&amp#27;[32m &amp#27;[0m&amp#27;[32m&amp#27;[1m'Test12345$'&amp#27;[0m&amp#27;[32m &amp#27;[0m&amp#27;[32m&amp#27;[1m'Test12345$'&amp#27;[0m              &amp#27;[90m# tek.sdet.framework.steps.ChangePasswordSteps.userEnters(java.lang.String,java.lang.String,java.lang.String)&amp#27;[0m
 INFO [main] (ChangePasswordSteps.java:32)- User has entered new password and clicked change password button
  &amp#27;[32mWhen &amp#27;[0m&amp#27;[32mUser click on Change Password button&amp#27;[0m                          &amp#27;[90m# tek.sdet.framework.steps.ChangePasswordSteps.user_click_on_change_password_button()&amp#27;[0m
 INFO [main] (ChangePasswordSteps.java:40)- Password updated successfully
  &amp#27;[32mThen &amp#27;[0m&amp#27;[32mA message should be displayed &amp#27;[0m&amp#27;[32m&amp#27;[1m'Password Updated Successfully'&amp#27;[0m &amp#27;[90m# tek.sdet.framework.steps.ChangePasswordSteps.a_message_should_be_displayed(java.lang.String)&amp#27;[0m
]]></system-out>
    <system-err><![CDATA[Starting ChromeDriver 112.0.5615.49 (bd2a7bcb881c11e8cfe3078709382934e3916914-refs/branch-heads/5615@{#936}) on port 61955
Only local connections are allowed.
Please see https://chromedriver.chromium.org/security-considerations for suggestions on keeping ChromeDriver safe.
ChromeDriver was started successfully.
May 05, 2023 2:58:40 PM org.openqa.selenium.remote.ProtocolHandshake createSession
INFO: Detected upstream dialect: W3C
May 05, 2023 2:58:40 PM org.openqa.selenium.devtools.CdpVersionFinder findNearestMatch
WARNING: Unable to find an exact match for CDP version 112, so returning the closest version found: a no-op implementation
May 05, 2023 2:58:40 PM org.openqa.selenium.devtools.CdpVersionFinder findNearestMatch
INFO: Unable to find CDP implementation matching 112.
May 05, 2023 2:58:40 PM org.openqa.selenium.chromium.ChromiumDriver lambda$new$3
WARNING: Unable to find version of CDP to use for . You may need to include a dependency on a specific version of the CDP using something similar to `org.seleniumhq.selenium:selenium-devtools-v86:4.4.0` where the version ("v86") matches the version of the chromium-based browser you're using and the version number of the artifact is the same as Selenium's.
]]></system-err>
  </testcase>
  <testcase name="Verify use can update profile information" classname="Testing funtionality to allow user to update personal information." time="3.835">
    <system-out><![CDATA[
@RegressionTest
Scenario Outline: Verify use can update profile information &amp#27;[90m# features/UpdateProfileInformation.feature:14&amp#27;[0m
{browser=chrome, headless=true, url=https://tek-retail-ui.azurewebsites.net/}
 INFO [main] (SignInSteps.java:26)- Actual Title: React App Expected Title: React App
 INFO [main] (SignInSteps.java:28)- TEKSCHOOL logo is displayed on upper left of website
 INFO [main] (SignInSteps.java:30)- Sign In option is displayed on upper right of website 
  &amp#27;[32mGiven &amp#27;[0m&amp#27;[32mUser is on retail website&amp#27;[0m                           &amp#27;[90m# tek.sdet.framework.steps.SignInSteps.userIsOnRetailWebsite()&amp#27;[0m
 INFO [main] (SignInSteps.java:36)- User clicked on Sign in option
  &amp#27;[32mWhen &amp#27;[0m&amp#27;[32mUser clicks on Sign in option&amp#27;[0m                        &amp#27;[90m# tek.sdet.framework.steps.SignInSteps.userClicksSignInLink()&amp#27;[0m
  &amp#27;[32mAnd &amp#27;[0m&amp#27;[32mUser enters following login credentials&amp#27;[0m               &amp#27;[90m# tek.sdet.framework.steps.SignInSteps.userEntersFollowingLoginCredentials(io.cucumber.datatable.DataTable)&amp#27;[0m
    | Email                    | Password  |
    | billybob123@tekschool.us | Pizza123$ |
 INFO [main] (SignInSteps.java:55)- Login button is displayed
 INFO [main] (SignInSteps.java:57)- User clicked login button
  &amp#27;[32mAnd &amp#27;[0m&amp#27;[32mUser clicks on login button&amp#27;[0m                           &amp#27;[90m# tek.sdet.framework.steps.SignInSteps.userClicksOnLoginButton()&amp#27;[0m
 INFO [main] (SignInSteps.java:64)- Log out button is present
 INFO [main] (SignInSteps.java:65)- Orders link is displayed at the top of page
  &amp#27;[32mThen &amp#27;[0m&amp#27;[32mUser should be logged into their account&amp#27;[0m             &amp#27;[90m# tek.sdet.framework.steps.SignInSteps.userShouldBeLoggedInToTheirAccount()&amp#27;[0m
 INFO [main] (UpdateProfileSteps.java:23)- Account link is present
 INFO [main] (UpdateProfileSteps.java:24)- User clicked on Account link
  &amp#27;[32mWhen &amp#27;[0m&amp#27;[32mUser click on Account option&amp#27;[0m                         &amp#27;[90m# tek.sdet.framework.steps.UpdateProfileSteps.user_click_on_account_option()&amp#27;[0m
 INFO [main] (UpdateProfileSteps.java:32)- Your profile header is displayed
 INFO [main] (UpdateProfileSteps.java:38)- New name has been entered
 INFO [main] (UpdateProfileSteps.java:39)- New phone number has been entered
  &amp#27;[32mWhen &amp#27;[0m&amp#27;[32mUser update Name and Phone&amp#27;[0m                           &amp#27;[90m# tek.sdet.framework.steps.UpdateProfileSteps.user_update_name_and_phone(io.cucumber.datatable.DataTable)&amp#27;[0m
    | name     | phoneNumber |
    | fullName | phoneNumber |
 INFO [main] (UpdateProfileSteps.java:46)- Update button is displayed
  &amp#27;[32mAnd &amp#27;[0m&amp#27;[32muser click on update button&amp#27;[0m                           &amp#27;[90m# tek.sdet.framework.steps.UpdateProfileSteps.userClickOnUpdateButton()&amp#27;[0m
 INFO [main] (UpdateProfileSteps.java:54)- Update success message displayed
  &amp#27;[32mThen &amp#27;[0m&amp#27;[32muser profile information should be updated&amp#27;[0m           &amp#27;[90m# tek.sdet.framework.steps.UpdateProfileSteps.user_profile_information_should_be_updated()&amp#27;[0m
]]></system-out>
    <system-err><![CDATA[Starting ChromeDriver 112.0.5615.49 (bd2a7bcb881c11e8cfe3078709382934e3916914-refs/branch-heads/5615@{#936}) on port 51515
Only local connections are allowed.
Please see https://chromedriver.chromium.org/security-considerations for suggestions on keeping ChromeDriver safe.
ChromeDriver was started successfully.
May 05, 2023 2:58:44 PM org.openqa.selenium.remote.ProtocolHandshake createSession
INFO: Detected upstream dialect: W3C
May 05, 2023 2:58:44 PM org.openqa.selenium.devtools.CdpVersionFinder findNearestMatch
WARNING: Unable to find an exact match for CDP version 112, so returning the closest version found: a no-op implementation
May 05, 2023 2:58:44 PM org.openqa.selenium.devtools.CdpVersionFinder findNearestMatch
INFO: Unable to find CDP implementation matching 112.
May 05, 2023 2:58:44 PM org.openqa.selenium.chromium.ChromiumDriver lambda$new$3
WARNING: Unable to find version of CDP to use for . You may need to include a dependency on a specific version of the CDP using something similar to `org.seleniumhq.selenium:selenium-devtools-v86:4.4.0` where the version ("v86") matches the version of the chromium-based browser you're using and the version number of the artifact is the same as Selenium's.
]]></system-err>
  </testcase>
</testsuite>